TN:
SF:/Users/karstens/Developer/Repo/Coral/coralui/node_modules/coralui-component/scripts/index.js
FNF:0
FNH:0
DA:22,1
DA:23,1
DA:24,1
DA:25,1
LF:4
LH:4
BRDA:22,1,0,1
BRDA:22,1,1,0
BRDA:23,2,0,1
BRDA:23,2,1,0
BRDA:24,3,0,1
BRDA:24,3,1,0
BRF:6
BRH:3
end_of_record
TN:
SF:/Users/karstens/Developer/Repo/Coral/coralui/node_modules/coralui-component/scripts/Coral.commons.js
FN:37,(anonymous_1)
FN:67,(anonymous_2)
FN:135,(anonymous_3)
FN:153,(anonymous_4)
FN:180,(anonymous_5)
FN:194,(anonymous_6)
FN:247,(anonymous_7)
FN:250,isCoralComponent
FN:263,allChildrenReady
FN:292,handleWebComponentsReady
FN:314,(anonymous_11)
FN:324,handleWebComponentsReady
FN:341,handleComponentReady
FN:364,(anonymous_14)
FN:404,(anonymous_15)
FN:430,(anonymous_16)
FN:446,applyMixin
FN:470,(anonymous_18)
FN:495,(anonymous_19)
FN:507,(anonymous_20)
FN:512,(anonymous_21)
FN:515,noop
FN:518,returnFirst
FN:519,returnFirst
FN:536,isFunction
FN:551,(anonymous_26)
FN:581,(anonymous_27)
FN:601,(anonymous_28)
FN:605,ResizeEventTrigger
FN:611,(anonymous_30)
FN:621,(anonymous_31)
FN:640,(anonymous_32)
FN:655,(anonymous_33)
FN:659,(anonymous_34)
FN:672,(anonymous_35)
FN:699,(anonymous_36)
FNF:36
FNH:33
FNDA:726,(anonymous_1)
FNDA:520,(anonymous_2)
FNDA:171,(anonymous_3)
FNDA:0,(anonymous_4)
FNDA:1477,(anonymous_5)
FNDA:1470,(anonymous_6)
FNDA:1,(anonymous_7)
FNDA:27305,isCoralComponent
FNDA:1267,allChildrenReady
FNDA:1,handleWebComponentsReady
FNDA:1149,(anonymous_11)
FNDA:0,handleWebComponentsReady
FNDA:120,handleComponentReady
FNDA:197,(anonymous_14)
FNDA:156,(anonymous_15)
FNDA:1,(anonymous_16)
FNDA:55,applyMixin
FNDA:52,(anonymous_18)
FNDA:1,(anonymous_19)
FNDA:13707,(anonymous_20)
FNDA:1,(anonymous_21)
FNDA:0,noop
FNDA:45,returnFirst
FNDA:8317,returnFirst
FNDA:114,isFunction
FNDA:51,(anonymous_26)
FNDA:4,(anonymous_27)
FNDA:1,(anonymous_28)
FNDA:1,ResizeEventTrigger
FNDA:250,(anonymous_30)
FNDA:273,(anonymous_31)
FNDA:70,(anonymous_32)
FNDA:343,(anonymous_33)
FNDA:275,(anonymous_34)
FNDA:250,(anonymous_35)
FNDA:85,(anonymous_36)
DA:21,1
DA:37,1
DA:39,726
DA:40,726
DA:41,1129
DA:42,1129
DA:43,1224
DA:46,726
DA:67,1
DA:69,520
DA:70,520
DA:71,520
DA:72,520
DA:74,520
DA:75,447
DA:78,447
DA:81,520
DA:82,894
DA:84,894
DA:85,2787
DA:86,402
DA:88,385
DA:89,385
DA:90,384
DA:96,2385
DA:101,520
DA:135,1
DA:138,171
DA:139,171
DA:140,421
DA:142,171
DA:151,1
DA:153,0
DA:180,1
DA:183,1477
DA:184,1477
DA:185,1477
DA:186,1477
DA:187,1477
DA:193,1477
DA:194,1477
DA:195,1470
DA:197,1470
DA:198,1470
DA:200,1470
DA:203,1470
DA:206,1470
DA:215,1477
DA:216,1477
DA:217,1477
DA:218,1477
DA:222,1477
DA:224,1477
DA:227,1477
DA:231,0
DA:247,1
DA:250,1
DA:251,27305
DA:252,14266
DA:255,13039
DA:256,13039
DA:257,2341
DA:260,10698
DA:263,1
DA:264,1267
DA:265,1267
DA:270,1267
DA:271,28
DA:274,1239
DA:275,26038
DA:278,26038
DA:279,16265
DA:281,16265
DA:282,16035
DA:287,1239
DA:291,1
DA:292,1
DA:293,1
DA:294,1
DA:314,1
DA:315,1149
DA:316,2
DA:318,2
DA:320,2
DA:324,0
DA:325,0
DA:326,0
DA:329,2
DA:333,1147
DA:335,1147
DA:337,1119
DA:341,28
DA:342,120
DA:343,28
DA:344,28
DA:364,1
DA:367,197
DA:368,197
DA:370,197
DA:372,117
DA:373,117
DA:377,80
DA:378,107
DA:379,107
DA:380,107
DA:383,0
DA:388,80
DA:404,1
DA:407,156
DA:408,156
DA:410,156
DA:412,24
DA:416,132
DA:417,396
DA:419,396
DA:420,396
DA:423,0
DA:427,132
DA:430,1
DA:446,1
DA:447,55
DA:449,55
DA:450,53
DA:452,2
DA:453,2
DA:456,0
DA:470,1
DA:471,52
DA:472,47
DA:473,50
DA:477,5
DA:495,1
DA:498,1
DA:507,1
DA:508,13707
DA:512,1
DA:515,1
DA:518,1
DA:519,45
DA:520,8317
DA:521,8317
DA:522,8317
DA:536,1
DA:537,114
DA:551,1
DA:552,51
DA:553,51
DA:554,48
DA:558,51
DA:561,51
DA:563,51
DA:565,45
DA:567,6
DA:569,1
DA:571,5
DA:573,1
DA:576,4
DA:578,1
DA:581,4
DA:582,4
DA:583,4
DA:584,4
DA:587,4
DA:588,11
DA:589,11
DA:592,11
DA:593,4
DA:596,4
DA:601,1
DA:605,1
DA:607,1
DA:608,1
DA:611,1
DA:612,250
DA:613,7
DA:616,250
DA:617,250
DA:618,250
DA:619,250
DA:621,250
DA:622,273
DA:623,273
DA:624,273
DA:628,273
DA:633,250
DA:636,250
DA:637,250
DA:640,1
DA:641,70
DA:642,0
DA:645,70
DA:648,70
DA:649,1
DA:652,70
DA:655,1
DA:656,343
DA:658,343
DA:659,343
DA:660,275
DA:672,1
DA:673,250
DA:674,0
DA:677,250
DA:678,0
DA:679,0
DA:683,250
DA:684,250
DA:685,250
DA:688,250
DA:699,1
DA:700,85
DA:701,0
DA:704,85
DA:705,0
DA:706,0
DA:710,85
DA:711,15
DA:714,70
DA:717,70
DA:718,0
DA:721,70
DA:723,70
DA:724,70
DA:731,1
DA:732,1
DA:733,1
LF:226
LH:210
BRDA:21,1,0,1
BRDA:21,1,1,1
BRDA:74,2,0,447
BRDA:74,2,1,73
BRDA:85,3,0,402
BRDA:85,3,1,2385
BRDA:86,4,0,385
BRDA:86,4,1,17
BRDA:89,5,0,384
BRDA:89,5,1,1
BRDA:151,6,0,1
BRDA:151,6,1,0
BRDA:151,6,2,0
BRDA:151,6,3,0
BRDA:151,6,4,0
BRDA:197,7,0,1470
BRDA:197,7,1,0
BRDA:216,8,0,1477
BRDA:216,8,1,0
BRDA:222,9,0,1477
BRDA:222,9,1,0
BRDA:251,10,0,14266
BRDA:251,10,1,13039
BRDA:256,11,0,2341
BRDA:256,11,1,10698
BRDA:256,12,0,13039
BRDA:256,12,1,2341
BRDA:270,13,0,28
BRDA:270,13,1,1239
BRDA:270,14,0,1267
BRDA:270,14,1,342
BRDA:278,15,0,16265
BRDA:278,15,1,9773
BRDA:281,16,0,16035
BRDA:281,16,1,230
BRDA:315,17,0,2
BRDA:315,17,1,1147
BRDA:318,18,0,2
BRDA:318,18,1,0
BRDA:335,19,0,1119
BRDA:335,19,1,28
BRDA:342,20,0,28
BRDA:342,20,1,92
BRDA:370,21,0,117
BRDA:370,21,1,80
BRDA:379,22,0,107
BRDA:379,22,1,0
BRDA:410,23,0,24
BRDA:410,23,1,132
BRDA:419,24,0,396
BRDA:419,24,1,0
BRDA:419,25,0,396
BRDA:419,25,1,264
BRDA:449,26,0,53
BRDA:449,26,1,2
BRDA:452,27,0,2
BRDA:452,27,1,0
BRDA:452,28,0,2
BRDA:452,28,1,2
BRDA:471,29,0,47
BRDA:471,29,1,5
BRDA:553,30,0,48
BRDA:553,30,1,3
BRDA:563,31,0,45
BRDA:563,31,1,6
BRDA:563,32,0,51
BRDA:563,32,1,46
BRDA:567,33,0,1
BRDA:567,33,1,5
BRDA:571,34,0,1
BRDA:571,34,1,4
BRDA:576,35,0,1
BRDA:576,35,1,3
BRDA:592,36,0,4
BRDA:592,36,1,7
BRDA:607,37,0,1
BRDA:607,37,1,1
BRDA:608,38,0,1
BRDA:608,38,1,0
BRDA:612,39,0,7
BRDA:612,39,1,243
BRDA:641,40,0,0
BRDA:641,40,1,70
BRDA:648,41,0,1
BRDA:648,41,1,69
BRDA:648,42,0,70
BRDA:648,42,1,1
BRDA:656,43,0,343
BRDA:656,43,1,0
BRDA:658,44,0,343
BRDA:658,44,1,0
BRDA:673,45,0,0
BRDA:673,45,1,250
BRDA:677,46,0,0
BRDA:677,46,1,250
BRDA:683,47,0,250
BRDA:683,47,1,0
BRDA:683,48,0,250
BRDA:683,48,1,0
BRDA:700,49,0,0
BRDA:700,49,1,85
BRDA:704,50,0,0
BRDA:704,50,1,85
BRDA:710,51,0,15
BRDA:710,51,1,70
BRDA:710,52,0,85
BRDA:710,52,1,70
BRDA:717,53,0,0
BRDA:717,53,1,70
BRDA:723,54,0,70
BRDA:723,54,1,0
BRF:111
BRH:88
end_of_record
TN:
SF:/Users/karstens/Developer/Repo/Coral/coralui/node_modules/coralui-component/scripts/Coral.transform.js
FN:31,(anonymous_1)
FN:45,(anonymous_2)
FN:58,(anonymous_3)
FN:75,(anonymous_4)
FN:94,(anonymous_5)
FNF:5
FNH:5
FNDA:29711,(anonymous_1)
FNDA:2971,(anonymous_2)
FNDA:9414,(anonymous_3)
FNDA:13,(anonymous_4)
FNDA:18725,(anonymous_5)
DA:21,1
DA:31,1
DA:33,29711
DA:45,1
DA:47,2971
DA:58,1
DA:61,9414
DA:62,9414
DA:75,1
DA:78,13
DA:79,7
DA:82,6
DA:94,1
DA:96,18725
DA:97,156
DA:99,18569
LF:16
LH:16
BRDA:47,1,0,2971
BRDA:47,1,1,2127
BRDA:62,2,0,288
BRDA:62,2,1,9126
BRDA:78,3,0,7
BRDA:78,3,1,6
BRDA:96,4,0,156
BRDA:96,4,1,18569
BRDA:96,5,0,18725
BRDA:96,5,1,18670
BRDA:99,6,0,18540
BRDA:99,6,1,29
BRF:12
BRH:12
end_of_record
TN:
SF:/Users/karstens/Developer/Repo/Coral/coralui/node_modules/coralui-component/scripts/Coral.validate.js
FN:47,(anonymous_1)
FN:69,(anonymous_2)
FN:76,(anonymous_3)
FNF:3
FNH:3
FNDA:84386,(anonymous_1)
FNDA:170,(anonymous_2)
FNDA:26314,(anonymous_3)
DA:21,1
DA:47,1
DA:52,84386
DA:69,1
DA:73,170
DA:76,170
DA:77,26314
LF:7
LH:7
BRF:0
BRH:0
end_of_record
TN:
SF:/Users/karstens/Developer/Repo/Coral/coralui/node_modules/coralui-component/scripts/Coral.property.js
FN:39,(anonymous_1)
FN:45,setProxy
FN:50,getProxy
FN:55,(anonymous_4)
FN:60,(anonymous_5)
FN:67,(anonymous_6)
FN:71,(anonymous_7)
FN:112,(anonymous_8)
FN:118,(anonymous_9)
FN:121,(anonymous_10)
FN:127,(anonymous_11)
FN:154,(anonymous_12)
FN:163,(anonymous_13)
FN:168,(anonymous_14)
FN:211,(anonymous_15)
FNF:15
FNH:15
FNDA:8,(anonymous_1)
FNDA:15,setProxy
FNDA:151,getProxy
FNDA:8,(anonymous_4)
FNDA:1,(anonymous_5)
FNDA:1,(anonymous_6)
FNDA:1,(anonymous_7)
FNDA:4,(anonymous_8)
FNDA:4,(anonymous_9)
FNDA:13,(anonymous_10)
FNDA:17,(anonymous_11)
FNDA:37,(anonymous_12)
FNDA:37,(anonymous_13)
FNDA:4127,(anonymous_14)
FNDA:18061,(anonymous_15)
DA:21,1
DA:39,1
DA:43,8
DA:45,1
DA:47,15
DA:50,1
DA:52,151
DA:55,8
DA:56,8
DA:58,8
DA:60,1
DA:61,1
DA:64,1
DA:67,1
DA:68,1
DA:71,1
DA:73,1
DA:80,7
DA:81,7
DA:82,7
DA:85,8
DA:90,8
DA:93,8
DA:112,1
DA:115,4
DA:116,4
DA:118,4
DA:119,4
DA:125,13
DA:128,17
DA:135,4
DA:137,4
DA:154,1
DA:157,37
DA:158,37
DA:159,37
DA:160,37
DA:161,37
DA:163,37
DA:166,37
DA:169,4127
DA:170,0
DA:174,4127
DA:175,0
DA:181,4127
DA:183,4127
DA:184,4127
DA:185,2
DA:188,4127
DA:191,0
DA:192,0
DA:194,0
DA:197,0
DA:199,0
DA:204,4127
DA:207,4127
DA:208,0
DA:212,18061
DA:217,37
LF:59
LH:51
BRDA:58,1,0,1
BRDA:58,1,1,7
BRDA:73,2,0,1
BRDA:73,2,1,0
BRDA:90,3,0,0
BRDA:90,3,1,8
BRDA:125,4,0,6
BRDA:125,4,1,7
BRDA:125,5,0,13
BRDA:125,5,1,9
BRDA:135,6,0,0
BRDA:135,6,1,4
BRDA:169,7,0,0
BRDA:169,7,1,4127
BRDA:174,8,0,0
BRDA:174,8,1,4127
BRDA:174,9,0,4127
BRDA:174,9,1,4127
BRDA:181,10,0,4127
BRDA:181,10,1,0
BRDA:184,11,0,2
BRDA:184,11,1,4125
BRDA:184,12,0,4127
BRDA:184,12,1,2
BRDA:191,13,0,0
BRDA:191,13,1,0
BRDA:191,14,0,0
BRDA:191,14,1,0
BRDA:207,15,0,0
BRDA:207,15,1,4127
BRDA:211,16,0,37
BRDA:211,16,1,37
BRF:32
BRH:21
end_of_record
TN:
SF:/Users/karstens/Developer/Repo/Coral/coralui/node_modules/coralui-component/scripts/Coral.register.js
FN:73,(anonymous_1)
FN:88,noop
FN:90,passThrough
FN:99,makeValidate
FN:115,makeReflect
FN:122,doReflect
FN:147,makeTrigger
FN:158,doTrigger
FN:171,makeQueueSync
FN:187,doMultiSync
FN:193,doSync
FN:205,storeDescriptor
FN:271,makeGetter
FN:272,getter
FN:288,makeSetter
FN:289,setter
FN:302,(anonymous_17)
FN:339,makeBasicGetter
FN:348,getter
FN:353,makeBasicSetter
FN:362,setter
FN:377,defineProperties
FN:400,defineProperty
FN:439,getPrototypeOfTag
FN:473,(anonymous_25)
FN:567,(anonymous_26)
FN:658,(anonymous_27)
FN:659,(anonymous_28)
FN:683,handleAugmentPropertyCollision
FN:699,callBoth
FN:700,(anonymous_31)
FNF:31
FNH:31
FNDA:1,(anonymous_1)
FNDA:121294,noop
FNDA:70874,passThrough
FNDA:546,makeValidate
FNDA:546,makeReflect
FNDA:44247,doReflect
FNDA:1092,makeTrigger
FNDA:276,doTrigger
FNDA:546,makeQueueSync
FNDA:8701,doMultiSync
FNDA:39501,doSync
FNDA:549,storeDescriptor
FNDA:517,makeGetter
FNDA:405329,getter
FNDA:517,makeSetter
FNDA:93053,setter
FNDA:118879,(anonymous_17)
FNDA:213,makeBasicGetter
FNDA:305655,getter
FNDA:168,makeBasicSetter
FNDA:47571,setter
FNDA:182,defineProperties
FNDA:520,defineProperty
FNDA:13,getPrototypeOfTag
FNDA:182,(anonymous_25)
FNDA:31,(anonymous_26)
FNDA:59,(anonymous_27)
FNDA:125,(anonymous_28)
FNDA:145,handleAugmentPropertyCollision
FNDA:87,callBoth
FNDA:11247,(anonymous_31)
DA:18,1
DA:21,1
DA:23,0
DA:24,0
DA:27,0
DA:73,1
DA:77,1
DA:88,1
DA:90,1
DA:91,70874
DA:99,1
DA:100,546
DA:101,426
DA:104,120
DA:105,88
DA:108,32
DA:115,1
DA:116,546
DA:117,335
DA:120,211
DA:122,211
DA:124,44247
DA:126,21365
DA:130,22882
DA:131,1737
DA:136,22882
DA:137,19505
DA:147,1
DA:148,1092
DA:149,1051
DA:152,41
DA:153,23
DA:156,18
DA:158,18
DA:160,276
DA:171,1
DA:172,546
DA:173,546
DA:175,546
DA:176,296
DA:179,250
DA:181,21
DA:182,14
DA:185,7
DA:187,21
DA:189,8701
DA:193,229
DA:195,39501
DA:205,1
DA:207,549
DA:208,549
DA:210,9
DA:212,540
DA:214,5
DA:215,2
DA:218,3
DA:224,546
DA:227,546
DA:230,546
DA:231,546
DA:234,546
DA:235,121
DA:236,1089
DA:240,546
DA:241,546
DA:242,546
DA:243,546
DA:244,546
DA:245,546
DA:248,546
DA:251,546
DA:252,96
DA:256,450
DA:260,546
DA:271,1
DA:272,517
DA:274,405329
DA:288,1
DA:289,517
DA:290,93053
DA:291,93053
DA:295,93053
DA:298,93053
DA:301,93053
DA:302,93053
DA:303,118879
DA:307,93053
DA:308,9651
DA:311,83402
DA:312,24394
DA:313,24394
DA:315,1
DA:320,83401
DA:323,83398
DA:326,83398
DA:329,83398
DA:330,24390
DA:335,83398
DA:339,1
DA:340,213
DA:348,213
DA:349,305655
DA:353,1
DA:354,168
DA:362,168
DA:363,47571
DA:377,1
DA:379,182
DA:380,549
DA:382,29
DA:384,520
DA:400,1
DA:402,520
DA:406,49
DA:409,49
DA:410,0
DA:415,520
DA:420,517
DA:421,517
DA:424,517
DA:434,1
DA:439,1
DA:440,13
DA:441,13
DA:473,1
DA:475,182
DA:476,5
DA:480,182
DA:483,182
DA:484,182
DA:488,182
DA:490,182
DA:492,13
DA:496,182
DA:502,182
DA:504,182
DA:505,13
DA:508,13
DA:509,13
DA:510,17
DA:511,17
DA:515,13
DA:516,17
DA:517,331
DA:527,182
DA:528,182
DA:531,182
DA:534,182
DA:538,182
DA:541,182
DA:545,182
DA:546,182
DA:547,1412
DA:548,747
DA:554,182
DA:555,52
DA:567,182
DA:569,31
DA:570,1
DA:574,30
DA:576,1
DA:583,29
DA:592,29
DA:595,29
DA:598,29
DA:602,182
DA:603,610
DA:604,2
DA:610,182
DA:612,13
DA:616,169
DA:620,179
DA:624,179
DA:626,13
DA:631,179
DA:634,179
DA:636,179
DA:640,1
DA:641,1
DA:658,1
DA:659,59
DA:661,125
DA:663,6
DA:667,119
DA:675,119
DA:683,1
DA:684,145
DA:688,87
DA:691,58
DA:699,1
DA:700,87
DA:701,11247
DA:702,11247
LF:193
LH:189
BRDA:18,1,0,1
BRDA:18,1,1,0
BRDA:21,2,0,0
BRDA:21,2,1,1
BRDA:23,3,0,0
BRDA:23,3,1,0
BRDA:23,4,0,0
BRDA:23,4,1,0
BRDA:100,5,0,426
BRDA:100,5,1,120
BRDA:104,6,0,88
BRDA:104,6,1,32
BRDA:116,7,0,335
BRDA:116,7,1,211
BRDA:120,8,0,211
BRDA:120,8,1,184
BRDA:124,9,0,21365
BRDA:124,9,1,22882
BRDA:124,10,0,44247
BRDA:124,10,1,23057
BRDA:130,11,0,1737
BRDA:130,11,1,21145
BRDA:136,12,0,19505
BRDA:136,12,1,3377
BRDA:148,13,0,1051
BRDA:148,13,1,41
BRDA:152,14,0,23
BRDA:152,14,1,18
BRDA:175,15,0,296
BRDA:175,15,1,250
BRDA:175,16,0,546
BRDA:175,16,1,296
BRDA:179,17,0,21
BRDA:179,17,1,229
BRDA:181,18,0,14
BRDA:181,18,1,7
BRDA:208,19,0,9
BRDA:208,19,1,540
BRDA:208,20,0,549
BRDA:208,20,1,541
BRDA:212,21,0,5
BRDA:212,21,1,535
BRDA:214,22,0,2
BRDA:214,22,1,3
BRDA:214,23,0,5
BRDA:214,23,1,3
BRDA:224,24,0,546
BRDA:224,24,1,168
BRDA:227,25,0,546
BRDA:227,25,1,213
BRDA:234,26,0,121
BRDA:234,26,1,425
BRDA:242,27,0,546
BRDA:242,27,1,247
BRDA:243,28,0,546
BRDA:243,28,1,380
BRDA:251,29,0,96
BRDA:251,29,1,450
BRDA:307,30,0,9651
BRDA:307,30,1,83402
BRDA:311,31,0,24394
BRDA:311,31,1,59008
BRDA:313,32,0,1
BRDA:313,32,1,24393
BRDA:313,33,0,24394
BRDA:313,33,1,254
BRDA:329,34,0,24390
BRDA:329,34,1,59008
BRDA:380,35,0,29
BRDA:380,35,1,520
BRDA:402,36,0,49
BRDA:402,36,1,471
BRDA:409,37,0,0
BRDA:409,37,1,49
BRDA:440,38,0,13
BRDA:440,38,1,4
BRDA:475,39,0,5
BRDA:475,39,1,177
BRDA:475,40,0,182
BRDA:475,40,1,25
BRDA:480,41,0,182
BRDA:480,41,1,157
BRDA:488,42,0,112
BRDA:488,42,1,70
BRDA:490,43,0,13
BRDA:490,43,1,169
BRDA:504,44,0,13
BRDA:504,44,1,169
BRDA:509,45,0,30
BRDA:509,45,1,17
BRDA:547,46,0,747
BRDA:547,46,1,665
BRDA:554,47,0,52
BRDA:554,47,1,130
BRDA:569,48,0,1
BRDA:569,48,1,30
BRDA:574,49,0,1
BRDA:574,49,1,29
BRDA:603,50,0,2
BRDA:603,50,1,608
BRDA:610,51,0,13
BRDA:610,51,1,169
BRDA:624,52,0,13
BRDA:624,52,1,166
BRDA:661,53,0,6
BRDA:661,53,1,119
BRDA:672,54,0,119
BRDA:672,54,1,118
BRDA:684,55,0,71
BRDA:684,55,1,87
BRDA:684,55,2,58
BRF:111
BRH:104
end_of_record
TN:
SF:/Users/karstens/Developer/Repo/Coral/coralui/node_modules/coralui-component/scripts/Coral.mixin.js
FNF:0
FNH:0
DA:21,1
LF:1
LH:1
BRDA:21,1,0,1
BRDA:21,1,1,1
BRF:2
BRH:2
end_of_record
TN:
SF:/Users/karstens/Developer/Repo/Coral/coralui/node_modules/coralui-component/scripts/Coral.Keys.js
FN:17,(anonymous_1)
FN:155,filterInputs
FN:174,keyToCode
FN:192,normalizeCode
FN:200,keyComboToCodeString
FN:231,makeComboHandler
FN:289,handleKeyDown
FN:320,setCurrentKeyCombo
FN:335,handleKeyUp
FN:365,processSequences
FN:369,(anonymous_11)
FN:391,executeListeners
FN:482,on
FN:572,keySequenceStringToArray
FN:576,offByKeyComboString
FN:623,off
FN:677,resetSequence
FN:679,(anonymous_18)
FN:693,reset
FN:712,init
FN:736,destroy
FNF:21
FNH:21
FNDA:1,(anonymous_1)
FNDA:463,filterInputs
FNDA:18778,keyToCode
FNDA:498200,normalizeCode
FNDA:16964,keyComboToCodeString
FNDA:1908,makeComboHandler
FNDA:596,handleKeyDown
FNDA:1036,setCurrentKeyCombo
FNDA:497604,handleKeyUp
FNDA:520,processSequences
FNDA:132,(anonymous_11)
FNDA:1066,executeListeners
FNDA:15756,on
FNDA:9,keySequenceStringToArray
FNDA:1249,offByKeyComboString
FNDA:1198,off
FNDA:93,resetSequence
FNDA:4,(anonymous_18)
FNDA:68066,reset
FNDA:1906,init
FNDA:33,destroy
DA:17,1
DA:26,1
DA:37,1
DA:48,1
DA:59,1
DA:73,1
DA:132,1
DA:139,1
DA:155,1
DA:156,463
DA:157,463
DA:158,463
DA:159,463
DA:160,463
DA:174,1
DA:175,18778
DA:178,18778
DA:180,18778
DA:181,0
DA:185,18778
DA:192,1
DA:193,498200
DA:200,1
DA:201,16964
DA:231,1
DA:232,1908
DA:234,1908
DA:235,1
DA:239,1907
DA:242,1907
DA:247,1907
DA:252,1907
DA:257,1907
DA:263,1907
DA:269,1907
DA:275,1907
DA:281,1907
DA:287,1907
DA:289,1
DA:290,596
DA:291,596
DA:294,596
DA:297,596
DA:298,40
DA:301,556
DA:302,526
DA:304,526
DA:307,556
DA:310,556
DA:311,7
DA:314,556
DA:316,3
DA:320,1
DA:322,1036
DA:323,1036
DA:324,4144
DA:326,4144
DA:327,40
DA:332,1036
DA:335,1
DA:336,497604
DA:338,497604
DA:345,66294
DA:351,66294
DA:355,431310
DA:356,431310
DA:357,510
DA:360,510
DA:361,510
DA:365,1
DA:366,520
DA:369,520
DA:370,132
DA:372,47
DA:376,85
DA:379,132
DA:381,15
DA:384,15
DA:388,520
DA:391,1
DA:393,1066
DA:394,494
DA:398,572
DA:399,36
DA:402,536
DA:404,536
DA:407,536
DA:409,536
DA:410,536
DA:413,520
DA:416,536
DA:417,359
DA:420,536
DA:421,11
DA:424,536
DA:425,360
DA:426,470
DA:431,470
DA:434,113
DA:439,113
DA:440,41
DA:445,429
DA:446,429
DA:450,429
DA:452,429
DA:456,360
DA:457,150
DA:459,360
DA:460,150
DA:482,1
DA:484,15756
DA:486,2
DA:489,1
DA:490,1
DA:492,2
DA:493,4
DA:495,2
DA:498,15754
DA:500,1090
DA:501,1090
DA:503,14664
DA:504,14659
DA:506,11272
DA:507,11272
DA:511,3387
DA:512,3387
DA:513,3387
DA:517,15754
DA:518,0
DA:521,15754
DA:522,15754
DA:523,15754
DA:524,14660
DA:525,14660
DA:530,15754
DA:533,15754
DA:537,9
DA:540,9
DA:553,15745
DA:555,15745
DA:558,15744
DA:569,15753
DA:572,1
DA:573,9
DA:576,1
DA:577,1249
DA:578,1249
DA:580,1249
DA:581,1236
DA:583,14
DA:585,1222
DA:587,42
DA:589,45
DA:590,2
DA:591,2
DA:597,1180
DA:598,2495
DA:601,1180
DA:602,1180
DA:623,1
DA:624,1198
DA:625,29
DA:626,29
DA:629,1198
DA:630,1198
DA:631,1198
DA:632,1198
DA:633,1172
DA:634,1172
DA:637,1198
DA:639,2
DA:640,55
DA:644,2
DA:645,5
DA:646,1
DA:647,1
DA:651,2
DA:654,1196
DA:656,2
DA:657,12
DA:663,4
DA:664,4
DA:669,1194
DA:671,1194
DA:674,1196
DA:677,1
DA:678,93
DA:679,93
DA:681,4
DA:693,1
DA:696,68066
DA:697,68066
DA:699,68066
DA:712,1
DA:714,1906
DA:715,1906
DA:716,1906
DA:717,1906
DA:719,1906
DA:722,1906
DA:723,1906
DA:725,1906
DA:736,1
DA:737,33
DA:738,33
DA:739,33
DA:741,33
DA:742,33
DA:743,33
DA:745,33
DA:749,1907
DA:751,1904
DA:755,1907
DA:764,1
DA:766,1
DA:768,1
DA:775,1
DA:784,1
LF:218
LH:216
BRDA:160,1,0,463
BRDA:160,1,1,462
BRDA:178,2,0,18778
BRDA:178,2,1,2089
BRDA:180,3,0,0
BRDA:180,3,1,18778
BRDA:180,4,0,18778
BRDA:180,4,1,794
BRDA:185,5,0,18778
BRDA:185,5,1,794
BRDA:193,6,0,498200
BRDA:193,6,1,479780
BRDA:232,7,0,1908
BRDA:232,7,1,16
BRDA:234,8,0,1
BRDA:234,8,1,1907
BRDA:239,9,0,0
BRDA:239,9,1,1907
BRDA:247,10,0,1907
BRDA:247,10,1,142
BRDA:252,11,0,1907
BRDA:252,11,1,1906
BRDA:257,12,0,1907
BRDA:257,12,1,1906
BRDA:297,13,0,40
BRDA:297,13,1,556
BRDA:301,14,0,526
BRDA:301,14,1,30
BRDA:310,15,0,7
BRDA:310,15,1,549
BRDA:314,16,0,3
BRDA:314,16,1,553
BRDA:326,17,0,40
BRDA:326,17,1,4104
BRDA:338,18,0,66294
BRDA:338,18,1,431310
BRDA:356,19,0,510
BRDA:356,19,1,430800
BRDA:370,20,0,47
BRDA:370,20,1,85
BRDA:379,21,0,15
BRDA:379,21,1,117
BRDA:393,22,0,494
BRDA:393,22,1,572
BRDA:398,23,0,36
BRDA:398,23,1,536
BRDA:402,24,0,536
BRDA:402,24,1,0
BRDA:410,25,0,520
BRDA:410,25,1,16
BRDA:416,26,0,359
BRDA:416,26,1,177
BRDA:416,27,0,536
BRDA:416,27,1,379
BRDA:420,28,0,11
BRDA:420,28,1,525
BRDA:420,29,0,536
BRDA:420,29,1,520
BRDA:424,30,0,360
BRDA:424,30,1,176
BRDA:424,31,0,536
BRDA:424,31,1,536
BRDA:431,32,0,113
BRDA:431,32,1,357
BRDA:434,33,0,0
BRDA:434,33,1,113
BRDA:439,34,0,41
BRDA:439,34,1,72
BRDA:445,35,0,429
BRDA:445,35,1,0
BRDA:452,36,0,429
BRDA:452,36,1,331
BRDA:456,37,0,150
BRDA:456,37,1,210
BRDA:459,38,0,150
BRDA:459,38,1,210
BRDA:484,39,0,2
BRDA:484,39,1,15754
BRDA:486,40,0,1
BRDA:486,40,1,1
BRDA:489,41,0,1
BRDA:489,41,1,1
BRDA:498,42,0,1090
BRDA:498,42,1,14664
BRDA:498,43,0,15754
BRDA:498,43,1,1094
BRDA:503,44,0,14659
BRDA:503,44,1,5
BRDA:504,45,0,11272
BRDA:504,45,1,3387
BRDA:517,46,0,0
BRDA:517,46,1,15754
BRDA:523,47,0,14660
BRDA:523,47,1,1094
BRDA:530,48,0,11275
BRDA:530,48,1,4479
BRDA:533,49,0,9
BRDA:533,49,1,15745
BRDA:555,50,0,15745
BRDA:555,50,1,14519
BRDA:561,51,0,11275
BRDA:561,51,1,4469
BRDA:580,52,0,1236
BRDA:580,52,1,13
BRDA:580,53,0,1249
BRDA:580,53,1,1249
BRDA:581,54,0,14
BRDA:581,54,1,1222
BRDA:581,55,0,1236
BRDA:581,55,1,1235
BRDA:581,55,2,56
BRDA:585,56,0,42
BRDA:585,56,1,1180
BRDA:589,57,0,2
BRDA:589,57,1,43
BRDA:589,58,0,45
BRDA:589,58,1,44
BRDA:598,59,0,1180
BRDA:598,59,1,1315
BRDA:598,60,0,2495
BRDA:598,60,1,1180
BRDA:598,60,2,1180
BRDA:624,61,0,29
BRDA:624,61,1,1169
BRDA:632,62,0,1172
BRDA:632,62,1,26
BRDA:637,63,0,2
BRDA:637,63,1,1196
BRDA:637,64,0,1198
BRDA:637,64,1,2
BRDA:645,65,0,1
BRDA:645,65,1,4
BRDA:654,66,0,2
BRDA:654,66,1,1194
BRDA:657,67,0,4
BRDA:657,67,1,8
BRDA:658,68,0,12
BRDA:658,68,1,12
BRDA:658,68,2,4
BRDA:658,68,3,0
BRDA:658,68,4,4
BRDA:658,68,5,0
BRDA:658,68,6,4
BRDA:658,68,7,1
BRDA:749,69,0,1904
BRDA:749,69,1,3
BRF:146
BRH:138
end_of_record
TN:
SF:/Users/karstens/Developer/Repo/Coral/coralui/node_modules/coralui-component/scripts/Coral.i18n.js
FN:17,(anonymous_1)
FN:102,(anonymous_2)
FN:129,(anonymous_3)
FN:133,(anonymous_4)
FN:151,(anonymous_5)
FN:237,(anonymous_6)
FN:380,(anonymous_7)
FN:451,(anonymous_8)
FNF:8
FNH:7
FNDA:1,(anonymous_1)
FNDA:1,(anonymous_2)
FNDA:1,(anonymous_3)
FNDA:3,(anonymous_4)
FNDA:0,(anonymous_5)
FNDA:25,(anonymous_6)
FNDA:2307,(anonymous_7)
FNDA:303,(anonymous_8)
DA:17,1
DA:25,1
DA:73,1
DA:74,1
DA:102,1
DA:103,1
DA:105,1
DA:107,1
DA:108,1
DA:111,1
DA:112,0
DA:113,0
DA:121,1
DA:128,1
DA:130,1
DA:131,1
DA:134,3
DA:143,1
DA:151,1
DA:152,0
DA:154,0
DA:155,0
DA:237,1
DA:238,25
DA:239,25
DA:241,0
DA:243,25
DA:244,10
DA:245,0
DA:248,10
DA:249,10
DA:250,20
DA:251,20
DA:252,20
DA:254,20
DA:255,10
DA:257,20
DA:261,0
DA:265,15
DA:266,5
DA:267,5
DA:268,5
DA:269,5
DA:272,0
DA:276,10
DA:277,10
DA:278,10
DA:279,10
DA:280,10
DA:282,10
DA:283,10
DA:286,10
DA:289,0
DA:293,0
DA:296,25
DA:380,1
DA:381,2307
DA:383,1
DA:388,2306
DA:391,2306
DA:392,2306
DA:395,2306
DA:397,2306
DA:398,2306
DA:399,2306
DA:402,2306
DA:403,14
DA:406,14
DA:407,14
DA:408,28
DA:409,28
DA:410,0
DA:415,14
DA:416,8
DA:421,2292
DA:423,2292
DA:425,259
DA:427,2033
DA:428,0
DA:432,2292
DA:433,534
DA:438,2306
DA:439,267
DA:443,2306
DA:446,2306
DA:447,2031
DA:451,275
DA:452,303
DA:453,303
DA:464,1
LF:90
LH:77
BRDA:74,1,0,1
BRDA:74,1,1,1
BRDA:103,2,0,1
BRDA:103,2,1,0
BRDA:107,3,0,1
BRDA:107,3,1,0
BRDA:111,4,0,0
BRDA:111,4,1,1
BRDA:130,5,0,1
BRDA:130,5,1,0
BRDA:152,6,0,0
BRDA:152,6,1,0
BRDA:239,7,0,0
BRDA:239,7,1,25
BRDA:243,8,0,10
BRDA:243,8,1,15
BRDA:244,9,0,0
BRDA:244,9,1,10
BRDA:248,10,0,10
BRDA:248,10,1,0
BRDA:248,11,0,10
BRDA:248,11,1,10
BRDA:254,12,0,10
BRDA:254,12,1,10
BRDA:265,13,0,5
BRDA:265,13,1,10
BRDA:266,14,0,5
BRDA:266,14,1,0
BRDA:266,15,0,5
BRDA:266,15,1,5
BRDA:266,15,2,5
BRDA:266,15,3,5
BRDA:276,16,0,10
BRDA:276,16,1,0
BRDA:277,17,0,10
BRDA:277,17,1,0
BRDA:277,18,0,10
BRDA:277,18,1,10
BRDA:277,18,2,10
BRDA:282,19,0,10
BRDA:282,19,1,0
BRDA:381,20,0,1
BRDA:381,20,1,2306
BRDA:392,21,0,275
BRDA:392,21,1,2031
BRDA:402,22,0,14
BRDA:402,22,1,2292
BRDA:402,23,0,2306
BRDA:402,23,1,2306
BRDA:409,24,0,0
BRDA:409,24,1,28
BRDA:409,25,0,28
BRDA:409,25,1,28
BRDA:415,26,0,8
BRDA:415,26,1,6
BRDA:423,27,0,259
BRDA:423,27,1,2033
BRDA:427,28,0,0
BRDA:427,28,1,2033
BRDA:438,29,0,267
BRDA:438,29,1,2039
BRDA:443,30,0,2306
BRDA:443,30,1,1
BRDA:446,31,0,2031
BRDA:446,31,1,275
BRF:65
BRH:50
end_of_record
TN:
SF:/Users/karstens/Developer/Repo/Coral/coralui/node_modules/coralui-component/scripts/Coral.Component.js
FN:19,(anonymous_1)
FN:32,getListenerFromMethodNameOrFunction
FN:67,(anonymous_3)
FN:82,(anonymous_4)
FN:104,(anonymous_5)
FN:251,(anonymous_6)
FN:253,(anonymous_7)
FN:256,(anonymous_8)
FN:309,(anonymous_9)
FN:319,(anonymous_10)
FN:332,(anonymous_11)
FN:345,(anonymous_12)
FN:357,(anonymous_13)
FN:384,(anonymous_14)
FN:418,(anonymous_15)
FN:441,(anonymous_16)
FN:460,(anonymous_17)
FN:590,(anonymous_18)
FN:618,(anonymous_19)
FN:653,(anonymous_20)
FN:672,(anonymous_21)
FN:691,(anonymous_22)
FN:743,(anonymous_23)
FN:754,(anonymous_24)
FN:809,(anonymous_25)
FN:843,(anonymous_26)
FN:852,(anonymous_27)
FN:866,(anonymous_28)
FNF:28
FNH:26
FNDA:1,(anonymous_1)
FNDA:37546,getListenerFromMethodNameOrFunction
FNDA:0,(anonymous_3)
FNDA:12,(anonymous_4)
FNDA:21570,(anonymous_5)
FNDA:2584,(anonymous_6)
FNDA:3143,(anonymous_7)
FNDA:3070,(anonymous_8)
FNDA:107,(anonymous_9)
FNDA:19010,(anonymous_10)
FNDA:19010,(anonymous_11)
FNDA:164113,(anonymous_12)
FNDA:60976,(anonymous_13)
FNDA:52781,(anonymous_14)
FNDA:42924,(anonymous_15)
FNDA:14008,(anonymous_16)
FNDA:21570,(anonymous_17)
FNDA:19010,(anonymous_18)
FNDA:19010,(anonymous_19)
FNDA:5397,(anonymous_20)
FNDA:5555,(anonymous_21)
FNDA:70589,(anonymous_22)
FNDA:1057,(anonymous_23)
FNDA:65323,(anonymous_24)
FNDA:63553,(anonymous_25)
FNDA:0,(anonymous_26)
FNDA:512,(anonymous_27)
FNDA:43,(anonymous_28)
DA:19,1
DA:22,1
DA:25,1
DA:32,1
DA:34,37546
DA:35,4
DA:37,37542
DA:38,37539
DA:39,0
DA:43,37539
DA:45,37539
DA:46,0
DA:50,37539
DA:52,3
DA:55,0
DA:59,3
DA:67,1
DA:68,0
DA:72,1
DA:75,1
DA:82,1
DA:83,12
DA:93,1
DA:104,1
DA:107,21570
DA:108,0
DA:113,21570
DA:115,21570
DA:118,21570
DA:122,21570
DA:125,21570
DA:128,21570
DA:129,17066
DA:133,21570
DA:136,21570
DA:137,6589
DA:140,21570
DA:141,21570
DA:142,21570
DA:143,21570
DA:144,21570
DA:147,21570
DA:151,21570
DA:154,21570
DA:155,88312
DA:157,88312
DA:159,7477
DA:163,88312
DA:166,88312
DA:170,21570
DA:171,88312
DA:172,88312
DA:175,88312
DA:177,88312
DA:179,2204
DA:180,2204
DA:184,2204
DA:185,1461
DA:189,2204
DA:190,2204
DA:192,2753
DA:194,9
DA:195,9
DA:201,88312
DA:203,86122
DA:204,4175
DA:208,81947
DA:210,620
DA:214,81327
DA:220,81947
DA:221,22753
DA:226,61384
DA:229,21570
DA:232,21570
DA:233,13443
DA:237,21570
DA:239,6818
DA:240,6818
DA:247,21570
DA:248,21570
DA:251,1
DA:252,2584
DA:253,2584
DA:254,3143
DA:256,3143
DA:258,3070
DA:259,2068
DA:262,2068
DA:263,2100
DA:264,2100
DA:266,2
DA:267,2
DA:309,1
DA:310,107
DA:319,1
DA:320,19010
DA:323,19010
DA:332,1
DA:333,19010
DA:336,19010
DA:345,1
DA:347,164113
DA:350,164113
DA:351,164113
DA:352,30490
DA:354,2
DA:357,30488
DA:359,60976
DA:360,60976
DA:361,60974
DA:366,30488
DA:368,10519
DA:373,164111
DA:374,0
DA:384,1
DA:385,52781
DA:386,59737
DA:389,59737
DA:390,59737
DA:395,16815
DA:399,59737
DA:402,52781
DA:403,14010
DA:404,14010
DA:418,1
DA:420,42924
DA:421,42924
DA:422,42924
DA:425,0
DA:428,42924
DA:429,6
DA:430,6
DA:431,1
DA:441,1
DA:442,14008
DA:445,14008
DA:447,42918
DA:450,14008
DA:460,1
DA:469,21570
DA:470,21570
DA:471,21570
DA:472,21570
DA:473,21570
DA:474,21570
DA:475,21570
DA:476,21570
DA:477,21570
DA:478,21570
DA:480,21570
DA:481,37546
DA:484,37546
DA:485,37546
DA:486,37546
DA:488,37546
DA:490,13044
DA:494,37546
DA:496,37546
DA:499,37543
DA:502,37543
DA:503,37543
DA:504,5627
DA:508,37543
DA:509,37543
DA:511,6045
DA:515,37543
DA:516,37543
DA:517,14717
DA:518,0
DA:520,14717
DA:524,37543
DA:525,37543
DA:526,1424
DA:527,0
DA:531,37543
DA:533,5627
DA:534,1231
DA:535,1231
DA:542,4396
DA:543,4396
DA:553,31916
DA:555,13486
DA:562,13486
DA:564,18430
DA:565,112
DA:566,0
DA:567,0
DA:568,0
DA:572,112
DA:576,18318
DA:590,1
DA:591,19010
DA:592,19010
DA:594,3390
DA:595,4065
DA:596,4065
DA:600,19010
DA:602,1168
DA:603,1168
DA:604,1168
DA:608,19010
DA:618,1
DA:619,19010
DA:620,19010
DA:622,3390
DA:623,4065
DA:624,4065
DA:628,19010
DA:630,1168
DA:631,1168
DA:632,1168
DA:636,19010
DA:653,1
DA:654,5397
DA:655,5397
DA:672,1
DA:673,5555
DA:674,5555
DA:691,1
DA:693,70589
DA:696,70589
DA:700,70589
DA:707,70589
DA:709,70589
DA:712,70589
DA:716,70589
DA:723,0
DA:728,0
DA:732,0
DA:735,70589
DA:743,1
DA:744,1057
DA:746,650
DA:754,1
DA:757,65323
DA:759,65323
DA:760,64129
DA:763,756
DA:765,63373
DA:768,63373
DA:771,0
DA:776,1194
DA:809,1
DA:810,63553
DA:811,63553
DA:812,63553
DA:814,63553
DA:816,61448
DA:817,61448
DA:818,61448
DA:821,2105
DA:822,2105
DA:825,2105
DA:826,3875
DA:828,3875
DA:832,63553
DA:843,1
DA:844,0
DA:852,1
DA:853,512
DA:854,480
DA:857,32
DA:858,32
DA:866,1
DA:867,43
DA:868,1
DA:871,42
DA:872,42
DA:876,1
DA:877,1
DA:878,229
DA:879,25
LF:272
LH:255
BRDA:34,1,0,4
BRDA:34,1,1,37542
BRDA:37,2,0,37539
BRDA:37,2,1,3
BRDA:38,3,0,0
BRDA:38,3,1,37539
BRDA:45,4,0,0
BRDA:45,4,1,37539
BRDA:52,5,0,0
BRDA:52,5,1,3
BRDA:107,6,0,0
BRDA:107,6,1,21570
BRDA:128,7,0,17066
BRDA:128,7,1,4504
BRDA:136,8,0,6589
BRDA:136,8,1,14981
BRDA:157,9,0,7477
BRDA:157,9,1,80835
BRDA:163,10,0,88312
BRDA:163,10,1,74212
BRDA:177,11,0,2204
BRDA:177,11,1,86108
BRDA:179,12,0,2204
BRDA:179,12,1,0
BRDA:184,13,0,1461
BRDA:184,13,1,743
BRDA:189,14,0,2204
BRDA:189,14,1,0
BRDA:192,15,0,9
BRDA:192,15,1,2744
BRDA:201,16,0,86122
BRDA:201,16,1,2190
BRDA:203,17,0,4175
BRDA:203,17,1,81947
BRDA:208,18,0,620
BRDA:208,18,1,81327
BRDA:220,19,0,22753
BRDA:220,19,1,59194
BRDA:232,20,0,13443
BRDA:232,20,1,8127
BRDA:237,21,0,6818
BRDA:237,21,1,14752
BRDA:254,22,0,3143
BRDA:254,22,1,0
BRDA:258,23,0,2068
BRDA:258,23,1,1002
BRDA:264,24,0,2
BRDA:264,24,1,2098
BRDA:347,25,0,164113
BRDA:347,25,1,161500
BRDA:351,26,0,30490
BRDA:351,26,1,133623
BRDA:352,27,0,2
BRDA:352,27,1,30488
BRDA:360,28,0,60974
BRDA:360,28,1,2
BRDA:366,29,0,10519
BRDA:366,29,1,19969
BRDA:373,30,0,0
BRDA:373,30,1,164111
BRDA:390,31,0,16815
BRDA:390,31,1,42922
BRDA:402,32,0,14010
BRDA:402,32,1,38771
BRDA:421,33,0,42924
BRDA:421,33,1,0
BRDA:428,34,0,6
BRDA:428,34,1,42918
BRDA:430,35,0,1
BRDA:430,35,1,5
BRDA:488,36,0,13044
BRDA:488,36,1,24502
BRDA:496,37,0,37543
BRDA:496,37,1,3
BRDA:503,38,0,5627
BRDA:503,38,1,31916
BRDA:509,39,0,6045
BRDA:509,39,1,31498
BRDA:516,40,0,14717
BRDA:516,40,1,22826
BRDA:517,41,0,0
BRDA:517,41,1,14717
BRDA:525,42,0,1424
BRDA:525,42,1,36119
BRDA:526,43,0,0
BRDA:526,43,1,1424
BRDA:531,44,0,5627
BRDA:531,44,1,31916
BRDA:533,45,0,1231
BRDA:533,45,1,4396
BRDA:534,46,0,1231
BRDA:534,46,1,1231
BRDA:542,47,0,4396
BRDA:542,47,1,3754
BRDA:553,48,0,13486
BRDA:553,48,1,18430
BRDA:555,49,0,13486
BRDA:555,49,1,1764
BRDA:564,50,0,112
BRDA:564,50,1,18318
BRDA:565,51,0,0
BRDA:565,51,1,112
BRDA:592,52,0,3390
BRDA:592,52,1,15620
BRDA:600,53,0,1168
BRDA:600,53,1,17842
BRDA:620,54,0,3390
BRDA:620,54,1,15620
BRDA:628,55,0,1168
BRDA:628,55,1,17842
BRDA:693,56,0,70589
BRDA:693,56,1,70586
BRDA:696,57,0,70589
BRDA:696,57,1,70589
BRDA:716,58,0,0
BRDA:716,58,1,70589
BRDA:744,59,0,650
BRDA:744,59,1,407
BRDA:757,60,0,65323
BRDA:757,60,1,65323
BRDA:759,61,0,64129
BRDA:759,61,1,1194
BRDA:760,62,0,756
BRDA:760,62,1,63373
BRDA:760,63,0,64129
BRDA:760,63,1,757
BRDA:760,63,2,756
BRDA:765,64,0,63373
BRDA:765,64,1,0
BRDA:765,65,0,63373
BRDA:765,65,1,63373
BRDA:814,66,0,61448
BRDA:814,66,1,2105
BRDA:853,67,0,480
BRDA:853,67,1,32
BRDA:867,68,0,1
BRDA:867,68,1,42
BRDA:878,69,0,25
BRDA:878,69,1,204
BRF:139
BRH:125
end_of_record
TN:
SF:/Users/karstens/Developer/Repo/Coral/coralui/node_modules/coralui-component-collection/scripts/Coral.Collection.js
FN:17,(anonymous_1)
FN:21,getTagSelector
FN:50,(anonymous_3)
FN:75,(anonymous_4)
FN:100,(anonymous_5)
FN:131,(anonymous_6)
FN:148,(anonymous_7)
FN:173,(anonymous_8)
FN:191,(anonymous_9)
FN:201,(anonymous_10)
FNF:10
FNH:10
FNDA:1,(anonymous_1)
FNDA:198,getTagSelector
FNDA:357,(anonymous_3)
FNDA:185,(anonymous_4)
FNDA:225,(anonymous_5)
FNDA:107,(anonymous_6)
FNDA:2009,(anonymous_7)
FNDA:105,(anonymous_8)
FNDA:344,(anonymous_9)
FNDA:27,(anonymous_10)
DA:17,1
DA:21,1
DA:22,198
DA:50,1
DA:51,357
DA:53,357
DA:54,357
DA:55,357
DA:56,357
DA:59,357
DA:60,357
DA:62,357
DA:63,357
DA:66,1
DA:76,185
DA:81,1
DA:83,1
DA:100,1
DA:102,225
DA:103,224
DA:105,94
DA:106,14
DA:109,80
DA:114,224
DA:116,224
DA:117,178
DA:120,224
DA:123,1
DA:131,1
DA:132,107
DA:134,107
DA:136,107
DA:137,75
DA:140,107
DA:148,1
DA:150,2009
DA:151,2006
DA:152,2006
DA:153,1320
DA:156,2006
DA:159,3
DA:173,1
DA:174,105
DA:175,101
DA:178,101
DA:179,10
DA:183,105
DA:191,1
DA:193,344
DA:201,1
DA:202,27
DA:203,26
DA:204,26
LF:53
LH:53
BRDA:22,1,0,2
BRDA:22,1,1,196
BRDA:51,2,0,357
BRDA:51,2,1,33
BRDA:56,3,0,357
BRDA:56,3,1,198
BRDA:59,4,0,357
BRDA:59,4,1,355
BRDA:102,5,0,224
BRDA:102,5,1,1
BRDA:102,6,0,225
BRDA:102,6,1,224
BRDA:103,7,0,94
BRDA:103,7,1,130
BRDA:105,8,0,14
BRDA:105,8,1,80
BRDA:114,9,0,224
BRDA:114,9,1,222
BRDA:116,10,0,178
BRDA:116,10,1,46
BRDA:116,11,0,224
BRDA:116,11,1,179
BRDA:150,12,0,2006
BRDA:150,12,1,3
BRDA:150,13,0,2009
BRDA:150,13,1,2006
BRDA:152,14,0,1320
BRDA:152,14,1,686
BRDA:174,15,0,101
BRDA:174,15,1,4
BRDA:178,16,0,10
BRDA:178,16,1,91
BRDA:178,17,0,101
BRDA:178,17,1,11
BRDA:193,18,0,344
BRDA:193,18,1,55
BRDA:204,19,0,26
BRDA:204,19,1,1
BRF:38
BRH:38
end_of_record
TN:
SF:/Users/karstens/Developer/Repo/Coral/coralui/node_modules/coralui-mixin-overlay/scripts/Coral.mixin.overlay.js
FN:17,(anonymous_1)
FN:78,(anonymous_2)
FN:96,(anonymous_3)
FN:123,(anonymous_4)
FN:135,(anonymous_5)
FN:143,(anonymous_6)
FN:148,(anonymous_7)
FN:153,(anonymous_8)
FN:157,(anonymous_9)
FN:165,hideOrRepositionBackdrop
FN:172,(anonymous_11)
FN:202,doRepositionBackdrop
FN:226,cancelBackdropHide
FN:233,doBackdropHide
FN:237,(anonymous_15)
FN:241,(anonymous_16)
FN:256,doBackdropShow
FN:278,(anonymous_18)
FN:290,handleBackdropClick
FN:291,(anonymous_20)
FN:301,hideEverythingBut
FN:336,showEverything
FN:349,createDocumentTabCaptureEls
FN:356,(anonymous_24)
FN:369,(anonymous_25)
FN:397,hideDocumentTabCaptureEls
FN:418,(anonymous_27)
FN:513,(anonymous_28)
FN:517,(anonymous_29)
FN:573,(anonymous_30)
FN:596,(anonymous_31)
FN:599,(anonymous_32)
FN:624,(anonymous_33)
FN:627,(anonymous_34)
FN:665,(anonymous_35)
FN:678,(anonymous_36)
FN:695,(anonymous_37)
FN:707,(anonymous_38)
FN:722,(anonymous_39)
FN:743,(anonymous_40)
FN:754,(anonymous_41)
FN:764,(anonymous_42)
FN:777,(anonymous_43)
FN:807,(anonymous_44)
FN:826,(anonymous_45)
FN:842,(anonymous_46)
FN:862,(anonymous_47)
FN:878,(anonymous_48)
FN:883,(anonymous_49)
FNF:49
FNH:45
FNDA:1,(anonymous_1)
FNDA:341,(anonymous_2)
FNDA:155,(anonymous_3)
FNDA:384,(anonymous_4)
FNDA:43,(anonymous_5)
FNDA:308,(anonymous_6)
FNDA:155,(anonymous_7)
FNDA:140,(anonymous_8)
FNDA:1,(anonymous_9)
FNDA:186,hideOrRepositionBackdrop
FNDA:13,(anonymous_11)
FNDA:8,doRepositionBackdrop
FNDA:174,cancelBackdropHide
FNDA:132,doBackdropHide
FNDA:132,(anonymous_15)
FNDA:8,(anonymous_16)
FNDA:42,doBackdropShow
FNDA:42,(anonymous_18)
FNDA:1,handleBackdropClick
FNDA:2,(anonymous_20)
FNDA:50,hideEverythingBut
FNDA:132,showEverything
FNDA:50,createDocumentTabCaptureEls
FNDA:0,(anonymous_24)
FNDA:0,(anonymous_25)
FNDA:133,hideDocumentTabCaptureEls
FNDA:1358,(anonymous_27)
FNDA:251,(anonymous_28)
FNDA:1458,(anonymous_29)
FNDA:1367,(anonymous_30)
FNDA:127,(anonymous_31)
FNDA:127,(anonymous_32)
FNDA:1240,(anonymous_33)
FNDA:1233,(anonymous_34)
FNDA:1143,(anonymous_35)
FNDA:927,(anonymous_36)
FNDA:94,(anonymous_37)
FNDA:68,(anonymous_38)
FNDA:148,(anonymous_39)
FNDA:5,(anonymous_40)
FNDA:155,(anonymous_41)
FNDA:186,(anonymous_42)
FNDA:43,(anonymous_43)
FNDA:0,(anonymous_44)
FNDA:1,(anonymous_45)
FNDA:0,(anonymous_46)
FNDA:1,(anonymous_47)
FNDA:3,(anonymous_48)
FNDA:12,(anonymous_49)
DA:17,1
DA:22,1
DA:23,1
DA:24,1
DA:25,1
DA:28,1
DA:29,1
DA:32,1
DA:35,1
DA:42,1
DA:55,1
DA:68,1
DA:76,1
DA:77,1
DA:80,341
DA:82,341
DA:83,186
DA:87,155
DA:90,155
DA:93,155
DA:98,155
DA:103,155
DA:106,155
DA:107,155
DA:110,155
DA:112,155
DA:117,0
DA:120,155
DA:127,384
DA:128,227
DA:129,197
DA:132,187
DA:137,43
DA:140,43
DA:144,308
DA:145,308
DA:149,155
DA:150,155
DA:154,140
DA:158,1
DA:165,1
DA:166,186
DA:168,46
DA:172,140
DA:174,13
DA:175,8
DA:179,140
DA:181,132
DA:185,8
DA:190,140
DA:191,140
DA:192,133
DA:194,7
DA:195,7
DA:202,1
DA:204,8
DA:206,8
DA:209,8
DA:210,9
DA:211,8
DA:212,8
DA:217,8
DA:225,1
DA:226,1
DA:227,174
DA:233,1
DA:234,132
DA:237,132
DA:238,132
DA:240,132
DA:241,132
DA:242,8
DA:247,132
DA:250,132
DA:256,1
DA:257,42
DA:259,42
DA:260,1
DA:261,1
DA:262,1
DA:264,1
DA:265,1
DA:270,42
DA:273,42
DA:276,42
DA:277,42
DA:278,42
DA:281,42
DA:284,42
DA:290,1
DA:291,1
DA:292,2
DA:293,2
DA:301,1
DA:303,50
DA:304,50
DA:305,22805
DA:308,22805
DA:309,22755
DA:310,22755
DA:313,22293
DA:314,22293
DA:316,9553
DA:321,462
DA:325,13202
DA:330,50
DA:336,1
DA:338,132
DA:339,132
DA:340,60198
DA:342,60198
DA:349,1
DA:350,50
DA:351,1
DA:352,1
DA:353,1
DA:354,1
DA:355,1
DA:356,1
DA:357,0
DA:358,0
DA:360,0
DA:364,1
DA:365,1
DA:366,1
DA:367,1
DA:368,1
DA:369,1
DA:370,0
DA:371,0
DA:373,0
DA:378,49
DA:380,0
DA:383,49
DA:385,27
DA:390,50
DA:391,50
DA:397,1
DA:398,133
DA:399,133
DA:400,133
DA:405,1
DA:419,1358
DA:421,393
DA:422,393
DA:426,393
DA:427,393
DA:428,393
DA:429,393
DA:430,393
DA:431,393
DA:432,393
DA:433,393
DA:434,393
DA:435,393
DA:436,393
DA:437,393
DA:440,393
DA:441,393
DA:442,393
DA:443,393
DA:448,965
DA:450,2
DA:451,2
DA:452,2
DA:453,2
DA:454,2
DA:455,2
DA:458,2
DA:459,2
DA:463,1358
DA:515,251
DA:519,1458
DA:520,1458
DA:523,1458
DA:526,152
DA:530,1306
DA:534,1458
DA:537,275
DA:541,148
DA:543,148
DA:545,97
DA:550,127
DA:552,127
DA:553,20
DA:555,2
DA:560,18
DA:562,18
DA:563,18
DA:564,18
DA:568,18
DA:574,1367
DA:576,1367
DA:577,127
DA:579,90
DA:586,22
DA:587,22
DA:588,22
DA:594,127
DA:596,127
DA:597,127
DA:599,127
DA:600,127
DA:601,66
DA:605,127
DA:607,65
DA:611,62
DA:618,127
DA:619,54
DA:624,1240
DA:625,1240
DA:627,1240
DA:628,1233
DA:630,1179
DA:632,1179
DA:633,116
DA:639,1240
DA:641,892
DA:645,348
DA:664,1
DA:666,1143
DA:669,59
DA:671,59
DA:673,7
DA:679,927
DA:680,6
DA:682,6
DA:684,2
DA:696,94
DA:698,94
DA:708,68
DA:710,68
DA:723,148
DA:725,0
DA:729,148
DA:730,147
DA:733,148
DA:734,148
DA:744,5
DA:745,5
DA:755,155
DA:765,186
DA:768,186
DA:778,43
DA:782,43
DA:783,42
DA:784,42
DA:788,43
DA:792,43
DA:793,1
DA:796,43
DA:797,43
DA:808,0
DA:810,0
DA:811,0
DA:814,0
DA:818,0
DA:827,1
DA:829,1
DA:832,1
DA:844,0
DA:845,0
DA:846,0
DA:850,0
DA:851,0
DA:853,0
DA:863,1
DA:865,1
DA:866,1
DA:869,0
DA:878,1
DA:880,3
DA:883,3
DA:884,12
DA:885,6
DA:887,6
DA:892,1
DA:896,1
DA:946,1
DA:947,1
DA:948,1
LF:281
LH:260
BRDA:82,1,0,186
BRDA:82,1,1,155
BRDA:98,2,0,155
BRDA:98,2,1,154
BRDA:112,3,0,0
BRDA:112,3,1,155
BRDA:128,4,0,197
BRDA:128,4,1,30
BRDA:140,5,0,1
BRDA:140,5,1,42
BRDA:145,6,0,270
BRDA:145,6,1,38
BRDA:150,7,0,12
BRDA:150,7,1,143
BRDA:166,8,0,46
BRDA:166,8,1,140
BRDA:174,9,0,8
BRDA:174,9,1,5
BRDA:179,10,0,132
BRDA:179,10,1,8
BRDA:191,11,0,133
BRDA:191,11,1,7
BRDA:191,12,0,140
BRDA:191,12,1,13
BRDA:191,13,0,13
BRDA:191,13,1,10
BRDA:194,14,0,7
BRDA:194,14,1,0
BRDA:194,15,0,7
BRDA:194,15,1,7
BRDA:194,15,2,7
BRDA:206,16,0,8
BRDA:206,16,1,0
BRDA:210,17,0,8
BRDA:210,17,1,1
BRDA:259,18,0,1
BRDA:259,18,1,41
BRDA:292,19,0,2
BRDA:292,19,1,0
BRDA:308,20,0,22755
BRDA:308,20,1,50
BRDA:308,21,0,22805
BRDA:308,21,1,22798
BRDA:310,22,0,22293
BRDA:310,22,1,462
BRDA:313,23,0,22293
BRDA:313,23,1,0
BRDA:314,24,0,9553
BRDA:314,24,1,12740
BRDA:342,25,0,60198
BRDA:342,25,1,131
BRDA:350,26,0,1
BRDA:350,26,1,49
BRDA:358,27,0,0
BRDA:358,27,1,0
BRDA:358,28,0,0
BRDA:358,28,1,0
BRDA:371,29,0,0
BRDA:371,29,1,0
BRDA:371,30,0,0
BRDA:371,30,1,0
BRDA:378,31,0,0
BRDA:378,31,1,49
BRDA:383,32,0,27
BRDA:383,32,1,22
BRDA:398,33,0,133
BRDA:398,33,1,0
BRDA:419,34,0,393
BRDA:419,34,1,965
BRDA:421,35,0,393
BRDA:421,35,1,0
BRDA:448,36,0,2
BRDA:448,36,1,963
BRDA:515,37,0,145
BRDA:515,37,1,106
BRDA:523,38,0,152
BRDA:523,38,1,1306
BRDA:534,39,0,275
BRDA:534,39,1,1183
BRDA:537,40,0,148
BRDA:537,40,1,127
BRDA:543,41,0,97
BRDA:543,41,1,51
BRDA:545,42,0,97
BRDA:545,42,1,78
BRDA:545,43,0,69
BRDA:545,43,1,9
BRDA:552,44,0,20
BRDA:552,44,1,107
BRDA:552,45,0,127
BRDA:552,45,1,75
BRDA:553,46,0,2
BRDA:553,46,1,18
BRDA:553,47,0,20
BRDA:553,47,1,20
BRDA:576,48,0,127
BRDA:576,48,1,1240
BRDA:577,49,0,90
BRDA:577,49,1,37
BRDA:579,50,0,22
BRDA:579,50,1,68
BRDA:581,51,0,90
BRDA:581,51,1,90
BRDA:581,51,2,69
BRDA:600,52,0,66
BRDA:600,52,1,61
BRDA:600,53,0,127
BRDA:600,53,1,66
BRDA:605,54,0,65
BRDA:605,54,1,62
BRDA:618,55,0,54
BRDA:618,55,1,73
BRDA:628,56,0,1179
BRDA:628,56,1,54
BRDA:632,57,0,116
BRDA:632,57,1,1063
BRDA:639,58,0,892
BRDA:639,58,1,348
BRDA:666,59,0,59
BRDA:666,59,1,1084
BRDA:671,60,0,7
BRDA:671,60,1,52
BRDA:679,61,0,6
BRDA:679,61,1,921
BRDA:682,62,0,2
BRDA:682,62,1,4
BRDA:723,63,0,0
BRDA:723,63,1,148
BRDA:729,64,0,147
BRDA:729,64,1,1
BRDA:745,65,0,5
BRDA:745,65,1,5
BRDA:782,66,0,42
BRDA:782,66,1,1
BRDA:792,67,0,1
BRDA:792,67,1,42
BRDA:796,68,0,43
BRDA:796,68,1,0
BRDA:810,69,0,0
BRDA:810,69,1,0
BRDA:827,70,0,1
BRDA:827,70,1,0
BRDA:827,71,0,1
BRDA:827,71,1,1
BRDA:844,72,0,0
BRDA:844,72,1,0
BRDA:851,73,0,0
BRDA:851,73,1,0
BRDA:865,74,0,1
BRDA:865,74,1,0
BRDA:884,75,0,6
BRDA:884,75,1,6
BRDA:884,76,0,12
BRDA:884,76,1,9
BRF:154
BRH:128
end_of_record
TN:
SF:/Users/karstens/Developer/Repo/Coral/coralui/node_modules/coralui-mixin-selection/scripts/Coral.mixin.selectionList.js
FN:17,(anonymous_1)
FN:20,getTagSelector
FN:24,(anonymous_3)
FN:37,(anonymous_4)
FN:57,(anonymous_5)
FN:67,(anonymous_6)
FN:80,(anonymous_7)
FN:83,(anonymous_8)
FN:97,(anonymous_9)
FN:113,(anonymous_10)
FN:130,(anonymous_11)
FN:132,(anonymous_12)
FN:143,(anonymous_13)
FN:146,(anonymous_14)
FN:154,(anonymous_15)
FN:170,(anonymous_16)
FN:201,(anonymous_17)
FN:242,(anonymous_18)
FN:254,(anonymous_19)
FN:274,(anonymous_20)
FN:275,(anonymous_21)
FN:287,(anonymous_22)
FN:288,(anonymous_23)
FN:294,(anonymous_24)
FN:311,(anonymous_25)
FN:323,(anonymous_26)
FN:341,(anonymous_27)
FN:359,(anonymous_28)
FN:367,(anonymous_29)
FN:388,(anonymous_30)
FN:393,(anonymous_31)
FN:402,(anonymous_32)
FN:420,(anonymous_33)
FN:429,(anonymous_34)
FN:465,(anonymous_35)
FN:467,(anonymous_36)
FN:470,(anonymous_37)
FNF:37
FNH:36
FNDA:1,(anonymous_1)
FNDA:36,getTagSelector
FNDA:12,(anonymous_3)
FNDA:12,(anonymous_4)
FNDA:3228,(anonymous_5)
FNDA:1,(anonymous_6)
FNDA:329,(anonymous_7)
FNDA:0,(anonymous_8)
FNDA:13736,(anonymous_9)
FNDA:7,(anonymous_10)
FNDA:415,(anonymous_11)
FNDA:415,(anonymous_12)
FNDA:3930,(anonymous_13)
FNDA:5,(anonymous_14)
FNDA:12,(anonymous_15)
FNDA:5052,(anonymous_16)
FNDA:3641,(anonymous_17)
FNDA:50,(anonymous_18)
FNDA:50,(anonymous_19)
FNDA:748,(anonymous_20)
FNDA:748,(anonymous_21)
FNDA:579,(anonymous_22)
FNDA:579,(anonymous_23)
FNDA:855,(anonymous_24)
FNDA:845,(anonymous_25)
FNDA:855,(anonymous_26)
FNDA:2000,(anonymous_27)
FNDA:879,(anonymous_28)
FNDA:1556,(anonymous_29)
FNDA:2120,(anonymous_30)
FNDA:2800,(anonymous_31)
FNDA:5109,(anonymous_32)
FNDA:2000,(anonymous_33)
FNDA:2000,(anonymous_34)
FNDA:12,(anonymous_35)
FNDA:12,(anonymous_36)
FNDA:35,(anonymous_37)
DA:17,1
DA:20,1
DA:21,36
DA:24,1
DA:26,12
DA:27,12
DA:28,12
DA:29,12
DA:31,12
DA:32,12
DA:34,12
DA:37,1
DA:39,12
DA:40,12
DA:41,12
DA:42,12
DA:43,12
DA:44,12
DA:46,12
DA:58,3228
DA:60,111
DA:64,3117
DA:81,329
DA:99,13736
DA:101,855
DA:102,855
DA:108,855
DA:111,13736
DA:131,415
DA:132,415
DA:133,415
DA:134,348
DA:141,12
DA:142,7
DA:143,7
DA:144,3930
DA:146,7
DA:151,12
DA:154,1
DA:156,12
DA:157,12
DA:159,12
DA:160,12
DA:162,12
DA:163,12
DA:164,12
DA:165,12
DA:167,12
DA:172,5052
DA:177,5052
DA:180,1762
DA:187,3290
DA:188,540
DA:190,3290
DA:193,3290
DA:195,3290
DA:202,3641
DA:205,3641
DA:206,0
DA:210,3641
DA:215,3641
DA:218,385
DA:221,385
DA:225,385
DA:228,3641
DA:246,50
DA:247,0
DA:254,50
DA:258,50
DA:260,3
DA:264,47
DA:275,748
DA:276,748
DA:277,701
DA:288,579
DA:289,579
DA:295,855
DA:297,855
DA:298,89
DA:303,855
DA:307,855
DA:312,845
DA:314,800
DA:324,855
DA:325,855
DA:342,2000
DA:344,2000
DA:346,2000
DA:348,2000
DA:349,1556
DA:350,1556
DA:351,879
DA:353,879
DA:360,879
DA:369,1556
DA:370,329
DA:374,1227
DA:375,1227
DA:376,1227
DA:377,1044
DA:379,183
DA:380,148
DA:383,35
DA:389,2120
DA:394,2800
DA:403,5109
DA:405,1211
DA:408,1211
DA:410,478
DA:412,478
DA:414,311
DA:421,2000
DA:422,639
DA:425,1361
DA:430,2000
DA:465,1
DA:467,12
DA:470,12
DA:471,35
DA:475,12
DA:478,12
LF:121
LH:119
BRDA:21,1,0,0
BRDA:21,1,1,36
BRDA:28,2,0,12
BRDA:28,2,1,12
BRDA:41,3,0,12
BRDA:41,3,1,12
BRDA:43,4,0,12
BRDA:43,4,1,7
BRDA:58,5,0,111
BRDA:58,5,1,3117
BRDA:99,6,0,855
BRDA:99,6,1,12881
BRDA:133,7,0,348
BRDA:133,7,1,67
BRDA:141,8,0,7
BRDA:141,8,1,5
BRDA:159,9,0,12
BRDA:159,9,1,12
BRDA:162,10,0,12
BRDA:162,10,1,2
BRDA:177,11,0,1762
BRDA:177,11,1,3290
BRDA:177,12,0,5052
BRDA:177,12,1,3334
BRDA:187,13,0,540
BRDA:187,13,1,2750
BRDA:205,14,0,0
BRDA:205,14,1,3641
BRDA:215,15,0,385
BRDA:215,15,1,3256
BRDA:246,16,0,0
BRDA:246,16,1,50
BRDA:258,17,0,3
BRDA:258,17,1,47
BRDA:258,18,0,50
BRDA:258,18,1,48
BRDA:276,19,0,701
BRDA:276,19,1,47
BRDA:297,20,0,89
BRDA:297,20,1,766
BRDA:312,21,0,800
BRDA:312,21,1,45
BRDA:348,22,0,1556
BRDA:348,22,1,444
BRDA:350,23,0,879
BRDA:350,23,1,677
BRDA:369,24,0,329
BRDA:369,24,1,1227
BRDA:369,25,0,1556
BRDA:369,25,1,561
BRDA:376,26,0,1044
BRDA:376,26,1,183
BRDA:376,27,0,1227
BRDA:376,27,1,1076
BRDA:379,28,0,148
BRDA:379,28,1,35
BRDA:379,29,0,183
BRDA:379,29,1,151
BRDA:380,30,0,148
BRDA:380,30,1,55
BRDA:389,31,0,2120
BRDA:389,31,1,1318
BRDA:389,31,2,1317
BRDA:394,32,0,267
BRDA:394,32,1,2533
BRDA:403,33,0,1211
BRDA:403,33,1,3898
BRDA:408,34,0,478
BRDA:408,34,1,733
BRDA:412,35,0,311
BRDA:412,35,1,167
BRDA:421,36,0,639
BRDA:421,36,1,1361
BRF:73
BRH:70
end_of_record
TN:
SF:/Users/karstens/Developer/Repo/Coral/coralui/node_modules/coralui-mixin-selection/scripts/Coral.mixin.selectionList.Collection.js
FN:17,(anonymous_1)
FN:20,getTagSelector
FN:45,(anonymous_3)
FN:61,(anonymous_4)
FN:65,(anonymous_5)
FN:94,(anonymous_6)
FN:98,(anonymous_7)
FN:116,(anonymous_8)
FN:133,(anonymous_9)
FN:137,(anonymous_10)
FN:141,(anonymous_11)
FN:145,(anonymous_12)
FN:149,(anonymous_13)
FN:159,(anonymous_14)
FN:163,(anonymous_15)
FN:168,(anonymous_16)
FN:172,(anonymous_17)
FN:179,(anonymous_18)
FN:183,(anonymous_19)
FN:199,(anonymous_20)
FN:210,(anonymous_21)
FN:221,(anonymous_22)
FNF:22
FNH:22
FNDA:1,(anonymous_1)
FNDA:33,getTagSelector
FNDA:888,(anonymous_3)
FNDA:144,(anonymous_4)
FNDA:453,(anonymous_5)
FNDA:2058,(anonymous_6)
FNDA:522,(anonymous_7)
FNDA:38,(anonymous_8)
FNDA:1717,(anonymous_9)
FNDA:5,(anonymous_10)
FNDA:1554,(anonymous_11)
FNDA:112,(anonymous_12)
FNDA:3630,(anonymous_13)
FNDA:49,(anonymous_14)
FNDA:14,(anonymous_15)
FNDA:702,(anonymous_16)
FNDA:846,(anonymous_17)
FNDA:1149,(anonymous_18)
FNDA:10,(anonymous_19)
FNDA:13426,(anonymous_20)
FNDA:2282,(anonymous_21)
FNDA:5296,(anonymous_22)
DA:17,1
DA:20,1
DA:21,33
DA:45,1
DA:46,888
DA:47,888
DA:48,888
DA:49,888
DA:50,888
DA:51,888
DA:54,888
DA:58,1
DA:61,1
DA:62,144
DA:65,1
DA:66,453
DA:67,453
DA:69,144
DA:70,144
DA:75,453
DA:76,453
DA:77,144
DA:79,144
DA:83,453
DA:87,453
DA:88,6
DA:91,453
DA:94,1
DA:95,2058
DA:98,1
DA:99,522
DA:101,522
DA:104,522
DA:106,522
DA:107,14
DA:112,508
DA:116,1
DA:117,38
DA:119,38
DA:123,38
DA:125,38
DA:126,14
DA:129,24
DA:133,1
DA:134,1717
DA:137,1
DA:138,5
DA:141,1
DA:142,1554
DA:145,1
DA:146,112
DA:149,1
DA:150,3630
DA:159,1
DA:160,49
DA:164,14
DA:168,1
DA:169,702
DA:173,846
DA:174,147
DA:179,1
DA:180,1149
DA:184,10
DA:199,1
DA:200,13426
DA:210,1
DA:211,2282
DA:221,1
DA:222,5296
DA:231,1
LF:70
LH:70
BRDA:21,1,0,0
BRDA:21,1,1,33
BRDA:50,2,0,888
BRDA:50,2,1,33
BRDA:54,3,0,888
BRDA:54,3,1,886
BRDA:62,4,0,0
BRDA:62,4,1,144
BRDA:67,5,0,144
BRDA:67,5,1,309
BRDA:75,6,0,453
BRDA:75,6,1,144
BRDA:76,7,0,144
BRDA:76,7,1,309
BRDA:83,8,0,453
BRDA:83,8,1,446
BRDA:87,9,0,6
BRDA:87,9,1,447
BRDA:104,10,0,301
BRDA:104,10,1,221
BRDA:106,11,0,14
BRDA:106,11,1,508
BRDA:107,12,0,14
BRDA:107,12,1,0
BRDA:112,13,0,55
BRDA:112,13,1,453
BRDA:112,14,0,508
BRDA:112,14,1,222
BRDA:112,15,0,453
BRDA:112,15,1,167
BRDA:123,16,0,10
BRDA:123,16,1,28
BRDA:123,17,0,38
BRDA:123,17,1,34
BRDA:125,18,0,14
BRDA:125,18,1,24
BRDA:126,19,0,14
BRDA:126,19,1,0
BRDA:129,20,0,5
BRDA:129,20,1,19
BRDA:129,21,0,19
BRDA:129,21,1,0
BRDA:134,22,0,1717
BRDA:134,22,1,17
BRDA:138,23,0,5
BRDA:138,23,1,0
BRDA:146,24,0,112
BRDA:146,24,1,58
BRDA:150,25,0,3630
BRDA:150,25,1,1595
BRDA:173,26,0,147
BRDA:173,26,1,699
BRF:52
BRH:46
end_of_record
TN:
SF:/Users/karstens/Developer/Repo/Coral/coralui/node_modules/coralui-mixin-selection/scripts/Coral.mixin.selectionList.Item.js
FN:17,(anonymous_1)
FN:20,(anonymous_2)
FN:42,(anonymous_3)
FN:46,(anonymous_4)
FN:60,(anonymous_5)
FN:82,(anonymous_6)
FN:103,(anonymous_7)
FN:110,(anonymous_8)
FN:125,(anonymous_9)
FN:133,(anonymous_10)
FN:141,(anonymous_11)
FN:163,(anonymous_12)
FN:164,(anonymous_13)
FN:167,(anonymous_14)
FNF:14
FNH:14
FNDA:1,(anonymous_1)
FNDA:12,(anonymous_2)
FNDA:5170,(anonymous_3)
FNDA:1308,(anonymous_4)
FNDA:4999,(anonymous_5)
FNDA:4373,(anonymous_6)
FNDA:1388,(anonymous_7)
FNDA:1371,(anonymous_8)
FNDA:12,(anonymous_9)
FNDA:3632,(anonymous_10)
FNDA:6310,(anonymous_11)
FNDA:12,(anonymous_12)
FNDA:12,(anonymous_13)
FNDA:4,(anonymous_14)
DA:17,1
DA:20,1
DA:22,12
DA:24,12
DA:43,5170
DA:50,1308
DA:51,1308
DA:52,1269
DA:53,1269
DA:54,1269
DA:58,1308
DA:75,4999
DA:76,4999
DA:77,0
DA:80,4999
DA:83,4373
DA:104,1388
DA:106,1388
DA:107,7
DA:111,1371
DA:118,12
DA:119,4
DA:122,12
DA:125,1
DA:127,12
DA:128,12
DA:129,12
DA:131,12
DA:134,3632
DA:135,3632
DA:136,0
DA:142,6310
DA:163,1
DA:164,12
DA:167,12
DA:168,4
DA:172,12
LF:37
LH:35
BRDA:43,1,0,5170
BRDA:43,1,1,1085
BRDA:51,2,0,1269
BRDA:51,2,1,39
BRDA:52,3,0,690
BRDA:52,3,1,579
BRDA:53,4,0,1269
BRDA:53,4,1,0
BRDA:76,5,0,0
BRDA:76,5,1,4999
BRDA:76,6,0,4999
BRDA:76,6,1,914
BRDA:106,7,0,7
BRDA:106,7,1,1381
BRDA:106,8,0,1388
BRDA:106,8,1,90
BRDA:118,9,0,4
BRDA:118,9,1,8
BRDA:127,10,0,12
BRDA:127,10,1,4
BRDA:135,11,0,0
BRDA:135,11,1,3632
BRF:22
BRH:19
end_of_record
TN:
SF:/Users/karstens/Developer/Repo/Coral/coralui/node_modules/coralui-mixin-formfield/scripts/Coral.mixin.formField.js
FN:17,(anonymous_1)
FN:38,(anonymous_2)
FN:57,(anonymous_3)
FN:93,(anonymous_4)
FN:112,(anonymous_5)
FN:146,(anonymous_6)
FN:149,(anonymous_7)
FN:188,(anonymous_8)
FN:199,(anonymous_9)
FN:217,(anonymous_10)
FN:239,(anonymous_11)
FN:243,(anonymous_12)
FN:266,(anonymous_13)
FN:273,(anonymous_14)
FN:341,(anonymous_15)
FN:343,(anonymous_16)
FN:386,(anonymous_17)
FNF:17
FNH:17
FNDA:1,(anonymous_1)
FNDA:1485,(anonymous_2)
FNDA:2400,(anonymous_3)
FNDA:1451,(anonymous_4)
FNDA:1428,(anonymous_5)
FNDA:124,(anonymous_6)
FNDA:46,(anonymous_7)
FNDA:136,(anonymous_8)
FNDA:11,(anonymous_9)
FNDA:38,(anonymous_10)
FNDA:45,(anonymous_11)
FNDA:67,(anonymous_12)
FNDA:5,(anonymous_13)
FNDA:46,(anonymous_14)
FNDA:29,(anonymous_15)
FNDA:21,(anonymous_16)
FNDA:48,(anonymous_17)
DA:17,1
DA:21,1
DA:23,1
DA:39,1485
DA:58,2400
DA:94,1451
DA:113,1428
DA:147,124
DA:152,46
DA:154,46
DA:156,46
DA:159,46
DA:160,22
DA:163,46
DA:164,26
DA:165,26
DA:166,23
DA:171,20
DA:178,1
DA:189,136
DA:192,136
DA:201,11
DA:203,11
DA:206,11
DA:207,10
DA:218,38
DA:219,38
DA:241,45
DA:243,45
DA:244,67
DA:245,67
DA:246,65
DA:248,65
DA:250,34
DA:251,28
DA:257,31
DA:267,5
DA:276,46
DA:281,1
DA:287,1
DA:293,1
DA:302,1
DA:341,1
DA:343,29
DA:345,21
DA:349,21
DA:351,0
DA:355,29
DA:358,29
DA:361,29
DA:362,29
DA:365,29
DA:366,29
DA:367,29
DA:368,153
DA:369,4
DA:370,4
DA:372,149
DA:375,29
DA:377,203
DA:378,20
DA:380,183
DA:384,29
DA:386,25
DA:387,48
DA:389,0
DA:392,48
DA:397,4
DA:404,25
LF:69
LH:67
BRDA:154,1,0,46
BRDA:154,1,1,22
BRDA:159,2,0,22
BRDA:159,2,1,24
BRDA:159,3,0,46
BRDA:159,3,1,22
BRDA:163,4,0,26
BRDA:163,4,1,20
BRDA:165,5,0,23
BRDA:165,5,1,3
BRDA:192,6,0,136
BRDA:192,6,1,18
BRDA:206,7,0,10
BRDA:206,7,1,1
BRDA:218,8,0,38
BRDA:218,8,1,0
BRDA:245,9,0,65
BRDA:245,9,1,2
BRDA:245,10,0,67
BRDA:245,10,1,65
BRDA:248,11,0,34
BRDA:248,11,1,31
BRDA:250,12,0,28
BRDA:250,12,1,6
BRDA:345,13,0,21
BRDA:345,13,1,0
BRDA:345,14,0,21
BRDA:345,14,1,20
BRDA:345,14,2,14
BRDA:345,14,3,5
BRDA:368,15,0,4
BRDA:368,15,1,149
BRDA:368,16,0,153
BRDA:368,16,1,151
BRDA:377,17,0,20
BRDA:377,17,1,183
BRDA:377,18,0,203
BRDA:377,18,1,28
BRDA:384,19,0,25
BRDA:384,19,1,4
BRDA:387,20,0,0
BRDA:387,20,1,48
BRDA:392,21,0,4
BRDA:392,21,1,44
BRDA:393,22,0,48
BRDA:393,22,1,46
BRDA:393,22,2,46
BRF:47
BRH:44
end_of_record
TN:
SF:/Users/karstens/Developer/Repo/Coral/coralui/node_modules/coralui-component-icon/scripts/Coral.Icon.js
FN:17,(anonymous_1)
FN:100,(anonymous_2)
FN:142,(anonymous_3)
FN:149,(anonymous_4)
FN:169,(anonymous_5)
FN:172,(anonymous_6)
FN:182,(anonymous_7)
FN:221,(anonymous_8)
FN:226,(anonymous_9)
FNF:9
FNH:9
FNDA:1,(anonymous_1)
FNDA:3432,(anonymous_2)
FNDA:9631,(anonymous_3)
FNDA:3294,(anonymous_4)
FNDA:266,(anonymous_5)
FNDA:3432,(anonymous_6)
FNDA:3505,(anonymous_7)
FNDA:3300,(anonymous_8)
FNDA:27876,(anonymous_9)
DA:17,1
DA:25,1
DA:32,1
DA:39,1
DA:48,1
DA:66,1
DA:70,1
DA:71,1
DA:72,7
DA:75,1
DA:102,3432
DA:105,3432
DA:107,2411
DA:109,8
DA:112,8
DA:113,8
DA:114,8
DA:115,8
DA:118,2403
DA:120,0
DA:121,0
DA:123,2403
DA:143,9631
DA:151,3294
DA:153,3294
DA:170,266
DA:173,3432
DA:183,3505
DA:186,3505
DA:187,3502
DA:188,3502
DA:189,8
DA:194,3505
DA:198,3505
DA:199,3505
DA:200,3505
DA:201,3505
DA:205,3505
DA:206,9
DA:207,9
DA:209,3496
DA:210,1190
DA:211,1190
DA:212,1190
DA:216,2306
DA:222,3300
DA:227,27876
DA:228,27876
DA:229,4
DA:230,4
DA:234,27872
DA:240,27872
DA:241,69
DA:248,1
LF:54
LH:52
BRDA:105,1,0,2411
BRDA:105,1,1,1021
BRDA:107,2,0,8
BRDA:107,2,1,2403
BRDA:112,3,0,8
BRDA:112,3,1,8
BRDA:118,4,0,0
BRDA:118,4,1,2403
BRDA:118,5,0,2403
BRDA:118,5,1,0
BRDA:143,6,0,9625
BRDA:143,6,1,6
BRDA:170,7,0,266
BRDA:170,7,1,259
BRDA:186,8,0,3502
BRDA:186,8,1,3
BRDA:188,9,0,8
BRDA:188,9,1,3494
BRDA:194,10,0,173
BRDA:194,10,1,3332
BRDA:194,11,0,3505
BRDA:194,11,1,3502
BRDA:194,12,0,3332
BRDA:194,12,1,3303
BRDA:194,13,0,5
BRDA:194,13,1,3298
BRDA:199,14,0,3505
BRDA:199,14,1,82
BRDA:199,14,2,81
BRDA:200,15,0,3505
BRDA:200,15,1,0
BRDA:201,16,0,9
BRDA:201,16,1,3496
BRDA:205,17,0,9
BRDA:205,17,1,3496
BRDA:209,18,0,1190
BRDA:209,18,1,2306
BRDA:211,19,0,1190
BRDA:211,19,1,0
BRDA:228,20,0,4
BRDA:228,20,1,27872
BRDA:240,21,0,69
BRDA:240,21,1,27803
BRDA:240,22,0,27872
BRDA:240,22,1,72
BRDA:240,22,2,72
BRDA:240,22,3,72
BRF:47
BRH:43
end_of_record
TN:
SF:/Users/karstens/Developer/Repo/Coral/coralui/node_modules/coralui-component-button/scripts/Coral.Button.js
FN:17,(anonymous_1)
FN:92,(anonymous_2)
FN:110,(anonymous_3)
FN:113,(anonymous_4)
FN:141,(anonymous_5)
FN:144,(anonymous_6)
FN:163,(anonymous_7)
FN:170,(anonymous_8)
FN:191,(anonymous_9)
FN:212,(anonymous_10)
FN:233,(anonymous_11)
FN:249,(anonymous_12)
FN:258,(anonymous_13)
FN:268,(anonymous_14)
FN:281,(anonymous_15)
FNF:15
FNH:15
FNDA:1,(anonymous_1)
FNDA:2304,(anonymous_2)
FNDA:9149,(anonymous_3)
FNDA:1796,(anonymous_4)
FNDA:2309,(anonymous_5)
FNDA:1013,(anonymous_6)
FNDA:4750,(anonymous_7)
FNDA:2373,(anonymous_8)
FNDA:2456,(anonymous_9)
FNDA:2460,(anonymous_10)
FNDA:3303,(anonymous_11)
FNDA:4165,(anonymous_12)
FNDA:2215,(anonymous_13)
FNDA:2371,(anonymous_14)
FNDA:2304,(anonymous_15)
DA:17,1
DA:26,1
DA:44,1
DA:48,1
DA:49,1
DA:50,7
DA:59,1
DA:66,1
DA:93,2304
DA:111,9149
DA:114,1796
DA:117,1796
DA:118,8
DA:121,1788
DA:122,1683
DA:125,1796
DA:142,2309
DA:145,1013
DA:164,4750
DA:171,2373
DA:173,2373
DA:192,2456
DA:194,2456
DA:213,2460
DA:215,2460
DA:234,3303
DA:237,3303
DA:239,3303
DA:251,4165
DA:252,4165
DA:253,4165
DA:254,4165
DA:260,2215
DA:264,2215
DA:270,2371
DA:273,2371
DA:283,2304
DA:286,2304
DA:289,2304
DA:290,21
DA:294,2304
DA:295,234
DA:297,234
DA:299,14
DA:300,14
DA:304,220
DA:308,2304
DA:310,2290
DA:314,2304
DA:317,2304
DA:321,1
DA:334,1
DA:335,1
LF:53
LH:53
BRDA:117,1,0,8
BRDA:117,1,1,1788
BRDA:121,2,0,1683
BRDA:121,2,1,105
BRDA:164,3,0,4750
BRDA:164,3,1,0
BRDA:173,4,0,12
BRDA:173,4,1,2361
BRDA:253,5,0,4165
BRDA:253,5,1,3123
BRDA:286,6,0,2304
BRDA:286,6,1,2283
BRDA:289,7,0,21
BRDA:289,7,1,2283
BRDA:297,8,0,14
BRDA:297,8,1,220
BRDA:308,9,0,2290
BRDA:308,9,1,14
BRF:18
BRH:17
end_of_record
TN:
SF:/Users/karstens/Developer/Repo/Coral/coralui/node_modules/coralui-component-anchorbutton/scripts/Coral.AnchorButton.js
FN:17,(anonymous_1)
FN:55,(anonymous_2)
FN:74,(anonymous_3)
FN:91,(anonymous_4)
FN:100,(anonymous_5)
FN:108,(anonymous_6)
FN:119,(anonymous_7)
FN:128,(anonymous_8)
FNF:8
FNH:8
FNDA:1,(anonymous_1)
FNDA:67,(anonymous_2)
FNDA:68,(anonymous_3)
FNDA:3,(anonymous_4)
FNDA:3,(anonymous_5)
FNDA:5,(anonymous_6)
FNDA:67,(anonymous_7)
FNDA:67,(anonymous_8)
DA:17,1
DA:21,1
DA:23,1
DA:56,67
DA:75,68
DA:92,3
DA:93,3
DA:94,3
DA:95,3
DA:101,3
DA:102,3
DA:103,3
DA:109,5
DA:110,1
DA:120,67
DA:121,67
DA:122,67
DA:124,67
DA:130,67
DA:133,67
DA:136,67
DA:137,20
DA:139,20
DA:141,10
DA:143,10
DA:145,3
DA:146,3
DA:150,7
DA:154,67
DA:156,64
DA:160,67
DA:163,67
DA:167,1
LF:33
LH:33
BRDA:76,1,0,2
BRDA:76,1,1,66
BRDA:92,2,0,3
BRDA:92,2,1,0
BRDA:101,3,0,3
BRDA:101,3,1,0
BRDA:109,4,0,1
BRDA:109,4,1,4
BRDA:133,5,0,67
BRDA:133,5,1,60
BRDA:139,6,0,10
BRDA:139,6,1,10
BRDA:143,7,0,3
BRDA:143,7,1,7
BRDA:154,8,0,64
BRDA:154,8,1,3
BRF:16
BRH:14
end_of_record
TN:
SF:/Users/karstens/Developer/Repo/Coral/coralui/node_modules/coralui-component-progress/scripts/Coral.Progress.js
FN:17,(anonymous_1)
FN:99,(anonymous_2)
FN:117,(anonymous_3)
FN:130,(anonymous_4)
FN:151,(anonymous_5)
FN:182,(anonymous_6)
FN:189,(anonymous_7)
FN:210,(anonymous_8)
FN:253,(anonymous_9)
FN:263,(anonymous_10)
FN:280,(anonymous_11)
FN:295,(anonymous_12)
FN:305,(anonymous_13)
FN:315,(anonymous_14)
FN:324,(anonymous_15)
FN:335,(anonymous_16)
FNF:16
FNH:16
FNDA:1,(anonymous_1)
FNDA:44,(anonymous_2)
FNDA:18,(anonymous_3)
FNDA:86,(anonymous_4)
FNDA:18,(anonymous_5)
FNDA:20,(anonymous_6)
FNDA:18,(anonymous_7)
FNDA:1,(anonymous_8)
FNDA:17,(anonymous_9)
FNDA:16,(anonymous_10)
FNDA:16,(anonymous_11)
FNDA:1,(anonymous_12)
FNDA:20,(anonymous_13)
FNDA:15,(anonymous_14)
FNDA:6,(anonymous_15)
FNDA:2,(anonymous_16)
DA:17,1
DA:26,1
DA:41,1
DA:52,1
DA:55,1
DA:62,1
DA:63,1
DA:64,3
DA:68,1
DA:69,1
DA:70,3
DA:73,1
DA:100,44
DA:103,44
DA:104,1
DA:108,44
DA:109,1
DA:111,43
DA:112,1
DA:115,44
DA:118,18
DA:120,18
DA:122,16
DA:124,16
DA:126,1
DA:131,86
DA:152,18
DA:154,2
DA:157,2
DA:158,2
DA:159,2
DA:163,16
DA:166,16
DA:167,16
DA:183,20
DA:190,18
DA:211,1
DA:212,1
DA:213,1
DA:214,1
DA:220,0
DA:254,17
DA:255,17
DA:256,5
DA:265,16
DA:266,16
DA:267,16
DA:268,16
DA:271,16
DA:272,16
DA:281,16
DA:282,16
DA:284,16
DA:285,16
DA:287,16
DA:288,1
DA:291,16
DA:292,16
DA:297,1
DA:301,1
DA:306,20
DA:307,5
DA:310,15
DA:316,15
DA:317,15
DA:320,15
DA:325,6
DA:326,6
DA:328,6
DA:330,0
DA:336,2
DA:339,2
DA:340,2
DA:343,0
DA:361,1
DA:374,1
DA:375,1
LF:77
LH:74
BRDA:103,1,0,1
BRDA:103,1,1,43
BRDA:108,2,0,1
BRDA:108,2,1,43
BRDA:111,3,0,1
BRDA:111,3,1,42
BRDA:120,4,0,16
BRDA:120,4,1,2
BRDA:124,5,0,1
BRDA:124,5,1,15
BRDA:131,6,0,3
BRDA:131,6,1,83
BRDA:152,7,0,2
BRDA:152,7,1,16
BRDA:183,8,0,20
BRDA:183,8,1,0
BRDA:211,9,0,1
BRDA:211,9,1,0
BRDA:212,10,0,0
BRDA:212,10,1,1
BRDA:255,11,0,5
BRDA:255,11,1,12
BRDA:284,12,0,16
BRDA:284,12,1,16
BRDA:306,13,0,5
BRDA:306,13,1,15
BRDA:328,14,0,0
BRDA:328,14,1,6
BRDA:339,15,0,2
BRDA:339,15,1,0
BRF:30
BRH:25
end_of_record
TN:
SF:/Users/karstens/Developer/Repo/Coral/coralui/node_modules/coralui-component-wait/scripts/Coral.Wait.js
FN:17,(anonymous_1)
FN:55,(anonymous_2)
FN:62,(anonymous_3)
FN:83,(anonymous_4)
FNF:4
FNH:4
FNDA:1,(anonymous_1)
FNDA:21,(anonymous_2)
FNDA:18,(anonymous_3)
FNDA:18,(anonymous_4)
DA:17,1
DA:26,1
DA:33,1
DA:56,21
DA:64,18
DA:84,18
DA:91,1
LF:7
LH:7
BRDA:56,1,0,21
BRDA:56,1,1,0
BRDA:64,2,0,3
BRDA:64,2,1,15
BRF:4
BRH:3
end_of_record
TN:
SF:/Users/karstens/Developer/Repo/Coral/coralui/node_modules/coralui-component-buttongroup/scripts/Coral.ButtonGroup.js
FN:17,(anonymous_1)
FN:20,(anonymous_2)
FN:30,(anonymous_3)
FN:58,(anonymous_4)
FN:63,(anonymous_5)
FN:68,(anonymous_6)
FN:73,(anonymous_7)
FN:125,(anonymous_8)
FN:137,(anonymous_9)
FN:157,(anonymous_10)
FN:164,(anonymous_11)
FN:191,(anonymous_12)
FN:194,(anonymous_13)
FN:201,(anonymous_14)
FN:204,(anonymous_15)
FN:222,(anonymous_16)
FN:225,(anonymous_17)
FN:239,(anonymous_18)
FN:242,(anonymous_19)
FN:257,(anonymous_20)
FN:261,(anonymous_21)
FN:274,(anonymous_22)
FN:291,(anonymous_23)
FN:298,(anonymous_24)
FN:305,(anonymous_25)
FN:312,(anonymous_26)
FN:319,(anonymous_27)
FN:355,(anonymous_28)
FN:381,(anonymous_29)
FN:405,(anonymous_30)
FN:438,(anonymous_31)
FN:454,(anonymous_32)
FN:471,(anonymous_33)
FN:490,(anonymous_34)
FN:506,(anonymous_35)
FN:530,(anonymous_36)
FN:554,(anonymous_37)
FN:566,(anonymous_38)
FN:589,(anonymous_39)
FN:603,(anonymous_40)
FN:608,(anonymous_41)
FN:616,(anonymous_42)
FN:642,(anonymous_43)
FNF:43
FNH:40
FNDA:1,(anonymous_1)
FNDA:65,(anonymous_2)
FNDA:4,(anonymous_3)
FNDA:117,(anonymous_4)
FNDA:377,(anonymous_5)
FNDA:238,(anonymous_6)
FNDA:22,(anonymous_7)
FNDA:383,(anonymous_8)
FNDA:1,(anonymous_9)
FNDA:94,(anonymous_10)
FNDA:81,(anonymous_11)
FNDA:105,(anonymous_12)
FNDA:18,(anonymous_13)
FNDA:103,(anonymous_14)
FNDA:4,(anonymous_15)
FNDA:12,(anonymous_16)
FNDA:0,(anonymous_17)
FNDA:6,(anonymous_18)
FNDA:0,(anonymous_19)
FNDA:6,(anonymous_20)
FNDA:6,(anonymous_21)
FNDA:33,(anonymous_22)
FNDA:65,(anonymous_23)
FNDA:65,(anonymous_24)
FNDA:65,(anonymous_25)
FNDA:65,(anonymous_26)
FNDA:11,(anonymous_27)
FNDA:453,(anonymous_28)
FNDA:195,(anonymous_29)
FNDA:62,(anonymous_30)
FNDA:705,(anonymous_31)
FNDA:156,(anonymous_32)
FNDA:142,(anonymous_33)
FNDA:8,(anonymous_34)
FNDA:327,(anonymous_35)
FNDA:37,(anonymous_36)
FNDA:44,(anonymous_37)
FNDA:488,(anonymous_38)
FNDA:14,(anonymous_39)
FNDA:0,(anonymous_40)
FNDA:8,(anonymous_41)
FNDA:65,(anonymous_42)
FNDA:65,(anonymous_43)
DA:17,1
DA:20,1
DA:21,65
DA:22,65
DA:23,65
DA:24,65
DA:25,65
DA:28,1
DA:30,1
DA:31,4
DA:32,4
DA:33,2
DA:35,2
DA:39,4
DA:40,4
DA:41,2
DA:43,2
DA:48,4
DA:51,4
DA:52,1
DA:55,4
DA:58,1
DA:59,117
DA:63,1
DA:64,377
DA:68,1
DA:69,238
DA:73,1
DA:74,22
DA:83,1
DA:92,1
DA:127,383
DA:128,65
DA:135,383
DA:158,94
DA:162,94
DA:165,81
DA:166,26
DA:169,26
DA:173,26
DA:175,55
DA:176,18
DA:179,18
DA:182,37
DA:184,37
DA:192,105
DA:195,18
DA:202,103
DA:205,4
DA:206,1
DA:210,3
DA:223,12
DA:240,6
DA:258,6
DA:262,6
DA:263,1
DA:267,5
DA:268,1
DA:272,5
DA:275,33
DA:278,33
DA:279,33
DA:281,33
DA:282,40
DA:285,33
DA:292,65
DA:299,65
DA:306,65
DA:313,65
DA:321,11
DA:323,11
DA:325,4
DA:328,4
DA:331,4
DA:332,2
DA:336,4
DA:339,4
DA:340,2
DA:343,7
DA:345,6
DA:347,6
DA:350,6
DA:356,453
DA:359,453
DA:360,258
DA:363,195
DA:364,195
DA:367,195
DA:369,195
DA:372,195
DA:375,195
DA:382,195
DA:384,195
DA:386,195
DA:387,195
DA:390,195
DA:391,125
DA:392,125
DA:396,195
DA:399,195
DA:407,62
DA:408,62
DA:409,127
DA:411,127
DA:414,2
DA:415,1
DA:417,2
DA:420,125
DA:421,125
DA:424,125
DA:425,72
DA:429,53
DA:432,125
DA:439,705
DA:455,156
DA:473,142
DA:476,142
DA:477,35
DA:479,107
DA:480,22
DA:484,142
DA:485,135
DA:492,8
DA:493,8
DA:495,8
DA:496,8
DA:498,24
DA:501,24
DA:507,327
DA:508,136
DA:512,191
DA:513,60
DA:516,131
DA:517,131
DA:520,131
DA:521,131
DA:524,131
DA:525,14
DA:532,37
DA:533,37
DA:535,37
DA:536,37
DA:538,106
DA:541,106
DA:542,4
DA:546,106
DA:547,6
DA:548,6
DA:556,44
DA:557,44
DA:559,44
DA:561,132
DA:568,488
DA:570,216
DA:573,216
DA:575,22
DA:577,22
DA:578,21
DA:582,194
DA:584,7
DA:587,7
DA:589,7
DA:590,14
DA:591,7
DA:604,0
DA:609,8
DA:618,65
DA:621,65
DA:624,65
DA:625,152
DA:626,152
DA:629,150
DA:633,2
DA:638,65
DA:644,65
DA:647,65
DA:648,65
DA:657,1
LF:178
LH:177
BRDA:32,1,0,2
BRDA:32,1,1,2
BRDA:39,2,0,4
BRDA:39,2,1,2
BRDA:40,3,0,2
BRDA:40,3,1,2
BRDA:48,4,0,4
BRDA:48,4,1,4
BRDA:51,5,0,1
BRDA:51,5,1,3
BRDA:127,6,0,65
BRDA:127,6,1,318
BRDA:165,7,0,26
BRDA:165,7,1,55
BRDA:175,8,0,18
BRDA:175,8,1,37
BRDA:205,9,0,1
BRDA:205,9,1,3
BRDA:240,10,0,6
BRDA:240,10,1,2
BRDA:262,11,0,1
BRDA:262,11,1,5
BRDA:267,12,0,1
BRDA:267,12,1,4
BRDA:267,13,0,5
BRDA:267,13,1,2
BRDA:292,14,0,65
BRDA:292,14,1,65
BRDA:299,15,0,65
BRDA:299,15,1,65
BRDA:323,16,0,4
BRDA:323,16,1,7
BRDA:331,17,0,2
BRDA:331,17,1,2
BRDA:331,18,0,4
BRDA:331,18,1,4
BRDA:339,19,0,2
BRDA:339,19,1,2
BRDA:343,20,0,6
BRDA:343,20,1,1
BRDA:359,21,0,258
BRDA:359,21,1,195
BRDA:372,22,0,16
BRDA:372,22,1,179
BRDA:390,23,0,125
BRDA:390,23,1,70
BRDA:411,24,0,2
BRDA:411,24,1,125
BRDA:414,25,0,1
BRDA:414,25,1,1
BRDA:420,26,0,125
BRDA:420,26,1,0
BRDA:424,27,0,72
BRDA:424,27,1,53
BRDA:425,28,0,59
BRDA:425,28,1,13
BRDA:455,29,0,147
BRDA:455,29,1,9
BRDA:473,30,0,136
BRDA:473,30,1,6
BRDA:476,31,0,35
BRDA:476,31,1,107
BRDA:476,32,0,142
BRDA:476,32,1,95
BRDA:479,33,0,22
BRDA:479,33,1,85
BRDA:479,34,0,107
BRDA:479,34,1,47
BRDA:484,35,0,135
BRDA:484,35,1,7
BRDA:507,36,0,136
BRDA:507,36,1,191
BRDA:512,37,0,60
BRDA:512,37,1,131
BRDA:524,38,0,14
BRDA:524,38,1,117
BRDA:541,39,0,4
BRDA:541,39,1,102
BRDA:546,40,0,6
BRDA:546,40,1,100
BRDA:568,41,0,216
BRDA:568,41,1,272
BRDA:573,42,0,22
BRDA:573,42,1,194
BRDA:577,43,0,21
BRDA:577,43,1,1
BRDA:582,44,0,7
BRDA:582,44,1,187
BRDA:584,45,0,7
BRDA:584,45,1,1
BRDA:590,46,0,7
BRDA:590,46,1,7
BRDA:626,47,0,150
BRDA:626,47,1,2
BRDA:626,48,0,152
BRDA:626,48,1,68
BRF:96
BRH:95
end_of_record
TN:
SF:/Users/karstens/Developer/Repo/Coral/coralui/node_modules/coralui-component-checkbox/scripts/Coral.Checkbox.js
FN:17,(anonymous_1)
FN:53,(anonymous_2)
FN:73,(anonymous_3)
FN:101,(anonymous_4)
FN:104,(anonymous_5)
FN:111,(anonymous_6)
FN:119,(anonymous_7)
FN:122,(anonymous_8)
FN:129,(anonymous_9)
FN:150,(anonymous_10)
FN:168,(anonymous_11)
FN:207,(anonymous_12)
FN:223,(anonymous_13)
FN:235,(anonymous_14)
FNF:14
FNH:14
FNDA:1,(anonymous_1)
FNDA:39,(anonymous_2)
FNDA:27,(anonymous_3)
FNDA:3,(anonymous_4)
FNDA:30,(anonymous_5)
FNDA:27,(anonymous_6)
FNDA:37,(anonymous_7)
FNDA:5,(anonymous_8)
FNDA:26,(anonymous_9)
FNDA:4,(anonymous_10)
FNDA:26,(anonymous_11)
FNDA:26,(anonymous_12)
FNDA:20,(anonymous_13)
FNDA:16,(anonymous_14)
DA:17,1
DA:20,1
DA:54,39
DA:55,39
DA:74,27
DA:75,27
DA:102,3
DA:105,30
DA:112,27
DA:113,27
DA:120,37
DA:123,5
DA:130,26
DA:152,4
DA:154,4
DA:157,4
DA:160,4
DA:161,4
DA:170,26
DA:173,26
DA:176,26
DA:179,26
DA:182,26
DA:184,26
DA:186,26
DA:189,26
DA:190,0
DA:191,0
DA:194,0
DA:198,0
DA:203,26
DA:209,26
DA:212,26
DA:224,20
DA:227,20
DA:230,20
DA:231,4
DA:237,16
DA:242,16
DA:246,1
LF:40
LH:36
BRDA:75,1,0,3
BRDA:75,1,1,24
BRDA:160,2,0,4
BRDA:160,2,1,0
BRDA:179,3,0,26
BRDA:179,3,1,26
BRDA:184,4,0,26
BRDA:184,4,1,0
BRDA:191,5,0,0
BRDA:191,5,1,0
BRDA:191,6,0,0
BRDA:191,6,1,0
BRDA:227,7,0,20
BRDA:227,7,1,20
BRDA:230,8,0,4
BRDA:230,8,1,16
BRF:16
BRH:10
end_of_record
TN:
SF:/Users/karstens/Developer/Repo/Coral/coralui/node_modules/coralui-component-radio/scripts/Coral.Radio.js
FN:17,(anonymous_1)
FN:53,(anonymous_2)
FN:85,(anonymous_3)
FN:88,(anonymous_4)
FN:95,(anonymous_5)
FN:103,(anonymous_6)
FN:106,(anonymous_7)
FN:113,(anonymous_8)
FN:139,(anonymous_9)
FN:148,(anonymous_10)
FN:149,(anonymous_11)
FN:162,(anonymous_12)
FN:175,(anonymous_13)
FN:188,(anonymous_14)
FN:204,(anonymous_15)
FNF:15
FNH:15
FNDA:1,(anonymous_1)
FNDA:53,(anonymous_2)
FNDA:14,(anonymous_3)
FNDA:49,(anonymous_4)
FNDA:35,(anonymous_5)
FNDA:121,(anonymous_6)
FNDA:16,(anonymous_7)
FNDA:34,(anonymous_8)
FNDA:79,(anonymous_9)
FNDA:16,(anonymous_10)
FNDA:16,(anonymous_11)
FNDA:30,(anonymous_12)
FNDA:26,(anonymous_13)
FNDA:34,(anonymous_14)
FNDA:34,(anonymous_15)
DA:17,1
DA:20,1
DA:54,53
DA:56,53
DA:59,53
DA:86,14
DA:89,49
DA:96,35
DA:97,35
DA:104,121
DA:107,16
DA:114,34
DA:142,79
DA:144,9
DA:149,16
DA:151,16
DA:163,30
DA:166,30
DA:169,30
DA:170,4
DA:176,26
DA:179,26
DA:184,26
DA:190,34
DA:193,34
DA:206,34
DA:209,34
DA:212,34
DA:215,34
DA:218,34
DA:220,34
DA:222,34
DA:225,34
DA:226,0
DA:227,0
DA:230,0
DA:234,0
DA:239,34
DA:243,1
LF:39
LH:35
BRDA:142,1,0,9
BRDA:142,1,1,70
BRDA:142,2,0,79
BRDA:142,2,1,45
BRDA:142,2,2,28
BRDA:166,3,0,30
BRDA:166,3,1,30
BRDA:169,4,0,4
BRDA:169,4,1,26
BRDA:215,5,0,34
BRDA:215,5,1,34
BRDA:220,6,0,34
BRDA:220,6,1,0
BRDA:227,7,0,0
BRDA:227,7,1,0
BRDA:227,8,0,0
BRDA:227,8,1,0
BRF:17
BRH:12
end_of_record
TN:
SF:/Users/karstens/Developer/Repo/Coral/coralui/node_modules/coralui-component-textfield/scripts/Coral.Textfield.js
FN:17,(anonymous_1)
FN:64,(anonymous_2)
FN:81,(anonymous_3)
FNF:3
FNH:3
FNDA:1,(anonymous_1)
FNDA:921,(anonymous_2)
FNDA:905,(anonymous_3)
DA:17,1
DA:25,1
DA:33,1
DA:37,1
DA:38,1
DA:39,2
DA:42,1
DA:65,921
DA:83,905
DA:85,905
DA:86,326
DA:94,1
LF:12
LH:12
BRDA:85,1,0,326
BRDA:85,1,1,579
BRF:2
BRH:2
end_of_record
TN:
SF:/Users/karstens/Developer/Repo/Coral/coralui/node_modules/coralui-component-textarea/scripts/Coral.Textarea.js
FN:17,(anonymous_1)
FN:63,(anonymous_2)
FN:81,(anonymous_3)
FNF:3
FNH:3
FNDA:1,(anonymous_1)
FNDA:7,(anonymous_2)
FNDA:7,(anonymous_3)
DA:17,1
DA:20,1
DA:27,1
DA:36,1
DA:37,1
DA:38,2
DA:41,1
DA:64,7
DA:83,7
DA:85,7
DA:86,1
DA:94,1
LF:12
LH:12
BRDA:85,1,0,1
BRDA:85,1,1,6
BRF:2
BRH:2
end_of_record
TN:
SF:/Users/karstens/Developer/Repo/Coral/coralui/node_modules/coralui-component-accordion/scripts/Coral.Accordion.js
FN:17,(anonymous_1)
FN:108,(anonymous_2)
FN:120,(anonymous_3)
FN:125,(anonymous_4)
FN:133,(anonymous_5)
FN:140,(anonymous_6)
FN:155,(anonymous_7)
FN:198,(anonymous_8)
FN:205,(anonymous_9)
FN:212,(anonymous_10)
FN:225,(anonymous_11)
FN:240,(anonymous_12)
FN:245,(anonymous_13)
FN:250,(anonymous_14)
FN:255,(anonymous_15)
FN:266,(anonymous_16)
FN:273,(anonymous_17)
FN:282,(anonymous_18)
FNF:18
FNH:12
FNDA:1,(anonymous_1)
FNDA:32,(anonymous_2)
FNDA:42,(anonymous_3)
FNDA:92,(anonymous_4)
FNDA:0,(anonymous_5)
FNDA:0,(anonymous_6)
FNDA:0,(anonymous_7)
FNDA:0,(anonymous_8)
FNDA:0,(anonymous_9)
FNDA:2,(anonymous_10)
FNDA:0,(anonymous_11)
FNDA:7,(anonymous_12)
FNDA:10,(anonymous_13)
FNDA:368,(anonymous_14)
FNDA:67,(anonymous_15)
FNDA:452,(anonymous_16)
FNDA:2,(anonymous_17)
FNDA:32,(anonymous_18)
DA:17,1
DA:21,1
DA:22,1
DA:23,1
DA:24,1
DA:32,1
DA:42,1
DA:45,1
DA:46,1
DA:47,3
DA:50,1
DA:109,32
DA:111,32
DA:112,0
DA:121,42
DA:122,42
DA:125,42
DA:126,92
DA:134,0
DA:135,0
DA:136,0
DA:141,0
DA:142,0
DA:143,0
DA:157,0
DA:158,0
DA:160,0
DA:164,0
DA:165,0
DA:166,0
DA:167,0
DA:169,0
DA:173,0
DA:174,0
DA:175,0
DA:177,0
DA:178,0
DA:179,0
DA:181,0
DA:185,0
DA:186,0
DA:187,0
DA:189,0
DA:190,0
DA:191,0
DA:193,0
DA:199,0
DA:200,0
DA:201,0
DA:206,0
DA:207,0
DA:208,0
DA:214,2
DA:215,2
DA:216,2
DA:217,2
DA:219,2
DA:220,2
DA:226,0
DA:227,0
DA:229,0
DA:230,0
DA:231,0
DA:241,7
DA:246,10
DA:251,368
DA:256,67
DA:268,452
DA:269,452
DA:274,2
DA:275,2
DA:278,2
DA:283,32
DA:301,1
LF:74
LH:34
BRDA:111,1,0,0
BRDA:111,1,1,32
BRDA:160,2,0,0
BRDA:160,2,1,0
BRDA:160,2,2,0
BRDA:160,2,3,0
BRDA:164,3,0,0
BRDA:164,3,1,0
BRDA:164,4,0,0
BRDA:164,4,1,0
BRDA:173,5,0,0
BRDA:173,5,1,0
BRDA:173,6,0,0
BRDA:173,6,1,0
BRDA:185,7,0,0
BRDA:185,7,1,0
BRDA:185,8,0,0
BRDA:185,8,1,0
BRDA:215,9,0,2
BRDA:215,9,1,0
BRDA:269,10,0,65
BRDA:269,10,1,387
BRDA:274,11,0,2
BRDA:274,11,1,0
BRF:24
BRH:5
end_of_record
TN:
SF:/Users/karstens/Developer/Repo/Coral/coralui/node_modules/coralui-component-accordion/scripts/Coral.Accordion.Item.js
FN:17,(anonymous_1)
FN:58,(anonymous_2)
FN:73,(anonymous_3)
FN:80,(anonymous_4)
FN:108,(anonymous_5)
FN:120,(anonymous_6)
FN:136,(anonymous_7)
FN:141,(anonymous_8)
FN:150,(anonymous_9)
FNF:9
FNH:9
FNDA:1,(anonymous_1)
FNDA:67,(anonymous_2)
FNDA:67,(anonymous_3)
FNDA:79,(anonymous_4)
FNDA:68,(anonymous_5)
FNDA:83,(anonymous_6)
FNDA:2,(anonymous_7)
FNDA:67,(anonymous_8)
FNDA:67,(anonymous_9)
DA:17,1
DA:21,1
DA:26,1
DA:59,67
DA:74,67
DA:81,79
DA:83,79
DA:85,79
DA:86,79
DA:88,79
DA:90,79
DA:92,79
DA:93,12
DA:98,67
DA:100,67
DA:109,68
DA:111,68
DA:113,68
DA:121,83
DA:122,1
DA:125,82
DA:137,2
DA:142,67
DA:143,67
DA:144,67
DA:152,67
DA:155,67
DA:157,67
DA:161,67
DA:162,67
DA:165,67
DA:166,165
DA:167,165
DA:170,135
DA:174,30
DA:179,67
DA:183,1
DA:194,1
LF:38
LH:38
BRDA:92,1,0,12
BRDA:92,1,1,67
BRDA:93,2,0,3
BRDA:93,2,1,9
BRDA:98,3,0,6
BRDA:98,3,1,61
BRDA:121,4,0,1
BRDA:121,4,1,82
BRDA:125,5,0,33
BRDA:125,5,1,49
BRDA:155,6,0,67
BRDA:155,6,1,16
BRDA:157,7,0,67
BRDA:157,7,1,27
BRDA:167,8,0,135
BRDA:167,8,1,30
BRDA:167,9,0,165
BRDA:167,9,1,37
BRF:18
BRH:18
end_of_record
TN:
SF:/Users/karstens/Developer/Repo/Coral/coralui/node_modules/coralui-component-overlay/scripts/Coral.Overlay.js
FN:17,(anonymous_1)
FN:112,repositionIfOpen
FN:125,transformAlignment
FN:182,(anonymous_4)
FN:185,(anonymous_5)
FN:252,(anonymous_6)
FN:255,(anonymous_7)
FN:280,(anonymous_8)
FN:319,(anonymous_9)
FN:347,(anonymous_10)
FN:362,(anonymous_11)
FN:427,(anonymous_12)
FN:487,(anonymous_13)
FN:531,(anonymous_14)
FN:548,(anonymous_15)
FN:557,(anonymous_16)
FN:571,(anonymous_17)
FNF:17
FNH:17
FNDA:1,(anonymous_1)
FNDA:4581,repositionIfOpen
FNDA:5174,transformAlignment
FNDA:1971,(anonymous_4)
FNDA:1961,(anonymous_5)
FNDA:1632,(anonymous_6)
FNDA:1630,(anonymous_7)
FNDA:413,(anonymous_8)
FNDA:1273,(anonymous_9)
FNDA:298,(anonymous_10)
FNDA:2035,(anonymous_11)
FNDA:264,(anonymous_12)
FNDA:195,(anonymous_13)
FNDA:195,(anonymous_14)
FNDA:150,(anonymous_15)
FNDA:3,(anonymous_16)
FNDA:2,(anonymous_17)
DA:17,1
DA:26,1
DA:53,1
DA:70,1
DA:83,1
DA:100,1
DA:112,1
DA:114,4581
DA:116,85
DA:125,1
DA:127,5174
DA:130,1
DA:183,1971
DA:187,1961
DA:189,1961
DA:190,797
DA:192,6
DA:195,6
DA:196,0
DA:253,1632
DA:256,1630
DA:258,1630
DA:260,0
DA:281,413
DA:283,413
DA:284,413
DA:286,413
DA:320,1273
DA:322,90
DA:349,298
DA:364,2035
DA:366,2035
DA:368,362
DA:372,1673
DA:373,1673
DA:374,673
DA:375,625
DA:377,48
DA:378,1
DA:381,47
DA:385,1673
DA:431,264
DA:432,9
DA:435,255
DA:438,255
DA:439,60
DA:443,195
DA:446,195
DA:447,195
DA:448,195
DA:449,195
DA:450,195
DA:451,195
DA:453,195
DA:454,195
DA:456,195
DA:457,173
DA:458,121
DA:460,52
DA:461,30
DA:463,22
DA:464,10
DA:466,12
DA:467,12
DA:472,195
DA:489,195
DA:491,64
DA:493,64
DA:496,64
DA:497,64
DA:500,64
DA:501,64
DA:502,64
DA:505,64
DA:508,64
DA:513,195
DA:514,195
DA:532,195
DA:533,195
DA:549,150
DA:550,150
DA:558,3
DA:559,3
DA:560,3
DA:561,2
DA:562,2
DA:572,2
DA:573,0
DA:608,1
DA:609,1
DA:610,1
DA:611,1
LF:92
LH:89
BRDA:114,1,0,85
BRDA:114,1,1,4496
BRDA:127,2,0,5174
BRDA:127,2,1,0
BRDA:183,3,0,1971
BRDA:183,3,1,807
BRDA:183,3,2,322
BRDA:189,4,0,797
BRDA:189,4,1,1164
BRDA:190,5,0,6
BRDA:190,5,1,791
BRDA:195,6,0,0
BRDA:195,6,1,6
BRDA:258,7,0,0
BRDA:258,7,1,1630
BRDA:320,8,0,90
BRDA:320,8,1,1183
BRDA:364,9,0,2035
BRDA:364,9,1,1718
BRDA:366,10,0,362
BRDA:366,10,1,1673
BRDA:373,11,0,673
BRDA:373,11,1,1000
BRDA:374,12,0,625
BRDA:374,12,1,48
BRDA:377,13,0,1
BRDA:377,13,1,47
BRDA:431,14,0,9
BRDA:431,14,1,255
BRDA:438,15,0,60
BRDA:438,15,1,195
BRDA:453,16,0,155
BRDA:453,16,1,40
BRDA:454,17,0,155
BRDA:454,17,1,40
BRDA:456,18,0,173
BRDA:456,18,1,22
BRDA:457,19,0,121
BRDA:457,19,1,52
BRDA:457,20,0,173
BRDA:457,20,1,121
BRDA:457,20,2,80
BRDA:460,21,0,30
BRDA:460,21,1,22
BRDA:460,22,0,52
BRDA:460,22,1,30
BRDA:460,22,2,0
BRDA:463,23,0,10
BRDA:463,23,1,12
BRDA:463,24,0,22
BRDA:463,24,1,10
BRDA:463,24,2,0
BRDA:466,25,0,12
BRDA:466,25,1,0
BRDA:466,26,0,12
BRDA:466,26,1,12
BRDA:466,26,2,0
BRDA:489,27,0,64
BRDA:489,27,1,131
BRDA:489,28,0,195
BRDA:489,28,1,155
BRDA:560,29,0,2
BRDA:560,29,1,1
BRDA:560,30,0,3
BRDA:560,30,1,2
BRDA:572,31,0,0
BRDA:572,31,1,2
BRDA:572,32,0,2
BRDA:572,32,1,2
BRDA:572,32,2,0
BRF:70
BRH:61
end_of_record
TN:
SF:/Users/karstens/Developer/Repo/Coral/coralui/node_modules/coralui-component-dialog/scripts/Coral.Dialog.js
FN:17,(anonymous_1)
FN:184,(anonymous_2)
FN:199,(anonymous_3)
FN:215,(anonymous_4)
FN:235,(anonymous_5)
FN:259,(anonymous_6)
FN:296,(anonymous_7)
FN:319,(anonymous_8)
FN:371,(anonymous_9)
FN:382,(anonymous_10)
FN:390,(anonymous_11)
FN:401,(anonymous_12)
FN:411,(anonymous_13)
FN:419,(anonymous_14)
FN:429,(anonymous_15)
FN:506,(anonymous_16)
FN:524,(anonymous_17)
FNF:17
FNH:15
FNDA:1,(anonymous_1)
FNDA:30,(anonymous_2)
FNDA:30,(anonymous_3)
FNDA:30,(anonymous_4)
FNDA:30,(anonymous_5)
FNDA:209,(anonymous_6)
FNDA:0,(anonymous_7)
FNDA:37,(anonymous_8)
FNDA:30,(anonymous_9)
FNDA:30,(anonymous_10)
FNDA:2,(anonymous_11)
FNDA:4,(anonymous_12)
FNDA:1,(anonymous_13)
FNDA:35,(anonymous_14)
FNDA:30,(anonymous_15)
FNDA:0,(anonymous_16)
FNDA:8,(anonymous_17)
DA:17,1
DA:26,1
DA:39,1
DA:52,1
DA:73,1
DA:87,1
DA:96,1
DA:99,1
DA:100,1
DA:101,6
DA:104,1
DA:185,30
DA:201,30
DA:217,30
DA:236,30
DA:238,6
DA:239,6
DA:261,209
DA:263,209
DA:264,202
DA:267,202
DA:270,7
DA:275,7
DA:278,7
DA:297,0
DA:299,0
DA:301,0
DA:302,0
DA:303,0
DA:304,0
DA:306,0
DA:309,0
DA:312,0
DA:320,37
DA:323,7
DA:324,7
DA:325,7
DA:327,7
DA:330,7
DA:333,7
DA:334,7
DA:338,7
DA:372,30
DA:373,30
DA:384,30
DA:386,30
DA:392,2
DA:393,1
DA:402,4
DA:403,4
DA:404,4
DA:405,3
DA:406,3
DA:413,1
DA:414,0
DA:420,35
DA:423,35
DA:424,1
DA:430,30
DA:433,30
DA:434,30
DA:435,30
DA:438,30
DA:439,30
DA:442,30
DA:445,30
DA:447,30
DA:449,1
DA:450,1
DA:454,1
DA:455,1
DA:459,1
DA:463,30
DA:464,30
DA:467,30
DA:470,30
DA:473,30
DA:474,30
DA:475,30
DA:478,30
DA:481,30
DA:482,30
DA:483,30
DA:486,30
DA:488,27
DA:489,0
DA:494,30
DA:496,30
DA:497,1
DA:507,0
DA:509,0
DA:512,0
DA:514,0
DA:518,0
DA:520,0
DA:525,8
DA:527,8
DA:530,8
DA:534,8
DA:535,8
DA:536,8
DA:539,8
DA:540,8
DA:543,8
DA:545,7
DA:546,7
DA:547,7
DA:548,7
DA:552,1
DA:553,1
DA:554,1
DA:558,8
DA:561,8
DA:566,1
DA:577,1
DA:589,1
DA:602,1
DA:603,1
DA:604,1
DA:605,1
LF:120
LH:103
BRDA:236,1,0,6
BRDA:236,1,1,24
BRDA:238,2,0,6
BRDA:238,2,1,0
BRDA:263,3,0,202
BRDA:263,3,1,7
BRDA:297,4,0,0
BRDA:297,4,1,0
BRDA:299,5,0,0
BRDA:299,5,1,0
BRDA:320,6,0,7
BRDA:320,6,1,30
BRDA:324,7,0,7
BRDA:324,7,1,0
BRDA:333,8,0,7
BRDA:333,8,1,0
BRDA:373,9,0,0
BRDA:373,9,1,30
BRDA:392,10,0,1
BRDA:392,10,1,1
BRDA:392,11,0,2
BRDA:392,11,1,1
BRDA:392,11,2,1
BRDA:404,12,0,3
BRDA:404,12,1,1
BRDA:404,13,0,4
BRDA:404,13,1,2
BRDA:413,14,0,0
BRDA:413,14,1,1
BRDA:413,15,0,1
BRDA:413,15,1,0
BRDA:413,15,2,0
BRDA:423,16,0,1
BRDA:423,16,1,34
BRDA:433,17,0,30
BRDA:433,17,1,27
BRDA:434,18,0,30
BRDA:434,18,1,27
BRDA:435,19,0,30
BRDA:435,19,1,27
BRDA:447,20,0,1
BRDA:447,20,1,29
BRDA:447,21,0,30
BRDA:447,21,1,3
BRDA:454,22,0,2
BRDA:454,22,1,2
BRDA:486,23,0,27
BRDA:486,23,1,3
BRDA:496,24,0,1
BRDA:496,24,1,29
BRDA:507,25,0,0
BRDA:507,25,1,0
BRDA:512,26,0,0
BRDA:512,26,1,0
BRDA:543,27,0,7
BRDA:543,27,1,1
BRF:56
BRH:41
end_of_record
TN:
SF:/Users/karstens/Developer/Repo/Coral/coralui/node_modules/coralui-component-popover/scripts/Coral.Popover.js
FN:17,(anonymous_1)
FN:140,(anonymous_2)
FN:197,(anonymous_3)
FN:223,(anonymous_4)
FN:273,(anonymous_5)
FN:295,(anonymous_6)
FN:308,(anonymous_7)
FN:327,(anonymous_8)
FN:336,(anonymous_9)
FN:365,(anonymous_10)
FN:391,(anonymous_11)
FN:445,(anonymous_12)
FNF:12
FNH:10
FNDA:1,(anonymous_1)
FNDA:0,(anonymous_2)
FNDA:217,(anonymous_3)
FNDA:187,(anonymous_4)
FNDA:177,(anonymous_5)
FNDA:177,(anonymous_6)
FNDA:189,(anonymous_7)
FNDA:0,(anonymous_8)
FNDA:38,(anonymous_9)
FNDA:185,(anonymous_10)
FNDA:177,(anonymous_11)
FNDA:177,(anonymous_12)
DA:17,1
DA:20,1
DA:28,1
DA:44,1
DA:57,1
DA:72,1
DA:142,0
DA:145,0
DA:198,217
DA:200,25
DA:203,217
DA:204,217
DA:206,25
DA:209,25
DA:211,24
DA:214,192
DA:216,191
DA:224,187
DA:225,163
DA:227,7
DA:274,177
DA:296,177
DA:297,177
DA:309,189
DA:312,189
DA:315,189
DA:316,4
DA:319,4
DA:328,0
DA:329,0
DA:330,0
DA:331,0
DA:332,0
DA:337,38
DA:339,1
DA:342,37
DA:343,37
DA:345,37
DA:347,37
DA:350,21
DA:352,17
DA:355,4
DA:358,16
DA:360,3
DA:367,185
DA:371,185
DA:372,1
DA:374,1
DA:376,0
DA:381,1
DA:387,185
DA:393,177
DA:397,177
DA:398,177
DA:403,177
DA:404,177
DA:407,177
DA:408,177
DA:411,177
DA:414,177
DA:415,177
DA:419,177
DA:422,177
DA:424,177
DA:426,177
DA:430,177
DA:433,177
DA:436,177
DA:437,9
DA:441,177
DA:447,177
DA:448,177
DA:451,177
DA:454,177
DA:458,1
DA:469,1
DA:480,1
DA:492,1
DA:493,1
DA:494,1
LF:80
LH:72
BRDA:198,1,0,25
BRDA:198,1,1,192
BRDA:204,2,0,25
BRDA:204,2,1,192
BRDA:209,3,0,24
BRDA:209,3,1,1
BRDA:214,4,0,191
BRDA:214,4,1,1
BRDA:224,5,0,163
BRDA:224,5,1,24
BRDA:225,6,0,7
BRDA:225,6,1,156
BRDA:274,7,0,0
BRDA:274,7,1,177
BRDA:312,8,0,189
BRDA:312,8,1,189
BRDA:315,9,0,4
BRDA:315,9,1,185
BRDA:330,10,0,0
BRDA:330,10,1,0
BRDA:330,11,0,0
BRDA:330,11,1,0
BRDA:337,12,0,1
BRDA:337,12,1,37
BRDA:345,13,0,34
BRDA:345,13,1,3
BRDA:347,14,0,21
BRDA:347,14,1,16
BRDA:350,15,0,17
BRDA:350,15,1,4
BRDA:350,16,0,21
BRDA:350,16,1,18
BRDA:358,17,0,3
BRDA:358,17,1,13
BRDA:358,18,0,16
BRDA:358,18,1,9
BRDA:371,19,0,1
BRDA:371,19,1,184
BRDA:374,20,0,0
BRDA:374,20,1,1
BRDA:414,21,0,177
BRDA:414,21,1,177
BRDA:415,22,0,177
BRDA:415,22,1,175
BRDA:424,23,0,177
BRDA:424,23,1,0
BRF:46
BRH:39
end_of_record
TN:
SF:/Users/karstens/Developer/Repo/Coral/coralui/node_modules/coralui-component-actionbar/scripts/Coral.ActionBar.js
FN:17,(anonymous_1)
FN:50,(anonymous_2)
FN:66,(anonymous_3)
FN:75,(anonymous_4)
FN:100,(anonymous_5)
FN:107,(anonymous_6)
FN:109,(anonymous_7)
FN:124,(anonymous_8)
FN:131,(anonymous_9)
FN:141,(anonymous_10)
FN:145,(anonymous_11)
FN:155,(anonymous_12)
FN:165,(anonymous_13)
FN:176,(anonymous_14)
FN:187,(anonymous_15)
FN:200,(anonymous_16)
FN:381,(anonymous_17)
FN:399,(anonymous_18)
FN:417,(anonymous_19)
FN:447,(anonymous_20)
FN:451,(anonymous_21)
FN:468,(anonymous_22)
FN:482,(anonymous_23)
FN:495,(anonymous_24)
FN:508,(anonymous_25)
FN:524,(anonymous_26)
FNF:26
FNH:23
[...]
FN:696,(anonymous_38)
FN:702,(anonymous_39)
FN:717,(anonymous_40)
FN:722,(anonymous_41)
FN:737,(anonymous_42)
FN:749,(anonymous_43)
FN:779,(anonymous_44)
FN:782,(anonymous_45)
FN:790,(anonymous_46)
FN:795,(anonymous_47)
FN:828,(anonymous_48)
FN:833,(anonymous_49)
FN:848,(anonymous_50)
FN:855,(anonymous_51)
FN:866,(anonymous_52)
FN:873,(anonymous_53)
FN:875,(anonymous_54)
FN:900,(anonymous_55)
FN:919,(anonymous_56)
FN:938,(anonymous_57)
FN:953,(anonymous_58)
FN:959,(anonymous_59)
FN:964,(anonymous_60)
FN:977,(anonymous_61)
FN:984,(anonymous_62)
FN:1066,(anonymous_63)
FN:1067,(anonymous_64)
FN:1085,(anonymous_65)
FN:1093,(anonymous_66)
FN:1098,(anonymous_67)
FNF:67
FNH:57
FNDA:1,(anonymous_1)
FNDA:109,(anonymous_2)
FNDA:259,(anonymous_3)
FNDA:208,(anonymous_4)
FNDA:3,(anonymous_5)
FNDA:137,(anonymous_6)
FNDA:14,(anonymous_7)
FNDA:14,(anonymous_8)
FNDA:22,(anonymous_9)
FNDA:6,(anonymous_10)
FNDA:119,(anonymous_11)
FNDA:6,(anonymous_12)
FNDA:20,(anonymous_13)
FNDA:89,(anonymous_14)
FNDA:89,(anonymous_15)
FNDA:89,(anonymous_16)
FNDA:89,(anonymous_17)
FNDA:183,(anonymous_18)
FNDA:349,(anonymous_19)
FNDA:0,(anonymous_20)
FNDA:89,(anonymous_21)
FNDA:112,(anonymous_22)
FNDA:10,(anonymous_23)
FNDA:208,(anonymous_24)
FNDA:10,(anonymous_25)
FNDA:349,(anonymous_26)
FNDA:405,(anonymous_27)
FNDA:345,(anonymous_28)
FNDA:443,(anonymous_29)
FNDA:12,(anonymous_30)
FNDA:696,(anonymous_31)
FNDA:132,(anonymous_32)
FNDA:20,(anonymous_33)
FNDA:95,(anonymous_34)
FNDA:215,(anonymous_35)
FNDA:208,(anonymous_36)
FNDA:208,(anonymous_37)
FNDA:95,(anonymous_38)
FNDA:144,(anonymous_39)
FNDA:1,(anonymous_40)
FNDA:5,(anonymous_41)
FNDA:0,(anonymous_42)
FNDA:10,(anonymous_43)
FNDA:10,(anonymous_44)
FNDA:10,(anonymous_45)
FNDA:0,(anonymous_46)
FNDA:0,(anonymous_47)
FNDA:0,(anonymous_48)
FNDA:16,(anonymous_49)
FNDA:18,(anonymous_50)
FNDA:0,(anonymous_51)
FNDA:0,(anonymous_52)
FNDA:0,(anonymous_53)
FNDA:0,(anonymous_54)
FNDA:166,(anonymous_55)
FNDA:2,(anonymous_56)
FNDA:1,(anonymous_57)
FNDA:1,(anonymous_58)
FNDA:1,(anonymous_59)
FNDA:89,(anonymous_60)
FNDA:89,(anonymous_61)
FNDA:89,(anonymous_62)
FNDA:0,(anonymous_63)
FNDA:1453,(anonymous_64)
FNDA:2248,(anonymous_65)
FNDA:179,(anonymous_66)
FNDA:329,(anonymous_67)
DA:18,1
DA:27,1
DA:34,1
DA:38,1
DA:39,1
DA:40,2
DA:44,1
DA:46,1
DA:115,109
DA:117,109
DA:118,109
DA:120,109
DA:123,109
DA:155,259
DA:156,22
DA:158,22
DA:162,237
DA:163,59
DA:167,178
DA:168,178
DA:170,171
DA:171,76
DA:174,171
DA:183,208
DA:186,3
DA:194,137
DA:197,14
DA:199,3
DA:200,1
DA:201,1
DA:202,1
DA:203,1
DA:208,2
DA:209,2
DA:210,0
DA:216,14
DA:219,14
DA:222,14
DA:223,4
DA:224,14
DA:230,10
DA:232,22
DA:233,8
DA:235,8
DA:239,10
DA:256,6
DA:260,119
DA:264,119
DA:266,119
DA:267,106
DA:270,119
DA:274,6
DA:275,1
DA:279,6
DA:281,20
DA:284,6
DA:285,2
DA:294,89
DA:295,89
DA:302,89
DA:309,89
DA:310,89
DA:311,89
DA:318,89
DA:319,89
DA:320,89
DA:331,183
DA:332,95
DA:347,349
DA:350,0
DA:369,89
DA:371,89
DA:372,0
DA:387,112
DA:388,31
DA:389,31
DA:392,81
DA:393,81
DA:405,10
DA:407,10
DA:409,10
DA:410,10
DA:411,10
DA:413,10
DA:416,10
DA:417,0
DA:421,10
DA:422,0
DA:427,10
DA:429,10
DA:434,10
DA:440,10
DA:442,10
DA:448,208
DA:450,208
DA:455,10
DA:456,0
DA:459,10
DA:460,10
DA:461,10
DA:462,0
DA:468,349
DA:471,349
DA:474,349
DA:477,349
DA:478,349
DA:479,349
DA:481,349
DA:483,0
DA:489,405
DA:495,345
DA:496,0
DA:499,345
DA:504,443
DA:506,443
DA:511,443
DA:512,443
DA:514,443
DA:523,443
DA:526,443
DA:527,443
DA:528,443
DA:529,443
DA:530,443
DA:532,443
DA:535,118
DA:536,12
DA:539,12
DA:540,12
DA:547,12
DA:549,12
DA:555,325
DA:556,32
DA:560,443
DA:561,443
DA:563,443
DA:564,443
DA:566,443
DA:572,696
DA:573,0
DA:576,696
DA:579,696
DA:580,696
DA:581,56
DA:585,696
DA:586,696
DA:587,696
DA:590,696
DA:591,52
DA:595,696
DA:596,696
DA:598,696
DA:600,696
DA:606,132
DA:607,28
DA:610,132
DA:611,132
DA:613,132
DA:615,20
DA:616,20
DA:623,20
DA:625,20
DA:632,20
DA:636,132
DA:642,95
DA:643,70
DA:646,95
DA:647,95
DA:650,95
DA:653,31
DA:654,29
DA:655,29
DA:658,31
DA:662,95
DA:667,215
DA:670,8
DA:671,8
DA:682,208
DA:684,208
DA:686,208
DA:687,208
DA:689,208
DA:690,208
DA:692,208
DA:695,208
DA:696,208
DA:697,95
DA:702,208
DA:703,144
DA:706,208
DA:707,130
DA:713,208
DA:719,1
DA:721,1
DA:722,1
DA:724,5
DA:728,1
DA:729,0
DA:733,1
DA:738,0
DA:744,0
DA:750,10
DA:752,10
DA:753,0
DA:757,10
DA:765,10
DA:766,0
DA:770,10
DA:773,10
DA:780,10
DA:782,10
DA:783,10
DA:784,10
DA:791,0
DA:796,0
DA:797,0
DA:800,0
DA:802,0
DA:804,0
DA:805,0
DA:806,0
DA:807,0
DA:812,0
DA:813,0
DA:817,0
DA:818,0
DA:829,0
DA:835,16
DA:837,16
DA:840,16
DA:842,16
DA:843,8
DA:849,18
DA:850,18
DA:858,0
DA:862,0
DA:866,0
DA:867,0
DA:870,0
DA:871,0
DA:873,0
DA:874,0
DA:875,0
DA:876,0
DA:881,0
DA:882,0
DA:887,0
DA:888,0
DA:892,0
DA:902,166
DA:904,166
DA:905,166
DA:906,166
DA:909,166
DA:910,166
DA:921,2
DA:923,2
DA:924,2
DA:925,2
DA:928,2
DA:929,2
DA:940,1
DA:942,1
DA:943,1
DA:944,1
DA:947,1
DA:948,1
DA:955,1
DA:960,1
DA:966,89
DA:967,89
DA:970,89
DA:973,89
DA:976,89
DA:977,89
DA:979,89
DA:986,89
DA:989,89
DA:992,89
DA:995,89
DA:998,89
DA:999,301
DA:1000,301
DA:1002,131
DA:1006,170
DA:1011,89
DA:1031,1
DA:1033,1
DA:1068,1453
DA:1087,2248
DA:1094,179
DA:1099,329
DA:1100,329
LF:293
LH:249
BRDA:155,1,0,22
BRDA:155,1,1,237
BRDA:155,2,0,259
BRDA:155,2,1,27
BRDA:155,2,2,23
BRDA:162,3,0,59
BRDA:162,3,1,178
BRDA:168,4,0,171
BRDA:168,4,1,7
BRDA:170,5,0,76
BRDA:170,5,1,95
BRDA:183,6,0,46
BRDA:183,6,1,162
BRDA:194,7,0,137
BRDA:194,7,1,99
BRDA:194,7,2,10
BRDA:194,7,3,99
BRDA:197,8,0,3
BRDA:197,8,1,11
BRDA:197,9,0,14
BRDA:197,9,1,4
BRDA:199,10,0,1
BRDA:199,10,1,2
BRDA:201,11,0,1
BRDA:201,11,1,0
BRDA:209,12,0,0
BRDA:209,12,1,2
BRDA:222,13,0,4
BRDA:222,13,1,10
BRDA:232,14,0,8
BRDA:232,14,1,14
BRDA:274,15,0,1
BRDA:274,15,1,5
BRDA:274,16,0,6
BRDA:274,16,1,2
BRDA:284,17,0,2
BRDA:284,17,1,4
BRDA:309,18,0,89
BRDA:309,18,1,89
BRDA:310,19,0,89
BRDA:310,19,1,89
BRDA:311,20,0,89
BRDA:311,20,1,89
BRDA:318,21,0,89
BRDA:318,21,1,89
BRDA:319,22,0,89
BRDA:319,22,1,89
BRDA:320,23,0,89
BRDA:320,23,1,89
BRDA:331,24,0,95
BRDA:331,24,1,88
BRDA:331,25,0,183
BRDA:331,25,1,117
BRDA:371,26,0,0
BRDA:371,26,1,89
BRDA:387,27,0,31
BRDA:387,27,1,81
BRDA:405,28,0,10
BRDA:405,28,1,0
BRDA:416,29,0,0
BRDA:416,29,1,10
BRDA:416,30,0,10
BRDA:416,30,1,0
BRDA:421,31,0,0
BRDA:421,31,1,10
BRDA:427,32,0,10
BRDA:427,32,1,0
BRDA:440,33,0,10
BRDA:440,33,1,0
BRDA:455,34,0,0
BRDA:455,34,1,10
BRDA:461,35,0,0
BRDA:461,35,1,10
BRDA:461,36,0,10
BRDA:461,36,1,0
BRDA:481,37,0,0
BRDA:481,37,1,349
BRDA:495,38,0,0
BRDA:495,38,1,345
BRDA:506,39,0,443
BRDA:506,39,1,303
BRDA:523,40,0,443
BRDA:523,40,1,303
BRDA:532,41,0,118
BRDA:532,41,1,325
BRDA:535,42,0,12
BRDA:535,42,1,106
BRDA:539,43,0,12
BRDA:539,43,1,12
BRDA:555,44,0,32
BRDA:555,44,1,293
BRDA:572,45,0,0
BRDA:572,45,1,696
BRDA:580,46,0,56
BRDA:580,46,1,640
BRDA:590,47,0,52
BRDA:590,47,1,644
BRDA:606,48,0,28
BRDA:606,48,1,104
BRDA:606,49,0,132
BRDA:606,49,1,131
BRDA:613,50,0,20
BRDA:613,50,1,112
BRDA:615,51,0,20
BRDA:615,51,1,20
BRDA:642,52,0,70
BRDA:642,52,1,25
BRDA:642,53,0,95
BRDA:642,53,1,95
BRDA:650,54,0,31
BRDA:650,54,1,64
BRDA:653,55,0,29
BRDA:653,55,1,2
BRDA:667,56,0,8
BRDA:667,56,1,207
BRDA:686,57,0,208
BRDA:686,57,1,98
BRDA:687,58,0,68
BRDA:687,58,1,140
BRDA:689,59,0,208
BRDA:689,59,1,59
BRDA:690,60,0,90
BRDA:690,60,1,118
BRDA:706,61,0,130
BRDA:706,61,1,78
BRDA:728,62,0,0
BRDA:728,62,1,1
BRDA:738,63,0,0
BRDA:738,63,1,0
BRDA:752,64,0,0
BRDA:752,64,1,10
BRDA:757,65,0,10
BRDA:757,65,1,0
BRDA:765,66,0,0
BRDA:765,66,1,10
BRDA:783,67,0,10
BRDA:783,67,1,0
BRDA:796,68,0,0
BRDA:796,68,1,0
BRDA:802,69,0,0
BRDA:802,69,1,0
BRDA:804,70,0,0
BRDA:804,70,1,0
BRDA:812,71,0,0
BRDA:812,71,1,0
BRDA:817,72,0,0
BRDA:817,72,1,0
BRDA:817,73,0,0
BRDA:817,73,1,0
BRDA:842,74,0,8
BRDA:842,74,1,8
BRDA:849,75,0,18
BRDA:849,75,1,0
BRDA:887,76,0,0
BRDA:887,76,1,0
BRDA:905,77,0,166
BRDA:905,77,1,0
BRDA:905,78,0,166
BRDA:905,78,1,166
BRDA:909,79,0,166
BRDA:909,79,1,0
BRDA:924,80,0,2
BRDA:924,80,1,0
BRDA:928,81,0,2
BRDA:928,81,1,0
BRDA:943,82,0,1
BRDA:943,82,1,0
BRDA:947,83,0,1
BRDA:947,83,1,0
BRDA:1000,84,0,131
BRDA:1000,84,1,170
BRDA:1087,85,0,324
BRDA:1087,85,1,1924
BRF:173
BRH:130
end_of_record
TN:
SF:/Users/karstens/Developer/Repo/Coral/coralui/node_modules/coralui-component-steplist/scripts/Coral.StepList.js
FN:17,(anonymous_1)
FN:55,getTarget
FN:133,(anonymous_3)
FN:136,(anonymous_4)
FN:193,(anonymous_5)
FN:200,(anonymous_6)
FN:221,(anonymous_7)
FN:238,(anonymous_8)
FN:244,(anonymous_9)
FN:246,(anonymous_10)
FN:260,(anonymous_11)
FN:271,(anonymous_12)
FN:282,(anonymous_13)
FN:295,(anonymous_14)
FN:304,(anonymous_15)
FN:314,(anonymous_16)
FN:324,(anonymous_17)
FN:333,(anonymous_18)
FN:342,(anonymous_19)
FN:350,(anonymous_20)
FN:362,(anonymous_21)
FN:375,(anonymous_22)
FN:433,(anonymous_23)
FN:449,(anonymous_24)
FN:495,(anonymous_25)
FN:498,(anonymous_26)
FN:513,(anonymous_27)
FN:527,(anonymous_28)
FN:556,(anonymous_29)
FNF:29
FNH:27
FNDA:1,(anonymous_1)
FNDA:520,getTarget
FNDA:99,(anonymous_3)
FNDA:99,(anonymous_4)
FNDA:99,(anonymous_5)
FNDA:99,(anonymous_6)
FNDA:106,(anonymous_7)
FNDA:108,(anonymous_8)
FNDA:207,(anonymous_9)
FNDA:426,(anonymous_10)
FNDA:1,(anonymous_11)
FNDA:1,(anonymous_12)
FNDA:0,(anonymous_13)
FNDA:0,(anonymous_14)
FNDA:1,(anonymous_15)
FNDA:2,(anonymous_16)
FNDA:3,(anonymous_17)
FNDA:3,(anonymous_18)
FNDA:18,(anonymous_19)
FNDA:99,(anonymous_20)
FNDA:13,(anonymous_21)
FNDA:7,(anonymous_22)
FNDA:303,(anonymous_23)
FNDA:414,(anonymous_24)
FNDA:303,(anonymous_25)
FNDA:303,(anonymous_26)
FNDA:571,(anonymous_27)
FNDA:303,(anonymous_28)
FNDA:303,(anonymous_29)
DA:17,1
DA:27,1
DA:40,1
DA:55,1
DA:57,520
DA:59,0
DA:63,520
DA:64,520
DA:65,0
DA:68,520
DA:72,1
DA:74,1
DA:134,99
DA:138,99
DA:141,99
DA:142,0
DA:143,0
DA:146,0
DA:148,0
DA:149,0
DA:150,0
DA:151,0
DA:152,0
DA:156,0
DA:157,0
DA:160,0
DA:162,0
DA:163,0
DA:166,0
DA:167,0
DA:169,0
DA:171,0
DA:175,0
DA:194,99
DA:201,99
DA:222,106
DA:224,106
DA:226,106
DA:227,106
DA:230,106
DA:231,246
DA:240,108
DA:245,207
DA:246,207
DA:248,426
DA:250,137
DA:255,426
DA:261,1
DA:262,1
DA:263,1
DA:265,1
DA:266,1
DA:272,1
DA:273,1
DA:274,1
DA:276,1
DA:277,1
DA:283,0
DA:284,0
DA:287,0
DA:288,0
DA:289,0
DA:296,0
DA:297,0
DA:299,0
DA:305,1
DA:306,1
DA:308,1
DA:309,1
DA:315,2
DA:316,2
DA:318,2
DA:319,2
DA:325,3
DA:326,3
DA:328,3
DA:334,3
DA:335,3
DA:337,3
DA:343,18
DA:344,18
DA:345,18
DA:351,99
DA:354,99
DA:363,13
DA:364,13
DA:365,13
DA:366,13
DA:376,7
DA:377,7
DA:378,7
DA:379,7
DA:380,7
DA:399,1
DA:400,1
DA:402,1
DA:434,303
DA:450,414
DA:452,414
DA:453,414
DA:454,325
DA:458,414
DA:459,118
DA:461,118
DA:462,0
DA:465,118
DA:466,0
DA:468,0
DA:470,0
DA:472,0
DA:475,0
DA:476,0
DA:496,303
DA:500,303
DA:503,303
DA:505,0
DA:506,0
DA:515,571
DA:516,78
DA:517,78
DA:521,493
DA:522,493
DA:529,303
DA:531,303
DA:533,233
DA:535,233
DA:536,36
DA:541,303
DA:544,303
DA:545,303
DA:547,303
DA:551,0
DA:559,303
DA:563,1
LF:134
LH:96
BRDA:57,1,0,0
BRDA:57,1,1,520
BRDA:64,2,0,0
BRDA:64,2,1,520
BRDA:64,3,0,520
BRDA:64,3,1,0
BRDA:134,4,0,99
BRDA:134,4,1,0
BRDA:134,4,2,0
BRDA:141,5,0,0
BRDA:141,5,1,99
BRDA:156,6,0,0
BRDA:156,6,1,0
BRDA:156,7,0,0
BRDA:156,7,1,0
BRDA:156,7,2,0
BRDA:160,8,0,0
BRDA:160,8,1,0
BRDA:160,9,0,0
BRDA:160,9,1,0
BRDA:162,10,0,0
BRDA:162,10,1,0
BRDA:163,11,0,0
BRDA:163,11,1,0
BRDA:169,12,0,0
BRDA:169,12,1,0
BRDA:194,13,0,99
BRDA:194,13,1,0
BRDA:201,14,0,0
BRDA:201,14,1,99
BRDA:224,15,0,13
BRDA:224,15,1,93
BRDA:248,16,0,137
BRDA:248,16,1,289
BRDA:255,17,0,115
BRDA:255,17,1,311
BRDA:261,18,0,1
BRDA:261,18,1,0
BRDA:272,19,0,1
BRDA:272,19,1,0
BRDA:283,20,0,0
BRDA:283,20,1,0
BRDA:287,21,0,0
BRDA:287,21,1,0
BRDA:296,22,0,0
BRDA:296,22,1,0
BRDA:305,23,0,1
BRDA:305,23,1,0
BRDA:315,24,0,2
BRDA:315,24,1,0
BRDA:325,25,0,3
BRDA:325,25,1,0
BRDA:334,26,0,3
BRDA:334,26,1,0
BRDA:343,27,0,18
BRDA:343,27,1,0
BRDA:364,28,0,13
BRDA:364,28,1,0
BRDA:377,29,0,7
BRDA:377,29,1,0
BRDA:453,30,0,325
BRDA:453,30,1,89
BRDA:458,31,0,118
BRDA:458,31,1,296
BRDA:461,32,0,0
BRDA:461,32,1,118
BRDA:465,33,0,0
BRDA:465,33,1,118
BRDA:465,34,0,118
BRDA:465,34,1,118
BRDA:468,35,0,0
BRDA:468,35,1,0
BRDA:475,36,0,0
BRDA:475,36,1,0
BRDA:496,37,0,303
BRDA:496,37,1,0
BRDA:496,37,2,0
BRDA:503,38,0,0
BRDA:503,38,1,303
BRDA:515,39,0,78
BRDA:515,39,1,493
BRDA:516,40,0,16
BRDA:516,40,1,62
BRDA:531,41,0,233
BRDA:531,41,1,70
BRDA:545,42,0,303
BRDA:545,42,1,0
BRDA:559,43,0,303
BRDA:559,43,1,303
BRF:89
BRH:41
end_of_record
TN:
SF:/Users/karstens/Developer/Repo/Coral/coralui/node_modules/coralui-component-switch/scripts/Coral.Switch.js
FN:17,(anonymous_1)
FN:53,(anonymous_2)
FN:72,(anonymous_3)
FN:75,(anonymous_4)
FN:82,(anonymous_5)
FN:85,(anonymous_6)
FN:92,(anonymous_7)
FN:100,(anonymous_8)
FN:121,(anonymous_9)
FNF:9
FNH:8
FNDA:1,(anonymous_1)
FNDA:28,(anonymous_2)
FNDA:23,(anonymous_3)
FNDA:2,(anonymous_4)
FNDA:21,(anonymous_5)
FNDA:0,(anonymous_6)
FNDA:21,(anonymous_7)
FNDA:20,(anonymous_8)
FNDA:20,(anonymous_9)
DA:17,1
DA:20,1
DA:54,28
DA:58,28
DA:73,23
DA:76,2
DA:83,21
DA:86,0
DA:93,21
DA:94,21
DA:101,20
DA:122,20
LF:12
LH:11
BRF:0
BRH:0
end_of_record
TN:
SF:/Users/karstens/Developer/Repo/Coral/coralui/node_modules/coralui-component-tablist/scripts/Coral.TabList.js
FN:17,(anonymous_1)
FN:56,getTarget
FN:121,(anonymous_3)
FN:124,(anonymous_4)
FN:139,(anonymous_5)
FN:142,(anonymous_6)
FN:201,(anonymous_7)
FN:208,(anonymous_8)
FN:227,(anonymous_9)
FN:234,(anonymous_10)
FN:242,(anonymous_11)
FN:252,(anonymous_12)
FN:260,(anonymous_13)
FN:271,(anonymous_14)
FN:283,(anonymous_15)
FN:291,(anonymous_16)
FN:358,(anonymous_17)
FN:396,(anonymous_18)
FN:413,(anonymous_19)
FN:430,(anonymous_20)
FN:473,(anonymous_21)
FN:476,(anonymous_22)
FN:496,(anonymous_23)
FN:506,(anonymous_24)
FN:527,(anonymous_25)
FNF:25
FNH:24
FNDA:1,(anonymous_1)
FNDA:382,getTarget
FNDA:227,(anonymous_3)
FNDA:0,(anonymous_4)
FNDA:92,(anonymous_5)
FNDA:81,(anonymous_6)
FNDA:81,(anonymous_7)
FNDA:81,(anonymous_8)
FNDA:81,(anonymous_9)
FNDA:2,(anonymous_10)
FNDA:1,(anonymous_11)
FNDA:2,(anonymous_12)
FNDA:3,(anonymous_13)
FNDA:3,(anonymous_14)
FNDA:8,(anonymous_15)
FNDA:81,(anonymous_16)
FNDA:242,(anonymous_17)
FNDA:241,(anonymous_18)
FNDA:241,(anonymous_19)
FNDA:293,(anonymous_20)
FNDA:241,(anonymous_21)
FNDA:241,(anonymous_22)
FNDA:1,(anonymous_23)
FNDA:241,(anonymous_24)
FNDA:241,(anonymous_25)
DA:17,1
DA:26,1
DA:39,1
DA:56,1
DA:58,382
DA:60,0
DA:64,382
DA:65,382
DA:66,11
DA:69,382
DA:73,1
DA:75,1
DA:122,227
DA:140,92
DA:144,81
DA:147,81
DA:149,3
DA:150,3
DA:153,3
DA:155,3
DA:156,3
DA:157,3
DA:159,0
DA:160,0
DA:164,0
DA:165,0
DA:168,0
DA:170,0
DA:171,0
DA:174,0
DA:175,0
DA:177,0
DA:179,0
DA:183,0
DA:202,81
DA:209,81
DA:228,81
DA:235,2
DA:237,2
DA:238,2
DA:244,1
DA:246,1
DA:247,1
DA:253,2
DA:255,2
DA:256,2
DA:261,3
DA:263,3
DA:264,3
DA:265,3
DA:266,3
DA:272,3
DA:274,3
DA:275,3
DA:276,3
DA:277,3
DA:278,3
DA:284,8
DA:285,8
DA:286,8
DA:292,81
DA:310,1
DA:311,1
DA:313,1
DA:359,242
DA:361,242
DA:363,0
DA:365,242
DA:367,0
DA:369,242
DA:370,1
DA:372,1
DA:376,1
DA:377,1
DA:397,241
DA:414,241
DA:431,293
DA:436,293
DA:437,59
DA:439,59
DA:440,0
DA:443,59
DA:444,1
DA:446,1
DA:448,0
DA:450,0
DA:453,0
DA:454,0
DA:474,241
DA:478,241
DA:481,241
DA:483,0
DA:484,0
DA:498,1
DA:501,1
DA:502,1
DA:508,241
DA:511,241
DA:515,241
DA:518,241
DA:519,148
DA:523,241
DA:530,241
DA:534,1
LF:104
LH:82
BRDA:58,1,0,0
BRDA:58,1,1,382
BRDA:65,2,0,11
BRDA:65,2,1,371
BRDA:65,3,0,382
BRDA:65,3,1,12
BRDA:140,4,0,92
BRDA:140,4,1,12
BRDA:140,4,2,0
BRDA:147,5,0,3
BRDA:147,5,1,78
BRDA:164,6,0,0
BRDA:164,6,1,0
BRDA:164,7,0,0
BRDA:164,7,1,0
BRDA:164,7,2,0
BRDA:168,8,0,0
BRDA:168,8,1,0
BRDA:168,9,0,0
BRDA:168,9,1,0
BRDA:170,10,0,0
BRDA:170,10,1,0
BRDA:171,11,0,0
BRDA:171,11,1,0
BRDA:177,12,0,0
BRDA:177,12,1,0
BRDA:202,13,0,81
BRDA:202,13,1,0
BRDA:209,14,0,0
BRDA:209,14,1,81
BRDA:228,15,0,1
BRDA:228,15,1,80
BRDA:264,16,0,3
BRDA:264,16,1,0
BRDA:275,17,0,3
BRDA:275,17,1,0
BRDA:284,18,0,8
BRDA:284,18,1,0
BRDA:361,19,0,0
BRDA:361,19,1,242
BRDA:361,20,0,242
BRDA:361,20,1,1
BRDA:361,20,2,0
BRDA:365,21,0,0
BRDA:365,21,1,242
BRDA:365,22,0,242
BRDA:365,22,1,241
BRDA:369,23,0,1
BRDA:369,23,1,241
BRDA:370,24,0,1
BRDA:370,24,1,0
BRDA:432,25,0,59
BRDA:432,25,1,234
BRDA:436,26,0,59
BRDA:436,26,1,234
BRDA:439,27,0,0
BRDA:439,27,1,59
BRDA:443,28,0,1
BRDA:443,28,1,58
BRDA:443,29,0,59
BRDA:443,29,1,59
BRDA:446,30,0,0
BRDA:446,30,1,1
BRDA:453,31,0,0
BRDA:453,31,1,0
BRDA:474,32,0,241
BRDA:474,32,1,0
BRDA:474,32,2,0
BRDA:481,33,0,0
BRDA:481,33,1,241
BRDA:511,34,0,241
BRDA:511,34,1,167
BRDA:530,35,0,241
BRDA:530,35,1,241
BRF:74
BRH:41
end_of_record
TN:
SF:/Users/karstens/Developer/Repo/Coral/coralui/node_modules/coralui-component-tabview/scripts/Coral.TabView.js
FN:17,(anonymous_1)
FN:68,(anonymous_2)
FN:71,(anonymous_3)
FN:74,(anonymous_4)
FN:109,(anonymous_5)
FN:117,(anonymous_6)
FN:132,(anonymous_7)
FNF:7
FNH:6
FNDA:1,(anonymous_1)
FNDA:4,(anonymous_2)
FNDA:1,(anonymous_3)
FNDA:1,(anonymous_4)
FNDA:2,(anonymous_5)
FNDA:0,(anonymous_6)
FNDA:10,(anonymous_7)
DA:17,1
DA:26,1
DA:34,1
DA:36,1
DA:69,4
DA:72,1
DA:75,1
DA:110,2
DA:119,0
DA:121,0
DA:122,0
DA:125,0
DA:126,0
DA:134,10
DA:137,10
DA:138,10
DA:141,10
DA:142,10
DA:144,10
DA:145,10
DA:148,10
DA:166,1
LF:22
LH:17
BRDA:75,1,0,1
BRDA:75,1,1,0
BRDA:119,2,0,0
BRDA:119,2,1,0
BRDA:125,3,0,0
BRDA:125,3,1,0
BRDA:125,4,0,0
BRDA:125,4,1,0
BRDA:137,5,0,10
BRDA:137,5,1,10
BRDA:138,6,0,10
BRDA:138,6,1,10
BRDA:141,7,0,10
BRDA:141,7,1,10
BRF:14
BRH:7
end_of_record
TN:
SF:/Users/karstens/Developer/Repo/Coral/coralui/node_modules/coralui-component-wizardview/scripts/Coral.WizardView.js
FN:17,(anonymous_1)
FN:53,(anonymous_2)
FN:67,(anonymous_3)
FN:81,(anonymous_4)
FN:95,(anonymous_5)
FN:104,(anonymous_6)
FN:123,(anonymous_7)
FN:132,(anonymous_8)
FN:144,(anonymous_9)
FN:156,(anonymous_10)
FN:177,(anonymous_11)
FN:211,(anonymous_12)
FN:225,(anonymous_13)
FN:272,(anonymous_14)
FN:274,(anonymous_15)
FN:278,(anonymous_16)
FN:288,(anonymous_17)
FN:298,(anonymous_18)
FN:308,(anonymous_19)
FN:318,(anonymous_20)
FN:324,(anonymous_21)
FN:334,(anonymous_22)
FN:352,(anonymous_23)
FNF:23
FNH:21
FNDA:1,(anonymous_1)
FNDA:113,(anonymous_2)
FNDA:0,(anonymous_3)
FNDA:300,(anonymous_4)
FNDA:0,(anonymous_5)
FNDA:863,(anonymous_6)
FNDA:42,(anonymous_7)
FNDA:2,(anonymous_8)
FNDA:1,(anonymous_9)
FNDA:56,(anonymous_10)
FNDA:167,(anonymous_11)
FNDA:697,(anonymous_12)
FNDA:371,(anonymous_13)
FNDA:66,(anonymous_14)
FNDA:110,(anonymous_15)
FNDA:117,(anonymous_16)
FNDA:26,(anonymous_17)
FNDA:17,(anonymous_18)
FNDA:26,(anonymous_19)
FNDA:12,(anonymous_20)
FNDA:26,(anonymous_21)
FNDA:7,(anonymous_22)
FNDA:3,(anonymous_23)
DA:17,1
DA:20,1
DA:55,113
DA:56,23
DA:65,113
DA:83,300
DA:84,26
DA:93,300
DA:106,863
DA:107,786
DA:111,77
DA:112,4
DA:115,73
DA:124,42
DA:134,2
DA:136,2
DA:146,1
DA:148,1
DA:157,56
DA:158,0
DA:162,56
DA:165,56
DA:168,56
DA:170,56
DA:178,167
DA:179,167
DA:180,28
DA:183,139
DA:184,139
DA:185,115
DA:189,24
DA:192,24
DA:193,50
DA:194,24
DA:195,24
DA:200,139
DA:212,697
DA:226,371
DA:228,371
DA:230,342
DA:234,29
DA:235,12
DA:237,17
DA:238,17
DA:242,371
DA:243,323
DA:245,119
DA:247,323
DA:250,48
DA:251,48
DA:254,0
DA:259,0
DA:260,0
DA:262,0
DA:263,0
DA:268,48
DA:273,66
DA:274,66
DA:275,110
DA:278,66
DA:279,117
DA:290,26
DA:292,26
DA:294,14
DA:297,12
DA:298,12
DA:299,17
DA:310,26
DA:312,26
DA:314,14
DA:317,12
DA:318,12
DA:319,12
DA:325,26
DA:326,26
DA:335,7
DA:336,7
DA:337,0
DA:341,7
DA:344,7
DA:353,3
DA:354,3
DA:355,0
DA:359,3
DA:362,3
LF:85
LH:77
BRDA:55,1,0,23
BRDA:55,1,1,90
BRDA:83,2,0,26
BRDA:83,2,1,274
BRDA:106,3,0,786
BRDA:106,3,1,77
BRDA:111,4,0,4
BRDA:111,4,1,73
BRDA:157,5,0,0
BRDA:157,5,1,56
BRDA:179,6,0,28
BRDA:179,6,1,139
BRDA:184,7,0,115
BRDA:184,7,1,24
BRDA:193,8,0,24
BRDA:193,8,1,26
BRDA:228,9,0,342
BRDA:228,9,1,29
BRDA:234,10,0,12
BRDA:234,10,1,17
BRDA:237,11,0,17
BRDA:237,11,1,0
BRDA:242,12,0,323
BRDA:242,12,1,48
BRDA:243,13,0,119
BRDA:243,13,1,204
BRDA:250,14,0,48
BRDA:250,14,1,0
BRDA:251,15,0,0
BRDA:251,15,1,48
BRDA:259,16,0,0
BRDA:259,16,1,0
BRDA:262,17,0,0
BRDA:262,17,1,0
BRDA:292,18,0,14
BRDA:292,18,1,12
BRDA:312,19,0,14
BRDA:312,19,1,12
BRDA:336,20,0,0
BRDA:336,20,1,7
BRDA:354,21,0,0
BRDA:354,21,1,3
BRF:42
BRH:32
end_of_record
