TN:
SF:/Users/karstens/Developer/Repo/Coral/coralui/node_modules/coralui-core/scripts/index.js
FN:18,(anonymous_1)
FNF:1
FNH:1
FNDA:1,(anonymous_1)
DA:18,1
DA:22,1
DA:23,1
LF:3
LH:3
BRDA:22,1,0,1
BRDA:22,1,1,0
BRDA:23,2,0,1
BRDA:23,2,1,1
BRDA:23,2,2,0
BRF:5
BRH:3
end_of_record
TN:
SF:/Users/karstens/Developer/Repo/Coral/coralui/node_modules/coralui-component/scripts/index.js
FNF:0
FNH:0
DA:22,1
DA:23,1
DA:24,1
DA:25,1
LF:4
LH:4
BRDA:22,1,0,1
BRDA:22,1,1,1
BRDA:23,2,0,1
BRDA:23,2,1,1
BRDA:24,3,0,1
BRDA:24,3,1,1
BRF:6
BRH:6
end_of_record
TN:
SF:/Users/karstens/Developer/Repo/Coral/coralui/node_modules/coralui-component/scripts/Coral.commons.js
FN:37,(anonymous_1)
FN:67,(anonymous_2)
FN:135,(anonymous_3)
FN:153,(anonymous_4)
FN:180,(anonymous_5)
FN:194,(anonymous_6)
FN:247,(anonymous_7)
FN:252,handleWebComponentsReady
FN:274,(anonymous_9)
FN:285,(anonymous_10)
FN:303,(anonymous_11)
FN:343,(anonymous_12)
FN:369,(anonymous_13)
FN:385,applyMixin
FN:409,(anonymous_15)
FN:434,(anonymous_16)
FN:446,(anonymous_17)
FN:451,(anonymous_18)
FN:454,noop
FN:457,returnFirst
FN:458,returnFirst
FN:475,isFunction
FN:490,(anonymous_23)
FN:520,(anonymous_24)
FN:540,(anonymous_25)
FN:544,ResizeEventTrigger
FN:550,(anonymous_27)
FN:560,(anonymous_28)
FN:579,(anonymous_29)
FN:594,(anonymous_30)
FN:598,(anonymous_31)
FN:611,(anonymous_32)
FN:638,(anonymous_33)
FNF:33
FNH:31
FNDA:743,(anonymous_1)
FNDA:525,(anonymous_2)
FNDA:172,(anonymous_3)
FNDA:0,(anonymous_4)
FNDA:1638,(anonymous_5)
FNDA:1638,(anonymous_6)
FNDA:1,(anonymous_7)
FNDA:1,handleWebComponentsReady
FNDA:2496,(anonymous_9)
FNDA:2496,(anonymous_10)
FNDA:332,(anonymous_11)
FNDA:643,(anonymous_12)
FNDA:1,(anonymous_13)
FNDA:55,applyMixin
FNDA:52,(anonymous_15)
FNDA:1,(anonymous_16)
FNDA:15972,(anonymous_17)
FNDA:1,(anonymous_18)
FNDA:0,noop
FNDA:45,returnFirst
FNDA:15086,returnFirst
FNDA:114,isFunction
FNDA:51,(anonymous_23)
FNDA:4,(anonymous_24)
FNDA:1,(anonymous_25)
FNDA:1,ResizeEventTrigger
FNDA:298,(anonymous_27)
FNDA:359,(anonymous_28)
FNDA:94,(anonymous_29)
FNDA:379,(anonymous_30)
FNDA:287,(anonymous_31)
FNDA:298,(anonymous_32)
FNDA:109,(anonymous_33)
DA:21,1
DA:37,1
DA:39,743
DA:40,743
DA:41,1158
DA:42,1158
DA:43,1300
DA:46,743
DA:67,1
DA:69,525
DA:70,525
DA:71,525
DA:72,525
DA:74,525
DA:75,452
DA:78,452
DA:81,525
DA:82,904
DA:84,904
DA:85,2802
DA:86,415
DA:88,398
DA:89,398
DA:90,397
DA:96,2387
DA:101,525
DA:135,1
DA:138,172
DA:139,172
DA:140,423
DA:142,172
DA:151,1
DA:153,0
DA:180,1
DA:183,1638
DA:184,1638
DA:185,1638
DA:186,1638
DA:187,1638
DA:193,1638
DA:194,1638
DA:195,1638
DA:197,1638
DA:198,1638
DA:200,1638
DA:203,1638
DA:206,1638
DA:215,1638
DA:216,1638
DA:217,1638
DA:218,1638
DA:222,1638
DA:224,1638
DA:227,1638
DA:231,0
DA:247,1
DA:251,1
DA:252,1
DA:253,1
DA:254,1
DA:274,1
DA:275,2496
DA:276,2
DA:277,2
DA:280,2496
DA:285,2496
DA:286,2496
DA:303,1
DA:306,332
DA:307,332
DA:309,332
DA:311,251
DA:312,251
DA:316,81
DA:317,108
DA:318,108
DA:319,108
DA:322,0
DA:327,81
DA:343,1
DA:346,643
DA:347,643
DA:349,643
DA:351,509
DA:355,134
DA:356,402
DA:358,402
DA:359,402
DA:362,0
DA:366,134
DA:369,1
DA:385,1
DA:386,55
DA:388,55
DA:389,53
DA:391,2
DA:392,2
DA:395,0
DA:409,1
DA:410,52
DA:411,47
DA:412,50
DA:416,5
DA:434,1
DA:437,1
DA:446,1
DA:447,15972
DA:451,1
DA:454,1
DA:457,1
DA:458,45
DA:459,15086
DA:460,15086
DA:461,15086
DA:475,1
DA:476,114
DA:490,1
DA:491,51
DA:492,51
DA:493,48
DA:497,51
DA:500,51
DA:502,51
DA:504,45
DA:506,6
DA:508,1
DA:510,5
DA:512,1
DA:515,4
DA:517,1
DA:520,4
DA:521,4
DA:522,4
DA:523,4
DA:526,4
DA:527,11
DA:528,11
DA:531,11
DA:532,4
DA:535,4
DA:540,1
DA:544,1
DA:546,1
DA:547,1
DA:550,1
DA:551,298
DA:552,7
DA:555,298
DA:556,298
DA:557,298
DA:558,298
DA:560,298
DA:561,359
DA:562,359
DA:563,359
DA:567,359
DA:572,298
DA:575,298
DA:576,298
DA:579,1
DA:580,94
DA:581,0
DA:584,94
DA:587,94
DA:588,1
DA:591,94
DA:594,1
DA:595,379
DA:597,379
DA:598,379
DA:599,287
DA:611,1
DA:612,298
DA:613,0
DA:616,298
DA:617,0
DA:618,0
DA:622,298
DA:623,298
DA:624,298
DA:627,298
DA:638,1
DA:639,109
DA:640,0
DA:643,109
DA:644,0
DA:645,0
DA:649,109
DA:650,15
DA:653,94
DA:656,94
DA:657,0
DA:660,94
DA:662,94
DA:663,94
DA:670,1
DA:671,1
DA:672,1
LF:198
LH:185
BRDA:21,1,0,1
BRDA:21,1,1,1
BRDA:74,2,0,452
BRDA:74,2,1,73
BRDA:85,3,0,415
BRDA:85,3,1,2387
BRDA:86,4,0,398
BRDA:86,4,1,17
BRDA:89,5,0,397
BRDA:89,5,1,1
BRDA:151,6,0,1
BRDA:151,6,1,0
BRDA:151,6,2,0
BRDA:151,6,3,0
BRDA:151,6,4,0
BRDA:197,7,0,1638
BRDA:197,7,1,0
BRDA:216,8,0,1638
BRDA:216,8,1,0
BRDA:222,9,0,1638
BRDA:222,9,1,0
BRDA:275,10,0,2
BRDA:275,10,1,2494
BRDA:309,11,0,251
BRDA:309,11,1,81
BRDA:318,12,0,108
BRDA:318,12,1,0
BRDA:349,13,0,509
BRDA:349,13,1,134
BRDA:358,14,0,402
BRDA:358,14,1,0
BRDA:358,15,0,402
BRDA:358,15,1,268
BRDA:388,16,0,53
BRDA:388,16,1,2
BRDA:391,17,0,2
BRDA:391,17,1,0
BRDA:391,18,0,2
BRDA:391,18,1,2
BRDA:410,19,0,47
BRDA:410,19,1,5
BRDA:492,20,0,48
BRDA:492,20,1,3
BRDA:502,21,0,45
BRDA:502,21,1,6
BRDA:502,22,0,51
BRDA:502,22,1,46
BRDA:506,23,0,1
BRDA:506,23,1,5
BRDA:510,24,0,1
BRDA:510,24,1,4
BRDA:515,25,0,1
BRDA:515,25,1,3
BRDA:531,26,0,4
BRDA:531,26,1,7
BRDA:546,27,0,1
BRDA:546,27,1,1
BRDA:547,28,0,1
BRDA:547,28,1,0
BRDA:551,29,0,7
BRDA:551,29,1,291
BRDA:580,30,0,0
BRDA:580,30,1,94
BRDA:587,31,0,1
BRDA:587,31,1,93
BRDA:587,32,0,94
BRDA:587,32,1,1
BRDA:595,33,0,379
BRDA:595,33,1,0
BRDA:597,34,0,379
BRDA:597,34,1,0
BRDA:612,35,0,0
BRDA:612,35,1,298
BRDA:616,36,0,0
BRDA:616,36,1,298
BRDA:622,37,0,298
BRDA:622,37,1,0
BRDA:622,38,0,298
BRDA:622,38,1,0
BRDA:639,39,0,0
BRDA:639,39,1,109
BRDA:643,40,0,0
BRDA:643,40,1,109
BRDA:649,41,0,15
BRDA:649,41,1,94
BRDA:649,42,0,109
BRDA:649,42,1,94
BRDA:656,43,0,0
BRDA:656,43,1,94
BRDA:662,44,0,94
BRDA:662,44,1,0
BRF:91
BRH:69
end_of_record
TN:
SF:/Users/karstens/Developer/Repo/Coral/coralui/node_modules/coralui-component/scripts/Coral.transform.js
FN:31,(anonymous_1)
FN:45,(anonymous_2)
FN:58,(anonymous_3)
FN:75,(anonymous_4)
FN:94,(anonymous_5)
FNF:5
FNH:5
FNDA:49389,(anonymous_1)
FNDA:5331,(anonymous_2)
FNDA:11998,(anonymous_3)
FNDA:13,(anonymous_4)
FNDA:31897,(anonymous_5)
DA:21,1
DA:31,1
DA:33,49389
DA:45,1
DA:47,5331
DA:58,1
DA:61,11998
DA:62,11998
DA:75,1
DA:78,13
DA:79,7
DA:82,6
DA:94,1
DA:96,31897
DA:97,219
DA:99,31678
LF:16
LH:16
BRDA:47,1,0,5331
BRDA:47,1,1,3997
BRDA:62,2,0,358
BRDA:62,2,1,11640
BRDA:78,3,0,7
BRDA:78,3,1,6
BRDA:96,4,0,219
BRDA:96,4,1,31678
BRDA:96,5,0,31897
BRDA:96,5,1,31793
BRDA:99,6,0,31627
BRDA:99,6,1,51
BRF:12
BRH:12
end_of_record
TN:
SF:/Users/karstens/Developer/Repo/Coral/coralui/node_modules/coralui-component/scripts/Coral.validate.js
FN:47,(anonymous_1)
FN:69,(anonymous_2)
FN:76,(anonymous_3)
FNF:3
FNH:3
FNDA:132364,(anonymous_1)
FNDA:171,(anonymous_2)
FNDA:35312,(anonymous_3)
DA:21,1
DA:47,1
DA:52,132364
DA:69,1
DA:73,171
DA:76,171
DA:77,35312
LF:7
LH:7
BRF:0
BRH:0
end_of_record
TN:
SF:/Users/karstens/Developer/Repo/Coral/coralui/node_modules/coralui-component/scripts/Coral.property.js
FN:39,(anonymous_1)
FN:45,setProxy
FN:50,getProxy
FN:55,(anonymous_4)
FN:60,(anonymous_5)
FN:67,(anonymous_6)
FN:71,(anonymous_7)
FN:112,(anonymous_8)
FN:118,(anonymous_9)
FN:121,(anonymous_10)
FN:127,(anonymous_11)
FN:158,(anonymous_12)
FN:167,(anonymous_13)
FN:171,(anonymous_14)
FN:174,(anonymous_15)
FN:184,(anonymous_16)
FN:227,(anonymous_17)
FNF:17
FNH:17
FNDA:9,(anonymous_1)
FNDA:145,setProxy
FNDA:638,getProxy
FNDA:9,(anonymous_4)
FNDA:1,(anonymous_5)
FNDA:1,(anonymous_6)
FNDA:1,(anonymous_7)
FNDA:4,(anonymous_8)
FNDA:4,(anonymous_9)
FNDA:15,(anonymous_10)
FNDA:19,(anonymous_11)
FNDA:39,(anonymous_12)
FNDA:39,(anonymous_13)
FNDA:1,(anonymous_14)
FNDA:1,(anonymous_15)
FNDA:7155,(anonymous_16)
FNDA:27416,(anonymous_17)
DA:21,1
DA:39,1
DA:43,9
DA:45,1
DA:47,145
DA:50,1
DA:52,638
DA:55,9
DA:56,9
DA:58,9
DA:60,1
DA:61,1
DA:64,1
DA:67,1
DA:68,1
DA:71,1
DA:73,1
DA:80,8
DA:81,8
DA:82,8
DA:85,9
DA:90,9
DA:93,9
DA:112,1
DA:115,4
DA:116,4
DA:118,4
DA:119,4
DA:125,15
DA:128,19
DA:135,4
DA:137,4
DA:158,1
DA:161,39
DA:162,39
DA:163,39
DA:164,39
DA:165,39
DA:167,39
DA:168,39
DA:170,24
DA:172,1
DA:175,1
DA:182,39
DA:185,7155
DA:186,0
DA:190,7155
DA:191,0
DA:197,7155
DA:199,7155
DA:200,7155
DA:201,7
DA:204,7155
DA:207,0
DA:208,0
DA:210,0
DA:213,0
DA:215,0
DA:220,7155
DA:223,7155
DA:224,236
DA:228,27416
DA:233,39
LF:63
LH:56
BRDA:58,1,0,1
BRDA:58,1,1,8
BRDA:73,2,0,1
BRDA:73,2,1,0
BRDA:90,3,0,0
BRDA:90,3,1,9
BRDA:125,4,0,6
BRDA:125,4,1,9
BRDA:125,5,0,15
BRDA:125,5,1,11
BRDA:135,6,0,0
BRDA:135,6,1,4
BRDA:168,7,0,24
BRDA:168,7,1,15
BRDA:185,8,0,0
BRDA:185,8,1,7155
BRDA:190,9,0,0
BRDA:190,9,1,7155
BRDA:190,10,0,7155
BRDA:190,10,1,7138
BRDA:197,11,0,7155
BRDA:197,11,1,0
BRDA:200,12,0,7
BRDA:200,12,1,7148
BRDA:200,13,0,7155
BRDA:200,13,1,7
BRDA:207,14,0,0
BRDA:207,14,1,0
BRDA:207,15,0,0
BRDA:207,15,1,0
BRDA:223,16,0,236
BRDA:223,16,1,6919
BRDA:227,17,0,39
BRDA:227,17,1,39
BRF:34
BRH:24
end_of_record
TN:
SF:/Users/karstens/Developer/Repo/Coral/coralui/node_modules/coralui-component/scripts/Coral.register.js
FN:73,(anonymous_1)
FN:88,noop
FN:90,passThrough
FN:99,makeValidate
FN:115,makeReflect
FN:122,doReflect
FN:147,makeTrigger
FN:158,doTrigger
FN:171,makeQueueSync
FN:187,doMultiSync
FN:193,doSync
FN:205,storeDescriptor
FN:271,makeGetter
FN:272,getter
FN:288,makeSetter
FN:289,setter
FN:302,(anonymous_17)
FN:339,makeBasicGetter
FN:348,getter
FN:353,makeBasicSetter
FN:362,setter
FN:377,defineProperties
FN:400,defineProperty
FN:439,getPrototypeOfTag
FN:473,(anonymous_25)
FN:567,(anonymous_26)
FN:658,(anonymous_27)
FN:659,(anonymous_28)
FN:683,handleAugmentPropertyCollision
FN:699,callBoth
FN:700,(anonymous_31)
FNF:31
FNH:31
FNDA:1,(anonymous_1)
FNDA:175273,noop
FNDA:110657,passThrough
FNDA:553,makeValidate
FNDA:553,makeReflect
FNDA:70947,doReflect
FNDA:1106,makeTrigger
FNDA:858,doTrigger
FNDA:553,makeQueueSync
FNDA:11782,doMultiSync
FNDA:58249,doSync
FNDA:556,storeDescriptor
FNDA:524,makeGetter
FNDA:601256,getter
FNDA:524,makeSetter
FNDA:142088,setter
FNDA:180880,(anonymous_17)
FNDA:216,makeBasicGetter
FNDA:441336,getter
FNDA:169,makeBasicSetter
FNDA:68088,setter
FNDA:187,defineProperties
FNDA:527,defineProperty
FNDA:13,getPrototypeOfTag
FNDA:187,(anonymous_25)
FNDA:32,(anonymous_26)
FNDA:59,(anonymous_27)
FNDA:125,(anonymous_28)
FNDA:145,handleAugmentPropertyCollision
FNDA:87,callBoth
FNDA:15509,(anonymous_31)
DA:18,1
DA:21,1
DA:23,0
DA:24,0
DA:27,0
DA:73,1
DA:77,1
DA:88,1
DA:90,1
DA:91,110657
DA:99,1
DA:100,553
DA:101,430
DA:104,123
DA:105,94
DA:108,29
DA:115,1
DA:116,553
DA:117,339
DA:120,214
DA:122,214
DA:124,70947
DA:126,32905
DA:130,38042
DA:131,3354
DA:136,38042
DA:137,31202
DA:147,1
DA:148,1106
DA:149,1064
DA:152,42
DA:153,23
DA:156,19
DA:158,19
DA:160,858
DA:171,1
DA:172,553
DA:173,553
DA:175,553
DA:176,300
DA:179,253
DA:181,21
DA:182,14
DA:185,7
DA:187,21
DA:189,11782
DA:193,232
DA:195,58249
DA:205,1
DA:207,556
DA:208,556
DA:210,9
DA:212,547
DA:214,5
DA:215,2
DA:218,3
DA:224,553
DA:227,553
DA:230,553
DA:231,553
DA:234,553
DA:235,121
DA:236,1089
DA:240,553
DA:241,553
DA:242,553
DA:243,553
DA:244,553
DA:245,553
DA:248,553
DA:251,553
DA:252,98
DA:256,455
DA:260,553
DA:271,1
DA:272,524
DA:274,601256
DA:288,1
DA:289,524
DA:290,142088
DA:291,142088
DA:295,142088
DA:298,142088
DA:301,142088
DA:302,142088
DA:303,180880
DA:307,142088
DA:308,19084
DA:311,123004
DA:312,36812
DA:313,36812
DA:315,1
DA:320,123003
DA:323,123000
DA:326,123000
DA:329,123000
DA:330,36808
DA:335,123000
DA:339,1
DA:340,216
DA:348,216
DA:349,441336
DA:353,1
DA:354,169
DA:362,169
DA:363,68088
DA:377,1
DA:379,187
DA:380,556
DA:382,29
DA:384,527
DA:400,1
DA:402,527
DA:406,52
DA:409,52
DA:410,0
DA:415,527
DA:420,524
DA:421,524
DA:424,524
DA:434,1
DA:439,1
DA:440,13
DA:441,13
DA:473,1
DA:475,187
DA:476,5
DA:480,187
DA:483,187
DA:484,187
DA:488,187
DA:490,187
DA:492,13
DA:496,187
DA:502,187
DA:504,187
DA:505,13
DA:508,13
DA:509,13
DA:510,17
DA:511,17
DA:515,13
DA:516,17
DA:517,331
DA:527,187
DA:528,187
DA:531,187
DA:534,187
DA:538,187
DA:541,187
DA:545,187
DA:546,187
DA:547,1466
DA:548,787
DA:554,187
DA:555,52
DA:567,187
DA:569,32
DA:570,1
DA:574,31
DA:576,2
DA:583,29
DA:592,29
DA:595,29
DA:598,29
DA:602,187
DA:603,616
DA:604,2
DA:610,187
DA:612,13
DA:616,174
DA:620,184
DA:624,184
DA:626,13
DA:631,184
DA:634,184
DA:636,184
DA:640,1
DA:641,1
DA:658,1
DA:659,59
DA:661,125
DA:663,6
DA:667,119
DA:675,119
DA:683,1
DA:684,145
DA:688,87
DA:691,58
DA:699,1
DA:700,87
DA:701,15509
DA:702,15509
LF:193
LH:189
BRDA:18,1,0,1
BRDA:18,1,1,0
BRDA:21,2,0,0
BRDA:21,2,1,1
BRDA:23,3,0,0
BRDA:23,3,1,0
BRDA:23,4,0,0
BRDA:23,4,1,0
BRDA:100,5,0,430
BRDA:100,5,1,123
BRDA:104,6,0,94
BRDA:104,6,1,29
BRDA:116,7,0,339
BRDA:116,7,1,214
BRDA:120,8,0,214
BRDA:120,8,1,187
BRDA:124,9,0,32905
BRDA:124,9,1,38042
BRDA:124,10,0,70947
BRDA:124,10,1,38267
BRDA:130,11,0,3354
BRDA:130,11,1,34688
BRDA:136,12,0,31202
BRDA:136,12,1,6840
BRDA:148,13,0,1064
BRDA:148,13,1,42
BRDA:152,14,0,23
BRDA:152,14,1,19
BRDA:175,15,0,300
BRDA:175,15,1,253
BRDA:175,16,0,553
BRDA:175,16,1,300
BRDA:179,17,0,21
BRDA:179,17,1,232
BRDA:181,18,0,14
BRDA:181,18,1,7
BRDA:208,19,0,9
BRDA:208,19,1,547
BRDA:208,20,0,556
BRDA:208,20,1,548
BRDA:212,21,0,5
BRDA:212,21,1,542
BRDA:214,22,0,2
BRDA:214,22,1,3
BRDA:214,23,0,5
BRDA:214,23,1,3
BRDA:224,24,0,553
BRDA:224,24,1,169
BRDA:227,25,0,553
BRDA:227,25,1,216
BRDA:234,26,0,121
BRDA:234,26,1,432
BRDA:242,27,0,553
BRDA:242,27,1,249
BRDA:243,28,0,553
BRDA:243,28,1,387
BRDA:251,29,0,98
BRDA:251,29,1,455
BRDA:307,30,0,19084
BRDA:307,30,1,123004
BRDA:311,31,0,36812
BRDA:311,31,1,86192
BRDA:313,32,0,1
BRDA:313,32,1,36811
BRDA:313,33,0,36812
BRDA:313,33,1,276
BRDA:329,34,0,36808
BRDA:329,34,1,86192
BRDA:380,35,0,29
BRDA:380,35,1,527
BRDA:402,36,0,52
BRDA:402,36,1,475
BRDA:409,37,0,0
BRDA:409,37,1,52
BRDA:440,38,0,13
BRDA:440,38,1,4
BRDA:475,39,0,5
BRDA:475,39,1,182
BRDA:475,40,0,187
BRDA:475,40,1,25
BRDA:480,41,0,187
BRDA:480,41,1,162
BRDA:488,42,0,112
BRDA:488,42,1,75
BRDA:490,43,0,13
BRDA:490,43,1,174
BRDA:504,44,0,13
BRDA:504,44,1,174
BRDA:509,45,0,30
BRDA:509,45,1,17
BRDA:547,46,0,787
BRDA:547,46,1,679
BRDA:554,47,0,52
BRDA:554,47,1,135
BRDA:569,48,0,1
BRDA:569,48,1,31
BRDA:574,49,0,2
BRDA:574,49,1,29
BRDA:603,50,0,2
BRDA:603,50,1,614
BRDA:610,51,0,13
BRDA:610,51,1,174
BRDA:624,52,0,13
BRDA:624,52,1,171
BRDA:661,53,0,6
BRDA:661,53,1,119
BRDA:672,54,0,119
BRDA:672,54,1,118
BRDA:684,55,0,71
BRDA:684,55,1,87
BRDA:684,55,2,58
BRF:111
BRH:104
end_of_record
TN:
SF:/Users/karstens/Developer/Repo/Coral/coralui/node_modules/coralui-component/scripts/Coral.mixin.js
FNF:0
FNH:0
DA:21,1
LF:1
LH:1
BRDA:21,1,0,1
BRDA:21,1,1,1
BRF:2
BRH:2
end_of_record
TN:
SF:/Users/karstens/Developer/Repo/Coral/coralui/node_modules/coralui-component/scripts/Coral.Keys.js
FN:17,(anonymous_1)
FN:155,filterInputs
FN:174,keyToCode
FN:192,normalizeCode
FN:200,keyComboToCodeString
FN:231,makeComboHandler
FN:289,handleKeyDown
FN:320,setCurrentKeyCombo
FN:335,handleKeyUp
FN:365,processSequences
FN:369,(anonymous_11)
FN:391,executeListeners
FN:482,on
FN:572,keySequenceStringToArray
FN:576,offByKeyComboString
FN:623,off
FN:677,resetSequence
FN:679,(anonymous_18)
FN:693,reset
FN:712,init
FN:736,destroy
FNF:21
FNH:21
FNDA:1,(anonymous_1)
FNDA:471,filterInputs
FNDA:29508,keyToCode
FNDA:879788,normalizeCode
FNDA:27135,keyComboToCodeString
FNDA:3222,makeComboHandler
FNDA:613,handleKeyDown
FNDA:1070,setCurrentKeyCombo
FNDA:879175,handleKeyUp
FNDA:532,processSequences
FNDA:132,(anonymous_11)
FNDA:1100,executeListeners
FNDA:25492,on
FNDA:9,keySequenceStringToArray
FNDA:1684,offByKeyComboString
FNDA:1633,off
FNDA:104,resetSequence
FNDA:4,(anonymous_18)
FNDA:117499,reset
FNDA:3220,init
FNDA:32,destroy
DA:17,1
DA:26,1
DA:37,1
DA:48,1
DA:59,1
DA:73,1
DA:132,1
DA:139,1
DA:155,1
DA:156,471
DA:157,471
DA:158,471
DA:159,471
DA:160,471
DA:174,1
DA:175,29508
DA:178,29508
DA:180,29508
DA:181,0
DA:185,29508
DA:192,1
DA:193,879788
DA:200,1
DA:201,27135
DA:231,1
DA:232,3222
DA:234,3222
DA:235,1
DA:239,3221
DA:242,3221
DA:247,3221
DA:252,3221
DA:257,3221
DA:263,3221
DA:269,3221
DA:275,3221
DA:281,3221
DA:287,3221
DA:289,1
DA:290,613
DA:291,613
DA:294,613
DA:297,613
DA:298,40
DA:301,573
DA:302,543
DA:304,543
DA:307,573
DA:310,573
DA:311,7
DA:314,573
DA:316,3
DA:320,1
DA:322,1070
DA:323,1070
DA:324,4280
DA:326,4280
DA:327,40
DA:332,1070
DA:335,1
DA:336,879175
DA:338,879175
DA:345,114462
DA:351,114462
DA:355,764713
DA:356,764713
DA:357,527
DA:360,527
DA:361,527
DA:365,1
DA:366,532
DA:369,532
DA:370,132
DA:372,47
DA:376,85
DA:379,132
DA:381,15
DA:384,15
DA:388,532
DA:391,1
DA:393,1100
DA:394,512
DA:398,588
DA:399,41
DA:402,547
DA:404,547
DA:407,547
DA:409,547
DA:410,547
DA:413,532
DA:416,547
DA:417,365
DA:420,547
DA:421,11
DA:424,547
DA:425,366
DA:426,476
DA:431,476
DA:434,119
DA:439,119
DA:440,44
DA:445,432
DA:446,432
DA:450,432
DA:452,432
DA:456,366
DA:457,150
DA:459,366
DA:460,150
DA:482,1
DA:484,25492
DA:486,2
DA:489,1
DA:490,1
DA:492,2
DA:493,4
DA:495,2
DA:498,25490
DA:500,1082
DA:501,1082
DA:503,24408
DA:504,24403
DA:506,19237
DA:507,19237
DA:511,5166
DA:512,5166
DA:513,5166
DA:517,25490
DA:518,0
DA:521,25490
DA:522,25490
DA:523,25490
DA:524,24404
DA:525,24404
DA:530,25490
DA:533,25490
DA:537,9
DA:540,9
DA:553,25481
DA:555,25481
DA:558,25480
DA:569,25489
DA:572,1
DA:573,9
DA:576,1
DA:577,1684
DA:578,1684
DA:580,1684
DA:581,1671
DA:583,14
DA:585,1657
DA:587,42
DA:589,45
DA:590,2
DA:591,2
DA:597,1615
DA:598,3059
DA:601,1615
DA:602,1615
DA:623,1
DA:624,1633
DA:625,29
DA:626,29
DA:629,1633
DA:630,1633
DA:631,1633
DA:632,1633
DA:633,1607
DA:634,1607
DA:637,1633
DA:639,2
DA:640,55
DA:644,2
DA:645,5
DA:646,1
DA:647,1
DA:651,2
DA:654,1631
DA:656,2
DA:657,12
DA:663,4
DA:664,4
DA:669,1629
DA:671,1629
DA:674,1631
DA:677,1
DA:678,104
DA:679,104
DA:681,4
DA:693,1
DA:696,117499
DA:697,117499
DA:699,117499
DA:712,1
DA:714,3220
DA:715,3220
DA:716,3220
DA:717,3220
DA:719,3220
DA:722,3220
DA:723,3220
DA:725,3220
DA:736,1
DA:737,32
DA:738,32
DA:739,32
DA:741,32
DA:742,32
DA:743,32
DA:745,32
DA:749,3221
DA:751,3218
DA:755,3221
DA:764,1
DA:766,1
DA:768,1
DA:775,1
DA:784,1
LF:218
LH:216
BRDA:160,1,0,471
BRDA:160,1,1,470
BRDA:178,2,0,29508
BRDA:178,2,1,2632
BRDA:180,3,0,0
BRDA:180,3,1,29508
BRDA:180,4,0,29508
BRDA:180,4,1,790
BRDA:185,5,0,29508
BRDA:185,5,1,790
BRDA:193,6,0,879788
BRDA:193,6,1,847988
BRDA:232,7,0,3222
BRDA:232,7,1,16
BRDA:234,8,0,1
BRDA:234,8,1,3221
BRDA:239,9,0,0
BRDA:239,9,1,3221
BRDA:247,10,0,3221
BRDA:247,10,1,141
BRDA:252,11,0,3221
BRDA:252,11,1,3220
BRDA:257,12,0,3221
BRDA:257,12,1,3220
BRDA:297,13,0,40
BRDA:297,13,1,573
BRDA:301,14,0,543
BRDA:301,14,1,30
BRDA:310,15,0,7
BRDA:310,15,1,566
BRDA:314,16,0,3
BRDA:314,16,1,570
BRDA:326,17,0,40
BRDA:326,17,1,4240
BRDA:338,18,0,114462
BRDA:338,18,1,764713
BRDA:356,19,0,527
BRDA:356,19,1,764186
BRDA:370,20,0,47
BRDA:370,20,1,85
BRDA:379,21,0,15
BRDA:379,21,1,117
BRDA:393,22,0,512
BRDA:393,22,1,588
BRDA:398,23,0,41
BRDA:398,23,1,547
BRDA:402,24,0,547
BRDA:402,24,1,0
BRDA:410,25,0,532
BRDA:410,25,1,15
BRDA:416,26,0,365
BRDA:416,26,1,182
BRDA:416,27,0,547
BRDA:416,27,1,385
BRDA:420,28,0,11
BRDA:420,28,1,536
BRDA:420,29,0,547
BRDA:420,29,1,532
BRDA:424,30,0,366
BRDA:424,30,1,181
BRDA:424,31,0,547
BRDA:424,31,1,547
BRDA:431,32,0,119
BRDA:431,32,1,357
BRDA:434,33,0,0
BRDA:434,33,1,119
BRDA:439,34,0,44
BRDA:439,34,1,75
BRDA:445,35,0,432
BRDA:445,35,1,0
BRDA:452,36,0,432
BRDA:452,36,1,331
BRDA:456,37,0,150
BRDA:456,37,1,216
BRDA:459,38,0,150
BRDA:459,38,1,216
BRDA:484,39,0,2
BRDA:484,39,1,25490
BRDA:486,40,0,1
BRDA:486,40,1,1
BRDA:489,41,0,1
BRDA:489,41,1,1
BRDA:498,42,0,1082
BRDA:498,42,1,24408
BRDA:498,43,0,25490
BRDA:498,43,1,1086
BRDA:503,44,0,24403
BRDA:503,44,1,5
BRDA:504,45,0,19237
BRDA:504,45,1,5166
BRDA:517,46,0,0
BRDA:517,46,1,25490
BRDA:523,47,0,24404
BRDA:523,47,1,1086
BRDA:530,48,0,19240
BRDA:530,48,1,6250
BRDA:533,49,0,9
BRDA:533,49,1,25481
BRDA:555,50,0,25481
BRDA:555,50,1,23766
BRDA:561,51,0,19240
BRDA:561,51,1,6240
BRDA:580,52,0,1671
BRDA:580,52,1,13
BRDA:580,53,0,1684
BRDA:580,53,1,1684
BRDA:581,54,0,14
BRDA:581,54,1,1657
BRDA:581,55,0,1671
BRDA:581,55,1,1670
BRDA:581,55,2,56
BRDA:585,56,0,42
BRDA:585,56,1,1615
BRDA:589,57,0,2
BRDA:589,57,1,43
BRDA:589,58,0,45
BRDA:589,58,1,44
BRDA:598,59,0,1615
BRDA:598,59,1,1444
BRDA:598,60,0,3059
BRDA:598,60,1,1615
BRDA:598,60,2,1615
BRDA:624,61,0,29
BRDA:624,61,1,1604
BRDA:632,62,0,1607
BRDA:632,62,1,26
BRDA:637,63,0,2
BRDA:637,63,1,1631
BRDA:637,64,0,1633
BRDA:637,64,1,2
BRDA:645,65,0,1
BRDA:645,65,1,4
BRDA:654,66,0,2
BRDA:654,66,1,1629
BRDA:657,67,0,4
BRDA:657,67,1,8
BRDA:658,68,0,12
BRDA:658,68,1,12
BRDA:658,68,2,4
BRDA:658,68,3,0
BRDA:658,68,4,4
BRDA:658,68,5,0
BRDA:658,68,6,4
BRDA:658,68,7,1
BRDA:749,69,0,3218
BRDA:749,69,1,3
BRF:146
BRH:138
end_of_record
TN:
SF:/Users/karstens/Developer/Repo/Coral/coralui/node_modules/coralui-component/scripts/Coral.i18n.js
FN:17,(anonymous_1)
FN:83,(anonymous_2)
FN:99,(anonymous_3)
FN:102,(anonymous_4)
FN:192,(anonymous_5)
FN:337,(anonymous_6)
FN:414,(anonymous_7)
FNF:7
FNH:6
FNDA:1,(anonymous_1)
FNDA:1,(anonymous_2)
FNDA:0,(anonymous_3)
FNDA:2,(anonymous_4)
FNDA:25,(anonymous_5)
FNDA:3686,(anonymous_6)
FNDA:337,(anonymous_7)
DA:17,1
DA:25,1
DA:83,1
DA:84,1
DA:86,1
DA:87,1
DA:91,1
DA:98,1
DA:100,0
DA:103,2
DA:112,1
DA:192,1
DA:193,25
DA:195,25
DA:196,25
DA:198,0
DA:200,25
DA:201,10
DA:202,0
DA:205,10
DA:206,10
DA:207,20
DA:208,20
DA:209,20
DA:211,20
DA:212,10
DA:214,20
DA:218,0
DA:222,15
DA:223,5
DA:224,5
DA:225,5
DA:226,5
DA:229,0
DA:233,10
DA:234,10
DA:235,10
DA:236,10
DA:237,10
DA:239,10
DA:240,10
DA:243,10
DA:246,0
DA:250,0
DA:253,25
DA:337,1
DA:338,3686
DA:340,1
DA:345,3685
DA:348,3685
DA:349,3685
DA:352,3685
DA:354,3685
DA:355,3685
DA:356,3685
DA:359,3685
DA:360,14
DA:363,14
DA:364,14
DA:365,28
DA:366,28
DA:367,0
DA:372,14
DA:373,8
DA:378,3671
DA:380,3671
DA:382,293
DA:384,3378
DA:385,0
DA:389,3671
DA:390,602
DA:395,3685
DA:396,301
DA:400,3685
DA:401,3685
DA:402,33165
DA:404,29516
DA:409,3685
DA:410,3376
DA:414,309
DA:415,337
DA:416,337
DA:423,1
DA:424,1
DA:430,1
LF:85
LH:76
BRDA:84,1,0,1
BRDA:84,1,1,0
BRDA:86,2,0,1
BRDA:86,2,1,0
BRDA:193,3,0,25
BRDA:193,3,1,1
BRDA:196,4,0,0
BRDA:196,4,1,25
BRDA:200,5,0,10
BRDA:200,5,1,15
BRDA:201,6,0,0
BRDA:201,6,1,10
BRDA:205,7,0,10
BRDA:205,7,1,0
BRDA:205,8,0,10
BRDA:205,8,1,10
BRDA:211,9,0,10
BRDA:211,9,1,10
BRDA:222,10,0,5
BRDA:222,10,1,10
BRDA:223,11,0,5
BRDA:223,11,1,0
BRDA:223,12,0,5
BRDA:223,12,1,5
BRDA:223,12,2,5
BRDA:223,12,3,5
BRDA:233,13,0,10
BRDA:233,13,1,0
BRDA:234,14,0,10
BRDA:234,14,1,0
BRDA:234,15,0,10
BRDA:234,15,1,10
BRDA:234,15,2,10
BRDA:239,16,0,10
BRDA:239,16,1,0
BRDA:338,17,0,1
BRDA:338,17,1,3685
BRDA:349,18,0,309
BRDA:349,18,1,3376
BRDA:359,19,0,14
BRDA:359,19,1,3671
BRDA:359,20,0,3685
BRDA:359,20,1,3685
BRDA:366,21,0,0
BRDA:366,21,1,28
BRDA:366,22,0,28
BRDA:366,22,1,28
BRDA:372,23,0,8
BRDA:372,23,1,6
BRDA:380,24,0,293
BRDA:380,24,1,3378
BRDA:384,25,0,0
BRDA:384,25,1,3378
BRDA:395,26,0,301
BRDA:395,26,1,3384
BRDA:402,27,0,29516
BRDA:402,27,1,3649
BRDA:402,28,0,33165
BRDA:402,28,1,33165
BRDA:404,29,0,29516
BRDA:404,29,1,25832
BRDA:409,30,0,3376
BRDA:409,30,1,309
BRDA:424,31,0,1
BRDA:424,31,1,1
BRF:65
BRH:54
end_of_record
TN:
SF:/Users/karstens/Developer/Repo/Coral/coralui/node_modules/coralui-component/scripts/Coral.Component.js
FN:19,(anonymous_1)
FN:32,getListenerFromMethodNameOrFunction
FN:67,(anonymous_3)
FN:82,(anonymous_4)
FN:104,(anonymous_5)
FN:250,(anonymous_6)
FN:252,(anonymous_7)
FN:255,(anonymous_8)
FN:308,(anonymous_9)
FN:318,(anonymous_10)
FN:331,(anonymous_11)
FN:344,(anonymous_12)
FN:356,(anonymous_13)
FN:383,(anonymous_14)
FN:417,(anonymous_15)
FN:440,(anonymous_16)
FN:459,(anonymous_17)
FN:589,(anonymous_18)
FN:617,(anonymous_19)
FN:652,(anonymous_20)
FN:671,(anonymous_21)
FN:690,(anonymous_22)
FN:742,(anonymous_23)
FN:753,(anonymous_24)
FN:808,(anonymous_25)
FN:842,(anonymous_26)
FN:851,(anonymous_27)
FN:865,(anonymous_28)
FNF:28
FNH:26
FNDA:1,(anonymous_1)
FNDA:63340,getListenerFromMethodNameOrFunction
FNDA:0,(anonymous_3)
FNDA:17,(anonymous_4)
FNDA:29656,(anonymous_5)
FNDA:4061,(anonymous_6)
FNDA:5677,(anonymous_7)
FNDA:5589,(anonymous_8)
FNDA:115,(anonymous_9)
FNDA:26004,(anonymous_10)
FNDA:26004,(anonymous_11)
FNDA:246062,(anonymous_12)
FNDA:95816,(anonymous_13)
FNDA:78542,(anonymous_14)
FNDA:63278,(anonymous_15)
FNDA:20067,(anonymous_16)
FNDA:29656,(anonymous_17)
FNDA:26004,(anonymous_18)
FNDA:26004,(anonymous_19)
FNDA:7488,(anonymous_20)
FNDA:8796,(anonymous_21)
FNDA:69102,(anonymous_22)
FNDA:2347,(anonymous_23)
FNDA:98418,(anonymous_24)
FNDA:93670,(anonymous_25)
FNDA:0,(anonymous_26)
FNDA:512,(anonymous_27)
FNDA:43,(anonymous_28)
DA:19,1
DA:22,1
DA:25,1
DA:32,1
DA:34,63340
DA:35,4
DA:37,63336
DA:38,63333
DA:39,0
DA:43,63333
DA:45,63333
DA:46,0
DA:50,63333
DA:52,3
DA:55,0
DA:59,3
DA:67,1
DA:68,0
DA:72,1
DA:75,1
DA:82,1
DA:83,17
DA:93,1
DA:104,1
DA:107,29656
DA:108,0
DA:113,29656
DA:115,29656
DA:118,29656
DA:122,29656
DA:125,29656
DA:128,29656
DA:129,23835
DA:133,29656
DA:136,29656
DA:137,8856
DA:140,29656
DA:141,29656
DA:142,29656
DA:143,29656
DA:144,29656
DA:147,29656
DA:151,29656
DA:154,29656
DA:155,129556
DA:157,129556
DA:159,10740
DA:163,129556
DA:166,129556
DA:170,29656
DA:171,129556
DA:172,129556
DA:175,129556
DA:177,129556
DA:179,4187
DA:180,4187
DA:184,4187
DA:185,2917
DA:189,4187
DA:190,4187
DA:192,5160
DA:194,13
DA:195,13
DA:201,129556
DA:203,125388
DA:204,7293
DA:208,118095
DA:210,676
DA:214,117419
DA:220,118095
DA:221,33071
DA:226,89192
DA:229,29656
DA:232,29656
DA:233,19188
DA:237,29656
DA:239,9974
DA:240,9974
DA:247,29656
DA:250,1
DA:251,4061
DA:252,4061
DA:253,5677
DA:255,5677
DA:257,5589
DA:258,3341
DA:261,3341
DA:262,3394
DA:263,3394
DA:265,6
DA:266,6
DA:308,1
DA:309,115
DA:318,1
DA:319,26004
DA:322,26004
DA:331,1
DA:332,26004
DA:335,26004
DA:344,1
DA:346,246062
DA:349,246062
DA:350,246062
DA:351,47910
DA:353,2
DA:356,47908
DA:358,95816
DA:359,95816
DA:360,95814
DA:365,47908
DA:367,15773
DA:372,246060
DA:373,0
DA:383,1
DA:384,78542
DA:385,89785
DA:388,89785
DA:389,89785
DA:394,26512
DA:398,89785
DA:401,78542
DA:402,20067
DA:403,20067
DA:417,1
DA:419,63278
DA:420,63278
DA:421,63278
DA:424,0
DA:427,63278
DA:428,6
DA:429,6
DA:430,1
DA:440,1
DA:441,20067
DA:444,20067
DA:446,63272
DA:449,20067
DA:459,1
DA:468,29656
DA:469,29656
DA:470,29656
DA:471,29656
DA:472,29656
DA:473,29656
DA:474,29656
DA:475,29656
DA:476,29656
DA:477,29656
DA:479,29656
DA:480,63340
DA:483,63340
DA:484,63340
DA:485,63340
DA:487,63340
DA:489,22544
DA:493,63340
DA:495,63340
DA:498,63337
DA:501,63337
DA:502,63337
DA:503,8284
DA:507,63337
DA:508,63337
DA:510,9946
DA:514,63337
DA:515,63337
DA:516,24490
DA:517,0
DA:519,24490
DA:523,63337
DA:524,63337
DA:525,1894
DA:526,0
DA:530,63337
DA:532,8284
DA:533,1695
DA:534,1695
DA:541,6589
DA:542,6589
DA:552,55053
DA:554,22795
DA:561,22795
DA:563,32258
DA:564,112
DA:565,0
DA:566,0
DA:567,0
DA:571,112
DA:575,32146
DA:589,1
DA:590,26004
DA:591,26004
DA:593,5069
DA:594,6193
DA:595,6193
DA:599,26004
DA:601,1603
DA:602,1603
DA:603,1603
DA:607,26004
DA:617,1
DA:618,26004
DA:619,26004
DA:621,5069
DA:622,6193
DA:623,6193
DA:627,26004
DA:629,1603
DA:630,1603
DA:631,1603
DA:635,26004
DA:652,1
DA:653,7488
DA:654,7488
DA:671,1
DA:672,8796
DA:673,8796
DA:690,1
DA:692,69102
DA:695,69102
DA:699,69102
DA:706,69102
DA:708,69102
DA:711,69102
DA:715,69102
DA:722,0
DA:727,0
DA:731,0
DA:734,69102
DA:742,1
DA:743,2347
DA:745,1308
DA:753,1
DA:756,98418
DA:758,98418
DA:759,96056
DA:762,1914
DA:764,94142
DA:767,94142
DA:770,0
DA:775,2362
DA:808,1
DA:809,93670
DA:810,93670
DA:811,93670
DA:813,93670
DA:815,89256
DA:816,89256
DA:817,89256
DA:820,4414
DA:821,4414
DA:824,4414
DA:825,9162
DA:827,9162
DA:831,93670
DA:842,1
DA:843,0
DA:851,1
DA:852,512
DA:853,480
DA:856,32
DA:857,32
DA:865,1
DA:866,43
DA:867,1
DA:870,42
DA:871,42
DA:875,1
DA:876,1
DA:877,230
DA:878,25
LF:271
LH:254
BRDA:34,1,0,4
BRDA:34,1,1,63336
BRDA:37,2,0,63333
BRDA:37,2,1,3
BRDA:38,3,0,0
BRDA:38,3,1,63333
BRDA:45,4,0,0
BRDA:45,4,1,63333
BRDA:52,5,0,0
BRDA:52,5,1,3
BRDA:107,6,0,0
BRDA:107,6,1,29656
BRDA:128,7,0,23835
BRDA:128,7,1,5821
BRDA:136,8,0,8856
BRDA:136,8,1,20800
BRDA:157,9,0,10740
BRDA:157,9,1,118816
BRDA:163,10,0,129556
BRDA:163,10,1,108919
BRDA:177,11,0,4187
BRDA:177,11,1,125369
BRDA:179,12,0,4187
BRDA:179,12,1,0
BRDA:184,13,0,2917
BRDA:184,13,1,1270
BRDA:189,14,0,4187
BRDA:189,14,1,0
BRDA:192,15,0,13
BRDA:192,15,1,5147
BRDA:201,16,0,125388
BRDA:201,16,1,4168
BRDA:203,17,0,7293
BRDA:203,17,1,118095
BRDA:208,18,0,676
BRDA:208,18,1,117419
BRDA:220,19,0,33071
BRDA:220,19,1,85024
BRDA:232,20,0,19188
BRDA:232,20,1,10468
BRDA:237,21,0,9974
BRDA:237,21,1,19682
BRDA:253,22,0,5677
BRDA:253,22,1,0
BRDA:257,23,0,3341
BRDA:257,23,1,2248
BRDA:263,24,0,6
BRDA:263,24,1,3388
BRDA:346,25,0,246062
BRDA:346,25,1,241326
BRDA:350,26,0,47910
BRDA:350,26,1,198152
BRDA:351,27,0,2
BRDA:351,27,1,47908
BRDA:359,28,0,95814
BRDA:359,28,1,2
BRDA:365,29,0,15773
BRDA:365,29,1,32135
BRDA:372,30,0,0
BRDA:372,30,1,246060
BRDA:389,31,0,26512
BRDA:389,31,1,63273
BRDA:401,32,0,20067
BRDA:401,32,1,58475
BRDA:420,33,0,63278
BRDA:420,33,1,0
BRDA:427,34,0,6
BRDA:427,34,1,63272
BRDA:429,35,0,1
BRDA:429,35,1,5
BRDA:487,36,0,22544
BRDA:487,36,1,40796
BRDA:495,37,0,63337
BRDA:495,37,1,3
BRDA:502,38,0,8284
BRDA:502,38,1,55053
BRDA:508,39,0,9946
BRDA:508,39,1,53391
BRDA:515,40,0,24490
BRDA:515,40,1,38847
BRDA:516,41,0,0
BRDA:516,41,1,24490
BRDA:524,42,0,1894
BRDA:524,42,1,61443
BRDA:525,43,0,0
BRDA:525,43,1,1894
BRDA:530,44,0,8284
BRDA:530,44,1,55053
BRDA:532,45,0,1695
BRDA:532,45,1,6589
BRDA:533,46,0,1695
BRDA:533,46,1,1695
BRDA:541,47,0,6589
BRDA:541,47,1,5414
BRDA:552,48,0,22795
BRDA:552,48,1,32258
BRDA:554,49,0,22795
BRDA:554,49,1,3079
BRDA:563,50,0,112
BRDA:563,50,1,32146
BRDA:564,51,0,0
BRDA:564,51,1,112
BRDA:591,52,0,5069
BRDA:591,52,1,20935
BRDA:599,53,0,1603
BRDA:599,53,1,24401
BRDA:619,54,0,5069
BRDA:619,54,1,20935
BRDA:627,55,0,1603
BRDA:627,55,1,24401
BRDA:692,56,0,69102
BRDA:692,56,1,69099
BRDA:695,57,0,69102
BRDA:695,57,1,69102
BRDA:715,58,0,0
BRDA:715,58,1,69102
BRDA:743,59,0,1308
BRDA:743,59,1,1039
BRDA:756,60,0,98418
BRDA:756,60,1,98418
BRDA:758,61,0,96056
BRDA:758,61,1,2362
BRDA:759,62,0,1914
BRDA:759,62,1,94142
BRDA:759,63,0,96056
BRDA:759,63,1,1915
BRDA:759,63,2,1914
BRDA:764,64,0,94142
BRDA:764,64,1,0
BRDA:764,65,0,94142
BRDA:764,65,1,94142
BRDA:813,66,0,89256
BRDA:813,66,1,4414
BRDA:852,67,0,480
BRDA:852,67,1,32
BRDA:866,68,0,1
BRDA:866,68,1,42
BRDA:877,69,0,25
BRDA:877,69,1,205
BRF:139
BRH:125
end_of_record
TN:
SF:/Users/karstens/Developer/Repo/Coral/coralui/node_modules/coralui-component-collection/scripts/Coral.Collection.js
FN:17,(anonymous_1)
FN:21,getTagSelector
FN:50,(anonymous_3)
FN:75,(anonymous_4)
FN:100,(anonymous_5)
FN:131,(anonymous_6)
FN:148,(anonymous_7)
FN:173,(anonymous_8)
FN:191,(anonymous_9)
FN:201,(anonymous_10)
FNF:10
FNH:10
FNDA:1,(anonymous_1)
FNDA:711,getTagSelector
FNDA:885,(anonymous_3)
FNDA:636,(anonymous_4)
FNDA:535,(anonymous_5)
FNDA:259,(anonymous_6)
FNDA:6511,(anonymous_7)
FNDA:212,(anonymous_8)
FNDA:339,(anonymous_9)
FNDA:30,(anonymous_10)
DA:17,1
DA:21,1
DA:22,711
DA:50,1
DA:51,885
DA:53,885
DA:54,885
DA:55,885
DA:56,885
DA:59,885
DA:60,885
DA:62,885
DA:63,885
DA:66,1
DA:76,636
DA:81,1
DA:83,1
DA:100,1
DA:102,535
DA:103,534
DA:105,115
DA:106,16
DA:109,99
DA:114,534
DA:116,534
DA:117,178
DA:120,534
DA:123,1
DA:131,1
DA:132,259
DA:134,259
DA:136,259
DA:137,186
DA:140,259
DA:148,1
DA:150,6511
DA:151,6508
DA:152,6508
DA:153,1344
DA:156,6508
DA:159,3
DA:173,1
DA:174,212
DA:175,209
DA:178,209
DA:179,10
DA:183,212
DA:191,1
DA:193,339
DA:201,1
DA:202,30
DA:203,29
DA:204,29
LF:53
LH:53
BRDA:22,1,0,2
BRDA:22,1,1,709
BRDA:51,2,0,885
BRDA:51,2,1,33
BRDA:56,3,0,885
BRDA:56,3,1,711
BRDA:59,4,0,885
BRDA:59,4,1,883
BRDA:102,5,0,534
BRDA:102,5,1,1
BRDA:102,6,0,535
BRDA:102,6,1,534
BRDA:103,7,0,115
BRDA:103,7,1,419
BRDA:105,8,0,16
BRDA:105,8,1,99
BRDA:114,9,0,534
BRDA:114,9,1,531
BRDA:116,10,0,178
BRDA:116,10,1,356
BRDA:116,11,0,534
BRDA:116,11,1,179
BRDA:150,12,0,6508
BRDA:150,12,1,3
BRDA:150,13,0,6511
BRDA:150,13,1,6508
BRDA:152,14,0,1344
BRDA:152,14,1,5164
BRDA:174,15,0,209
BRDA:174,15,1,3
BRDA:178,16,0,10
BRDA:178,16,1,199
BRDA:178,17,0,209
BRDA:178,17,1,11
BRDA:193,18,0,339
BRDA:193,18,1,50
BRDA:204,19,0,29
BRDA:204,19,1,1
BRF:38
BRH:38
end_of_record
TN:
SF:/Users/karstens/Developer/Repo/Coral/coralui/node_modules/coralui-mixin-overlay/scripts/Coral.mixin.overlay.js
FN:17,(anonymous_1)
FN:78,(anonymous_2)
FN:96,(anonymous_3)
FN:123,(anonymous_4)
FN:135,(anonymous_5)
FN:143,(anonymous_6)
FN:148,(anonymous_7)
FN:153,(anonymous_8)
FN:157,(anonymous_9)
FN:165,hideOrRepositionBackdrop
FN:172,(anonymous_11)
FN:202,doRepositionBackdrop
FN:226,cancelBackdropHide
FN:233,doBackdropHide
FN:237,(anonymous_15)
FN:241,(anonymous_16)
FN:256,doBackdropShow
FN:278,(anonymous_18)
FN:290,handleBackdropClick
FN:291,(anonymous_20)
FN:301,hideEverythingBut
FN:336,showEverything
FN:349,createDocumentTabCaptureEls
FN:356,(anonymous_24)
FN:369,(anonymous_25)
FN:397,hideDocumentTabCaptureEls
FN:418,(anonymous_27)
FN:498,(anonymous_28)
FN:522,(anonymous_29)
FN:526,(anonymous_30)
FN:582,(anonymous_31)
FN:605,(anonymous_32)
FN:608,(anonymous_33)
FN:639,(anonymous_34)
FN:642,(anonymous_35)
FN:680,(anonymous_36)
FN:693,(anonymous_37)
FN:710,(anonymous_38)
FN:722,(anonymous_39)
FN:737,(anonymous_40)
FN:758,(anonymous_41)
FN:769,(anonymous_42)
FN:779,(anonymous_43)
FN:792,(anonymous_44)
FN:822,(anonymous_45)
FN:841,(anonymous_46)
FN:857,(anonymous_47)
FN:877,(anonymous_48)
FN:895,(anonymous_49)
FN:900,(anonymous_50)
FNF:50
FNH:46
FNDA:1,(anonymous_1)
FNDA:361,(anonymous_2)
FNDA:165,(anonymous_3)
FNDA:408,(anonymous_4)
FNDA:47,(anonymous_5)
FNDA:321,(anonymous_6)
FNDA:165,(anonymous_7)
FNDA:143,(anonymous_8)
FNDA:1,(anonymous_9)
FNDA:196,hideOrRepositionBackdrop
FNDA:12,(anonymous_11)
FNDA:8,doRepositionBackdrop
FNDA:180,cancelBackdropHide
FNDA:135,doBackdropHide
FNDA:135,(anonymous_15)
FNDA:7,(anonymous_16)
FNDA:45,doBackdropShow
FNDA:45,(anonymous_18)
FNDA:1,handleBackdropClick
FNDA:2,(anonymous_20)
FNDA:53,hideEverythingBut
FNDA:135,showEverything
FNDA:54,createDocumentTabCaptureEls
FNDA:0,(anonymous_24)
FNDA:0,(anonymous_25)
FNDA:136,hideDocumentTabCaptureEls
FNDA:2068,(anonymous_27)
FNDA:2072,(anonymous_28)
FNDA:273,(anonymous_29)
FNDA:1945,(anonymous_30)
FNDA:1850,(anonymous_31)
FNDA:135,(anonymous_32)
FNDA:135,(anonymous_33)
FNDA:1715,(anonymous_34)
FNDA:1715,(anonymous_35)
FNDA:1578,(anonymous_36)
FNDA:1331,(anonymous_37)
FNDA:98,(anonymous_38)
FNDA:72,(anonymous_39)
FNDA:393,(anonymous_40)
FNDA:5,(anonymous_41)
FNDA:165,(anonymous_42)
FNDA:196,(anonymous_43)
FNDA:47,(anonymous_44)
FNDA:0,(anonymous_45)
FNDA:1,(anonymous_46)
FNDA:0,(anonymous_47)
FNDA:1,(anonymous_48)
FNDA:3,(anonymous_49)
FNDA:12,(anonymous_50)
DA:17,1
DA:22,1
DA:23,1
DA:24,1
DA:25,1
DA:28,1
DA:29,1
DA:32,1
DA:35,1
DA:42,1
DA:55,1
DA:68,1
DA:76,1
DA:77,1
DA:80,361
DA:82,361
DA:83,196
DA:87,165
DA:90,165
DA:93,165
DA:98,165
DA:103,165
DA:106,165
DA:107,165
DA:110,165
DA:112,165
DA:117,0
DA:120,165
DA:127,408
DA:128,239
DA:129,210
DA:132,198
DA:137,47
DA:140,47
DA:144,321
DA:145,321
DA:149,165
DA:150,165
DA:154,143
DA:158,1
DA:165,1
DA:166,196
DA:168,53
DA:172,143
DA:174,12
DA:175,8
DA:179,143
DA:181,135
DA:185,8
DA:190,143
DA:191,143
DA:192,136
DA:194,7
DA:195,7
DA:202,1
DA:204,8
DA:206,8
DA:209,8
DA:210,9
DA:211,8
DA:212,8
DA:217,8
DA:225,1
DA:226,1
DA:227,180
DA:233,1
DA:234,135
DA:237,135
DA:238,135
DA:240,135
DA:241,135
DA:242,7
DA:247,135
DA:250,135
DA:256,1
DA:257,45
DA:259,45
DA:260,1
DA:261,1
DA:262,1
DA:264,1
DA:265,1
DA:270,45
DA:273,45
DA:276,45
DA:277,45
DA:278,45
DA:281,45
DA:284,45
DA:290,1
DA:291,1
DA:292,2
DA:293,2
DA:301,1
DA:303,53
DA:304,53
DA:305,24279
DA:308,24279
DA:309,24226
DA:310,24226
DA:313,23762
DA:314,23762
DA:316,9595
DA:321,464
DA:325,14631
DA:330,53
DA:336,1
DA:338,135
DA:339,135
DA:340,61836
DA:342,61836
DA:349,1
DA:350,54
DA:351,1
DA:352,1
DA:353,1
DA:354,1
DA:355,1
DA:356,1
DA:357,0
DA:358,0
DA:360,0
DA:364,1
DA:365,1
DA:366,1
DA:367,1
DA:368,1
DA:369,1
DA:370,0
DA:371,0
DA:373,0
DA:378,53
DA:380,0
DA:383,53
DA:385,31
DA:390,54
DA:391,54
DA:397,1
DA:398,136
DA:399,136
DA:400,136
DA:405,1
DA:419,2068
DA:421,693
DA:422,693
DA:426,693
DA:427,693
DA:428,693
DA:429,693
DA:430,693
DA:431,693
DA:432,693
DA:433,693
DA:434,693
DA:435,693
DA:436,693
DA:437,693
DA:440,693
DA:441,693
DA:442,693
DA:443,693
DA:448,1375
DA:450,2
DA:451,2
DA:452,2
DA:453,2
DA:454,2
DA:455,2
DA:458,2
DA:459,2
DA:463,2068
DA:499,2072
DA:524,273
DA:528,1945
DA:529,1945
DA:532,1945
DA:535,163
DA:539,1782
DA:543,1945
DA:546,298
DA:550,158
DA:552,158
DA:554,104
DA:559,140
DA:561,140
DA:562,25
DA:564,3
DA:569,22
DA:571,22
DA:572,22
DA:573,22
DA:577,22
DA:583,1850
DA:585,1850
DA:586,135
DA:588,99
DA:595,34
DA:596,34
DA:597,34
DA:603,135
DA:605,135
DA:606,135
DA:608,135
DA:609,135
DA:610,72
DA:614,135
DA:616,65
DA:620,70
DA:627,135
DA:628,60
DA:630,75
DA:631,3
DA:632,3
DA:633,3
DA:639,1715
DA:640,1715
DA:642,1715
DA:643,1715
DA:645,1683
DA:647,1683
DA:648,131
DA:654,1715
DA:656,1049
DA:660,666
DA:679,1
DA:681,1578
DA:684,56
DA:686,56
DA:688,7
DA:694,1331
DA:695,6
DA:697,6
DA:699,2
DA:711,98
DA:713,98
DA:723,72
DA:725,72
DA:738,393
DA:740,0
DA:744,393
DA:745,392
DA:748,393
DA:749,393
DA:759,5
DA:760,5
DA:770,165
DA:780,196
DA:783,196
DA:793,47
DA:797,47
DA:798,45
DA:799,45
DA:803,47
DA:807,47
DA:808,2
DA:811,47
DA:812,47
DA:823,0
DA:825,0
DA:826,0
DA:829,0
DA:833,0
DA:842,1
DA:844,1
DA:847,1
DA:859,0
DA:860,0
DA:861,0
DA:865,0
DA:866,0
DA:868,0
DA:878,1
DA:879,1
DA:880,1
DA:881,1
DA:882,1
DA:886,0
DA:895,1
DA:897,3
DA:900,3
DA:901,12
DA:902,6
DA:904,6
DA:909,1
DA:913,1
DA:963,1
DA:964,1
DA:965,1
LF:288
LH:267
BRDA:82,1,0,196
BRDA:82,1,1,165
BRDA:98,2,0,165
BRDA:98,2,1,164
BRDA:112,3,0,0
BRDA:112,3,1,165
BRDA:128,4,0,210
BRDA:128,4,1,29
BRDA:140,5,0,2
BRDA:140,5,1,45
BRDA:145,6,0,284
BRDA:145,6,1,37
BRDA:150,7,0,12
BRDA:150,7,1,153
BRDA:166,8,0,53
BRDA:166,8,1,143
BRDA:174,9,0,8
BRDA:174,9,1,4
BRDA:179,10,0,135
BRDA:179,10,1,8
BRDA:191,11,0,136
BRDA:191,11,1,7
BRDA:191,12,0,143
BRDA:191,12,1,12
BRDA:191,13,0,12
BRDA:191,13,1,9
BRDA:194,14,0,7
BRDA:194,14,1,0
BRDA:194,15,0,7
BRDA:194,15,1,7
BRDA:194,15,2,7
BRDA:206,16,0,8
BRDA:206,16,1,0
BRDA:210,17,0,8
BRDA:210,17,1,1
BRDA:259,18,0,1
BRDA:259,18,1,44
BRDA:292,19,0,2
BRDA:292,19,1,0
BRDA:308,20,0,24226
BRDA:308,20,1,53
BRDA:308,21,0,24279
BRDA:308,21,1,24272
BRDA:310,22,0,23762
BRDA:310,22,1,464
BRDA:313,23,0,23762
BRDA:313,23,1,0
BRDA:314,24,0,9595
BRDA:314,24,1,14167
BRDA:342,25,0,61836
BRDA:342,25,1,134
BRDA:350,26,0,1
BRDA:350,26,1,53
BRDA:358,27,0,0
BRDA:358,27,1,0
BRDA:358,28,0,0
BRDA:358,28,1,0
BRDA:371,29,0,0
BRDA:371,29,1,0
BRDA:371,30,0,0
BRDA:371,30,1,0
BRDA:378,31,0,0
BRDA:378,31,1,53
BRDA:383,32,0,31
BRDA:383,32,1,22
BRDA:398,33,0,136
BRDA:398,33,1,0
BRDA:419,34,0,693
BRDA:419,34,1,1375
BRDA:421,35,0,693
BRDA:421,35,1,0
BRDA:448,36,0,2
BRDA:448,36,1,1373
BRDA:499,37,0,2072
BRDA:499,37,1,0
BRDA:524,38,0,156
BRDA:524,38,1,117
BRDA:532,39,0,163
BRDA:532,39,1,1782
BRDA:543,40,0,298
BRDA:543,40,1,1647
BRDA:546,41,0,158
BRDA:546,41,1,140
BRDA:552,42,0,104
BRDA:552,42,1,54
BRDA:554,43,0,104
BRDA:554,43,1,80
BRDA:554,44,0,71
BRDA:554,44,1,9
BRDA:561,45,0,25
BRDA:561,45,1,115
BRDA:561,46,0,140
BRDA:561,46,1,83
BRDA:562,47,0,3
BRDA:562,47,1,22
BRDA:562,48,0,25
BRDA:562,48,1,25
BRDA:585,49,0,135
BRDA:585,49,1,1715
BRDA:586,50,0,99
BRDA:586,50,1,36
BRDA:588,51,0,34
BRDA:588,51,1,65
BRDA:590,52,0,99
BRDA:590,52,1,92
BRDA:590,52,2,66
BRDA:609,53,0,72
BRDA:609,53,1,63
BRDA:609,54,0,135
BRDA:609,54,1,72
BRDA:614,55,0,65
BRDA:614,55,1,70
BRDA:627,56,0,60
BRDA:627,56,1,75
BRDA:630,57,0,3
BRDA:630,57,1,72
BRDA:631,58,0,0
BRDA:631,58,1,3
BRDA:632,59,0,3
BRDA:632,59,1,0
BRDA:643,60,0,1683
BRDA:643,60,1,32
BRDA:647,61,0,131
BRDA:647,61,1,1552
BRDA:654,62,0,1049
BRDA:654,62,1,666
BRDA:681,63,0,56
BRDA:681,63,1,1522
BRDA:686,64,0,7
BRDA:686,64,1,49
BRDA:694,65,0,6
BRDA:694,65,1,1325
BRDA:697,66,0,2
BRDA:697,66,1,4
BRDA:738,67,0,0
BRDA:738,67,1,393
BRDA:744,68,0,392
BRDA:744,68,1,1
BRDA:760,69,0,5
BRDA:760,69,1,5
BRDA:797,70,0,45
BRDA:797,70,1,2
BRDA:807,71,0,2
BRDA:807,71,1,45
BRDA:811,72,0,47
BRDA:811,72,1,0
BRDA:825,73,0,0
BRDA:825,73,1,0
BRDA:842,74,0,1
BRDA:842,74,1,0
BRDA:842,75,0,1
BRDA:842,75,1,1
BRDA:859,76,0,0
BRDA:859,76,1,0
BRDA:866,77,0,0
BRDA:866,77,1,0
BRDA:879,78,0,1
BRDA:879,78,1,0
BRDA:879,79,0,1
BRDA:879,79,1,0
BRDA:881,80,0,1
BRDA:881,80,1,0
BRDA:901,81,0,6
BRDA:901,81,1,6
BRDA:901,82,0,12
BRDA:901,82,1,9
BRF:166
BRH:135
end_of_record
TN:
SF:/Users/karstens/Developer/Repo/Coral/coralui/node_modules/coralui-mixin-selection/scripts/Coral.mixin.selectionList.js
FN:17,(anonymous_1)
FN:20,getTagSelector
FN:24,(anonymous_3)
FN:37,(anonymous_4)
FN:57,(anonymous_5)
FN:67,(anonymous_6)
FN:80,(anonymous_7)
FN:83,(anonymous_8)
FN:97,(anonymous_9)
FN:113,(anonymous_10)
FN:130,(anonymous_11)
FN:132,(anonymous_12)
FN:143,(anonymous_13)
FN:146,(anonymous_14)
FN:154,(anonymous_15)
FN:170,(anonymous_16)
FN:201,(anonymous_17)
FN:242,(anonymous_18)
FN:254,(anonymous_19)
FN:274,(anonymous_20)
FN:275,(anonymous_21)
FN:287,(anonymous_22)
FN:288,(anonymous_23)
FN:294,(anonymous_24)
FN:311,(anonymous_25)
FN:323,(anonymous_26)
FN:341,(anonymous_27)
FN:359,(anonymous_28)
FN:367,(anonymous_29)
FN:388,(anonymous_30)
FN:393,(anonymous_31)
FN:402,(anonymous_32)
FN:420,(anonymous_33)
FN:429,(anonymous_34)
FN:465,(anonymous_35)
FN:467,(anonymous_36)
FN:470,(anonymous_37)
FNF:37
FNH:36
FNDA:1,(anonymous_1)
FNDA:36,getTagSelector
FNDA:12,(anonymous_3)
FNDA:12,(anonymous_4)
FNDA:6930,(anonymous_5)
FNDA:1,(anonymous_6)
FNDA:991,(anonymous_7)
FNDA:0,(anonymous_8)
FNDA:23832,(anonymous_9)
FNDA:7,(anonymous_10)
FNDA:856,(anonymous_11)
FNDA:856,(anonymous_12)
FNDA:3968,(anonymous_13)
FNDA:5,(anonymous_14)
FNDA:12,(anonymous_15)
FNDA:6438,(anonymous_16)
FNDA:5573,(anonymous_17)
FNDA:54,(anonymous_18)
FNDA:54,(anonymous_19)
FNDA:1296,(anonymous_20)
FNDA:1296,(anonymous_21)
FNDA:965,(anonymous_22)
FNDA:965,(anonymous_23)
FNDA:1295,(anonymous_24)
FNDA:1209,(anonymous_25)
FNDA:1295,(anonymous_26)
FNDA:3811,(anonymous_27)
FNDA:1821,(anonymous_28)
FNDA:3153,(anonymous_29)
FNDA:4399,(anonymous_30)
FNDA:4991,(anonymous_31)
FNDA:7396,(anonymous_32)
FNDA:3811,(anonymous_33)
FNDA:3811,(anonymous_34)
FNDA:12,(anonymous_35)
FNDA:12,(anonymous_36)
FNDA:35,(anonymous_37)
DA:17,1
DA:20,1
DA:21,36
DA:24,1
DA:26,12
DA:27,12
DA:28,12
DA:29,12
DA:31,12
DA:32,12
DA:34,12
DA:37,1
DA:39,12
DA:40,12
DA:41,12
DA:42,12
DA:43,12
DA:44,12
DA:46,12
DA:58,6930
DA:60,235
DA:64,6695
DA:81,991
DA:99,23832
DA:101,1295
DA:102,1295
DA:108,1295
DA:111,23832
DA:131,856
DA:132,856
DA:133,856
DA:134,735
DA:141,12
DA:142,7
DA:143,7
DA:144,3968
DA:146,7
DA:151,12
DA:154,1
DA:156,12
DA:157,12
DA:159,12
DA:160,12
DA:162,12
DA:163,12
DA:164,12
DA:165,12
DA:167,12
DA:172,6438
DA:177,6438
DA:180,1841
DA:187,4597
DA:188,920
DA:190,4597
DA:193,4597
DA:195,4597
DA:202,5573
DA:205,5573
DA:206,0
DA:210,5573
DA:215,5573
DA:218,539
DA:221,539
DA:225,539
DA:228,5573
DA:246,54
DA:247,0
DA:254,54
DA:258,54
DA:260,3
DA:264,51
DA:275,1296
DA:276,1296
DA:277,1227
DA:288,965
DA:289,965
DA:295,1295
DA:297,1295
DA:298,332
DA:303,1295
DA:307,1295
DA:312,1209
DA:314,1096
DA:324,1295
DA:325,1295
DA:342,3811
DA:344,3811
DA:346,3811
DA:348,3811
DA:349,3153
DA:350,3153
DA:351,1821
DA:353,1821
DA:360,1821
DA:369,3153
DA:370,677
DA:374,2476
DA:375,2476
DA:376,2476
DA:377,2104
DA:379,372
DA:380,307
DA:383,65
DA:389,4399
DA:394,4991
DA:403,7396
DA:405,1250
DA:408,1250
DA:410,476
DA:412,476
DA:414,323
DA:421,3811
DA:422,1085
DA:425,2726
DA:430,3811
DA:465,1
DA:467,12
DA:470,12
DA:471,35
DA:475,12
DA:478,12
LF:121
LH:119
BRDA:21,1,0,0
BRDA:21,1,1,36
BRDA:28,2,0,12
BRDA:28,2,1,12
BRDA:41,3,0,12
BRDA:41,3,1,12
BRDA:43,4,0,12
BRDA:43,4,1,7
BRDA:58,5,0,235
BRDA:58,5,1,6695
BRDA:99,6,0,1295
BRDA:99,6,1,22537
BRDA:133,7,0,735
BRDA:133,7,1,121
BRDA:141,8,0,7
BRDA:141,8,1,5
BRDA:159,9,0,12
BRDA:159,9,1,12
BRDA:162,10,0,12
BRDA:162,10,1,2
BRDA:177,11,0,1841
BRDA:177,11,1,4597
BRDA:177,12,0,6438
BRDA:177,12,1,4641
BRDA:187,13,0,920
BRDA:187,13,1,3677
BRDA:205,14,0,0
BRDA:205,14,1,5573
BRDA:215,15,0,539
BRDA:215,15,1,5034
BRDA:246,16,0,0
BRDA:246,16,1,54
BRDA:258,17,0,3
BRDA:258,17,1,51
BRDA:258,18,0,54
BRDA:258,18,1,52
BRDA:276,19,0,1227
BRDA:276,19,1,69
BRDA:297,20,0,332
BRDA:297,20,1,963
BRDA:312,21,0,1096
BRDA:312,21,1,113
BRDA:348,22,0,3153
BRDA:348,22,1,658
BRDA:350,23,0,1821
BRDA:350,23,1,1332
BRDA:369,24,0,677
BRDA:369,24,1,2476
BRDA:369,25,0,3153
BRDA:369,25,1,1243
BRDA:376,26,0,2104
BRDA:376,26,1,372
BRDA:376,27,0,2476
BRDA:376,27,1,2164
BRDA:379,28,0,307
BRDA:379,28,1,65
BRDA:379,29,0,372
BRDA:379,29,1,312
BRDA:380,30,0,307
BRDA:380,30,1,123
BRDA:389,31,0,4399
BRDA:389,31,1,2645
BRDA:389,31,2,2644
BRDA:394,32,0,512
BRDA:394,32,1,4479
BRDA:403,33,0,1250
BRDA:403,33,1,6146
BRDA:408,34,0,476
BRDA:408,34,1,774
BRDA:412,35,0,323
BRDA:412,35,1,153
BRDA:421,36,0,1085
BRDA:421,36,1,2726
BRF:73
BRH:70
end_of_record
TN:
SF:/Users/karstens/Developer/Repo/Coral/coralui/node_modules/coralui-mixin-selection/scripts/Coral.mixin.selectionList.Collection.js
FN:17,(anonymous_1)
FN:20,getTagSelector
FN:45,(anonymous_3)
FN:61,(anonymous_4)
FN:65,(anonymous_5)
FN:94,(anonymous_6)
FN:98,(anonymous_7)
FN:116,(anonymous_8)
FN:133,(anonymous_9)
FN:137,(anonymous_10)
FN:141,(anonymous_11)
FN:145,(anonymous_12)
FN:149,(anonymous_13)
FN:159,(anonymous_14)
FN:163,(anonymous_15)
FN:168,(anonymous_16)
FN:172,(anonymous_17)
FN:179,(anonymous_18)
FN:183,(anonymous_19)
FN:199,(anonymous_20)
FN:210,(anonymous_21)
FN:221,(anonymous_22)
FNF:22
FNH:22
FNDA:1,(anonymous_1)
FNDA:33,getTagSelector
FNDA:1328,(anonymous_3)
FNDA:144,(anonymous_4)
FNDA:473,(anonymous_5)
FNDA:2953,(anonymous_6)
FNDA:520,(anonymous_7)
FNDA:38,(anonymous_8)
FNDA:3663,(anonymous_9)
FNDA:5,(anonymous_10)
FNDA:2255,(anonymous_11)
FNDA:236,(anonymous_12)
FNDA:7218,(anonymous_13)
FNDA:53,(anonymous_14)
FNDA:16,(anonymous_15)
FNDA:1228,(anonymous_16)
FNDA:1399,(anonymous_17)
FNDA:1832,(anonymous_18)
FNDA:10,(anonymous_19)
FNDA:23502,(anonymous_20)
FNDA:4226,(anonymous_21)
FNDA:9709,(anonymous_22)
DA:17,1
DA:20,1
DA:21,33
DA:45,1
DA:46,1328
DA:47,1328
DA:48,1328
DA:49,1328
DA:50,1328
DA:51,1328
DA:54,1328
DA:58,1
DA:61,1
DA:62,144
DA:65,1
DA:66,473
DA:67,473
DA:69,144
DA:70,144
DA:75,473
DA:76,473
DA:77,144
DA:79,144
DA:83,473
DA:87,473
DA:88,6
DA:91,473
DA:94,1
DA:95,2953
DA:98,1
DA:99,520
DA:101,520
DA:104,520
DA:106,520
DA:107,14
DA:112,506
DA:116,1
DA:117,38
DA:119,38
DA:123,38
DA:125,38
DA:126,14
DA:129,24
DA:133,1
DA:134,3663
DA:137,1
DA:138,5
DA:141,1
DA:142,2255
DA:145,1
DA:146,236
DA:149,1
DA:150,7218
DA:159,1
DA:160,53
DA:164,16
DA:168,1
DA:169,1228
DA:173,1399
DA:174,173
DA:179,1
DA:180,1832
DA:184,10
DA:199,1
DA:200,23502
DA:210,1
DA:211,4226
DA:221,1
DA:222,9709
DA:231,1
LF:70
LH:70
BRDA:21,1,0,0
BRDA:21,1,1,33
BRDA:50,2,0,1328
BRDA:50,2,1,33
BRDA:54,3,0,1328
BRDA:54,3,1,1326
BRDA:62,4,0,0
BRDA:62,4,1,144
BRDA:67,5,0,144
BRDA:67,5,1,329
BRDA:75,6,0,473
BRDA:75,6,1,144
BRDA:76,7,0,144
BRDA:76,7,1,329
BRDA:83,8,0,473
BRDA:83,8,1,466
BRDA:87,9,0,6
BRDA:87,9,1,467
BRDA:104,10,0,290
BRDA:104,10,1,230
BRDA:106,11,0,14
BRDA:106,11,1,506
BRDA:107,12,0,14
BRDA:107,12,1,0
BRDA:112,13,0,53
BRDA:112,13,1,453
BRDA:112,14,0,506
BRDA:112,14,1,206
BRDA:112,15,0,453
BRDA:112,15,1,153
BRDA:123,16,0,10
BRDA:123,16,1,28
BRDA:123,17,0,38
BRDA:123,17,1,34
BRDA:125,18,0,14
BRDA:125,18,1,24
BRDA:126,19,0,14
BRDA:126,19,1,0
BRDA:129,20,0,5
BRDA:129,20,1,19
BRDA:129,21,0,19
BRDA:129,21,1,0
BRDA:134,22,0,3663
BRDA:134,22,1,17
BRDA:138,23,0,5
BRDA:138,23,1,0
BRDA:146,24,0,236
BRDA:146,24,1,99
BRDA:150,25,0,7218
BRDA:150,25,1,3092
BRDA:173,26,0,173
BRDA:173,26,1,1226
BRF:52
BRH:46
end_of_record
TN:
SF:/Users/karstens/Developer/Repo/Coral/coralui/node_modules/coralui-mixin-selection/scripts/Coral.mixin.selectionList.Item.js
FN:17,(anonymous_1)
FN:20,(anonymous_2)
FN:42,(anonymous_3)
FN:46,(anonymous_4)
FN:60,(anonymous_5)
FN:82,(anonymous_6)
FN:103,(anonymous_7)
FN:110,(anonymous_8)
FN:125,(anonymous_9)
FN:133,(anonymous_10)
FN:141,(anonymous_11)
FN:163,(anonymous_12)
FN:164,(anonymous_13)
FN:167,(anonymous_14)
FNF:14
FNH:14
FNDA:1,(anonymous_1)
FNDA:12,(anonymous_2)
FNDA:7709,(anonymous_3)
FNDA:2236,(anonymous_4)
FNDA:7453,(anonymous_5)
FNDA:6283,(anonymous_6)
FNDA:2624,(anonymous_7)
FNDA:2607,(anonymous_8)
FNDA:12,(anonymous_9)
FNDA:4956,(anonymous_10)
FNDA:9692,(anonymous_11)
FNDA:12,(anonymous_12)
FNDA:12,(anonymous_13)
FNDA:4,(anonymous_14)
DA:17,1
DA:20,1
DA:22,12
DA:24,12
DA:43,7709
DA:50,2236
DA:51,2236
DA:52,2197
DA:53,2197
DA:54,2197
DA:58,2236
DA:75,7453
DA:76,7453
DA:77,0
DA:80,7453
DA:83,6283
DA:104,2624
DA:106,2624
DA:107,7
DA:111,2607
DA:118,12
DA:119,4
DA:122,12
DA:125,1
DA:127,12
DA:128,12
DA:129,12
DA:131,12
DA:134,4956
DA:135,4956
DA:136,0
DA:142,9692
DA:163,1
DA:164,12
DA:167,12
DA:168,4
DA:172,12
LF:37
LH:35
BRDA:43,1,0,7709
BRDA:43,1,1,2000
BRDA:51,2,0,2197
BRDA:51,2,1,39
BRDA:52,3,0,1233
BRDA:52,3,1,964
BRDA:53,4,0,2197
BRDA:53,4,1,0
BRDA:76,5,0,0
BRDA:76,5,1,7453
BRDA:76,6,0,7453
BRDA:76,6,1,1744
BRDA:106,7,0,7
BRDA:106,7,1,2617
BRDA:106,8,0,2624
BRDA:106,8,1,94
BRDA:118,9,0,4
BRDA:118,9,1,8
BRDA:127,10,0,12
BRDA:127,10,1,4
BRDA:135,11,0,0
BRDA:135,11,1,4956
BRF:22
BRH:19
end_of_record
TN:
SF:/Users/karstens/Developer/Repo/Coral/coralui/node_modules/coralui-mixin-formfield/scripts/Coral.mixin.formField.js
FN:17,(anonymous_1)
FN:38,(anonymous_2)
FN:57,(anonymous_3)
FN:93,(anonymous_4)
FN:112,(anonymous_5)
FN:146,(anonymous_6)
FN:149,(anonymous_7)
FN:188,(anonymous_8)
FN:199,(anonymous_9)
FN:217,(anonymous_10)
FN:239,(anonymous_11)
FN:243,(anonymous_12)
FN:266,(anonymous_13)
FN:273,(anonymous_14)
FN:341,(anonymous_15)
FN:343,(anonymous_16)
FN:386,(anonymous_17)
FNF:17
FNH:17
FNDA:1,(anonymous_1)
FNDA:2553,(anonymous_2)
FNDA:3632,(anonymous_3)
FNDA:2477,(anonymous_4)
FNDA:2436,(anonymous_5)
FNDA:294,(anonymous_6)
FNDA:124,(anonymous_7)
FNDA:366,(anonymous_8)
FNDA:13,(anonymous_9)
FNDA:87,(anonymous_10)
FNDA:127,(anonymous_11)
FNDA:203,(anonymous_12)
FNDA:12,(anonymous_13)
FNDA:60,(anonymous_14)
FNDA:29,(anonymous_15)
FNDA:33,(anonymous_16)
FNDA:48,(anonymous_17)
DA:17,1
DA:21,1
DA:23,1
DA:39,2553
DA:58,3632
DA:94,2477
DA:113,2436
DA:147,294
DA:152,124
DA:154,124
DA:156,124
DA:159,124
DA:160,61
DA:163,124
DA:164,65
DA:165,65
DA:166,53
DA:171,59
DA:178,1
DA:189,366
DA:192,366
DA:201,13
DA:203,13
DA:206,13
DA:207,12
DA:218,87
DA:219,83
DA:241,127
DA:243,127
DA:244,203
DA:245,203
DA:246,200
DA:248,200
DA:250,109
DA:251,88
DA:257,91
DA:267,12
DA:276,60
DA:281,1
DA:287,1
DA:293,1
DA:302,1
DA:341,1
DA:343,29
DA:345,33
DA:349,33
DA:351,0
DA:355,29
DA:358,29
DA:361,29
DA:362,29
DA:365,29
DA:366,29
DA:367,29
DA:368,153
DA:369,4
DA:370,4
DA:372,149
DA:375,29
DA:377,203
DA:378,20
DA:380,183
DA:384,29
DA:386,25
DA:387,48
DA:389,0
DA:392,48
DA:397,4
DA:404,25
LF:69
LH:67
BRDA:154,1,0,124
BRDA:154,1,1,43
BRDA:159,2,0,61
BRDA:159,2,1,63
BRDA:159,3,0,124
BRDA:159,3,1,61
BRDA:163,4,0,65
BRDA:163,4,1,59
BRDA:165,5,0,53
BRDA:165,5,1,12
BRDA:192,6,0,366
BRDA:192,6,1,36
BRDA:206,7,0,12
BRDA:206,7,1,1
BRDA:218,8,0,83
BRDA:218,8,1,4
BRDA:245,9,0,200
BRDA:245,9,1,3
BRDA:245,10,0,203
BRDA:245,10,1,200
BRDA:248,11,0,109
BRDA:248,11,1,91
BRDA:250,12,0,88
BRDA:250,12,1,21
BRDA:345,13,0,33
BRDA:345,13,1,0
BRDA:345,14,0,33
BRDA:345,14,1,24
BRDA:345,14,2,15
BRDA:345,14,3,6
BRDA:368,15,0,4
BRDA:368,15,1,149
BRDA:368,16,0,153
BRDA:368,16,1,151
BRDA:377,17,0,20
BRDA:377,17,1,183
BRDA:377,18,0,203
BRDA:377,18,1,28
BRDA:384,19,0,25
BRDA:384,19,1,4
BRDA:387,20,0,0
BRDA:387,20,1,48
BRDA:392,21,0,4
BRDA:392,21,1,44
BRDA:393,22,0,48
BRDA:393,22,1,46
BRDA:393,22,2,46
BRF:47
BRH:45
end_of_record
TN:
SF:/Users/karstens/Developer/Repo/Coral/coralui/node_modules/coralui-component-icon/scripts/Coral.Icon.js
FN:17,(anonymous_1)
FN:100,(anonymous_2)
FN:142,(anonymous_3)
FN:149,(anonymous_4)
FN:169,(anonymous_5)
FN:172,(anonymous_6)
FN:182,(anonymous_7)
FN:221,(anonymous_8)
FN:226,(anonymous_9)
FNF:9
FNH:9
FNDA:1,(anonymous_1)
FNDA:4820,(anonymous_2)
FNDA:14174,(anonymous_3)
FNDA:4679,(anonymous_4)
FNDA:266,(anonymous_5)
FNDA:4820,(anonymous_6)
FNDA:4893,(anonymous_7)
FNDA:4709,(anonymous_8)
FNDA:39833,(anonymous_9)
DA:17,1
DA:25,1
DA:32,1
DA:39,1
DA:48,1
DA:66,1
DA:70,1
DA:71,1
DA:72,7
DA:75,1
DA:102,4820
DA:105,4820
DA:107,3399
DA:109,8
DA:112,8
DA:113,8
DA:114,8
DA:115,8
DA:118,3391
DA:120,0
DA:121,0
DA:123,3391
DA:143,14174
DA:151,4679
DA:153,4679
DA:170,266
DA:173,4820
DA:183,4893
DA:186,4893
DA:187,4890
DA:188,4890
DA:189,8
DA:194,4893
DA:198,4893
DA:199,4893
DA:200,4893
DA:201,4893
DA:205,4893
DA:206,9
DA:207,9
DA:209,4884
DA:210,1590
DA:211,1590
DA:212,1590
DA:216,3294
DA:222,4709
DA:227,39833
DA:228,39833
DA:229,4
DA:230,4
DA:234,39829
DA:240,39829
DA:241,69
DA:248,1
LF:54
LH:52
BRDA:105,1,0,3399
BRDA:105,1,1,1421
BRDA:107,2,0,8
BRDA:107,2,1,3391
BRDA:112,3,0,8
BRDA:112,3,1,8
BRDA:118,4,0,0
BRDA:118,4,1,3391
BRDA:118,5,0,3391
BRDA:118,5,1,0
BRDA:143,6,0,14168
BRDA:143,6,1,6
BRDA:170,7,0,266
BRDA:170,7,1,259
BRDA:186,8,0,4890
BRDA:186,8,1,3
BRDA:188,9,0,8
BRDA:188,9,1,4882
BRDA:194,10,0,173
BRDA:194,10,1,4720
BRDA:194,11,0,4893
BRDA:194,11,1,4890
BRDA:194,12,0,4720
BRDA:194,12,1,4691
BRDA:194,13,0,5
BRDA:194,13,1,4686
BRDA:199,14,0,4893
BRDA:199,14,1,121
BRDA:199,14,2,120
BRDA:200,15,0,4893
BRDA:200,15,1,0
BRDA:201,16,0,9
BRDA:201,16,1,4884
BRDA:205,17,0,9
BRDA:205,17,1,4884
BRDA:209,18,0,1590
BRDA:209,18,1,3294
BRDA:211,19,0,1590
BRDA:211,19,1,0
BRDA:228,20,0,4
BRDA:228,20,1,39829
BRDA:240,21,0,69
BRDA:240,21,1,39760
BRDA:240,22,0,39829
BRDA:240,22,1,72
BRDA:240,22,2,72
BRDA:240,22,3,72
BRF:47
BRH:43
end_of_record
TN:
SF:/Users/karstens/Developer/Repo/Coral/coralui/node_modules/coralui-component-button/scripts/Coral.Button.js
FN:17,(anonymous_1)
FN:93,(anonymous_2)
FN:111,(anonymous_3)
FN:114,(anonymous_4)
FN:142,(anonymous_5)
FN:145,(anonymous_6)
FN:164,(anonymous_7)
FN:171,(anonymous_8)
FN:192,(anonymous_9)
FN:213,(anonymous_10)
FN:236,(anonymous_11)
FN:252,(anonymous_12)
FN:261,(anonymous_13)
FN:271,(anonymous_14)
FN:284,(anonymous_15)
FNF:15
FNH:15
FNDA:1,(anonymous_1)
FNDA:3351,(anonymous_2)
FNDA:12826,(anonymous_3)
FNDA:2529,(anonymous_4)
FNDA:3225,(anonymous_5)
FNDA:1474,(anonymous_6)
FNDA:6844,(anonymous_7)
FNDA:3420,(anonymous_8)
FNDA:3559,(anonymous_9)
FNDA:3750,(anonymous_10)
FNDA:4704,(anonymous_11)
FNDA:5836,(anonymous_12)
FNDA:3144,(anonymous_13)
FNDA:3418,(anonymous_14)
FNDA:3351,(anonymous_15)
DA:17,1
DA:26,1
DA:44,1
DA:48,1
DA:49,1
DA:50,7
DA:59,1
DA:66,1
DA:94,3351
DA:112,12826
DA:115,2529
DA:118,2529
DA:119,8
DA:122,2521
DA:123,2354
DA:126,2529
DA:143,3225
DA:146,1474
DA:165,6844
DA:172,3420
DA:174,3420
DA:193,3559
DA:195,3559
DA:214,3750
DA:216,3750
DA:237,4704
DA:240,4704
DA:242,4704
DA:254,5836
DA:255,5836
DA:256,5836
DA:257,5836
DA:263,3144
DA:267,3144
DA:273,3418
DA:276,3418
DA:286,3351
DA:289,3351
DA:292,3351
DA:293,90
DA:297,3351
DA:298,502
DA:300,502
DA:302,76
DA:303,76
DA:307,426
DA:311,3351
DA:313,3276
DA:317,3351
DA:320,3351
DA:324,1
DA:337,1
DA:338,1
LF:53
LH:53
BRDA:118,1,0,8
BRDA:118,1,1,2521
BRDA:122,2,0,2354
BRDA:122,2,1,167
BRDA:165,3,0,6844
BRDA:165,3,1,0
BRDA:174,4,0,12
BRDA:174,4,1,3408
BRDA:256,5,0,5836
BRDA:256,5,1,4615
BRDA:289,6,0,3351
BRDA:289,6,1,3261
BRDA:292,7,0,90
BRDA:292,7,1,3261
BRDA:300,8,0,76
BRDA:300,8,1,426
BRDA:311,9,0,3276
BRDA:311,9,1,75
BRF:18
BRH:17
end_of_record
TN:
SF:/Users/karstens/Developer/Repo/Coral/coralui/node_modules/coralui-component-anchorbutton/scripts/Coral.AnchorButton.js
FN:17,(anonymous_1)
FN:56,(anonymous_2)
FN:75,(anonymous_3)
FN:92,(anonymous_4)
FN:101,(anonymous_5)
FN:109,(anonymous_6)
FN:120,(anonymous_7)
FN:129,(anonymous_8)
FNF:8
FNH:8
FNDA:1,(anonymous_1)
FNDA:67,(anonymous_2)
FNDA:68,(anonymous_3)
FNDA:3,(anonymous_4)
FNDA:3,(anonymous_5)
FNDA:5,(anonymous_6)
FNDA:67,(anonymous_7)
FNDA:67,(anonymous_8)
DA:17,1
DA:21,1
DA:23,1
DA:57,67
DA:76,68
DA:93,3
DA:94,3
DA:95,3
DA:96,3
DA:102,3
DA:103,3
DA:104,3
DA:110,5
DA:111,1
DA:121,67
DA:122,67
DA:123,67
DA:125,67
DA:131,67
DA:134,67
DA:137,67
DA:138,20
DA:140,20
DA:142,10
DA:144,10
DA:146,3
DA:147,3
DA:151,7
DA:155,67
DA:157,64
DA:161,67
DA:164,67
DA:168,1
LF:33
LH:33
BRDA:77,1,0,2
BRDA:77,1,1,66
BRDA:93,2,0,3
BRDA:93,2,1,0
BRDA:102,3,0,3
BRDA:102,3,1,0
BRDA:110,4,0,1
BRDA:110,4,1,4
BRDA:134,5,0,67
BRDA:134,5,1,60
BRDA:140,6,0,10
BRDA:140,6,1,10
BRDA:144,7,0,3
BRDA:144,7,1,7
BRDA:155,8,0,64
BRDA:155,8,1,3
BRF:16
BRH:14
end_of_record
TN:
SF:/Users/karstens/Developer/Repo/Coral/coralui/node_modules/coralui-component-progress/scripts/Coral.Progress.js
FN:17,(anonymous_1)
FN:99,(anonymous_2)
FN:117,(anonymous_3)
FN:130,(anonymous_4)
FN:151,(anonymous_5)
FN:182,(anonymous_6)
FN:189,(anonymous_7)
FN:210,(anonymous_8)
FN:237,(anonymous_9)
FN:257,(anonymous_10)
FN:267,(anonymous_11)
FN:284,(anonymous_12)
FN:309,(anonymous_13)
FN:319,(anonymous_14)
FN:329,(anonymous_15)
FN:338,(anonymous_16)
FN:349,(anonymous_17)
FNF:17
FNH:17
FNDA:1,(anonymous_1)
FNDA:44,(anonymous_2)
FNDA:18,(anonymous_3)
FNDA:86,(anonymous_4)
FNDA:18,(anonymous_5)
FNDA:20,(anonymous_6)
FNDA:18,(anonymous_7)
FNDA:1,(anonymous_8)
FNDA:16,(anonymous_9)
FNDA:17,(anonymous_10)
FNDA:16,(anonymous_11)
FNDA:16,(anonymous_12)
FNDA:1,(anonymous_13)
FNDA:20,(anonymous_14)
FNDA:15,(anonymous_15)
FNDA:6,(anonymous_16)
FNDA:2,(anonymous_17)
DA:17,1
DA:26,1
DA:41,1
DA:52,1
DA:55,1
DA:62,1
DA:63,1
DA:64,3
DA:68,1
DA:69,1
DA:70,3
DA:73,1
DA:100,44
DA:103,44
DA:104,1
DA:108,44
DA:109,1
DA:111,43
DA:112,1
DA:115,44
DA:118,18
DA:120,18
DA:122,16
DA:124,16
DA:126,1
DA:131,86
DA:152,18
DA:154,2
DA:157,2
DA:158,2
DA:159,2
DA:163,16
DA:166,16
DA:167,16
DA:183,20
DA:190,18
DA:211,1
DA:212,1
DA:213,1
DA:214,1
DA:220,0
DA:238,16
DA:258,17
DA:259,17
DA:260,5
DA:269,16
DA:270,16
DA:271,16
DA:272,16
DA:275,16
DA:276,16
DA:286,16
DA:289,16
DA:293,16
DA:294,16
DA:295,1
DA:300,16
DA:303,16
DA:306,16
DA:311,1
DA:315,1
DA:320,20
DA:321,5
DA:324,15
DA:330,15
DA:331,15
DA:334,15
DA:339,6
DA:340,6
DA:342,6
DA:344,0
DA:350,2
DA:353,2
DA:354,2
DA:357,0
DA:375,1
DA:388,1
DA:389,1
LF:78
LH:75
BRDA:103,1,0,1
BRDA:103,1,1,43
BRDA:108,2,0,1
BRDA:108,2,1,43
BRDA:111,3,0,1
BRDA:111,3,1,42
BRDA:120,4,0,16
BRDA:120,4,1,2
BRDA:124,5,0,1
BRDA:124,5,1,15
BRDA:131,6,0,3
BRDA:131,6,1,83
BRDA:152,7,0,2
BRDA:152,7,1,16
BRDA:183,8,0,20
BRDA:183,8,1,0
BRDA:211,9,0,1
BRDA:211,9,1,0
BRDA:212,10,0,0
BRDA:212,10,1,1
BRDA:259,11,0,5
BRDA:259,11,1,12
BRDA:289,12,0,16
BRDA:289,12,1,16
BRDA:293,13,0,16
BRDA:293,13,1,0
BRDA:320,14,0,5
BRDA:320,14,1,15
BRDA:342,15,0,0
BRDA:342,15,1,6
BRDA:353,16,0,2
BRDA:353,16,1,0
BRF:32
BRH:26
end_of_record
TN:
SF:/Users/karstens/Developer/Repo/Coral/coralui/node_modules/coralui-component-wait/scripts/Coral.Wait.js
FN:17,(anonymous_1)
FN:79,(anonymous_2)
FN:86,(anonymous_3)
FN:107,(anonymous_4)
FN:126,(anonymous_5)
FN:140,(anonymous_6)
FNF:6
FNH:6
FNDA:1,(anonymous_1)
FNDA:26,(anonymous_2)
FNDA:23,(anonymous_3)
FNDA:23,(anonymous_4)
FNDA:24,(anonymous_5)
FNDA:23,(anonymous_6)
DA:17,1
DA:26,1
DA:39,1
DA:48,1
DA:52,1
DA:53,1
DA:54,2
DA:57,1
DA:80,26
DA:88,23
DA:108,23
DA:127,24
DA:130,24
DA:132,24
DA:133,2
DA:142,23
DA:143,0
DA:149,1
DA:150,1
LF:19
LH:18
BRDA:80,1,0,26
BRDA:80,1,1,0
BRDA:88,2,0,3
BRDA:88,2,1,20
BRDA:132,3,0,2
BRDA:132,3,1,22
BRDA:142,4,0,0
BRDA:142,4,1,23
BRF:8
BRH:6
end_of_record
TN:
SF:/Users/karstens/Developer/Repo/Coral/coralui/node_modules/coralui-component-buttongroup/scripts/Coral.ButtonGroup.js
FN:17,(anonymous_1)
FN:20,(anonymous_2)
FN:30,(anonymous_3)
FN:58,(anonymous_4)
FN:63,(anonymous_5)
FN:68,(anonymous_6)
FN:73,(anonymous_7)
FN:125,(anonymous_8)
FN:137,(anonymous_9)
FN:157,(anonymous_10)
FN:164,(anonymous_11)
FN:191,(anonymous_12)
FN:194,(anonymous_13)
FN:201,(anonymous_14)
FN:204,(anonymous_15)
FN:222,(anonymous_16)
FN:225,(anonymous_17)
FN:239,(anonymous_18)
FN:242,(anonymous_19)
FN:257,(anonymous_20)
FN:261,(anonymous_21)
FN:274,(anonymous_22)
FN:291,(anonymous_23)
FN:298,(anonymous_24)
FN:305,(anonymous_25)
FN:312,(anonymous_26)
FN:319,(anonymous_27)
FN:325,(anonymous_28)
FN:361,(anonymous_29)
FN:387,(anonymous_30)
FN:398,(anonymous_31)
FN:424,(anonymous_32)
FN:457,(anonymous_33)
FN:473,(anonymous_34)
FN:490,(anonymous_35)
FN:509,(anonymous_36)
FN:525,(anonymous_37)
FN:552,(anonymous_38)
FN:576,(anonymous_39)
FN:595,(anonymous_40)
FN:618,(anonymous_41)
FN:632,(anonymous_42)
FN:637,(anonymous_43)
FN:645,(anonymous_44)
FN:671,(anonymous_45)
FNF:45
FNH:43
FNDA:1,(anonymous_1)
FNDA:163,(anonymous_2)
FNDA:4,(anonymous_3)
FNDA:293,(anonymous_4)
FNDA:1040,(anonymous_5)
FNDA:723,(anonymous_6)
FNDA:24,(anonymous_7)
FNDA:1046,(anonymous_8)
FNDA:1,(anonymous_9)
FNDA:192,(anonymous_10)
FNDA:179,(anonymous_11)
FNDA:231,(anonymous_12)
FNDA:24,(anonymous_13)
FNDA:250,(anonymous_14)
FNDA:76,(anonymous_15)
FNDA:239,(anonymous_16)
FNDA:0,(anonymous_17)
FNDA:6,(anonymous_18)
FNDA:0,(anonymous_19)
FNDA:12,(anonymous_20)
FNDA:12,(anonymous_21)
FNDA:39,(anonymous_22)
FNDA:167,(anonymous_23)
FNDA:163,(anonymous_24)
FNDA:163,(anonymous_25)
FNDA:165,(anonymous_26)
FNDA:6,(anonymous_27)
FNDA:11,(anonymous_28)
FNDA:1073,(anonymous_29)
FNDA:418,(anonymous_30)
FNDA:418,(anonymous_31)
FNDA:106,(anonymous_32)
FNDA:2103,(anonymous_33)
FNDA:564,(anonymous_34)
FNDA:709,(anonymous_35)
FNDA:86,(anonymous_36)
FNDA:697,(anonymous_37)
FNDA:86,(anonymous_38)
FNDA:93,(anonymous_39)
FNDA:1024,(anonymous_40)
FNDA:14,(anonymous_41)
FNDA:36,(anonymous_42)
FNDA:8,(anonymous_43)
FNDA:163,(anonymous_44)
FNDA:163,(anonymous_45)
DA:17,1
DA:20,1
DA:21,163
DA:22,163
DA:23,163
DA:24,163
DA:25,163
DA:28,1
DA:30,1
DA:31,4
DA:32,4
DA:33,2
DA:35,2
DA:39,4
DA:40,4
DA:41,2
DA:43,2
DA:48,4
DA:51,4
DA:52,1
DA:55,4
DA:58,1
DA:59,293
DA:63,1
DA:64,1040
DA:68,1
DA:69,723
DA:73,1
DA:74,24
DA:83,1
DA:92,1
DA:127,1046
DA:128,163
DA:135,1046
DA:158,192
DA:162,192
DA:165,179
DA:166,50
DA:169,50
DA:173,50
DA:175,129
DA:176,43
DA:179,43
DA:182,86
DA:184,86
DA:192,231
DA:195,24
DA:202,250
DA:205,76
DA:206,1
DA:210,75
DA:223,239
DA:240,6
DA:258,12
DA:262,12
DA:263,1
DA:267,11
DA:268,1
DA:272,11
DA:275,39
DA:278,39
DA:279,39
DA:281,39
DA:282,46
DA:285,39
DA:292,167
DA:299,163
DA:306,163
DA:313,165
DA:321,6
DA:327,11
DA:329,11
DA:331,4
DA:334,4
DA:337,4
DA:338,2
DA:342,4
DA:345,4
DA:346,2
DA:349,7
DA:351,6
DA:353,6
DA:356,6
DA:362,1073
DA:365,1073
DA:366,655
DA:369,418
DA:370,418
DA:373,418
DA:375,418
DA:378,418
DA:381,418
DA:388,418
DA:390,418
DA:392,418
DA:393,418
DA:397,418
DA:398,418
DA:399,418
DA:401,13
DA:402,13
DA:403,0
DA:409,418
DA:410,299
DA:411,299
DA:415,418
DA:418,418
DA:426,106
DA:427,106
DA:428,235
DA:430,235
DA:433,4
DA:434,1
DA:436,4
DA:439,231
DA:440,231
DA:443,231
DA:444,138
DA:448,93
DA:451,231
DA:458,2103
DA:474,564
DA:492,709
DA:495,709
DA:496,85
DA:498,624
DA:499,76
DA:503,709
DA:504,543
DA:511,86
DA:512,86
DA:514,86
DA:515,86
DA:517,258
DA:520,258
DA:526,697
DA:527,185
DA:531,512
DA:532,207
DA:535,305
DA:536,305
DA:539,305
DA:540,72
DA:544,305
DA:545,305
DA:548,305
DA:554,86
DA:555,86
DA:557,86
DA:558,86
DA:560,155
DA:563,155
DA:564,4
DA:568,155
DA:569,6
DA:570,6
DA:578,93
DA:579,93
DA:580,93
DA:582,93
DA:584,279
DA:589,93
DA:590,279
DA:597,1024
DA:599,474
DA:602,474
DA:604,24
DA:606,24
DA:607,23
DA:611,450
DA:613,7
DA:616,7
DA:618,7
DA:619,14
DA:620,7
DA:633,36
DA:638,8
DA:647,163
DA:650,163
DA:653,163
DA:654,495
DA:655,495
DA:658,493
DA:662,2
DA:667,163
DA:673,163
DA:676,163
DA:677,163
DA:684,163
DA:685,163
DA:686,163
DA:687,64
DA:693,1
LF:193
LH:192
BRDA:32,1,0,2
BRDA:32,1,1,2
BRDA:39,2,0,4
BRDA:39,2,1,2
BRDA:40,3,0,2
BRDA:40,3,1,2
BRDA:48,4,0,4
BRDA:48,4,1,4
BRDA:51,5,0,1
BRDA:51,5,1,3
BRDA:127,6,0,163
BRDA:127,6,1,883
BRDA:165,7,0,50
BRDA:165,7,1,129
BRDA:175,8,0,43
BRDA:175,8,1,86
BRDA:205,9,0,1
BRDA:205,9,1,75
BRDA:240,10,0,6
BRDA:240,10,1,2
BRDA:262,11,0,1
BRDA:262,11,1,11
BRDA:267,12,0,1
BRDA:267,12,1,10
BRDA:267,13,0,11
BRDA:267,13,1,5
BRDA:292,14,0,167
BRDA:292,14,1,165
BRDA:299,15,0,163
BRDA:299,15,1,163
BRDA:329,16,0,4
BRDA:329,16,1,7
BRDA:337,17,0,2
BRDA:337,17,1,2
BRDA:337,18,0,4
BRDA:337,18,1,4
BRDA:345,19,0,2
BRDA:345,19,1,2
BRDA:349,20,0,6
BRDA:349,20,1,1
BRDA:365,21,0,655
BRDA:365,21,1,418
BRDA:378,22,0,75
BRDA:378,22,1,343
BRDA:399,23,0,13
BRDA:399,23,1,405
BRDA:402,24,0,0
BRDA:402,24,1,13
BRDA:409,25,0,299
BRDA:409,25,1,119
BRDA:430,26,0,4
BRDA:430,26,1,231
BRDA:433,27,0,1
BRDA:433,27,1,3
BRDA:439,28,0,231
BRDA:439,28,1,0
BRDA:443,29,0,138
BRDA:443,29,1,93
BRDA:444,30,0,104
BRDA:444,30,1,34
BRDA:474,31,0,555
BRDA:474,31,1,9
BRDA:492,32,0,703
BRDA:492,32,1,6
BRDA:495,33,0,85
BRDA:495,33,1,624
BRDA:495,34,0,709
BRDA:495,34,1,246
BRDA:498,35,0,76
BRDA:498,35,1,548
BRDA:498,36,0,624
BRDA:498,36,1,463
BRDA:503,37,0,543
BRDA:503,37,1,166
BRDA:526,38,0,185
BRDA:526,38,1,512
BRDA:531,39,0,207
BRDA:531,39,1,305
BRDA:539,40,0,72
BRDA:539,40,1,233
BRDA:563,41,0,4
BRDA:563,41,1,151
BRDA:568,42,0,6
BRDA:568,42,1,149
BRDA:597,43,0,474
BRDA:597,43,1,550
BRDA:602,44,0,24
BRDA:602,44,1,450
BRDA:606,45,0,23
BRDA:606,45,1,1
BRDA:611,46,0,7
BRDA:611,46,1,443
BRDA:613,47,0,7
BRDA:613,47,1,1
BRDA:619,48,0,7
BRDA:619,48,1,7
BRDA:655,49,0,493
BRDA:655,49,1,2
BRDA:655,50,0,495
BRDA:655,50,1,215
BRF:100
BRH:98
end_of_record
TN:
SF:/Users/karstens/Developer/Repo/Coral/coralui/node_modules/coralui-component-checkbox/scripts/Coral.Checkbox.js
FN:17,(anonymous_1)
FN:58,(anonymous_2)
FN:78,(anonymous_3)
FN:95,(anonymous_4)
FN:110,(anonymous_5)
FN:113,(anonymous_6)
FN:120,(anonymous_7)
FN:128,(anonymous_8)
FN:131,(anonymous_9)
FN:138,(anonymous_10)
FN:159,(anonymous_11)
FN:164,(anonymous_12)
FN:169,(anonymous_13)
FN:188,(anonymous_14)
FN:190,(anonymous_15)
FN:203,(anonymous_16)
FN:242,(anonymous_17)
FN:261,(anonymous_18)
FN:273,(anonymous_19)
FNF:19
FNH:19
FNDA:1,(anonymous_1)
FNDA:82,(anonymous_2)
FNDA:66,(anonymous_3)
FNDA:65,(anonymous_4)
FNDA:3,(anonymous_5)
FNDA:83,(anonymous_6)
FNDA:67,(anonymous_7)
FNDA:89,(anonymous_8)
FNDA:12,(anonymous_9)
FNDA:64,(anonymous_10)
FNDA:1,(anonymous_11)
FNDA:3,(anonymous_12)
FNDA:5,(anonymous_13)
FNDA:4,(anonymous_14)
FNDA:4,(anonymous_15)
FNDA:64,(anonymous_16)
FNDA:64,(anonymous_17)
FNDA:62,(anonymous_18)
FNDA:55,(anonymous_19)
DA:17,1
DA:20,1
DA:59,82
DA:60,82
DA:79,66
DA:80,66
DA:96,65
DA:111,3
DA:114,83
DA:121,67
DA:122,67
DA:129,89
DA:132,12
DA:139,64
DA:160,1
DA:165,3
DA:171,5
DA:173,5
DA:176,5
DA:179,5
DA:180,5
DA:190,4
DA:193,4
DA:194,1
DA:195,1
DA:205,64
DA:208,64
DA:211,64
DA:214,64
DA:215,6
DA:219,64
DA:221,64
DA:222,28
DA:223,28
DA:226,16
DA:230,12
DA:235,64
DA:238,64
DA:244,64
DA:247,64
DA:254,64
DA:262,62
DA:265,62
DA:268,62
DA:269,14
DA:275,55
DA:280,55
DA:284,1
LF:48
LH:48
BRDA:80,1,0,4
BRDA:80,1,1,62
BRDA:179,2,0,5
BRDA:179,2,1,0
BRDA:193,3,0,1
BRDA:193,3,1,3
BRDA:211,4,0,64
BRDA:211,4,1,58
BRDA:214,5,0,6
BRDA:214,5,1,58
BRDA:214,6,0,64
BRDA:214,6,1,64
BRDA:223,7,0,16
BRDA:223,7,1,12
BRDA:223,8,0,28
BRDA:223,8,1,12
BRDA:265,9,0,62
BRDA:265,9,1,62
BRDA:268,10,0,14
BRDA:268,10,1,48
BRF:20
BRH:19
end_of_record
TN:
SF:/Users/karstens/Developer/Repo/Coral/coralui/node_modules/coralui-component-radio/scripts/Coral.Radio.js
FN:17,(anonymous_1)
FN:53,(anonymous_2)
FN:74,(anonymous_3)
FN:89,(anonymous_4)
FN:92,(anonymous_5)
FN:99,(anonymous_6)
FN:107,(anonymous_7)
FN:110,(anonymous_8)
FN:117,(anonymous_9)
FN:138,(anonymous_10)
FN:143,(anonymous_11)
FN:153,(anonymous_12)
FN:162,(anonymous_13)
FN:174,(anonymous_14)
FN:185,(anonymous_15)
FN:198,(anonymous_16)
FN:216,(anonymous_17)
FNF:17
FNH:17
FNDA:1,(anonymous_1)
FNDA:90,(anonymous_2)
FNDA:67,(anonymous_3)
FNDA:14,(anonymous_4)
FNDA:96,(anonymous_5)
FNDA:69,(anonymous_6)
FNDA:233,(anonymous_7)
FNDA:21,(anonymous_8)
FNDA:66,(anonymous_9)
FNDA:1,(anonymous_10)
FNDA:3,(anonymous_11)
FNDA:150,(anonymous_12)
FNDA:16,(anonymous_13)
FNDA:67,(anonymous_14)
FNDA:60,(anonymous_15)
FNDA:66,(anonymous_16)
FNDA:66,(anonymous_17)
DA:17,1
DA:20,1
DA:54,90
DA:56,90
DA:59,90
DA:75,67
DA:90,14
DA:93,96
DA:100,69
DA:101,69
DA:108,233
DA:111,21
DA:118,66
DA:139,1
DA:144,3
DA:156,150
DA:158,10
DA:164,16
DA:175,67
DA:177,67
DA:179,67
DA:180,10
DA:186,60
DA:189,60
DA:194,60
DA:200,66
DA:203,66
DA:210,66
DA:218,66
DA:221,66
DA:224,66
DA:227,66
DA:228,3
DA:232,66
DA:234,66
DA:235,19
DA:236,19
DA:239,10
DA:243,9
DA:248,66
DA:251,66
DA:255,1
LF:42
LH:42
BRDA:156,1,0,10
BRDA:156,1,1,140
BRDA:156,2,0,150
BRDA:156,2,1,110
BRDA:156,2,2,31
BRDA:177,3,0,67
BRDA:177,3,1,67
BRDA:179,4,0,10
BRDA:179,4,1,57
BRDA:224,5,0,66
BRDA:224,5,1,63
BRDA:227,6,0,3
BRDA:227,6,1,63
BRDA:227,7,0,66
BRDA:227,7,1,66
BRDA:236,8,0,10
BRDA:236,8,1,9
BRDA:236,9,0,19
BRDA:236,9,1,9
BRF:19
BRH:19
end_of_record
TN:
SF:/Users/karstens/Developer/Repo/Coral/coralui/node_modules/coralui-component-textfield/scripts/Coral.Textfield.js
FN:17,(anonymous_1)
FN:64,(anonymous_2)
FN:81,(anonymous_3)
FNF:3
FNH:3
FNDA:1,(anonymous_1)
FNDA:1061,(anonymous_2)
FNDA:1038,(anonymous_3)
DA:17,1
DA:25,1
DA:33,1
DA:37,1
DA:38,1
DA:39,2
DA:42,1
DA:65,1061
DA:83,1038
DA:85,1038
DA:86,342
DA:94,1
LF:12
LH:12
BRDA:85,1,0,342
BRDA:85,1,1,696
BRF:2
BRH:2
end_of_record
TN:
SF:/Users/karstens/Developer/Repo/Coral/coralui/node_modules/coralui-component-textarea/scripts/Coral.Textarea.js
FN:17,(anonymous_1)
FN:67,(anonymous_2)
FN:85,(anonymous_3)
FN:106,(anonymous_4)
FN:112,(anonymous_5)
FNF:5
FNH:5
FNDA:1,(anonymous_1)
FNDA:38,(anonymous_2)
FNDA:38,(anonymous_3)
FNDA:3,(anonymous_4)
FNDA:42,(anonymous_5)
DA:17,1
DA:20,1
DA:27,1
DA:36,1
DA:37,1
DA:38,2
DA:41,1
DA:68,38
DA:87,38
DA:89,38
DA:90,4
DA:93,38
DA:94,4
DA:97,34
DA:100,38
DA:108,3
DA:113,42
DA:114,8
DA:115,8
DA:121,1
LF:20
LH:20
BRDA:89,1,0,4
BRDA:89,1,1,34
BRDA:93,2,0,4
BRDA:93,2,1,34
BRDA:113,3,0,8
BRDA:113,3,1,34
BRF:6
BRH:6
end_of_record
TN:
SF:/Users/karstens/Developer/Repo/Coral/coralui/node_modules/coralui-component-accordion/scripts/Coral.Accordion.js
FN:17,(anonymous_1)
FN:108,(anonymous_2)
FN:120,(anonymous_3)
FN:125,(anonymous_4)
FN:133,(anonymous_5)
FN:140,(anonymous_6)
FN:155,(anonymous_7)
FN:198,(anonymous_8)
FN:205,(anonymous_9)
FN:212,(anonymous_10)
FN:225,(anonymous_11)
FN:240,(anonymous_12)
FN:245,(anonymous_13)
FN:250,(anonymous_14)
FN:255,(anonymous_15)
FN:266,(anonymous_16)
FN:273,(anonymous_17)
FN:282,(anonymous_18)
FNF:18
FNH:12
FNDA:1,(anonymous_1)
FNDA:32,(anonymous_2)
FNDA:50,(anonymous_3)
FNDA:92,(anonymous_4)
FNDA:0,(anonymous_5)
FNDA:0,(anonymous_6)
FNDA:0,(anonymous_7)
FNDA:0,(anonymous_8)
FNDA:0,(anonymous_9)
FNDA:2,(anonymous_10)
FNDA:0,(anonymous_11)
FNDA:7,(anonymous_12)
FNDA:10,(anonymous_13)
FNDA:368,(anonymous_14)
FNDA:67,(anonymous_15)
FNDA:452,(anonymous_16)
FNDA:2,(anonymous_17)
FNDA:32,(anonymous_18)
DA:17,1
DA:21,1
DA:22,1
DA:23,1
DA:24,1
DA:32,1
DA:42,1
DA:45,1
DA:46,1
DA:47,3
DA:50,1
DA:109,32
DA:111,32
DA:112,0
DA:121,50
DA:122,50
DA:125,50
DA:126,92
DA:134,0
DA:135,0
DA:136,0
DA:141,0
DA:142,0
DA:143,0
DA:157,0
DA:158,0
DA:160,0
DA:164,0
DA:165,0
DA:166,0
DA:167,0
DA:169,0
DA:173,0
DA:174,0
DA:175,0
DA:177,0
DA:178,0
DA:179,0
DA:181,0
DA:185,0
DA:186,0
DA:187,0
DA:189,0
DA:190,0
DA:191,0
DA:193,0
DA:199,0
DA:200,0
DA:201,0
DA:206,0
DA:207,0
DA:208,0
DA:214,2
DA:215,2
DA:216,2
DA:217,2
DA:219,2
DA:220,2
DA:226,0
DA:227,0
DA:229,0
DA:230,0
DA:231,0
DA:241,7
DA:246,10
DA:251,368
DA:256,67
DA:268,452
DA:269,452
DA:274,2
DA:275,2
DA:278,2
DA:283,32
DA:301,1
LF:74
LH:34
BRDA:111,1,0,0
BRDA:111,1,1,32
BRDA:160,2,0,0
BRDA:160,2,1,0
BRDA:160,2,2,0
BRDA:160,2,3,0
BRDA:164,3,0,0
BRDA:164,3,1,0
BRDA:164,4,0,0
BRDA:164,4,1,0
BRDA:173,5,0,0
BRDA:173,5,1,0
BRDA:173,6,0,0
BRDA:173,6,1,0
BRDA:185,7,0,0
BRDA:185,7,1,0
BRDA:185,8,0,0
BRDA:185,8,1,0
BRDA:215,9,0,2
BRDA:215,9,1,0
BRDA:269,10,0,65
BRDA:269,10,1,387
BRDA:274,11,0,2
BRDA:274,11,1,0
BRF:24
BRH:5
end_of_record
TN:
SF:/Users/karstens/Developer/Repo/Coral/coralui/node_modules/coralui-component-accordion/scripts/Coral.Accordion.Item.js
FN:17,(anonymous_1)
FN:58,(anonymous_2)
FN:74,(anonymous_3)
FN:81,(anonymous_4)
FN:109,(anonymous_5)
FN:121,(anonymous_6)
FN:137,(anonymous_7)
FN:142,(anonymous_8)
FN:151,(anonymous_9)
FNF:9
FNH:9
FNDA:1,(anonymous_1)
FNDA:67,(anonymous_2)
FNDA:67,(anonymous_3)
FNDA:79,(anonymous_4)
FNDA:68,(anonymous_5)
FNDA:88,(anonymous_6)
FNDA:2,(anonymous_7)
FNDA:67,(anonymous_8)
FNDA:67,(anonymous_9)
DA:17,1
DA:21,1
DA:26,1
DA:59,67
DA:75,67
DA:82,79
DA:84,79
DA:86,79
DA:87,79
DA:89,79
DA:91,79
DA:93,79
DA:94,12
DA:99,67
DA:101,67
DA:110,68
DA:112,68
DA:114,68
DA:122,88
DA:123,1
DA:126,87
DA:138,2
DA:143,67
DA:144,67
DA:145,67
DA:153,67
DA:156,67
DA:158,67
DA:162,67
DA:163,67
DA:166,67
DA:167,165
DA:168,165
DA:171,135
DA:175,30
DA:180,67
DA:184,1
DA:195,1
LF:38
LH:38
BRDA:93,1,0,12
BRDA:93,1,1,67
BRDA:94,2,0,3
BRDA:94,2,1,9
BRDA:99,3,0,6
BRDA:99,3,1,61
BRDA:122,4,0,1
BRDA:122,4,1,87
BRDA:126,5,0,33
BRDA:126,5,1,54
BRDA:156,6,0,67
BRDA:156,6,1,16
BRDA:158,7,0,67
BRDA:158,7,1,27
BRDA:168,8,0,135
BRDA:168,8,1,30
BRDA:168,9,0,165
BRDA:168,9,1,37
BRF:18
BRH:18
end_of_record
TN:
SF:/Users/karstens/Developer/Repo/Coral/coralui/node_modules/coralui-component-dialog/scripts/Coral.Dialog.js
FN:17,(anonymous_1)
FN:184,(anonymous_2)
FN:200,(anonymous_3)
FN:216,(anonymous_4)
FN:236,(anonymous_5)
FN:260,(anonymous_6)
FN:297,(anonymous_7)
FN:320,(anonymous_8)
FN:372,(anonymous_9)
FN:383,(anonymous_10)
FN:391,(anonymous_11)
FN:402,(anonymous_12)
FN:412,(anonymous_13)
FN:420,(anonymous_14)
FN:430,(anonymous_15)
FN:519,(anonymous_16)
FN:537,(anonymous_17)
FNF:17
FNH:15
FNDA:1,(anonymous_1)
FNDA:35,(anonymous_2)
FNDA:35,(anonymous_3)
FNDA:35,(anonymous_4)
FNDA:35,(anonymous_5)
FNDA:256,(anonymous_6)
FNDA:0,(anonymous_7)
FNDA:42,(anonymous_8)
FNDA:35,(anonymous_9)
FNDA:35,(anonymous_10)
FNDA:2,(anonymous_11)
FNDA:4,(anonymous_12)
FNDA:1,(anonymous_13)
FNDA:40,(anonymous_14)
FNDA:35,(anonymous_15)
FNDA:0,(anonymous_16)
FNDA:8,(anonymous_17)
DA:17,1
DA:26,1
DA:39,1
DA:52,1
DA:73,1
DA:87,1
DA:96,1
DA:99,1
DA:100,1
DA:101,6
DA:104,1
DA:185,35
DA:202,35
DA:218,35
DA:237,35
DA:239,6
DA:240,6
DA:262,256
DA:264,256
DA:265,249
DA:268,249
DA:271,7
DA:276,7
DA:279,7
DA:298,0
DA:300,0
DA:302,0
DA:303,0
DA:304,0
DA:305,0
DA:307,0
DA:310,0
DA:313,0
DA:321,42
DA:324,7
DA:325,7
DA:326,7
DA:328,7
DA:331,7
DA:334,7
DA:335,7
DA:339,7
DA:373,35
DA:374,35
DA:385,35
DA:387,35
DA:393,2
DA:394,1
DA:403,4
DA:404,4
DA:405,4
DA:406,3
DA:407,3
DA:414,1
DA:415,0
DA:421,40
DA:424,40
DA:425,1
DA:431,35
DA:434,35
DA:435,35
DA:436,35
DA:439,35
DA:440,35
DA:443,35
DA:446,35
DA:448,35
DA:450,3
DA:451,3
DA:455,3
DA:456,1
DA:460,3
DA:464,35
DA:467,35
DA:470,35
DA:471,13
DA:475,35
DA:476,29
DA:480,35
DA:483,35
DA:484,35
DA:485,35
DA:488,35
DA:491,35
DA:492,35
DA:493,35
DA:496,35
DA:498,29
DA:499,0
DA:504,35
DA:507,35
DA:508,1
DA:509,1
DA:520,0
DA:522,0
DA:525,0
DA:527,0
DA:531,0
DA:533,0
DA:538,8
DA:540,8
DA:543,8
DA:547,8
DA:548,8
DA:549,8
DA:552,8
DA:553,8
DA:554,8
DA:557,8
DA:559,7
DA:560,7
DA:561,7
DA:562,7
DA:566,1
DA:567,1
DA:568,1
DA:572,8
DA:575,8
DA:580,1
DA:591,1
DA:603,1
DA:616,1
DA:617,1
DA:618,1
DA:619,1
LF:125
LH:108
BRDA:237,1,0,6
BRDA:237,1,1,29
BRDA:239,2,0,6
BRDA:239,2,1,0
BRDA:264,3,0,249
BRDA:264,3,1,7
BRDA:298,4,0,0
BRDA:298,4,1,0
BRDA:300,5,0,0
BRDA:300,5,1,0
BRDA:321,6,0,7
BRDA:321,6,1,35
BRDA:325,7,0,7
BRDA:325,7,1,0
BRDA:334,8,0,7
BRDA:334,8,1,0
BRDA:374,9,0,0
BRDA:374,9,1,35
BRDA:393,10,0,1
BRDA:393,10,1,1
BRDA:393,11,0,2
BRDA:393,11,1,1
BRDA:393,11,2,1
BRDA:405,12,0,3
BRDA:405,12,1,1
BRDA:405,13,0,4
BRDA:405,13,1,2
BRDA:414,14,0,0
BRDA:414,14,1,1
BRDA:414,15,0,1
BRDA:414,15,1,0
BRDA:414,15,2,0
BRDA:424,16,0,1
BRDA:424,16,1,39
BRDA:434,17,0,35
BRDA:434,17,1,29
BRDA:435,18,0,35
BRDA:435,18,1,29
BRDA:436,19,0,35
BRDA:436,19,1,29
BRDA:448,20,0,3
BRDA:448,20,1,32
BRDA:448,21,0,35
BRDA:448,21,1,6
BRDA:455,22,0,4
BRDA:455,22,1,4
BRDA:496,23,0,29
BRDA:496,23,1,6
BRDA:507,24,0,1
BRDA:507,24,1,34
BRDA:507,25,0,35
BRDA:507,25,1,3
BRDA:520,26,0,0
BRDA:520,26,1,0
BRDA:525,27,0,0
BRDA:525,27,1,0
BRDA:557,28,0,7
BRDA:557,28,1,1
BRF:58
BRH:43
end_of_record
TN:
SF:/Users/karstens/Developer/Repo/Coral/coralui/node_modules/coralui-component-actionbar/scripts/Coral.ActionBar.js
FN:17,(anonymous_1)
FN:51,(anonymous_2)
FN:67,(anonymous_3)
FN:76,(anonymous_4)
FN:110,(anonymous_5)
FN:117,(anonymous_6)
FN:119,(anonymous_7)
FN:134,(anonymous_8)
FN:140,(anonymous_9)
FN:150,(anonymous_10)
FN:154,(anonymous_11)
FN:164,(anonymous_12)
FN:174,(anonymous_13)
FN:185,(anonymous_14)
FN:196,(anonymous_15)
FN:209,(anonymous_16)
FN:390,(anonymous_17)
FN:408,(anonymous_18)
FN:426,(anonymous_19)
FN:456,(anonymous_20)
FN:460,(anonymous_21)
FN:477,(anonymous_22)
FN:491,(anonymous_23)
FN:504,(anonymous_24)
FN:517,(anonymous_25)
FN:533,(anonymous_26)
FNF:26
FNH:23
FNDA:1,(anonymous_1)
FNDA:36,(anonymous_2)
FNDA:36,(anonymous_3)
FNDA:36,(anonymous_4)
FNDA:36,(anonymous_5)
FNDA:36,(anonymous_6)
FNDA:140,(anonymous_7)
FNDA:36,(anonymous_8)
FNDA:36,(anonymous_9)
FNDA:36,(anonymous_10)
FNDA:36,(anonymous_11)
FNDA:36,(anonymous_12)
FNDA:0,(anonymous_13)
FNDA:2,(anonymous_14)
FNDA:0,(anonymous_15)
FNDA:269,(anonymous_16)
FNDA:2,(anonymous_17)
FNDA:0,(anonymous_18)
FNDA:2,(anonymous_19)
FNDA:251,(anonymous_20)
FNDA:741,(anonymous_21)
FNDA:426,(anonymous_22)
FNDA:2838,(anonymous_23)
FNDA:804,(anonymous_24)
FNDA:3373,(anonymous_25)
FNDA:3498,(anonymous_26)
DA:17,1
DA:20,1
DA:53,36
DA:69,36
DA:70,36
DA:78,36
DA:79,36
DA:80,12
DA:81,12
DA:82,4
DA:87,36
DA:89,36
DA:91,36
DA:93,36
DA:98,36
DA:99,23
DA:100,21
DA:105,36
DA:106,36
DA:116,36
DA:117,36
DA:119,36
DA:120,140
DA:124,36
DA:136,36
DA:139,36
DA:140,36
DA:142,36
DA:145,36
DA:151,36
DA:153,36
DA:154,36
DA:157,36
DA:158,36
DA:159,36
DA:165,36
DA:168,36
DA:169,36
DA:170,36
DA:176,0
DA:178,0
DA:179,0
DA:180,0
DA:187,2
DA:189,2
DA:190,2
DA:191,2
DA:199,0
DA:200,0
DA:201,0
DA:205,0
DA:210,269
DA:212,0
DA:215,269
DA:217,18
DA:220,251
DA:221,251
DA:223,249
DA:226,251
DA:230,0
DA:233,251
DA:235,251
DA:236,251
DA:237,251
DA:238,251
DA:239,251
DA:240,251
DA:242,251
DA:246,251
DA:247,251
DA:249,251
DA:250,251
DA:252,251
DA:254,251
DA:255,251
DA:256,251
DA:257,251
DA:258,251
DA:259,251
DA:260,251
DA:262,251
DA:263,2495
DA:264,2495
DA:267,2495
DA:268,2495
DA:270,1977
DA:273,14
DA:278,1963
DA:280,313
DA:282,264
DA:284,264
DA:286,166
DA:288,98
DA:292,0
DA:298,1963
DA:300,1963
DA:301,166
DA:302,166
DA:303,166
DA:306,1797
DA:307,1797
DA:310,1963
DA:312,37
DA:313,37
DA:319,2495
DA:320,2495
DA:321,908
DA:324,0
DA:329,908
DA:331,222
DA:333,177
DA:335,177
DA:337,122
DA:339,55
DA:343,0
DA:349,908
DA:351,908
DA:352,122
DA:353,122
DA:354,122
DA:357,786
DA:358,786
DA:361,908
DA:363,16
DA:364,16
DA:371,251
DA:372,251
DA:375,251
DA:376,251
DA:379,251
DA:382,0
DA:383,0
DA:384,0
DA:391,2
DA:393,0
DA:396,2
DA:397,2
DA:399,2
DA:401,2
DA:404,0
DA:409,0
DA:411,0
DA:414,0
DA:415,0
DA:417,0
DA:419,0
DA:422,0
DA:427,2
DA:429,2
DA:431,0
DA:433,0
DA:434,0
DA:435,0
DA:436,0
DA:441,0
DA:447,2
DA:448,2
DA:449,2
DA:452,2
DA:457,251
DA:461,741
DA:462,741
DA:464,741
DA:466,741
DA:467,741
DA:468,741
DA:471,741
DA:478,426
DA:480,426
DA:481,426
DA:484,426
DA:486,426
DA:492,2838
DA:493,0
DA:495,2838
DA:497,411
DA:499,411
DA:505,804
DA:506,255
DA:508,549
DA:510,15
DA:512,15
DA:519,3373
DA:521,3373
DA:522,3101
DA:523,27
DA:525,3074
DA:526,377
DA:533,1
DA:535,3498
DA:536,0
DA:539,3498
DA:541,508
DA:544,2990
DA:545,2990
DA:546,2969
DA:549,2969
DA:550,2713
DA:554,277
LF:199
LH:166
BRDA:69,1,0,36
BRDA:69,1,1,36
BRDA:81,2,0,4
BRDA:81,2,1,8
BRDA:91,3,0,13
BRDA:91,3,1,23
BRDA:93,4,0,13
BRDA:93,4,1,23
BRDA:98,5,0,23
BRDA:98,5,1,13
BRDA:179,6,0,0
BRDA:179,6,1,0
BRDA:190,7,0,2
BRDA:190,7,1,0
BRDA:210,8,0,0
BRDA:210,8,1,269
BRDA:210,9,0,269
BRDA:210,9,1,269
BRDA:210,9,2,269
BRDA:210,9,3,269
BRDA:215,10,0,18
BRDA:215,10,1,251
BRDA:215,11,0,269
BRDA:215,11,1,259
BRDA:221,12,0,249
BRDA:221,12,1,2
BRDA:226,13,0,0
BRDA:226,13,1,251
BRDA:226,14,0,251
BRDA:226,14,1,2
BRDA:226,14,2,2
BRDA:240,15,0,184
BRDA:240,15,1,67
BRDA:242,16,0,116
BRDA:242,16,1,135
BRDA:262,17,0,2746
BRDA:262,17,1,769
BRDA:263,18,0,1977
BRDA:263,18,1,518
BRDA:264,19,0,908
BRDA:264,19,1,1587
BRDA:268,20,0,1977
BRDA:268,20,1,518
BRDA:270,21,0,14
BRDA:270,21,1,1963
BRDA:270,22,0,1977
BRDA:270,22,1,1963
BRDA:278,23,0,313
BRDA:278,23,1,1650
BRDA:280,24,0,264
BRDA:280,24,1,49
BRDA:280,25,0,313
BRDA:280,25,1,138
BRDA:284,26,0,166
BRDA:284,26,1,98
BRDA:288,27,0,0
BRDA:288,27,1,98
BRDA:288,28,0,98
BRDA:288,28,1,14
BRDA:298,29,0,1963
BRDA:298,29,1,166
BRDA:300,30,0,166
BRDA:300,30,1,1797
BRDA:310,31,0,37
[...]
DA:703,83
DA:712,122
DA:714,122
DA:715,104
DA:722,3
DA:725,3
DA:726,3
DA:727,3
DA:729,3
DA:731,0
DA:737,23
DA:739,23
DA:744,0
DA:749,0
DA:752,0
DA:753,0
DA:759,21
DA:760,21
DA:762,21
DA:764,21
DA:766,11
DA:767,11
DA:769,11
DA:770,11
DA:776,10
DA:777,0
DA:785,1
DA:788,1
DA:789,1
DA:795,4
DA:798,4
DA:799,4
DA:800,4
DA:803,4
DA:804,4
DA:805,4
DA:806,4
DA:809,4
DA:815,0
DA:818,0
DA:820,0
DA:826,1
DA:829,1
DA:830,1
DA:836,2
DA:837,0
DA:840,2
DA:841,1
DA:843,1
DA:844,1
DA:851,1
DA:853,1
DA:856,1
DA:857,1
DA:864,1
DA:866,1
DA:867,1
DA:870,1
DA:871,1
DA:877,3
DA:880,3
DA:881,3
DA:882,3
DA:888,3
DA:891,3
DA:892,3
DA:893,3
DA:899,1
DA:901,1
DA:903,1
DA:904,0
DA:907,1
DA:908,1
DA:909,1
DA:912,1
DA:913,1
DA:916,1
DA:921,3
DA:922,1
DA:925,2
DA:927,2
DA:928,2
DA:935,21
DA:937,18
DA:938,18
DA:940,3
DA:942,3
DA:943,3
DA:949,16
DA:951,2
DA:957,12
DA:959,12
DA:961,2
DA:963,2
DA:964,2
DA:965,0
DA:968,2
DA:969,0
DA:977,24
DA:979,24
DA:980,22
DA:985,22
DA:986,22
DA:987,2
DA:988,2
DA:991,22
DA:992,2
DA:993,2
DA:997,2
DA:999,2
DA:1005,78
DA:1007,78
DA:1009,2
DA:1015,1
DA:1018,1
DA:1020,1
DA:1022,1
DA:1023,0
DA:1026,1
DA:1027,1
DA:1034,95
DA:1035,93
DA:1038,2
DA:1039,2
DA:1046,79
DA:1047,0
DA:1050,79
DA:1051,79
DA:1052,79
DA:1058,4
DA:1060,4
DA:1062,4
DA:1068,1
DA:1070,1
DA:1071,1
DA:1072,1
DA:1073,1
DA:1079,80
DA:1080,80
DA:1081,80
DA:1084,80
DA:1085,80
DA:1086,80
DA:1092,4
DA:1093,4
DA:1095,4
DA:1096,4
DA:1097,4
DA:1098,4
DA:1099,4
DA:1100,4
DA:1103,4
DA:1104,4
DA:1106,4
DA:1107,4
DA:1109,4
DA:1110,4
DA:1118,31
DA:1122,31
DA:1125,31
DA:1128,31
DA:1129,31
DA:1130,31
DA:1131,31
DA:1136,31
DA:1139,31
DA:1141,31
DA:1167,1
DA:1168,1
DA:1169,1
LF:370
LH:334
BRDA:134,1,0,21
BRDA:134,1,1,73
BRDA:172,2,0,28
BRDA:172,2,1,62
BRDA:172,3,0,90
BRDA:172,3,1,28
BRDA:174,4,0,0
BRDA:174,4,1,28
BRDA:176,5,0,0
BRDA:176,5,1,0
BRDA:189,6,0,0
BRDA:189,6,1,28
BRDA:189,7,0,28
BRDA:189,7,1,0
BRDA:212,8,0,31
BRDA:212,8,1,0
BRDA:287,9,0,22
BRDA:287,9,1,39
BRDA:287,10,0,61
BRDA:287,10,1,22
BRDA:302,11,0,22
BRDA:302,11,1,39
BRDA:321,12,0,39
BRDA:321,12,1,0
BRDA:339,13,0,13
BRDA:339,13,1,12
BRDA:356,14,0,478
BRDA:356,14,1,449
BRDA:358,15,0,294
BRDA:358,15,1,184
BRDA:365,16,0,0
BRDA:365,16,1,184
BRDA:366,17,0,0
BRDA:366,17,1,0
BRDA:381,18,0,0
BRDA:381,18,1,59
BRDA:383,19,0,31
BRDA:383,19,1,28
BRDA:388,20,0,28
BRDA:388,20,1,0
BRDA:399,21,0,0
BRDA:399,21,1,0
BRDA:401,22,0,0
BRDA:401,22,1,0
BRDA:422,23,0,387
BRDA:422,23,1,0
BRDA:423,24,0,83
BRDA:423,24,1,304
BRDA:424,25,0,83
BRDA:424,25,1,0
BRDA:449,26,0,6
BRDA:449,26,1,0
BRDA:450,27,0,3
BRDA:450,27,1,3
BRDA:452,28,0,3
BRDA:452,28,1,0
BRDA:458,29,0,3
BRDA:458,29,1,0
BRDA:476,30,0,122
BRDA:476,30,1,33
BRDA:489,31,0,84
BRDA:489,31,1,37
BRDA:489,32,0,121
BRDA:489,32,1,121
BRDA:508,33,0,14
BRDA:508,33,1,12
BRDA:515,34,0,2
BRDA:515,34,1,0
BRDA:515,35,0,2
BRDA:515,35,1,2
BRDA:545,36,0,78
BRDA:545,36,1,5
BRDA:552,37,0,5
BRDA:552,37,1,0
BRDA:567,38,0,83
BRDA:567,38,1,0
BRDA:571,39,0,78
BRDA:571,39,1,5
BRDA:574,40,0,5
BRDA:574,40,1,0
BRDA:582,41,0,83
BRDA:582,41,1,82
BRDA:586,42,0,83
BRDA:586,42,1,0
BRDA:613,43,0,39
BRDA:613,43,1,83
BRDA:623,44,0,13
BRDA:623,44,1,70
BRDA:640,45,0,382
BRDA:640,45,1,22
BRDA:646,46,0,83
BRDA:646,46,1,83
BRDA:647,47,0,83
BRDA:647,47,1,22
BRDA:650,48,0,83
BRDA:650,48,1,63
BRDA:650,48,2,63
BRDA:651,49,0,63
BRDA:651,49,1,20
BRDA:652,50,0,2
BRDA:652,50,1,61
BRDA:663,51,0,63
BRDA:663,51,1,20
BRDA:664,52,0,2
BRDA:664,52,1,61
BRDA:696,53,0,13
BRDA:696,53,1,70
BRDA:714,54,0,104
BRDA:714,54,1,18
BRDA:729,55,0,0
BRDA:729,55,1,3
BRDA:739,56,0,23
BRDA:739,56,1,21
BRDA:739,56,2,12
BRDA:739,56,3,12
BRDA:749,57,0,0
BRDA:749,57,1,0
BRDA:752,58,0,0
BRDA:752,58,1,0
BRDA:752,59,0,0
BRDA:752,59,1,0
BRDA:760,60,0,21
BRDA:760,60,1,21
BRDA:762,61,0,21
BRDA:762,61,1,0
BRDA:764,62,0,11
BRDA:764,62,1,10
BRDA:769,63,0,11
BRDA:769,63,1,0
BRDA:776,64,0,0
BRDA:776,64,1,10
BRDA:785,65,0,1
BRDA:785,65,1,1
BRDA:788,66,0,1
BRDA:788,66,1,0
BRDA:788,67,0,1
BRDA:788,67,1,1
BRDA:798,68,0,4
BRDA:798,68,1,0
BRDA:798,69,0,4
BRDA:798,69,1,3
BRDA:798,69,2,1
BRDA:798,69,3,1
BRDA:799,70,0,4
BRDA:799,70,1,0
BRDA:800,71,0,4
BRDA:800,71,1,0
BRDA:818,72,0,0
BRDA:818,72,1,0
BRDA:818,73,0,0
BRDA:818,73,1,0
BRDA:818,73,2,0
BRDA:818,73,3,0
BRDA:826,74,0,1
BRDA:826,74,1,1
BRDA:829,75,0,1
BRDA:829,75,1,0
BRDA:836,76,0,0
BRDA:836,76,1,2
BRDA:840,77,0,1
BRDA:840,77,1,1
BRDA:840,78,0,2
BRDA:840,78,1,1
BRDA:843,79,0,1
BRDA:843,79,1,0
BRDA:843,80,0,1
BRDA:843,80,1,1
BRDA:856,81,0,1
BRDA:856,81,1,0
BRDA:870,82,0,1
BRDA:870,82,1,0
BRDA:881,83,0,3
BRDA:881,83,1,0
BRDA:892,84,0,3
BRDA:892,84,1,0
BRDA:903,85,0,0
BRDA:903,85,1,1
BRDA:921,86,0,1
BRDA:921,86,1,2
BRDA:927,87,0,2
BRDA:927,87,1,0
BRDA:935,88,0,18
BRDA:935,88,1,3
BRDA:940,89,0,3
BRDA:940,89,1,0
BRDA:949,90,0,2
BRDA:949,90,1,14
BRDA:959,91,0,2
BRDA:959,91,1,10
BRDA:965,92,0,0
BRDA:965,92,1,0
BRDA:968,93,0,0
BRDA:968,93,1,2
BRDA:979,94,0,22
BRDA:979,94,1,2
BRDA:986,95,0,2
BRDA:986,95,1,20
BRDA:991,96,0,2
BRDA:991,96,1,20
BRDA:997,97,0,2
BRDA:997,97,1,0
BRDA:1007,98,0,2
BRDA:1007,98,1,76
BRDA:1022,99,0,0
BRDA:1022,99,1,1
BRDA:1034,100,0,93
BRDA:1034,100,1,2
BRDA:1034,101,0,95
BRDA:1034,101,1,2
BRDA:1046,102,0,0
BRDA:1046,102,1,79
BRDA:1046,103,0,79
BRDA:1046,103,1,79
BRDA:1079,104,0,80
BRDA:1079,104,1,0
BRDA:1084,105,0,80
BRDA:1084,105,1,0
BRDA:1095,106,0,4
BRDA:1095,106,1,0
BRDA:1100,107,0,0
BRDA:1100,107,1,4
BRDA:1103,108,0,4
BRDA:1103,108,1,0
BRDA:1107,109,0,0
BRDA:1107,109,1,4
BRDA:1109,110,0,4
BRDA:1109,110,1,0
BRDA:1118,111,0,31
BRDA:1118,111,1,31
BRDA:1122,112,0,31
BRDA:1122,112,1,8
BRF:231
BRH:162
end_of_record
TN:
SF:/Users/karstens/Developer/Repo/Coral/coralui/node_modules/coralui-component-quickactions/scripts/Coral.QuickActions.Item.js
FN:17,(anonymous_1)
FN:53,(anonymous_2)
FN:56,(anonymous_3)
FN:122,(anonymous_4)
FN:127,(anonymous_5)
FNF:5
FNH:5
FNDA:1,(anonymous_1)
FNDA:33,(anonymous_2)
FNDA:1,(anonymous_3)
FNDA:6,(anonymous_4)
FNDA:111,(anonymous_5)
DA:17,1
DA:26,1
DA:33,1
DA:54,33
DA:123,6
DA:128,111
DA:129,111
DA:174,1
LF:8
LH:8
BRF:0
BRH:0
end_of_record
TN:
SF:/Users/karstens/Developer/Repo/Coral/coralui/node_modules/coralui-component-search/scripts/Coral.Search.js
FN:17,(anonymous_1)
FN:74,(anonymous_2)
FN:77,(anonymous_3)
FN:85,(anonymous_4)
FN:88,(anonymous_5)
FN:95,(anonymous_6)
FN:105,(anonymous_7)
FN:115,(anonymous_8)
FN:122,(anonymous_9)
FN:146,(anonymous_10)
FN:149,(anonymous_11)
FN:167,(anonymous_12)
FN:173,(anonymous_13)
FN:192,(anonymous_14)
FN:200,(anonymous_15)
FN:209,(anonymous_16)
FN:227,(anonymous_17)
FN:236,(anonymous_18)
FN:250,(anonymous_19)
FN:264,(anonymous_20)
FN:269,(anonymous_21)
FN:277,(anonymous_22)
FNF:22
FNH:15
FNDA:1,(anonymous_1)
FNDA:8,(anonymous_2)
FNDA:0,(anonymous_3)
FNDA:10,(anonymous_4)
FNDA:1,(anonymous_5)
FNDA:8,(anonymous_6)
FNDA:8,(anonymous_7)
FNDA:8,(anonymous_8)
FNDA:0,(anonymous_9)
FNDA:8,(anonymous_10)
FNDA:0,(anonymous_11)
FNDA:10,(anonymous_12)
FNDA:21,(anonymous_13)
FNDA:8,(anonymous_14)
FNDA:0,(anonymous_15)
FNDA:0,(anonymous_16)
FNDA:0,(anonymous_17)
FNDA:9,(anonymous_18)
FNDA:1,(anonymous_19)
FNDA:0,(anonymous_20)
FNDA:8,(anonymous_21)
FNDA:8,(anonymous_22)
DA:17,1
DA:26,1
DA:34,1
DA:38,1
DA:39,1
DA:40,2
DA:43,1
DA:75,8
DA:79,0
DA:86,10
DA:89,1
DA:96,8
DA:98,8
DA:99,8
DA:106,8
DA:108,8
DA:109,8
DA:116,8
DA:124,0
DA:125,0
DA:128,0
DA:147,8
DA:150,0
DA:168,10
DA:171,10
DA:174,21
DA:194,8
DA:201,0
DA:210,0
DA:211,0
DA:214,0
DA:215,0
DA:218,0
DA:228,0
DA:237,9
DA:238,9
DA:241,0
DA:251,1
DA:252,1
DA:253,1
DA:256,1
DA:265,0
DA:271,8
DA:273,8
DA:278,8
DA:310,1
LF:46
LH:32
BRDA:124,1,0,0
BRDA:124,1,1,0
BRDA:210,2,0,0
BRDA:210,2,1,0
BRDA:214,3,0,0
BRDA:214,3,1,0
BRDA:237,4,0,9
BRDA:237,4,1,0
BRF:8
BRH:1
end_of_record
TN:
SF:/Users/karstens/Developer/Repo/Coral/coralui/node_modules/coralui-component-steplist/scripts/Coral.StepList.js
FN:17,(anonymous_1)
FN:55,getTarget
FN:133,(anonymous_3)
FN:136,(anonymous_4)
FN:193,(anonymous_5)
FN:200,(anonymous_6)
FN:221,(anonymous_7)
FN:238,(anonymous_8)
FN:244,(anonymous_9)
FN:246,(anonymous_10)
FN:260,(anonymous_11)
FN:271,(anonymous_12)
FN:282,(anonymous_13)
FN:295,(anonymous_14)
FN:304,(anonymous_15)
FN:314,(anonymous_16)
FN:324,(anonymous_17)
FN:333,(anonymous_18)
FN:342,(anonymous_19)
FN:350,(anonymous_20)
FN:362,(anonymous_21)
FN:375,(anonymous_22)
FN:434,(anonymous_23)
FN:450,(anonymous_24)
FN:496,(anonymous_25)
FN:499,(anonymous_26)
FN:514,(anonymous_27)
FN:528,(anonymous_28)
FN:557,(anonymous_29)
FNF:29
FNH:27
FNDA:1,(anonymous_1)
FNDA:526,getTarget
FNDA:99,(anonymous_3)
FNDA:99,(anonymous_4)
FNDA:99,(anonymous_5)
FNDA:99,(anonymous_6)
FNDA:106,(anonymous_7)
FNDA:108,(anonymous_8)
FNDA:207,(anonymous_9)
FNDA:426,(anonymous_10)
FNDA:1,(anonymous_11)
FNDA:1,(anonymous_12)
FNDA:0,(anonymous_13)
FNDA:0,(anonymous_14)
FNDA:1,(anonymous_15)
FNDA:2,(anonymous_16)
FNDA:3,(anonymous_17)
FNDA:3,(anonymous_18)
FNDA:18,(anonymous_19)
FNDA:99,(anonymous_20)
FNDA:13,(anonymous_21)
FNDA:7,(anonymous_22)
FNDA:303,(anonymous_23)
FNDA:423,(anonymous_24)
FNDA:303,(anonymous_25)
FNDA:303,(anonymous_26)
FNDA:580,(anonymous_27)
FNDA:303,(anonymous_28)
FNDA:303,(anonymous_29)
DA:17,1
DA:27,1
DA:40,1
DA:55,1
DA:57,526
DA:59,0
DA:63,526
DA:64,526
DA:65,0
DA:68,526
DA:72,1
DA:74,1
DA:134,99
DA:138,99
DA:141,99
DA:142,0
DA:143,0
DA:146,0
DA:148,0
DA:149,0
DA:150,0
DA:151,0
DA:152,0
DA:156,0
DA:157,0
DA:160,0
DA:162,0
DA:163,0
DA:166,0
DA:167,0
DA:169,0
DA:171,0
DA:175,0
DA:194,99
DA:201,99
DA:222,106
DA:224,106
DA:226,106
DA:227,106
DA:230,106
DA:231,246
DA:240,108
DA:245,207
DA:246,207
DA:248,426
DA:250,137
DA:255,426
DA:261,1
DA:262,1
DA:263,1
DA:265,1
DA:266,1
DA:272,1
DA:273,1
DA:274,1
DA:276,1
DA:277,1
DA:283,0
DA:284,0
DA:287,0
DA:288,0
DA:289,0
DA:296,0
DA:297,0
DA:299,0
DA:305,1
DA:306,1
DA:308,1
DA:309,1
DA:315,2
DA:316,2
DA:318,2
DA:319,2
DA:325,3
DA:326,3
DA:328,3
DA:334,3
DA:335,3
DA:337,3
DA:343,18
DA:344,18
DA:345,18
DA:351,99
DA:354,99
DA:363,13
DA:364,13
DA:365,13
DA:366,13
DA:376,7
DA:377,7
DA:378,7
DA:379,7
DA:380,7
DA:399,1
DA:400,1
DA:402,1
DA:435,303
DA:451,423
DA:453,423
DA:454,423
DA:455,334
DA:459,423
DA:460,124
DA:462,124
DA:463,0
DA:466,124
DA:467,0
DA:469,0
DA:471,0
DA:473,0
DA:476,0
DA:477,0
DA:497,303
DA:501,303
DA:504,303
DA:506,0
DA:507,0
DA:516,580
DA:517,84
DA:518,84
DA:522,496
DA:523,496
DA:530,303
DA:532,303
DA:534,233
DA:536,233
DA:537,36
DA:542,303
DA:545,303
DA:546,303
DA:548,303
DA:552,0
DA:560,303
DA:564,1
LF:134
LH:96
BRDA:57,1,0,0
BRDA:57,1,1,526
BRDA:64,2,0,0
BRDA:64,2,1,526
BRDA:64,3,0,526
BRDA:64,3,1,0
BRDA:134,4,0,99
BRDA:134,4,1,0
BRDA:134,4,2,0
BRDA:141,5,0,0
BRDA:141,5,1,99
BRDA:156,6,0,0
BRDA:156,6,1,0
BRDA:156,7,0,0
BRDA:156,7,1,0
BRDA:156,7,2,0
BRDA:160,8,0,0
BRDA:160,8,1,0
BRDA:160,9,0,0
BRDA:160,9,1,0
BRDA:162,10,0,0
BRDA:162,10,1,0
BRDA:163,11,0,0
BRDA:163,11,1,0
BRDA:169,12,0,0
BRDA:169,12,1,0
BRDA:194,13,0,99
BRDA:194,13,1,0
BRDA:201,14,0,0
BRDA:201,14,1,99
BRDA:224,15,0,13
BRDA:224,15,1,93
BRDA:248,16,0,137
BRDA:248,16,1,289
BRDA:255,17,0,115
BRDA:255,17,1,311
BRDA:261,18,0,1
BRDA:261,18,1,0
BRDA:272,19,0,1
BRDA:272,19,1,0
BRDA:283,20,0,0
BRDA:283,20,1,0
BRDA:287,21,0,0
BRDA:287,21,1,0
BRDA:296,22,0,0
BRDA:296,22,1,0
BRDA:305,23,0,1
BRDA:305,23,1,0
BRDA:315,24,0,2
BRDA:315,24,1,0
BRDA:325,25,0,3
BRDA:325,25,1,0
BRDA:334,26,0,3
BRDA:334,26,1,0
BRDA:343,27,0,18
BRDA:343,27,1,0
BRDA:364,28,0,13
BRDA:364,28,1,0
BRDA:377,29,0,7
BRDA:377,29,1,0
BRDA:454,30,0,334
BRDA:454,30,1,89
BRDA:459,31,0,124
BRDA:459,31,1,299
BRDA:462,32,0,0
BRDA:462,32,1,124
BRDA:466,33,0,0
BRDA:466,33,1,124
BRDA:466,34,0,124
BRDA:466,34,1,124
BRDA:469,35,0,0
BRDA:469,35,1,0
BRDA:476,36,0,0
BRDA:476,36,1,0
BRDA:497,37,0,303
BRDA:497,37,1,0
BRDA:497,37,2,0
BRDA:504,38,0,0
BRDA:504,38,1,303
BRDA:516,39,0,84
BRDA:516,39,1,496
BRDA:517,40,0,20
BRDA:517,40,1,64
BRDA:532,41,0,233
BRDA:532,41,1,70
BRDA:546,42,0,303
BRDA:546,42,1,0
BRDA:560,43,0,303
BRDA:560,43,1,303
BRF:89
BRH:41
end_of_record
TN:
SF:/Users/karstens/Developer/Repo/Coral/coralui/node_modules/coralui-component-switch/scripts/Coral.Switch.js
FN:17,(anonymous_1)
FN:53,(anonymous_2)
FN:72,(anonymous_3)
FN:75,(anonymous_4)
FN:82,(anonymous_5)
FN:85,(anonymous_6)
FN:92,(anonymous_7)
FN:100,(anonymous_8)
FN:121,(anonymous_9)
FN:126,(anonymous_10)
FN:131,(anonymous_11)
FN:157,(anonymous_12)
FNF:12
FNH:12
FNDA:1,(anonymous_1)
FNDA:63,(anonymous_2)
FNDA:68,(anonymous_3)
FNDA:2,(anonymous_4)
FNDA:65,(anonymous_5)
FNDA:3,(anonymous_6)
FNDA:53,(anonymous_7)
FNDA:50,(anonymous_8)
FNDA:1,(anonymous_9)
FNDA:3,(anonymous_10)
FNDA:50,(anonymous_11)
FNDA:50,(anonymous_12)
DA:17,1
DA:20,1
DA:54,63
DA:58,63
DA:73,68
DA:76,2
DA:83,65
DA:86,3
DA:93,53
DA:94,53
DA:101,50
DA:122,1
DA:127,3
DA:133,50
DA:136,50
DA:139,50
DA:140,6
DA:142,6
DA:144,0
DA:148,6
DA:153,50
DA:159,50
LF:22
LH:21
BRDA:142,1,0,0
BRDA:142,1,1,6
BRDA:142,2,0,6
BRDA:142,2,1,6
BRDA:142,2,2,6
BRF:5
BRH:4
end_of_record
TN:
SF:/Users/karstens/Developer/Repo/Coral/coralui/node_modules/coralui-component-tablist/scripts/Coral.TabList.js
FN:17,(anonymous_1)
FN:56,getTarget
FN:121,(anonymous_3)
FN:124,(anonymous_4)
FN:139,(anonymous_5)
FN:142,(anonymous_6)
FN:201,(anonymous_7)
FN:208,(anonymous_8)
FN:227,(anonymous_9)
FN:234,(anonymous_10)
FN:242,(anonymous_11)
FN:252,(anonymous_12)
FN:260,(anonymous_13)
FN:271,(anonymous_14)
FN:283,(anonymous_15)
FN:291,(anonymous_16)
FN:344,(anonymous_17)
FN:362,(anonymous_18)
FN:400,(anonymous_19)
FN:417,(anonymous_20)
FN:434,(anonymous_21)
FN:477,(anonymous_22)
FN:480,(anonymous_23)
FN:500,(anonymous_24)
FN:510,(anonymous_25)
FN:530,(anonymous_26)
FNF:26
FNH:25
FNDA:1,(anonymous_1)
FNDA:368,getTarget
FNDA:231,(anonymous_3)
FNDA:0,(anonymous_4)
FNDA:83,(anonymous_5)
FNDA:72,(anonymous_6)
FNDA:72,(anonymous_7)
FNDA:72,(anonymous_8)
FNDA:72,(anonymous_9)
FNDA:2,(anonymous_10)
FNDA:1,(anonymous_11)
FNDA:2,(anonymous_12)
FNDA:3,(anonymous_13)
FNDA:3,(anonymous_14)
FNDA:8,(anonymous_15)
FNDA:72,(anonymous_16)
FNDA:224,(anonymous_17)
FNDA:225,(anonymous_18)
FNDA:224,(anonymous_19)
FNDA:224,(anonymous_20)
FNDA:288,(anonymous_21)
FNDA:224,(anonymous_22)
FNDA:224,(anonymous_23)
FNDA:1,(anonymous_24)
FNDA:224,(anonymous_25)
FNDA:224,(anonymous_26)
DA:17,1
DA:26,1
DA:39,1
DA:56,1
DA:58,368
DA:60,0
DA:64,368
DA:65,368
DA:66,11
DA:69,368
DA:73,1
DA:75,1
DA:122,231
DA:140,83
DA:144,72
DA:147,72
DA:149,3
DA:150,3
DA:153,3
DA:155,3
DA:156,3
DA:157,3
DA:159,0
DA:160,0
DA:164,0
DA:165,0
DA:168,0
DA:170,0
DA:171,0
DA:174,0
DA:175,0
DA:177,0
DA:179,0
DA:183,0
DA:202,72
DA:209,72
DA:228,72
DA:235,2
DA:237,2
DA:238,2
DA:244,1
DA:246,1
DA:247,1
DA:253,2
DA:255,2
DA:256,2
DA:261,3
DA:263,3
DA:264,3
DA:265,3
DA:266,3
DA:272,3
DA:274,3
DA:275,3
DA:276,3
DA:277,3
DA:278,3
DA:284,8
DA:285,8
DA:286,8
DA:292,72
DA:310,1
DA:311,1
DA:313,1
DA:345,224
DA:363,225
DA:365,225
DA:367,0
DA:369,225
DA:371,0
DA:373,225
DA:374,1
DA:376,1
DA:380,1
DA:381,1
DA:401,224
DA:418,224
DA:435,288
DA:440,288
DA:441,71
DA:443,71
DA:444,0
DA:447,71
DA:448,1
DA:450,1
DA:452,0
DA:454,0
DA:457,0
DA:458,0
DA:478,224
DA:482,224
DA:485,224
DA:487,0
DA:488,0
DA:502,1
DA:505,1
DA:506,1
DA:512,224
DA:515,224
DA:519,224
DA:520,127
DA:521,1
DA:526,224
DA:533,224
DA:537,1
LF:105
LH:83
BRDA:58,1,0,0
BRDA:58,1,1,368
BRDA:65,2,0,11
BRDA:65,2,1,357
BRDA:65,3,0,368
BRDA:65,3,1,12
BRDA:140,4,0,83
BRDA:140,4,1,12
BRDA:140,4,2,0
BRDA:147,5,0,3
BRDA:147,5,1,69
BRDA:164,6,0,0
BRDA:164,6,1,0
BRDA:164,7,0,0
BRDA:164,7,1,0
BRDA:164,7,2,0
BRDA:168,8,0,0
BRDA:168,8,1,0
BRDA:168,9,0,0
BRDA:168,9,1,0
BRDA:170,10,0,0
BRDA:170,10,1,0
BRDA:171,11,0,0
BRDA:171,11,1,0
BRDA:177,12,0,0
BRDA:177,12,1,0
BRDA:202,13,0,72
BRDA:202,13,1,0
BRDA:209,14,0,0
BRDA:209,14,1,72
BRDA:228,15,0,1
BRDA:228,15,1,71
BRDA:264,16,0,3
BRDA:264,16,1,0
BRDA:275,17,0,3
BRDA:275,17,1,0
BRDA:284,18,0,8
BRDA:284,18,1,0
BRDA:365,19,0,0
BRDA:365,19,1,225
BRDA:365,20,0,225
BRDA:365,20,1,1
BRDA:365,20,2,0
BRDA:369,21,0,0
BRDA:369,21,1,225
BRDA:369,22,0,225
BRDA:369,22,1,224
BRDA:373,23,0,1
BRDA:373,23,1,224
BRDA:374,24,0,1
BRDA:374,24,1,0
BRDA:436,25,0,71
BRDA:436,25,1,217
BRDA:440,26,0,71
BRDA:440,26,1,217
BRDA:443,27,0,0
BRDA:443,27,1,71
BRDA:447,28,0,1
BRDA:447,28,1,70
BRDA:447,29,0,71
BRDA:447,29,1,71
BRDA:450,30,0,0
BRDA:450,30,1,1
BRDA:457,31,0,0
BRDA:457,31,1,0
BRDA:478,32,0,224
BRDA:478,32,1,0
BRDA:478,32,2,0
BRDA:485,33,0,0
BRDA:485,33,1,224
BRDA:515,34,0,224
BRDA:515,34,1,127
BRDA:519,35,0,127
BRDA:519,35,1,97
BRDA:533,36,0,224
BRDA:533,36,1,210
BRF:76
BRH:43
end_of_record
TN:
SF:/Users/karstens/Developer/Repo/Coral/coralui/node_modules/coralui-component-tabview/scripts/Coral.TabView.js
FN:17,(anonymous_1)
FN:68,(anonymous_2)
FN:71,(anonymous_3)
FN:74,(anonymous_4)
FN:89,(anonymous_5)
FN:104,(anonymous_6)
FN:115,(anonymous_7)
FN:123,(anonymous_8)
FN:138,(anonymous_9)
FNF:9
FNH:8
FNDA:1,(anonymous_1)
FNDA:4,(anonymous_2)
FNDA:1,(anonymous_3)
FNDA:1,(anonymous_4)
FNDA:10,(anonymous_5)
FNDA:10,(anonymous_6)
FNDA:2,(anonymous_7)
FNDA:0,(anonymous_8)
FNDA:10,(anonymous_9)
DA:17,1
DA:26,1
DA:34,1
DA:36,1
DA:69,4
DA:72,1
DA:75,1
DA:90,10
DA:105,10
DA:116,2
DA:125,0
DA:127,0
DA:128,0
DA:131,0
DA:132,0
DA:140,10
DA:141,10
DA:144,10
DA:145,10
DA:148,10
DA:149,10
DA:167,1
LF:22
LH:17
BRDA:75,1,0,1
BRDA:75,1,1,0
BRDA:125,2,0,0
BRDA:125,2,1,0
BRDA:131,3,0,0
BRDA:131,3,1,0
BRDA:131,4,0,0
BRDA:131,4,1,0
BRDA:140,5,0,10
BRDA:140,5,1,10
BRDA:141,6,0,10
BRDA:141,6,1,10
BRDA:144,7,0,10
BRDA:144,7,1,10
BRF:14
BRH:7
end_of_record
TN:
SF:/Users/karstens/Developer/Repo/Coral/coralui/node_modules/coralui-component-wizardview/scripts/Coral.WizardView.js
FN:17,(anonymous_1)
FN:53,(anonymous_2)
FN:67,(anonymous_3)
FN:81,(anonymous_4)
FN:95,(anonymous_5)
FN:104,(anonymous_6)
FN:123,(anonymous_7)
FN:132,(anonymous_8)
FN:144,(anonymous_9)
FN:156,(anonymous_10)
FN:177,(anonymous_11)
FN:211,(anonymous_12)
FN:225,(anonymous_13)
FN:272,(anonymous_14)
FN:274,(anonymous_15)
FN:278,(anonymous_16)
FN:288,(anonymous_17)
FN:298,(anonymous_18)
FN:308,(anonymous_19)
FN:318,(anonymous_20)
FN:324,(anonymous_21)
FN:334,(anonymous_22)
FN:352,(anonymous_23)
FNF:23
FNH:21
FNDA:1,(anonymous_1)
FNDA:113,(anonymous_2)
FNDA:0,(anonymous_3)
FNDA:300,(anonymous_4)
FNDA:0,(anonymous_5)
FNDA:863,(anonymous_6)
FNDA:42,(anonymous_7)
FNDA:2,(anonymous_8)
FNDA:1,(anonymous_9)
FNDA:56,(anonymous_10)
FNDA:167,(anonymous_11)
FNDA:697,(anonymous_12)
FNDA:371,(anonymous_13)
FNDA:66,(anonymous_14)
FNDA:110,(anonymous_15)
FNDA:117,(anonymous_16)
FNDA:26,(anonymous_17)
FNDA:17,(anonymous_18)
FNDA:26,(anonymous_19)
FNDA:12,(anonymous_20)
FNDA:26,(anonymous_21)
FNDA:7,(anonymous_22)
FNDA:3,(anonymous_23)
DA:17,1
DA:20,1
DA:55,113
DA:56,23
DA:65,113
DA:83,300
DA:84,26
DA:93,300
DA:106,863
DA:107,786
DA:111,77
DA:112,4
DA:115,73
DA:124,42
DA:134,2
DA:136,2
DA:146,1
DA:148,1
DA:157,56
DA:158,0
DA:162,56
DA:165,56
DA:168,56
DA:170,56
DA:178,167
DA:179,167
DA:180,28
DA:183,139
DA:184,139
DA:185,115
DA:189,24
DA:192,24
DA:193,50
DA:194,24
DA:195,24
DA:200,139
DA:212,697
DA:226,371
DA:228,371
DA:230,342
DA:234,29
DA:235,12
DA:237,17
DA:238,17
DA:242,371
DA:243,323
DA:245,119
DA:247,323
DA:250,48
DA:251,48
DA:254,0
DA:259,0
DA:260,0
DA:262,0
DA:263,0
DA:268,48
DA:273,66
DA:274,66
DA:275,110
DA:278,66
DA:279,117
DA:290,26
DA:292,26
DA:294,14
DA:297,12
DA:298,12
DA:299,17
DA:310,26
DA:312,26
DA:314,14
DA:317,12
DA:318,12
DA:319,12
DA:325,26
DA:326,26
DA:335,7
DA:336,7
DA:337,0
DA:341,7
DA:344,7
DA:353,3
DA:354,3
DA:355,0
DA:359,3
DA:362,3
LF:85
LH:77
BRDA:55,1,0,23
BRDA:55,1,1,90
BRDA:83,2,0,26
BRDA:83,2,1,274
BRDA:106,3,0,786
BRDA:106,3,1,77
BRDA:111,4,0,4
BRDA:111,4,1,73
BRDA:157,5,0,0
BRDA:157,5,1,56
BRDA:179,6,0,28
BRDA:179,6,1,139
BRDA:184,7,0,115
BRDA:184,7,1,24
BRDA:193,8,0,24
BRDA:193,8,1,26
BRDA:228,9,0,342
BRDA:228,9,1,29
BRDA:234,10,0,12
BRDA:234,10,1,17
BRDA:237,11,0,17
BRDA:237,11,1,0
BRDA:242,12,0,323
BRDA:242,12,1,48
BRDA:243,13,0,119
BRDA:243,13,1,204
BRDA:250,14,0,48
BRDA:250,14,1,0
BRDA:251,15,0,0
BRDA:251,15,1,48
BRDA:259,16,0,0
BRDA:259,16,1,0
BRDA:262,17,0,0
BRDA:262,17,1,0
BRDA:292,18,0,14
BRDA:292,18,1,12
BRDA:312,19,0,14
BRDA:312,19,1,12
BRDA:336,20,0,0
BRDA:336,20,1,7
BRDA:354,21,0,0
BRDA:354,21,1,3
BRF:42
BRH:32
end_of_record
