TN:
SF:/Users/ringel/IdeaProjects/coral-spectrum/coral-base-button/src/scripts/BaseButton.js
FN:137,BaseButton
FN:140,(anonymous_1)
FN:144,_class
FN:184,_onClick
FN:193,_updateIcon
FN:227,_makeAccessible
FN:240,_getIconElement
FN:256,_onMouseDown
FN:259,(anonymous_8)
FN:267,_updateLabel
FN:285,connectedCallback
FN:360,get
FN:363,set
FN:367,insert
FN:397,get
FN:400,set
FN:418,get
FN:425,set
FN:440,get
FN:447,set
FN:467,get
FN:470,set
FN:487,get
FN:490,set
FN:503,get
FN:506,set
FN:522,get
FN:525,set
FN:543,get
FN:546,set
FN:580,get
FN:584,set
FN:589,get
FN:594,get
FN:607,get
FN:618,get
FN:629,get
FN:640,get
FN:645,get
FN:655,get
FNF:40
FNH:40
FNDA:4,BaseButton
FNDA:4,(anonymous_1)
FNDA:14288,_class
FNDA:340,_onClick
FNDA:26946,_updateIcon
FNDA:48466,_makeAccessible
FNDA:26884,_getIconElement
FNDA:2,_onMouseDown
FNDA:2,(anonymous_8)
FNDA:37360,_updateLabel
FNDA:18578,connectedCallback
FNDA:118712,get
FNDA:20878,set
FNDA:20878,insert
FNDA:27488,get
FNDA:1394,set
FNDA:94906,get
FNDA:6974,set
FNDA:37744,get
FNDA:964,set
FNDA:12,get
FNDA:12030,set
FNDA:32,get
FNDA:592,set
FNDA:324,get
FNDA:832,set
FNDA:16,get
FNDA:12,set
FNDA:6530,get
FNDA:16482,set
FNDA:72,get
FNDA:12,set
FNDA:48074,get
FNDA:277358,get
FNDA:12,get
FNDA:9562,get
FNDA:28,get
FNDA:88,get
FNDA:30958,get
FNDA:4,get
DA:39,2
DA:40,2
DA:42,2
DA:44,14
DA:45,8
DA:74,2
DA:88,2
DA:89,2
DA:90,2
DA:91,2
DA:113,2
DA:128,2
DA:137,2
DA:138,4
DA:141,4
DA:147,14288
DA:149,14288
DA:151,14288
DA:157,14288
DA:162,14288
DA:164,14288
DA:173,14288
DA:182,4
DA:185,340
DA:186,340
DA:194,26946
DA:195,670
DA:198,26276
DA:199,26276
DA:201,26276
DA:203,26276
DA:205,26276
DA:207,26276
DA:208,8502
DA:210,17774
DA:211,12066
DA:213,6598
DA:218,26276
DA:228,48466
DA:230,48466
DA:231,9618
DA:232,38848
DA:233,38660
DA:241,26884
DA:242,11418
DA:243,11418
DA:246,26884
DA:257,2
DA:259,2
DA:260,2
DA:261,2
DA:268,37360
DA:269,37360
DA:271,37360
DA:272,19818
DA:273,14976
DA:275,4842
DA:286,18578
DA:289,18578
DA:290,978
DA:293,18578
DA:294,10614
DA:298,18578
DA:299,18578
DA:300,18578
DA:302,18578
DA:303,11318
DA:306,18578
DA:308,18578
DA:309,42082
DA:311,42082
DA:313,6608
DA:314,0
DA:317,6608
DA:318,6608
DA:319,6608
DA:322,35474
DA:323,28872
DA:326,6602
DA:331,18578
DA:333,18578
DA:335,18578
DA:337,18578
DA:340,18578
DA:361,118712
DA:364,20878
DA:369,20878
DA:372,20878
DA:373,14188
DA:376,20878
DA:377,19072
DA:379,1806
DA:398,27488
DA:401,1394
DA:402,1394
DA:404,1394
DA:406,1394
DA:419,94906
DA:420,88762
DA:423,6144
DA:426,6974
DA:428,6974
DA:441,37744
DA:442,26318
DA:445,11426
DA:448,964
DA:449,964
DA:451,964
DA:452,436
DA:468,12
DA:471,12030
DA:472,12030
DA:474,12030
DA:488,32
DA:491,592
DA:493,592
DA:495,592
DA:496,592
DA:504,324
DA:507,832
DA:509,832
DA:523,16
DA:526,12
DA:528,12
DA:530,12
DA:544,6530
DA:549,16482
DA:550,16482
DA:552,16482
DA:555,16482
DA:557,16482
DA:559,16482
DA:560,7228
DA:564,9254
DA:566,9254
DA:567,6654
DA:572,16482
DA:581,72
DA:585,12
DA:590,48074
DA:595,277358
DA:608,12
DA:619,9562
DA:630,28
DA:641,88
DA:646,30958
DA:656,4
DA:660,4
LF:148
LH:147
BRDA:44,0,0,8
BRDA:44,0,1,6
BRDA:153,1,0,14288
BRDA:153,1,1,12908
BRDA:185,2,0,340
BRDA:185,2,1,0
BRDA:194,3,0,670
BRDA:194,3,1,26276
BRDA:194,4,0,26946
BRDA:194,4,1,7466
BRDA:207,5,0,8502
BRDA:207,5,1,17774
BRDA:210,6,0,12066
BRDA:210,6,1,5708
BRDA:210,7,0,17774
BRDA:210,7,1,7236
BRDA:211,8,0,6598
BRDA:211,8,1,5468
BRDA:213,9,0,5066
BRDA:213,9,1,1532
BRDA:228,10,0,48466
BRDA:228,10,1,48466
BRDA:230,11,0,9618
BRDA:230,11,1,38848
BRDA:230,12,0,48466
BRDA:230,12,1,31502
BRDA:232,13,0,38660
BRDA:232,13,1,188
BRDA:241,14,0,11418
BRDA:241,14,1,15466
BRDA:260,15,0,2
BRDA:260,15,1,0
BRDA:268,16,0,37360
BRDA:268,16,1,16482
BRDA:271,17,0,19818
BRDA:271,17,1,17542
BRDA:272,18,0,14976
BRDA:272,18,1,4842
BRDA:272,19,0,19818
BRDA:272,19,1,12938
BRDA:289,20,0,978
BRDA:289,20,1,17600
BRDA:293,21,0,10614
BRDA:293,21,1,7964
BRDA:302,22,0,11318
BRDA:302,22,1,7260
BRDA:311,23,0,6608
BRDA:311,23,1,35474
BRDA:313,24,0,0
BRDA:313,24,1,6608
BRDA:322,25,0,28872
BRDA:322,25,1,6602
BRDA:372,26,0,14188
BRDA:372,26,1,6690
BRDA:376,27,0,19072
BRDA:376,27,1,1806
BRDA:398,28,0,27488
BRDA:398,28,1,24130
BRDA:402,29,0,1394
BRDA:402,29,1,1390
BRDA:402,29,2,4
BRDA:419,30,0,88762
BRDA:419,30,1,6144
BRDA:420,31,0,88762
BRDA:420,31,1,27766
BRDA:423,32,0,6144
BRDA:423,32,1,6144
BRDA:441,33,0,26318
BRDA:441,33,1,11426
BRDA:442,34,0,26318
BRDA:442,34,1,11418
BRDA:445,35,0,11426
BRDA:445,35,1,11080
BRDA:449,36,0,964
BRDA:449,36,1,948
BRDA:449,36,2,16
BRDA:451,37,0,436
BRDA:451,37,1,528
BRDA:468,38,0,12
BRDA:468,38,1,0
BRDA:472,39,0,12030
BRDA:472,39,1,12026
BRDA:472,39,2,4
BRDA:488,40,0,32
BRDA:488,40,1,18
BRDA:523,41,0,16
BRDA:523,41,1,4
BRDA:544,42,0,6530
BRDA:544,42,1,664
BRDA:550,43,0,16482
BRDA:550,43,1,16474
BRDA:550,43,2,8
BRDA:559,44,0,7228
BRDA:559,44,1,9254
BRDA:566,45,0,6654
BRDA:566,45,1,2600
BRDA:566,46,0,9254
BRDA:566,46,1,5918
BRDA:581,47,0,52
BRDA:581,47,1,20
BRDA:582,48,0,52
BRDA:582,48,1,32
BRDA:582,49,0,52
BRDA:582,49,1,0
BRF:104
BRH:99
end_of_record
TN:
SF:/Users/ringel/IdeaProjects/coral-spectrum/coral-base-component/src/scripts/BaseComponent.js
FN:44,getListenerFromMethodNameOrFunction
FN:74,delegateEvents
FN:201,delegateGlobalEvents
FN:230,undelegateGlobalEvents
FN:261,getConstructorName
FN:269,find
FN:324,BaseComponent
FN:327,(anonymous_7)
FN:331,_class
FN:342,(anonymous_9)
FN:343,(anonymous_10)
FN:384,_filterKeys
FN:390,_delegateEvents
FN:401,_getContentZone
FN:413,_setContentZone
FN:471,_reflectAttribute
FN:502,_trackEvent
FN:517,toString
FN:535,on
FN:556,off
FN:577,trigger
FN:635,set
FN:642,isContentZone
FN:646,updateContentZone
FN:660,setProperty
FN:699,get
FN:710,show
FN:727,hide
FN:748,attributeChangedCallback
FN:760,connectedCallback
FN:771,disconnectedCallback
FN:778,get
FN:781,set
FN:796,get
FN:799,set
FN:813,get
FN:816,set
FN:822,get
FN:827,get
FN:832,get
FN:842,get
FNF:41
FNH:41
FNDA:286896,getListenerFromMethodNameOrFunction
FNDA:47432,delegateEvents
FNDA:88048,delegateGlobalEvents
FNDA:139040,undelegateGlobalEvents
FNDA:2,getConstructorName
FNDA:2,find
FNDA:258,BaseComponent
FNDA:258,(anonymous_7)
FNDA:107239,_class
FNDA:38513,(anonymous_9)
FNDA:445052,(anonymous_10)
FNDA:322,_filterKeys
FNDA:47432,_delegateEvents
FNDA:1852898,_getContentZone
FNDA:60835,_setContentZone
FNDA:206172,_reflectAttribute
FNDA:1436,_trackEvent
FNDA:2,toString
FNDA:3414,on
FNDA:1700,off
FNDA:70059,trigger
FNDA:7946,set
FNDA:29960,isContentZone
FNDA:6088,updateContentZone
FNDA:29960,setProperty
FNDA:2,get
FNDA:294,show
FNDA:912,hide
FNDA:191001,attributeChangedCallback
FNDA:119372,connectedCallback
FNDA:139040,disconnectedCallback
FNDA:2234,get
FNDA:15406,set
FNDA:178,get
FNDA:230,set
FNDA:202,get
FNDA:4812,set
FNDA:2,get
FNDA:1850,get
FNDA:101722,get
FNDA:280,get
DA:23,2
DA:35,2
DA:44,2
DA:46,286896
DA:47,0
DA:48,286896
DA:49,286896
DA:50,0
DA:53,286896
DA:55,286896
DA:56,0
DA:59,286896
DA:60,0
DA:63,0
DA:66,0
DA:74,2
DA:94,47432
DA:95,286896
DA:97,286896
DA:98,286896
DA:99,286896
DA:101,286896
DA:103,113512
DA:107,286896
DA:109,286896
DA:112,286896
DA:114,286896
DA:116,286896
DA:117,47884
DA:121,286896
DA:123,286896
DA:125,53058
DA:129,286896
DA:131,286896
DA:132,96244
DA:133,0
DA:136,96244
DA:140,286896
DA:142,286896
DA:143,612
DA:144,0
DA:148,286896
DA:150,47884
DA:151,5656
DA:153,5656
DA:159,42228
DA:161,42228
DA:169,239012
DA:171,90588
DA:178,90588
DA:179,148424
DA:180,0
DA:181,0
DA:183,0
DA:184,0
DA:187,0
DA:190,148424
DA:201,2
DA:204,88048
DA:206,24802
DA:207,50466
DA:208,50466
DA:212,88048
DA:214,10552
DA:215,11134
DA:216,11134
DA:220,88048
DA:221,17616
DA:230,2
DA:233,139040
DA:235,23042
DA:236,46216
DA:237,46216
DA:241,139040
DA:243,5766
DA:244,6326
DA:245,6326
DA:249,139040
DA:250,16778
DA:255,2
DA:261,2
DA:263,2
DA:265,2
DA:267,2
DA:269,2
DA:270,2
DA:272,2
DA:274,2
DA:275,2
DA:277,2
DA:278,2
DA:280,2
DA:282,2
DA:286,2
DA:288,2
DA:289,2
DA:291,0
DA:297,2
DA:301,2
DA:305,2
DA:306,4
DA:307,2
DA:308,2
DA:310,2
DA:315,2
DA:316,2
DA:324,2
DA:325,258
DA:328,258
DA:334,107239
DA:336,107239
DA:338,107239
DA:339,107239
DA:341,107239
DA:342,36504
DA:343,38513
DA:344,445052
DA:345,346638
DA:347,346638
DA:348,608545
DA:350,608545
DA:354,2258
DA:361,36504
DA:367,107239
DA:379,258
DA:385,322
DA:391,47432
DA:392,47432
DA:393,47432
DA:395,47432
DA:402,1852898
DA:403,142579
DA:407,1710319
DA:414,60835
DA:415,60835
DA:416,60835
DA:417,60835
DA:420,60835
DA:421,60829
DA:422,0
DA:425,60829
DA:426,0
DA:429,60829
DA:431,60829
DA:433,60829
DA:435,60829
DA:436,14113
DA:440,60829
DA:441,0
DA:442,0
DA:445,0
DA:447,0
DA:450,0
DA:454,6
DA:456,6
DA:457,2
DA:462,60835
DA:464,60835
DA:465,7460
DA:472,206172
DA:473,39330
DA:474,4378
DA:475,4378
DA:476,4378
DA:477,34952
DA:478,979
DA:479,979
DA:480,979
DA:482,166842
DA:483,84134
DA:484,84134
DA:485,84134
DA:503,1436
DA:504,1128
DA:507,1436
DA:518,2
DA:536,3414
DA:538,3414
DA:557,1700
DA:559,1700
DA:579,70059
DA:581,70059
DA:582,70059
DA:588,70059
DA:589,11328
DA:593,58731
DA:595,58731
DA:598,58731
DA:603,58731
DA:610,0
DA:614,0
DA:617,0
DA:620,58731
DA:636,7946
DA:642,7946
DA:643,29960
DA:646,7946
DA:648,6088
DA:649,6086
DA:651,6198
DA:656,2
DA:660,7946
DA:661,29960
DA:662,6088
DA:664,23872
DA:667,23872
DA:668,23872
DA:672,7946
DA:674,528
DA:675,528
DA:676,528
DA:678,7418
DA:679,7418
DA:681,7418
DA:682,29432
DA:683,29432
DA:687,7946
DA:700,2
DA:711,294
DA:712,272
DA:717,22
DA:718,22
DA:728,912
DA:729,136
DA:734,776
DA:735,776
DA:749,191001
DA:751,191001
DA:753,101722
DA:762,119372
DA:763,40616
DA:764,40616
DA:773,139040
DA:774,139040
DA:779,2234
DA:782,15406
DA:783,15406
DA:797,178
DA:800,230
DA:814,202
DA:817,4812
DA:823,2
DA:828,1850
DA:833,101722
DA:843,280
DA:847,258
LF:246
LH:222
BRDA:46,0,0,0
BRDA:46,0,1,286896
BRDA:48,1,0,286896
BRDA:48,1,1,0
BRDA:49,2,0,0
BRDA:49,2,1,286896
BRDA:55,3,0,0
BRDA:55,3,1,286896
BRDA:60,4,0,0
BRDA:60,4,1,0
BRDA:101,5,0,113512
BRDA:101,5,1,173384
BRDA:109,6,0,286896
BRDA:109,6,1,0
BRDA:116,7,0,47884
BRDA:116,7,1,239012
BRDA:123,8,0,53058
BRDA:123,8,1,233838
BRDA:131,9,0,96244
BRDA:131,9,1,190652
BRDA:132,10,0,0
BRDA:132,10,1,96244
BRDA:142,11,0,612
BRDA:142,11,1,286284
BRDA:143,12,0,0
BRDA:143,12,1,612
BRDA:148,13,0,47884
BRDA:148,13,1,239012
BRDA:150,14,0,5656
BRDA:150,14,1,42228
BRDA:151,15,0,5656
BRDA:151,15,1,5194
BRDA:159,16,0,42228
BRDA:159,16,1,19168
BRDA:169,17,0,90588
BRDA:169,17,1,148424
BRDA:171,18,0,90588
BRDA:171,18,1,12462
BRDA:179,19,0,0
BRDA:179,19,1,148424
BRDA:180,20,0,0
BRDA:180,20,1,0
BRDA:204,21,0,24802
BRDA:204,21,1,63246
BRDA:212,22,0,10552
BRDA:212,22,1,77496
BRDA:220,23,0,17616
BRDA:220,23,1,70432
BRDA:233,24,0,23042
BRDA:233,24,1,115998
BRDA:241,25,0,5766
BRDA:241,25,1,133274
BRDA:249,26,0,16778
BRDA:249,26,1,122262
BRDA:267,27,0,2
BRDA:267,27,1,0
BRDA:274,28,0,2
BRDA:274,28,1,0
BRDA:274,29,0,2
BRDA:274,29,1,2
BRDA:274,29,2,0
BRDA:280,30,0,2
BRDA:280,30,1,0
BRDA:288,31,0,2
BRDA:288,31,1,0
BRDA:306,32,0,2
BRDA:306,32,1,2
BRDA:341,33,0,36504
BRDA:341,33,1,70735
BRDA:350,34,0,2258
BRDA:350,34,1,606287
BRDA:350,35,0,608545
BRDA:350,35,1,67675
BRDA:402,36,0,142579
BRDA:402,36,1,1710319
BRDA:403,37,0,142579
BRDA:403,37,1,126266
BRDA:403,37,2,16313
BRDA:420,38,0,60829
BRDA:420,38,1,6
BRDA:421,39,0,0
BRDA:421,39,1,60829
BRDA:425,40,0,0
BRDA:425,40,1,60829
BRDA:425,41,0,60829
BRDA:425,41,1,60829
BRDA:433,42,0,60829
BRDA:433,42,1,0
BRDA:435,43,0,14113
BRDA:435,43,1,46716
BRDA:435,44,0,60829
BRDA:435,44,1,60829
BRDA:441,45,0,0
BRDA:441,45,1,0
BRDA:441,46,0,0
BRDA:441,46,1,0
BRDA:456,47,0,2
BRDA:456,47,1,4
BRDA:456,48,0,6
BRDA:456,48,1,4
BRDA:464,49,0,7460
BRDA:464,49,1,53375
BRDA:472,50,0,39330
BRDA:472,50,1,166842
BRDA:473,51,0,4378
BRDA:473,51,1,34952
BRDA:473,52,0,39330
BRDA:473,52,1,18598
BRDA:477,53,0,979
BRDA:477,53,1,33973
BRDA:477,54,0,34952
BRDA:477,54,1,20732
BRDA:482,55,0,84134
BRDA:482,55,1,82708
BRDA:503,56,0,1128
BRDA:503,56,1,308
BRDA:579,57,0,70059
BRDA:579,57,1,70059
BRDA:581,58,0,70059
BRDA:581,58,1,70059
BRDA:588,59,0,11328
BRDA:588,59,1,58731
BRDA:603,60,0,0
BRDA:603,60,1,58731
BRDA:643,61,0,29960
BRDA:643,61,1,27888
BRDA:648,62,0,6086
BRDA:648,62,1,2
BRDA:648,63,0,6088
BRDA:648,63,1,6088
BRDA:661,64,0,6088
BRDA:661,64,1,23872
BRDA:672,65,0,528
BRDA:672,65,1,7418
BRDA:711,66,0,272
BRDA:711,66,1,22
BRDA:728,67,0,136
BRDA:728,67,1,776
BRDA:751,68,0,101722
BRDA:751,68,1,89279
BRDA:753,69,0,101722
BRDA:753,69,1,90056
BRDA:762,70,0,40616
BRDA:762,70,1,78756
BRDA:779,71,0,2234
BRDA:779,71,1,1856
BRDA:779,71,2,1856
BRDA:783,72,0,15406
BRDA:783,72,1,15406
BRDA:783,72,2,0
BRDA:797,73,0,178
BRDA:797,73,1,26
BRDA:797,73,2,26
BRDA:814,74,0,202
BRDA:814,74,1,28
BRDA:814,74,2,28
BRDA:823,75,0,2
BRDA:823,75,1,2
BRF:158
BRH:132
end_of_record
TN:
SF:/Users/ringel/IdeaProjects/coral-spectrum/coral-base-formfield/src/scripts/BaseFormField.js
FN:27,(anonymous_0)
FN:48,BaseFormField
FN:51,(anonymous_2)
FN:55,_class
FN:146,_getLabellableElement
FN:163,_getTargetChangeInput
FN:177,_onInputChange
FN:195,_onFormReset
FN:208,_onTargetInputChange
FN:233,_updateForAttributes
FN:237,(anonymous_10)
FN:262,clear
FN:272,reset
FN:281,get
FN:284,set
FN:304,get
FN:307,set
FN:341,get
FN:354,get
FN:366,get
FN:371,get
FN:380,get
FN:387,get
FNF:23
FNH:22
FNDA:0,(anonymous_0)
FNDA:36,BaseFormField
FNDA:36,(anonymous_2)
FNDA:14212,_class
FNDA:3516,_getLabellableElement
FNDA:176,_getTargetChangeInput
FNDA:22,_onInputChange
FNDA:75986,_onFormReset
FNDA:178,_onTargetInputChange
FNDA:442,_updateForAttributes
FNDA:626,(anonymous_10)
FNDA:42,clear
FNDA:158,reset
FNDA:1927,get
FNDA:1554,set
FNDA:1132,get
FNDA:2542,set
FNDA:172,get
FNDA:8,get
FNDA:108,get
FNDA:11712,get
FNDA:4,get
FNDA:36,get
DA:21,2
DA:24,2
DA:25,0
DA:27,0
DA:28,0
DA:31,0
DA:35,2
DA:48,2
DA:49,36
DA:52,36
DA:58,14212
DA:60,14212
DA:61,14212
DA:65,14212
DA:137,36
DA:148,3516
DA:150,3516
DA:165,176
DA:179,22
DA:182,22
DA:184,22
DA:185,22
DA:196,75986
DA:197,206
DA:209,178
DA:212,178
DA:214,156
DA:235,442
DA:237,442
DA:238,626
DA:240,626
DA:241,478
DA:243,478
DA:245,270
DA:246,166
DA:251,208
DA:264,42
DA:277,158
DA:282,1927
DA:285,1554
DA:287,1554
DA:289,1554
DA:290,1554
DA:305,1132
DA:308,2542
DA:311,2542
DA:314,2542
DA:315,2542
DA:317,2542
DA:318,170
DA:321,2542
DA:322,348
DA:324,348
DA:325,272
DA:329,2194
DA:342,172
DA:355,8
DA:367,108
DA:372,11712
DA:381,4
DA:388,36
DA:392,36
LF:62
LH:58
BRDA:24,0,0,0
BRDA:24,0,1,2
BRDA:24,1,0,2
BRDA:24,1,1,2
BRDA:148,2,0,3516
BRDA:148,2,1,78
BRDA:150,3,0,3516
BRDA:150,3,1,48
BRDA:165,4,0,176
BRDA:165,4,1,164
BRDA:166,5,0,114
BRDA:166,5,1,50
BRDA:184,6,0,22
BRDA:184,6,1,0
BRDA:196,7,0,206
BRDA:196,7,1,75780
BRDA:212,8,0,156
BRDA:212,8,1,22
BRDA:212,9,0,178
BRDA:212,9,1,72
BRDA:240,10,0,478
BRDA:240,10,1,148
BRDA:240,11,0,626
BRDA:240,11,1,494
BRDA:243,12,0,270
BRDA:243,12,1,208
BRDA:245,13,0,166
BRDA:245,13,1,104
BRDA:282,14,0,1927
BRDA:282,14,1,1648
BRDA:314,15,0,2542
BRDA:314,15,1,800
BRDA:317,16,0,170
BRDA:317,16,1,2372
BRDA:317,17,0,2542
BRDA:317,17,1,170
BRDA:321,18,0,348
BRDA:321,18,1,2194
BRDA:324,19,0,272
BRDA:324,19,1,76
BRF:40
BRH:38
end_of_record
TN:
SF:/Users/ringel/IdeaProjects/coral-spectrum/coral-base-list/src/scripts/BaseList.js
FN:42,BaseList
FN:45,(anonymous_1)
FN:49,_class
FN:85,_eventIsAtTarget
FN:100,_onMouseEnter
FN:109,_focusFirstItem
FN:122,_focusLastItem
FN:135,_focusNextItem
FN:161,_focusPreviousItem
FN:187,_getSelectableItems
FN:189,(anonymous_10)
FN:197,focus
FN:216,connectedCallback
FN:227,get
FN:244,get
FN:259,get
FN:262,set
FN:270,get
FN:277,get
FNF:19
FNH:14
FNDA:6,BaseList
FNDA:6,(anonymous_1)
FNDA:760,_class
FNDA:2,_eventIsAtTarget
FNDA:0,_onMouseEnter
FNDA:0,_focusFirstItem
FNDA:0,_focusLastItem
FNDA:0,_focusNextItem
FNDA:2,_focusPreviousItem
FNDA:10,_getSelectableItems
FNDA:44,(anonymous_10)
FNDA:4,focus
FNDA:1512,connectedCallback
FNDA:851,get
FNDA:4,get
FNDA:2,get
FNDA:736,set
FNDA:0,get
FNDA:8,get
DA:21,2
DA:33,2
DA:42,2
DA:43,6
DA:46,6
DA:52,760
DA:54,760
DA:55,760
DA:67,760
DA:77,6
DA:86,2
DA:87,2
DA:88,2
DA:90,2
DA:92,2
DA:93,2
DA:96,2
DA:101,0
DA:102,0
DA:110,0
DA:111,0
DA:114,0
DA:116,0
DA:123,0
DA:124,0
DA:127,0
DA:129,0
DA:136,0
DA:137,0
DA:140,0
DA:142,0
DA:144,0
DA:146,0
DA:148,0
DA:151,0
DA:152,0
DA:154,0
DA:162,2
DA:163,0
DA:166,2
DA:168,2
DA:170,2
DA:172,2
DA:174,0
DA:177,2
DA:178,0
DA:180,2
DA:189,10
DA:190,44
DA:198,4
DA:199,4
DA:201,4
DA:202,4
DA:217,1512
DA:219,1512
DA:221,1512
DA:222,380
DA:229,851
DA:230,158
DA:238,851
DA:246,4
DA:260,2
DA:263,736
DA:264,736
DA:266,736
DA:271,0
DA:278,8
DA:282,6
LF:68
LH:44
BRDA:90,0,0,2
BRDA:90,0,1,0
BRDA:101,1,0,0
BRDA:101,1,1,0
BRDA:110,2,0,0
BRDA:110,2,1,0
BRDA:110,3,0,0
BRDA:110,3,1,0
BRDA:123,4,0,0
BRDA:123,4,1,0
BRDA:123,5,0,0
BRDA:123,5,1,0
BRDA:136,6,0,0
BRDA:136,6,1,0
BRDA:136,7,0,0
BRDA:136,7,1,0
BRDA:146,8,0,0
BRDA:146,8,1,0
BRDA:151,9,0,0
BRDA:151,9,1,0
BRDA:162,10,0,0
BRDA:162,10,1,2
BRDA:162,11,0,2
BRDA:162,11,1,2
BRDA:172,12,0,0
BRDA:172,12,1,2
BRDA:177,13,0,0
BRDA:177,13,1,2
BRDA:190,14,0,44
BRDA:190,14,1,44
BRDA:198,15,0,4
BRDA:198,15,1,0
BRDA:201,16,0,4
BRDA:201,16,1,0
BRDA:221,17,0,380
BRDA:221,17,1,1132
BRDA:229,18,0,158
BRDA:229,18,1,693
BRDA:260,19,0,2
BRDA:260,19,1,0
BRDA:264,20,0,736
BRDA:264,20,1,736
BRDA:264,20,2,0
BRF:43
BRH:17
end_of_record
TN:
SF:/Users/ringel/IdeaProjects/coral-spectrum/coral-base-list/src/scripts/BaseListItem.js
FN:27,BaseListItem
FN:30,(anonymous_1)
FN:34,_class
FN:57,_getIconElement
FN:71,connectedCallback
FN:94,get
FN:97,set
FN:101,insert
FN:117,get
FN:120,set
FN:138,get
FN:143,set
FN:156,get
FN:165,get
FNF:14
FNH:14
FNDA:6,BaseListItem
FNDA:6,(anonymous_1)
FNDA:946,_class
FNDA:3916,_getIconElement
FNDA:1474,connectedCallback
FNDA:878,get
FNDA:1518,set
FNDA:1518,insert
FNDA:7666,get
FNDA:118,set
FNDA:1474,get
FNDA:2442,set
FNDA:17974,get
FNDA:12,get
DA:21,2
DA:27,2
DA:28,6
DA:31,6
DA:37,946
DA:39,946
DA:41,946
DA:45,946
DA:55,6
DA:58,3916
DA:59,940
DA:60,940
DA:62,940
DA:65,3916
DA:72,1474
DA:74,1474
DA:77,1474
DA:79,1474
DA:81,1474
DA:83,746
DA:84,788
DA:89,1474
DA:90,1474
DA:95,878
DA:98,1518
DA:102,1518
DA:118,7666
DA:121,118
DA:123,118
DA:125,118
DA:126,118
DA:139,1474
DA:141,1474
DA:144,2442
DA:146,2442
DA:147,738
DA:149,1704
DA:152,2442
DA:157,17974
DA:166,12
DA:170,6
LF:41
LH:41
BRDA:43,0,0,946
BRDA:43,0,1,756
BRDA:58,1,0,940
BRDA:58,1,1,2976
BRDA:59,2,0,940
BRDA:59,2,1,810
BRDA:81,3,0,746
BRDA:81,3,1,728
BRDA:118,4,0,7666
BRDA:118,4,1,7666
BRDA:146,5,0,738
BRDA:146,5,1,1704
BRF:12
BRH:12
end_of_record
TN:
SF:/Users/ringel/IdeaProjects/coral-spectrum/coral-base-overlay/src/scripts/BaseOverlay.js
FN:42,preventScroll
FN:54,cancelBackdropHide
FN:62,hideEverythingBut
FN:99,doRepositionBackdrop
FN:118,pop
FN:133,push
FN:156,indexOf
FN:168,get
FN:174,top
FN:178,getHighestZIndex
FN:182,some
FN:185,forEach
FN:193,createDocumentTabCaptureEls
FN:199,(anonymous_13)
FN:204,(anonymous_14)
FN:218,(anonymous_15)
FN:222,(anonymous_16)
FN:252,hideDocumentTabCaptureEls
FN:263,showEverything
FN:278,doBackdropHide
FN:281,(anonymous_20)
FN:284,(anonymous_21)
FN:298,hideOrRepositionBackdrop
FN:305,(anonymous_23)
FN:333,handleBackdropClick
FN:334,(anonymous_25)
FN:345,doBackdropShow
FN:362,(anonymous_27)
FN:376,BaseOverlay
FN:379,(anonymous_29)
FN:383,_class
FN:405,_closeChildOverlays
FN:423,_debounce
FN:426,(anonymous_33)
FN:438,_isTopOverlay
FN:450,_pushOverlay
FN:461,_popOverlay
FN:474,_showBackdrop
FN:503,_hideBackdrop
FN:523,_handleRootKeypress
FN:540,_handleTabCaptureFocus
FN:562,_handleFocus
FN:586,_handleReturnFocus
FN:613,_focusOn
FN:626,_getFocusableElements
FN:627,(anonymous_45)
FN:633,_getFocusableElement
FN:652,show
FN:664,hide
FN:679,returnFocusTo
FN:691,(anonymous_50)
FN:693,(anonymous_51)
FN:714,connectedCallback
FN:748,disconnectedCallback
FN:797,get
FN:800,set
FN:843,get
FN:846,set
FN:860,get
FN:863,set
FN:880,get
FN:883,set
FN:903,get
FN:906,set
FN:943,(anonymous_64)
FN:965,(anonymous_65)
FN:969,openComplete
FN:971,(anonymous_67)
FN:993,closeComplete
FN:1000,(anonymous_69)
FN:1024,get
FN:1035,get
FN:1046,get
FN:1057,get
FN:1068,get
FN:1079,get
FN:1084,get
FN:1095,get
FNF:78
FNH:73
FNDA:416,preventScroll
FNDA:270,cancelBackdropHide
FNDA:178,hideEverythingBut
FNDA:30,doRepositionBackdrop
FNDA:1408,pop
FNDA:752,push
FNDA:1564,indexOf
FNDA:156,get
FNDA:968,top
FNDA:752,getHighestZIndex
FNDA:142,some
FNDA:2,forEach
FNDA:174,createDocumentTabCaptureEls
FNDA:0,(anonymous_13)
FNDA:0,(anonymous_14)
FNDA:0,(anonymous_15)
FNDA:0,(anonymous_16)
FNDA:124,hideDocumentTabCaptureEls
FNDA:122,showEverything
FNDA:122,doBackdropHide
FNDA:122,(anonymous_20)
FNDA:4,(anonymous_21)
FNDA:656,hideOrRepositionBackdrop
FNDA:686,(anonymous_23)
FNDA:2,handleBackdropClick
FNDA:8,(anonymous_25)
FNDA:148,doBackdropShow
FNDA:148,(anonymous_27)
FNDA:8,BaseOverlay
FNDA:8,(anonymous_29)
FNDA:4890,_class
FNDA:314,_closeChildOverlays
FNDA:757,_debounce
FNDA:696,(anonymous_33)
FNDA:40,_isTopOverlay
FNDA:668,_pushOverlay
FNDA:656,_popOverlay
FNDA:156,_showBackdrop
FNDA:0,_hideBackdrop
FNDA:12,_handleRootKeypress
FNDA:12,_handleTabCaptureFocus
FNDA:430,_handleFocus
FNDA:344,_handleReturnFocus
FNDA:233,_focusOn
FNDA:233,_getFocusableElements
FNDA:486,(anonymous_45)
FNDA:233,_getFocusableElement
FNDA:298,show
FNDA:128,hide
FNDA:4744,returnFocusTo
FNDA:4,(anonymous_50)
FNDA:4,(anonymous_51)
FNDA:5468,connectedCallback
FNDA:5366,disconnectedCallback
FNDA:6046,get
FNDA:5442,set
FNDA:10802,get
FNDA:5422,set
FNDA:5884,get
FNDA:5468,set
FNDA:3262,get
FNDA:5460,set
FNDA:377008,get
FNDA:960,set
FNDA:960,(anonymous_64)
FNDA:564,(anonymous_65)
FNDA:564,openComplete
FNDA:382,(anonymous_67)
FNDA:396,closeComplete
FNDA:314,(anonymous_69)
FNDA:84,get
FNDA:3236,get
FNDA:8852,get
FNDA:100,get
FNDA:3232,get
FNDA:4582,get
FNDA:21638,get
FNDA:18,get
DA:23,2
DA:25,2
DA:32,2
DA:34,2
DA:36,2
DA:37,2
DA:43,416
DA:55,270
DA:64,178
DA:66,178
DA:67,69829
DA:69,69829
DA:70,69661
DA:72,69661
DA:75,68887
DA:77,68887
DA:79,22074
DA:83,774
DA:87,47587
DA:92,178
DA:101,30
DA:103,30
DA:105,30
DA:106,32
DA:107,30
DA:108,30
DA:113,30
DA:117,2
DA:120,1408
DA:122,1408
DA:123,759
DA:127,649
DA:129,649
DA:131,649
DA:135,752
DA:139,752
DA:141,752
DA:142,752
DA:144,752
DA:146,752
DA:151,10
DA:154,752
DA:160,1564
DA:161,22412
DA:162,797
DA:166,767
DA:170,156
DA:172,156
DA:175,968
DA:176,968
DA:179,752
DA:180,752
DA:183,142
DA:186,2
DA:194,174
DA:195,2
DA:196,2
DA:197,2
DA:198,2
DA:199,2
DA:200,0
DA:202,0
DA:204,0
DA:205,0
DA:206,0
DA:207,0
DA:210,0
DA:214,2
DA:215,2
DA:216,2
DA:217,2
DA:218,2
DA:219,0
DA:221,0
DA:222,0
DA:223,0
DA:226,0
DA:227,0
DA:232,172
DA:234,0
DA:237,172
DA:239,4
DA:244,174
DA:245,174
DA:253,124
DA:254,124
DA:255,124
DA:265,122
DA:267,122
DA:268,47819
DA:270,47819
DA:279,122
DA:281,122
DA:282,122
DA:283,122
DA:284,122
DA:285,4
DA:289,122
DA:291,122
DA:299,656
DA:301,514
DA:305,142
DA:307,686
DA:310,142
DA:312,122
DA:315,20
DA:320,142
DA:322,142
DA:323,124
DA:324,18
DA:325,18
DA:334,2
DA:335,8
DA:336,4
DA:346,148
DA:348,148
DA:349,2
DA:350,2
DA:351,2
DA:352,2
DA:357,148
DA:359,148
DA:361,148
DA:362,148
DA:365,148
DA:366,148
DA:368,148
DA:376,2
DA:377,8
DA:380,8
DA:386,4890
DA:388,4890
DA:390,4890
DA:391,4890
DA:392,4890
DA:403,8
DA:406,314
DA:408,314
DA:409,58
DA:411,58
DA:412,0
DA:414,58
DA:415,0
DA:425,757
DA:426,757
DA:427,696
DA:439,40
DA:440,40
DA:451,668
DA:462,656
DA:464,656
DA:475,156
DA:478,156
DA:479,148
DA:480,148
DA:484,156
DA:487,156
DA:488,6
DA:491,156
DA:492,156
DA:504,0
DA:506,0
DA:507,0
DA:509,0
DA:513,0
DA:524,12
DA:526,2
DA:529,2
DA:542,12
DA:543,0
DA:544,0
DA:548,12
DA:549,12
DA:551,12
DA:564,430
DA:565,213
DA:566,217
DA:567,58
DA:568,159
DA:570,109
DA:572,109
DA:573,103
DA:576,6
DA:587,344
DA:588,122
DA:590,100
DA:594,22
DA:596,22
DA:598,22
DA:600,22
DA:614,233
DA:617,233
DA:618,40
DA:621,193
DA:627,233
DA:628,486
DA:636,233
DA:637,233
DA:639,233
DA:642,233
DA:653,298
DA:654,298
DA:665,128
DA:666,128
DA:680,4744
DA:682,0
DA:686,4744
DA:688,2070
DA:690,2070
DA:691,2070
DA:693,4
DA:695,4
DA:697,4
DA:698,0
DA:701,4
DA:702,4
DA:707,4744
DA:708,4744
DA:715,5468
DA:717,5468
DA:719,5468
DA:720,5242
DA:723,5468
DA:724,5156
DA:727,5468
DA:728,2118
DA:731,5468
DA:732,5468
DA:735,5468
DA:736,116
DA:738,116
DA:740,6
DA:749,5366
DA:751,5366
DA:754,281
DA:756,281
DA:758,66
DA:798,6046
DA:801,5442
DA:802,5442
DA:804,5442
DA:806,3834
DA:808,2844
DA:812,3834
DA:813,3834
DA:814,3834
DA:816,3834
DA:817,3834
DA:819,3834
DA:821,3834
DA:822,1608
DA:824,1608
DA:825,1608
DA:826,1608
DA:828,1608
DA:830,1608
DA:844,10802
DA:847,5422
DA:848,5422
DA:861,5884
DA:864,5468
DA:865,5468
DA:881,3262
DA:884,5460
DA:885,5460
DA:904,377008
DA:907,960
DA:909,960
DA:910,960
DA:911,960
DA:913,960
DA:914,960
DA:916,960
DA:921,960
DA:924,960
DA:926,927
DA:928,552
DA:930,552
DA:931,400
DA:938,375
DA:943,960
DA:945,960
DA:947,960
DA:948,564
DA:950,472
DA:953,143
DA:955,143
DA:957,143
DA:963,564
DA:965,564
DA:966,564
DA:969,564
DA:970,564
DA:971,413
DA:973,382
DA:975,382
DA:977,382
DA:982,564
DA:984,448
DA:987,116
DA:991,396
DA:993,396
DA:994,396
DA:996,344
DA:998,344
DA:1000,344
DA:1002,314
DA:1004,314
DA:1006,314
DA:1011,396
DA:1013,318
DA:1016,78
DA:1025,84
DA:1036,3236
DA:1047,8852
DA:1058,100
DA:1069,3232
DA:1080,4582
DA:1085,21638
DA:1096,18
DA:1100,8
LF:321
LH:296
BRDA:69,0,0,69661
BRDA:69,0,1,168
BRDA:69,1,0,69829
BRDA:69,1,1,69827
BRDA:69,1,2,69827
BRDA:72,2,0,68887
BRDA:72,2,1,774
BRDA:75,3,0,68887
BRDA:75,3,1,23
BRDA:77,4,0,22074
BRDA:77,4,1,46813
BRDA:103,5,0,30
BRDA:103,5,1,0
BRDA:106,6,0,30
BRDA:106,6,1,2
BRDA:122,7,0,759
BRDA:122,7,1,649
BRDA:135,8,0,752
BRDA:135,8,1,656
BRDA:146,9,0,10
BRDA:146,9,1,742
BRDA:161,10,0,797
BRDA:161,10,1,21615
BRDA:172,11,0,8
BRDA:172,11,1,148
BRDA:176,12,0,2
BRDA:176,12,1,966
BRDA:180,13,0,750
BRDA:180,13,1,2
BRDA:194,14,0,2
BRDA:194,14,1,172
BRDA:202,15,0,0
BRDA:202,15,1,0
BRDA:202,16,0,0
BRDA:202,16,1,0
BRDA:205,17,0,0
BRDA:205,17,1,0
BRDA:205,18,0,0
BRDA:205,18,1,0
BRDA:221,19,0,0
BRDA:221,19,1,0
BRDA:221,20,0,0
BRDA:221,20,1,0
BRDA:223,21,0,0
BRDA:223,21,1,0
BRDA:226,22,0,0
BRDA:226,22,1,0
BRDA:232,23,0,0
BRDA:232,23,1,172
BRDA:237,24,0,4
BRDA:237,24,1,168
BRDA:253,25,0,124
BRDA:253,25,1,0
BRDA:270,26,0,47819
BRDA:270,26,1,84
BRDA:299,27,0,514
BRDA:299,27,1,142
BRDA:299,28,0,656
BRDA:299,28,1,656
BRDA:310,29,0,122
BRDA:310,29,1,20
BRDA:322,30,0,124
BRDA:322,30,1,18
BRDA:322,31,0,142
BRDA:322,31,1,142
BRDA:322,32,0,142
BRDA:322,32,1,60
BRDA:324,33,0,18
BRDA:324,33,1,0
BRDA:324,34,0,18
BRDA:324,34,1,18
BRDA:324,34,2,18
BRDA:335,35,0,4
BRDA:335,35,1,4
BRDA:348,36,0,2
BRDA:348,36,1,146
BRDA:411,37,0,0
BRDA:411,37,1,58
BRDA:414,38,0,0
BRDA:414,38,1,58
BRDA:414,39,0,58
BRDA:414,39,1,58
BRDA:414,39,2,24
BRDA:440,40,0,40
BRDA:440,40,1,40
BRDA:478,41,0,148
BRDA:478,41,1,8
BRDA:487,42,0,6
BRDA:487,42,1,150
BRDA:491,43,0,156
BRDA:491,43,1,0
BRDA:506,44,0,0
BRDA:506,44,1,0
BRDA:524,45,0,2
BRDA:524,45,1,10
BRDA:524,46,0,12
BRDA:524,46,1,2
BRDA:542,47,0,0
BRDA:542,47,1,12
BRDA:549,48,0,4
BRDA:549,48,1,8
BRDA:564,49,0,213
BRDA:564,49,1,217
BRDA:566,50,0,58
BRDA:566,50,1,159
BRDA:568,51,0,109
BRDA:568,51,1,50
BRDA:568,52,0,159
BRDA:568,52,1,159
BRDA:572,53,0,103
BRDA:572,53,1,6
BRDA:587,54,0,122
BRDA:587,54,1,222
BRDA:587,55,0,344
BRDA:587,55,1,225
BRDA:588,56,0,100
BRDA:588,56,1,22
BRDA:588,57,0,122
BRDA:588,57,1,122
BRDA:617,58,0,40
BRDA:617,58,1,193
BRDA:628,59,0,486
BRDA:628,59,1,80
BRDA:636,60,0,233
BRDA:636,60,1,0
BRDA:636,61,0,233
BRDA:636,61,1,8
BRDA:639,62,0,225
BRDA:639,62,1,8
BRDA:680,63,0,0
BRDA:680,63,1,4744
BRDA:686,64,0,2070
BRDA:686,64,1,2674
BRDA:686,65,0,4744
BRDA:686,65,1,2734
BRDA:697,66,0,0
BRDA:697,66,1,4
BRDA:697,67,0,4
BRDA:697,67,1,4
BRDA:719,68,0,5242
BRDA:719,68,1,226
BRDA:723,69,0,5156
BRDA:723,69,1,312
BRDA:727,70,0,2118
BRDA:727,70,1,3350
BRDA:731,71,0,5468
BRDA:731,71,1,0
BRDA:735,72,0,116
BRDA:735,72,1,5352
BRDA:738,73,0,6
BRDA:738,73,1,110
BRDA:751,74,0,281
BRDA:751,74,1,5085
BRDA:756,75,0,66
BRDA:756,75,1,215
BRDA:798,76,0,6046
BRDA:798,76,1,1154
BRDA:802,77,0,5442
BRDA:802,77,1,5442
BRDA:802,77,2,0
BRDA:804,78,0,3834
BRDA:804,78,1,1608
BRDA:806,79,0,2844
BRDA:806,79,1,990
BRDA:822,80,0,1608
BRDA:822,80,1,0
BRDA:824,81,0,1608
BRDA:824,81,1,1408
BRDA:825,82,0,1608
BRDA:825,82,1,1408
BRDA:826,83,0,1608
BRDA:826,83,1,1408
BRDA:844,84,0,10802
BRDA:844,84,1,1068
BRDA:848,85,0,5422
BRDA:848,85,1,5422
BRDA:848,85,2,0
BRDA:861,86,0,5884
BRDA:861,86,1,4142
BRDA:865,87,0,5468
BRDA:865,87,1,5468
BRDA:865,87,2,0
BRDA:881,88,0,3262
BRDA:881,88,1,346
BRDA:884,89,0,5460
BRDA:884,89,1,0
BRDA:884,90,0,5460
BRDA:884,90,1,620
BRDA:904,91,0,377008
BRDA:904,91,1,373121
BRDA:911,92,0,564
BRDA:911,92,1,396
BRDA:913,93,0,960
BRDA:913,93,1,0
BRDA:924,94,0,927
BRDA:924,94,1,33
BRDA:926,95,0,552
BRDA:926,95,1,375
BRDA:930,96,0,400
BRDA:930,96,1,152
BRDA:932,97,0,400
BRDA:932,97,1,370
BRDA:932,97,2,162
BRDA:934,98,0,157
BRDA:934,98,1,5
BRDA:947,99,0,564
BRDA:947,99,1,396
BRDA:948,100,0,472
BRDA:948,100,1,92
BRDA:950,101,0,143
BRDA:950,101,1,329
BRDA:951,102,0,472
BRDA:951,102,1,419
BRDA:951,102,2,329
BRDA:970,103,0,413
BRDA:970,103,1,151
BRDA:982,104,0,448
BRDA:982,104,1,116
BRDA:994,105,0,344
BRDA:994,105,1,52
BRDA:1011,106,0,318
BRDA:1011,106,1,78
BRF:222
BRH:186
end_of_record
TN:
SF:/Users/ringel/IdeaProjects/coral-spectrum/coral-base-overlay/src/scripts/enums.js
FNF:0
FNH:0
DA:23,2
DA:38,2
DA:53,2
DA:68,2
DA:79,2
LF:5
LH:5
BRF:0
BRH:0
end_of_record
TN:
SF:/Users/ringel/IdeaProjects/coral-spectrum/coral-collection/src/scripts/Collection.js
FN:39,getTagSelector
FN:57,filterItem
FN:67,(anonymous_2)
FN:98,Collection
FN:165,add
FN:200,clear
FN:218,getAll
FN:248,remove
FN:267,first
FN:279,last
FN:298,_isPartOfCollection
FN:315,_onItemAttached
FN:339,_onItemDetached
FN:364,_startHandlingItems
FN:415,_stopHandlingItems
FN:433,_handleMutation
FN:545,get
FNF:17
FNH:17
FNDA:9248,getTagSelector
FNDA:274554,filterItem
FNDA:2,(anonymous_2)
FNDA:11712,Collection
FNDA:2994,add
FNDA:646,clear
FNDA:199705,getAll
FNDA:834,remove
FNDA:930,first
FNDA:328,last
FNDA:342730,_isPartOfCollection
FNDA:11042,_onItemAttached
FNDA:3130,_onItemDetached
FNDA:9078,_startHandlingItems
FNDA:4,_stopHandlingItems
FNDA:9680,_handleMutation
FNDA:1542,get
DA:22,2
DA:29,2
DA:36,2
DA:40,9248
DA:58,274554
DA:67,2
DA:99,11712
DA:101,11712
DA:103,11712
DA:104,11712
DA:105,11712
DA:106,11712
DA:107,11712
DA:109,11712
DA:110,11712
DA:112,11712
DA:114,11712
DA:115,1790
DA:118,1790
DA:120,1790
DA:122,1790
DA:123,1406
DA:127,9922
DA:129,9922
DA:130,8490
DA:131,8490
DA:135,11712
DA:136,11712
DA:137,11712
DA:147,2
DA:167,2994
DA:168,2992
DA:170,972
DA:171,160
DA:175,812
DA:180,2992
DA:183,2992
DA:184,12
DA:187,2992
DA:190,2
DA:201,646
DA:202,646
DA:204,646
DA:205,758
DA:208,646
DA:220,199705
DA:221,199699
DA:225,199699
DA:226,932
DA:229,199699
DA:232,6
DA:249,834
DA:250,828
DA:252,828
DA:253,50
DA:257,834
DA:269,930
DA:281,328
DA:282,326
DA:300,342730
DA:317,11042
DA:318,10878
DA:322,11042
DA:341,3130
DA:342,2876
DA:346,3130
DA:365,9078
DA:368,9076
DA:371,9076
DA:373,9076
DA:381,9076
DA:385,2360
DA:387,2360
DA:388,2356
DA:389,2356
DA:392,2360
DA:393,2354
DA:394,2388
DA:399,2360
DA:400,660
DA:404,2
DA:416,4
DA:417,2
DA:435,9680
DA:441,9680
DA:442,9680
DA:444,9680
DA:446,9680
DA:447,281655
DA:448,281655
DA:449,281655
DA:451,281655
DA:452,214867
DA:454,214867
DA:455,11042
DA:456,11042
DA:458,11042
DA:462,281655
DA:463,281655
DA:465,281655
DA:466,127863
DA:468,127863
DA:469,3130
DA:470,3130
DA:472,3130
DA:479,9680
DA:480,1364
DA:546,1542
DA:550,2
LF:109
LH:109
BRDA:40,0,0,818
BRDA:40,0,1,8430
BRDA:58,1,0,274554
BRDA:58,1,1,1156
BRDA:101,2,0,11712
BRDA:101,2,1,116
BRDA:107,3,0,11712
BRDA:107,3,1,9248
BRDA:109,4,0,11712
BRDA:109,4,1,10116
BRDA:114,5,0,1790
BRDA:114,5,1,9922
BRDA:114,6,0,11712
BRDA:114,6,1,11596
BRDA:115,7,0,1790
BRDA:115,7,1,600
BRDA:122,8,0,1406
BRDA:122,8,1,384
BRDA:129,9,0,8490
BRDA:129,9,1,1432
BRDA:129,10,0,9922
BRDA:129,10,1,9806
BRDA:167,11,0,2992
BRDA:167,11,1,2
BRDA:167,12,0,2994
BRDA:167,12,1,2992
BRDA:168,13,0,972
BRDA:168,13,1,2020
BRDA:170,14,0,160
BRDA:170,14,1,812
BRDA:180,15,0,2992
BRDA:180,15,1,2940
BRDA:183,16,0,12
BRDA:183,16,1,2980
BRDA:183,17,0,2992
BRDA:183,17,1,1374
BRDA:183,17,2,16
BRDA:183,17,3,14
BRDA:220,18,0,199699
BRDA:220,18,1,6
BRDA:220,19,0,199705
BRDA:220,19,1,199699
BRDA:221,20,0,193347
BRDA:221,20,1,6352
BRDA:225,21,0,932
BRDA:225,21,1,198767
BRDA:249,22,0,828
BRDA:249,22,1,6
BRDA:252,23,0,50
BRDA:252,23,1,778
BRDA:252,24,0,828
BRDA:252,24,1,422
BRDA:252,24,2,54
BRDA:252,24,3,52
BRDA:269,25,0,930
BRDA:269,25,1,107
BRDA:282,26,0,326
BRDA:282,26,1,46
BRDA:300,27,0,342730
BRDA:300,27,1,274488
BRDA:300,27,2,273556
BRDA:301,28,0,241958
BRDA:301,28,1,31598
BRDA:317,29,0,10878
BRDA:317,29,1,164
BRDA:341,30,0,2876
BRDA:341,30,1,254
BRDA:365,31,0,9076
BRDA:365,31,1,2
BRDA:365,32,0,9078
BRDA:365,32,1,9076
BRDA:368,33,0,9076
BRDA:368,33,1,8810
BRDA:381,34,0,2360
BRDA:381,34,1,6716
BRDA:387,35,0,2356
BRDA:387,35,1,4
BRDA:387,36,0,2360
BRDA:387,36,1,6
BRDA:392,37,0,2354
BRDA:392,37,1,6
BRDA:399,38,0,660
BRDA:399,38,1,1700
BRDA:399,39,0,2360
BRDA:399,39,1,664
BRDA:416,40,0,2
BRDA:416,40,1,2
BRDA:454,41,0,11042
BRDA:454,41,1,203825
BRDA:468,42,0,3130
BRDA:468,42,1,124733
BRDA:479,43,0,1364
BRDA:479,43,1,8316
BRDA:479,44,0,9680
BRDA:479,44,1,4311
BRDA:479,44,2,1364
BRF:96
BRH:96
end_of_record
TN:
SF:/Users/ringel/IdeaProjects/coral-spectrum/coral-collection/src/scripts/SelectableCollection.js
FN:28,(anonymous_0)
FN:31,SelectableCollection
FN:43,(anonymous_2)
FN:46,(anonymous_3)
FN:66,_getSelectableItems
FN:82,_getFirstSelectable
FN:98,_getLastSelectable
FN:116,_getPreviousSelectable
FN:143,_getNextSelectable
FN:170,_getFirstSelected
FN:193,_getLastSelected
FN:218,_getAllSelected
FN:240,_deselectAllExceptFirst
FN:270,_deselectAllExceptLast
FN:308,_deselectAllExcept
FNF:15
FNH:15
FNDA:2,(anonymous_0)
FNDA:7392,SelectableCollection
FNDA:7756,(anonymous_2)
FNDA:7756,(anonymous_3)
FNDA:3778,_getSelectableItems
FNDA:1945,_getFirstSelectable
FNDA:18,_getLastSelectable
FNDA:24,_getPreviousSelectable
FNDA:48,_getNextSelectable
FNDA:4206,_getFirstSelected
FNDA:29857,_getLastSelected
FNDA:60884,_getAllSelected
FNDA:360,_deselectAllExceptFirst
FNDA:2360,_deselectAllExceptLast
FNDA:2746,_deselectAllExcept
DA:28,2
DA:29,2
DA:34,7392
DA:36,7392
DA:38,7392
DA:39,2
DA:43,7392
DA:44,7756
DA:46,7392
DA:47,7756
DA:49,7392
DA:50,7392
DA:64,2
DA:67,3778
DA:83,1945
DA:99,18
DA:101,18
DA:117,24
DA:119,24
DA:120,24
DA:121,22
DA:123,2
DA:127,24
DA:144,48
DA:146,48
DA:147,40
DA:148,38
DA:150,2
DA:154,48
DA:171,4206
DA:173,4206
DA:174,4
DA:177,4206
DA:194,29857
DA:196,29857
DA:197,2
DA:201,29857
DA:203,29857
DA:219,60884
DA:221,60884
DA:222,842
DA:225,60884
DA:241,360
DA:242,360
DA:244,360
DA:245,354
DA:249,360
DA:251,360
DA:253,360
DA:255,8
DA:271,2360
DA:272,2360
DA:274,2360
DA:275,2
DA:279,2360
DA:282,2360
DA:284,2360
DA:286,18
DA:310,2746
DA:314,2746
DA:315,4
DA:316,4
DA:317,4
DA:319,2742
DA:320,2742
DA:322,2742
DA:323,56
DA:328,2746
DA:330,2746
DA:332,2746
DA:334,2730
DA:335,202
DA:341,2
LF:73
LH:73
BRDA:38,0,0,2
BRDA:38,0,1,7390
BRDA:83,1,0,1945
BRDA:83,1,1,630
BRDA:101,2,0,18
BRDA:101,2,1,2
BRDA:120,3,0,22
BRDA:120,3,1,2
BRDA:127,4,0,24
BRDA:127,4,1,2
BRDA:147,5,0,38
BRDA:147,5,1,2
BRDA:154,6,0,48
BRDA:154,6,1,10
BRDA:173,7,0,4
BRDA:173,7,1,4202
BRDA:177,8,0,4206
BRDA:177,8,1,1460
BRDA:196,9,0,2
BRDA:196,9,1,29855
BRDA:203,10,0,29857
BRDA:203,10,1,6240
BRDA:221,11,0,842
BRDA:221,11,1,60042
BRDA:242,12,0,360
BRDA:242,12,1,6
BRDA:244,13,0,354
BRDA:244,13,1,6
BRDA:272,14,0,2360
BRDA:272,14,1,2358
BRDA:274,15,0,2
BRDA:274,15,1,2358
BRDA:314,16,0,4
BRDA:314,16,1,2742
BRDA:316,17,0,4
BRDA:316,17,1,2
BRDA:320,18,0,2742
BRDA:320,18,1,2688
BRDA:322,19,0,56
BRDA:322,19,1,2686
BRDA:334,20,0,202
BRDA:334,20,1,2528
BRF:42
BRH:42
end_of_record
TN:
SF:/Users/ringel/IdeaProjects/coral-spectrum/coral-collection/src/scripts/listToArray.js
FN:14,listToArray
FNF:1
FNH:1
FNDA:264361,listToArray
DA:15,264361
DA:17,264361
DA:18,256127
DA:21,264361
LF:4
LH:4
BRF:0
BRH:0
end_of_record
TN:
SF:/Users/ringel/IdeaProjects/coral-spectrum/coral-compat/src/scripts/CustomElements.js
FN:14,f
FN:24,(anonymous_1)
FNF:2
FNH:0
FNDA:0,f
FNDA:0,(anonymous_1)
DA:14,2
DA:17,2
DA:18,2
DA:21,2
DA:22,2
DA:24,2
DA:25,0
DA:28,2
DA:29,2
DA:30,2
DA:31,2
DA:32,2
DA:33,2
DA:34,2
LF:14
LH:13
BRDA:17,0,0,2
BRDA:17,0,1,0
BRF:2
BRH:1
end_of_record
TN:
SF:/Users/ringel/IdeaProjects/coral-spectrum/coral-compat/src/scripts/document.createElement-patch.js
FN:15,createElement
FNF:1
FNH:1
FNDA:307219,createElement
DA:13,2
DA:15,2
DA:16,307219
DA:17,14587
DA:22,307219
LF:5
LH:5
BRDA:16,0,0,14587
BRDA:16,0,1,292632
BRF:2
BRH:2
end_of_record
TN:
SF:/Users/ringel/IdeaProjects/coral-spectrum/coral-component-accordion/src/scripts/Accordion.js
FN:57,(anonymous_0)
FN:61,Accordion
FN:106,_onHomeKey
FN:116,_onEndKey
FN:134,_onItemContentKeyDown
FN:189,_focusPreviousItem
FN:199,_focusNextItem
FN:209,_onItemClick
FN:231,_onToggleItemKey
FN:244,_onItemSelectedChanged
FN:253,_validateSelection
FN:263,(anonymous_11)
FN:283,_triggerChangeEvent
FN:309,_arraysAreDifferent
FN:313,(anonymous_14)
FN:331,_resetTabTarget
FN:336,(anonymous_16)
FN:349,_toggleItemSelection
FN:358,_focusItem
FN:375,connectedCallback
FN:396,(anonymous_20)
FN:413,get
FN:416,set
FN:431,get
FN:456,get
FN:459,set
FN:474,get
FN:486,get
FN:493,get
FN:496,set
FN:499,(anonymous_30)
FN:505,get
FN:512,get
FNF:33
FNH:26
FNDA:2,(anonymous_0)
FNDA:196,Accordion
FNDA:0,_onHomeKey
FNDA:0,_onEndKey
FNDA:0,_onItemContentKeyDown
FNDA:0,_focusPreviousItem
FNDA:0,_focusNextItem
FNDA:28,_onItemClick
FNDA:0,_onToggleItemKey
FNDA:916,_onItemSelectedChanged
FNDA:1156,_validateSelection
FNDA:48,(anonymous_11)
FNDA:1156,_triggerChangeEvent
FNDA:904,_arraysAreDifferent
FNDA:348,(anonymous_14)
FNDA:1156,_resetTabTarget
FNDA:180,(anonymous_16)
FNDA:18,_toggleItemSelection
FNDA:18,_focusItem
FNDA:228,connectedCallback
FNDA:228,(anonymous_20)
FNDA:8,get
FNDA:186,set
FNDA:3346,get
FNDA:1256,get
FNDA:8,set
FNDA:2548,get
FNDA:18,get
FNDA:0,get
FNDA:198,set
FNDA:798,(anonymous_30)
FNDA:18,get
FNDA:2,get
DA:23,2
DA:24,2
DA:25,2
DA:26,2
DA:40,2
DA:46,2
DA:57,2
DA:58,2
DA:64,196
DA:66,196
DA:68,196
DA:86,196
DA:88,196
DA:90,196
DA:102,2
DA:107,0
DA:108,0
DA:110,0
DA:117,0
DA:118,0
DA:120,0
DA:136,0
DA:137,0
DA:139,0
DA:143,0
DA:144,0
DA:145,0
DA:147,0
DA:150,0
DA:155,0
DA:156,0
DA:157,0
DA:159,0
DA:161,0
DA:163,0
DA:166,0
DA:171,0
DA:172,0
DA:173,0
DA:175,0
DA:177,0
DA:179,0
DA:182,0
DA:190,0
DA:191,0
DA:193,0
DA:200,0
DA:201,0
DA:203,0
DA:211,28
DA:212,10
DA:216,18
DA:218,18
DA:219,18
DA:220,18
DA:222,18
DA:224,18
DA:232,0
DA:233,0
DA:234,0
DA:236,0
DA:238,0
DA:245,916
DA:247,916
DA:254,1156
DA:256,1156
DA:258,1156
DA:260,1140
DA:262,1140
DA:263,24
DA:264,48
DA:266,24
DA:267,24
DA:271,24
DA:275,1156
DA:277,1156
DA:284,1156
DA:285,1156
DA:287,1156
DA:289,96
DA:290,10
DA:296,86
DA:302,96
DA:310,904
DA:312,904
DA:313,830
DA:314,348
DA:319,904
DA:332,1156
DA:334,1156
DA:335,180
DA:336,180
DA:337,180
DA:339,180
DA:341,180
DA:350,18
DA:351,18
DA:359,18
DA:360,18
DA:363,18
DA:376,228
DA:378,228
DA:380,228
DA:382,228
DA:383,86
DA:387,228
DA:389,228
DA:391,228
DA:393,228
DA:394,228
DA:396,228
DA:397,228
DA:414,8
DA:417,186
DA:418,186
DA:420,186
DA:433,3346
DA:434,196
DA:444,3346
DA:457,1256
DA:460,8
DA:462,8
DA:464,8
DA:475,2548
DA:487,18
DA:494,0
DA:497,198
DA:499,198
DA:500,798
DA:506,18
DA:513,2
DA:517,2
LF:132
LH:92
BRDA:139,0,0,0
BRDA:139,0,1,0
BRDA:139,0,2,0
BRDA:139,0,3,0
BRDA:143,1,0,0
BRDA:143,1,1,0
BRDA:143,2,0,0
BRDA:143,2,1,0
BRDA:143,2,2,0
BRDA:155,3,0,0
BRDA:155,3,1,0
BRDA:155,4,0,0
BRDA:155,4,1,0
BRDA:171,5,0,0
BRDA:171,5,1,0
BRDA:171,6,0,0
BRDA:171,6,1,0
BRDA:211,7,0,10
BRDA:211,7,1,18
BRDA:211,8,0,28
BRDA:211,8,1,20
BRDA:218,9,0,18
BRDA:218,9,1,0
BRDA:258,10,0,1140
BRDA:258,10,1,16
BRDA:260,11,0,1140
BRDA:260,11,1,230
BRDA:262,12,0,24
BRDA:262,12,1,1116
BRDA:262,13,0,1140
BRDA:262,13,1,962
BRDA:262,13,2,182
BRDA:264,14,0,24
BRDA:264,14,1,24
BRDA:287,15,0,96
BRDA:287,15,1,1060
BRDA:287,16,0,1156
BRDA:287,16,1,904
BRDA:289,17,0,10
BRDA:289,17,1,86
BRDA:297,18,0,2
BRDA:297,18,1,84
BRDA:297,19,0,84
BRDA:297,19,1,58
BRDA:298,20,0,86
BRDA:298,20,1,4
BRDA:312,21,0,830
BRDA:312,21,1,74
BRDA:319,22,0,904
BRDA:319,22,1,830
BRDA:334,23,0,180
BRDA:334,23,1,976
BRDA:341,24,0,56
BRDA:341,24,1,124
BRDA:350,25,0,18
BRDA:350,25,1,0
BRDA:351,26,0,2
BRDA:351,26,1,16
BRDA:359,27,0,18
BRDA:359,27,1,0
BRDA:382,28,0,86
BRDA:382,28,1,142
BRDA:414,29,0,8
BRDA:414,29,1,2
BRDA:418,30,0,186
BRDA:418,30,1,186
BRDA:418,30,2,0
BRDA:433,31,0,196
BRDA:433,31,1,3150
BRDA:457,32,0,1256
BRDA:457,32,1,1230
BRDA:494,33,0,0
BRDA:494,33,1,0
BRF:73
BRH:50
end_of_record
TN:
SF:/Users/ringel/IdeaProjects/coral-spectrum/coral-component-accordion/src/scripts/AccordionItem.js
FN:34,(anonymous_0)
FN:38,AccordionItem
FN:65,_setAria
FN:78,focus
FN:85,connectedCallback
FN:114,get
FN:117,set
FN:121,insert
FN:137,get
FN:140,set
FN:144,insert
FN:163,get
FN:166,set
FN:190,(anonymous_13)
FN:207,get
FN:210,set
FN:225,get
FN:228,set
FN:239,get
FN:249,get
FNF:20
FNH:18
FNDA:2,(anonymous_0)
FNDA:692,AccordionItem
FNDA:1592,_setAria
FNDA:0,focus
FNDA:796,connectedCallback
FNDA:2,get
FNDA:796,set
FNDA:796,insert
FNDA:2,get
FNDA:796,set
FNDA:796,insert
FNDA:800,get
FNDA:916,set
FNDA:140,(anonymous_13)
FNDA:2060,get
FNDA:2,set
FNDA:0,get
FNDA:798,set
FNDA:10934,get
FNDA:2,get
DA:23,2
DA:34,2
DA:35,2
DA:41,692
DA:43,692
DA:45,692
DA:50,692
DA:53,692
DA:63,2
DA:66,1592
DA:67,1592
DA:68,1592
DA:69,1592
DA:79,0
DA:86,796
DA:88,796
DA:90,796
DA:92,796
DA:94,796
DA:95,350
DA:99,796
DA:100,304
DA:101,1130
DA:105,796
DA:107,796
DA:108,796
DA:110,796
DA:115,2
DA:118,796
DA:122,796
DA:124,796
DA:138,2
DA:141,796
DA:145,796
DA:147,796
DA:164,800
DA:167,916
DA:169,916
DA:171,916
DA:174,916
DA:175,916
DA:177,916
DA:179,916
DA:180,776
DA:184,776
DA:187,916
DA:189,916
DA:190,140
DA:191,140
DA:195,916
DA:208,2060
DA:211,2
DA:213,2
DA:215,2
DA:217,2
DA:219,2
DA:226,0
DA:229,798
DA:231,798
DA:232,2
DA:234,796
DA:240,10934
DA:250,2
DA:254,2
LF:64
LH:62
BRDA:47,0,0,692
BRDA:47,0,1,18
BRDA:48,1,0,692
BRDA:48,1,1,320
BRDA:66,2,0,1592
BRDA:66,2,1,676
BRDA:67,3,0,1592
BRDA:67,3,1,446
BRDA:94,4,0,350
BRDA:94,4,1,446
BRDA:99,5,0,304
BRDA:99,5,1,492
BRDA:164,6,0,800
BRDA:164,6,1,750
BRDA:169,7,0,2
BRDA:169,7,1,914
BRDA:179,8,0,776
BRDA:179,8,1,140
BRDA:187,9,0,140
BRDA:187,9,1,776
BRDA:189,10,0,140
BRDA:189,10,1,776
BRDA:208,11,0,2060
BRDA:208,11,1,1938
BRDA:217,12,0,2
BRDA:217,12,1,0
BRDA:226,13,0,0
BRDA:226,13,1,0
BRDA:231,14,0,2
BRDA:231,14,1,796
BRDA:234,15,0,186
BRDA:234,15,1,610
BRF:32
BRH:29
end_of_record
TN:
SF:/Users/ringel/IdeaProjects/coral-spectrum/coral-component-accordion/src/scripts/AccordionItemContent.js
FN:29,(anonymous_0)
FN:32,AccordionItemContent
FN:42,connectedCallback
FNF:3
FNH:3
FNDA:2,(anonymous_0)
FNDA:692,AccordionItemContent
FNDA:1228,connectedCallback
DA:19,2
DA:29,2
DA:30,2
DA:33,692
DA:35,692
DA:38,2
DA:43,1228
DA:45,1228
DA:49,2
LF:9
LH:9
BRF:0
BRH:0
end_of_record
TN:
SF:/Users/ringel/IdeaProjects/coral-spectrum/coral-component-accordion/src/scripts/AccordionItemLabel.js
FN:19,(anonymous_0)
FNF:1
FNH:0
FNDA:0,(anonymous_0)
DA:20,0
LF:1
LH:0
BRF:0
BRH:0
end_of_record
TN:
SF:/Users/ringel/IdeaProjects/coral-spectrum/coral-component-actionbar/src/scripts/ActionBar.js
FN:36,(anonymous_0)
FN:40,ActionBar
FN:83,_recalculateLayoutOnMutation
FN:89,(anonymous_3)
FN:104,_onFocusPreviousItem
FN:118,_onFocusNextItem
FN:132,_onResizeWindow
FN:148,_onLayout
FN:329,_getNextSelectableWrappedItem
FN:350,_getPreviousSelectableWrappedItem
FN:371,_getAllSelectableItems
FN:409,_newWidthCache
FN:413,getOuterWidth
FN:435,_forceWebkitRedraw
FN:449,_hideItem
FN:463,_moveToScreen
FN:477,_toggleItemTabbable
FN:489,_debounceOnLayout
FN:497,(anonymous_18)
FN:505,_moveDirectItemChildren
FN:506,(anonymous_20)
FN:511,(anonymous_21)
FN:521,connectedCallback
FN:595,get
FN:598,set
FN:602,insert
FN:617,get
FN:620,set
FN:624,insert
FN:631,get
FNF:30
FNH:29
FNDA:2,(anonymous_0)
FNDA:94,ActionBar
FNDA:94,_recalculateLayoutOnMutation
FNDA:74480,(anonymous_3)
FNDA:2,_onFocusPreviousItem
FNDA:4,_onFocusNextItem
FNDA:0,_onResizeWindow
FNDA:74117,_onLayout
FNDA:4,_getNextSelectableWrappedItem
FNDA:2,_getPreviousSelectableWrappedItem
FNDA:6,_getAllSelectableItems
FNDA:74099,_newWidthCache
FNDA:95968,getOuterWidth
FNDA:650,_forceWebkitRedraw
FNDA:179644,_hideItem
FNDA:165672,_moveToScreen
FNDA:228208,_toggleItemTabbable
FNDA:74638,_debounceOnLayout
FNDA:74023,(anonymous_18)
FNDA:94,_moveDirectItemChildren
FNDA:98,(anonymous_20)
FNDA:10,(anonymous_21)
FNDA:94,connectedCallback
FNDA:863808,get
FNDA:94,set
FNDA:94,insert
FNDA:815945,get
FNDA:94,set
FNDA:94,insert
FNDA:27490,get
DA:24,2
DA:36,2
DA:37,2
DA:43,94
DA:45,94
DA:47,94
DA:56,94
DA:62,94
DA:64,94
DA:65,94
DA:67,94
DA:69,94
DA:79,2
DA:84,94
DA:89,94
DA:90,74480
DA:93,94
DA:106,2
DA:108,2
DA:110,2
DA:111,0
DA:120,4
DA:122,4
DA:124,4
DA:125,2
DA:135,0
DA:137,0
DA:138,0
DA:142,0
DA:149,74117
DA:151,0
DA:154,74117
DA:156,18
DA:159,74099
DA:161,74099
DA:163,74038
DA:166,74099
DA:168,0
DA:171,74099
DA:172,74099
DA:173,74099
DA:174,74099
DA:175,74099
DA:177,74099
DA:179,74099
DA:180,74099
DA:182,74099
DA:183,74099
DA:184,74099
DA:185,74099
DA:186,74099
DA:187,74099
DA:188,74099
DA:189,74099
DA:190,74099
DA:191,74099
DA:192,74099
DA:193,74099
DA:194,74099
DA:196,74099
DA:197,96238
DA:198,96238
DA:200,96238
DA:202,96238
DA:203,95489
DA:206,16684
DA:210,78805
DA:212,47851
DA:214,47851
DA:216,702
DA:217,47149
DA:219,0
DA:224,78805
DA:225,684
DA:228,78805
DA:230,78805
DA:231,702
DA:232,702
DA:234,702
DA:236,78103
DA:238,78103
DA:241,78805
DA:243,172
DA:244,172
DA:250,96238
DA:252,96238
DA:253,1211
DA:256,6
DA:260,1205
DA:262,163
DA:264,163
DA:266,82
DA:267,81
DA:269,0
DA:274,1205
DA:276,1205
DA:277,82
DA:278,82
DA:280,82
DA:282,1123
DA:284,1123
DA:287,1205
DA:289,2
DA:290,2
DA:297,74099
DA:299,74099
DA:302,74099
DA:304,74099
DA:307,74099
DA:310,0
DA:312,0
DA:313,0
DA:318,74099
DA:319,94
DA:320,94
DA:321,94
DA:322,94
DA:330,4
DA:332,0
DA:335,4
DA:337,4
DA:339,4
DA:341,2
DA:344,2
DA:351,2
DA:353,0
DA:356,2
DA:358,2
DA:360,2
DA:362,0
DA:365,2
DA:372,6
DA:374,6
DA:376,0
DA:377,0
DA:379,0
DA:380,0
DA:382,0
DA:383,0
DA:388,6
DA:390,6
DA:392,6
DA:393,6
DA:394,4
DA:395,2
DA:396,2
DA:399,0
DA:403,6
DA:410,74099
DA:414,95968
DA:416,95968
DA:418,95968
DA:420,95968
DA:422,95968
DA:424,95968
DA:427,95968
DA:436,650
DA:438,650
DA:439,650
DA:441,650
DA:442,650
DA:450,179644
DA:451,0
DA:452,179644
DA:454,616
DA:456,616
DA:464,165672
DA:465,100418
DA:466,65254
DA:468,34
DA:470,34
DA:479,228208
DA:481,228208
DA:482,149614
DA:490,74638
DA:493,74638
DA:494,661
DA:497,74638
DA:498,74023
DA:500,74023
DA:506,94
DA:507,98
DA:509,94
DA:511,94
DA:512,10
DA:515,94
DA:522,94
DA:524,94
DA:526,94
DA:529,94
DA:531,94
DA:532,0
DA:534,0
DA:535,0
DA:539,94
DA:540,94
DA:542,94
DA:545,94
DA:549,94
DA:550,16
DA:552,16
DA:553,10
DA:555,10
DA:556,6
DA:557,6
DA:561,16
DA:563,16
DA:564,8
DA:567,16
DA:568,8
DA:572,16
DA:573,130
DA:577,16
DA:581,94
DA:582,48
DA:583,14
DA:588,94
DA:589,94
DA:591,94
DA:596,863808
DA:599,94
DA:604,94
DA:618,815945
DA:621,94
DA:625,94
DA:632,27490
DA:639,2
LF:227
LH:201
BRDA:58,0,0,94
BRDA:58,0,1,58
BRDA:59,1,0,94
BRDA:59,1,1,58
BRDA:110,2,0,0
BRDA:110,2,1,2
BRDA:124,3,0,2
BRDA:124,3,1,2
BRDA:149,4,0,0
BRDA:149,4,1,74117
BRDA:149,5,0,74117
BRDA:149,5,1,74117
BRDA:149,5,2,74117
BRDA:149,5,3,74117
BRDA:149,5,4,74117
BRDA:149,5,5,74117
BRDA:154,6,0,18
BRDA:154,6,1,74099
BRDA:154,7,0,74117
BRDA:154,7,1,74104
BRDA:161,8,0,74038
BRDA:161,8,1,61
BRDA:161,9,0,74099
BRDA:161,9,1,74099
BRDA:166,10,0,0
BRDA:166,10,1,74099
BRDA:166,11,0,74099
BRDA:166,11,1,61
BRDA:166,11,2,61
BRDA:179,12,0,47833
BRDA:179,12,1,26266
BRDA:180,13,0,121
BRDA:180,13,1,73978
BRDA:196,14,0,170337
BRDA:196,14,1,74848
BRDA:197,15,0,95489
BRDA:197,15,1,749
BRDA:198,16,0,1211
BRDA:198,16,1,95027
BRDA:202,17,0,95489
BRDA:202,17,1,749
BRDA:203,18,0,16684
BRDA:203,18,1,78805
BRDA:203,19,0,95489
BRDA:203,19,1,78805
BRDA:210,20,0,47851
BRDA:210,20,1,30954
BRDA:210,21,0,78805
BRDA:210,21,1,48363
BRDA:210,21,2,26262
BRDA:214,22,0,702
BRDA:214,22,1,47149
BRDA:217,23,0,0
BRDA:217,23,1,47149
BRDA:217,24,0,47149
BRDA:217,24,1,20247
BRDA:224,25,0,684
BRDA:224,25,1,78121
BRDA:224,26,0,78805
BRDA:224,26,1,78201
BRDA:224,26,2,684
BRDA:230,27,0,702
BRDA:230,27,1,78103
BRDA:241,28,0,172
BRDA:241,28,1,78633
BRDA:252,29,0,1211
BRDA:252,29,1,95027
BRDA:253,30,0,6
BRDA:253,30,1,1205
BRDA:253,31,0,1211
BRDA:253,31,1,1205
BRDA:260,32,0,163
BRDA:260,32,1,1042
BRDA:260,33,0,1205
BRDA:260,33,1,201
BRDA:260,33,2,187
BRDA:264,34,0,82
BRDA:264,34,1,81
BRDA:267,35,0,0
BRDA:267,35,1,81
BRDA:267,36,0,81
BRDA:267,36,1,0
BRDA:274,37,0,1205
BRDA:274,37,1,82
BRDA:276,38,0,82
BRDA:276,38,1,1123
BRDA:287,39,0,2
BRDA:287,39,1,1203
BRDA:307,40,0,0
BRDA:307,40,1,74099
BRDA:307,41,0,74099
BRDA:307,41,1,61
BRDA:307,41,2,61
BRDA:312,42,0,0
BRDA:312,42,1,0
BRDA:318,43,0,94
BRDA:318,43,1,74005
BRDA:330,44,0,0
BRDA:330,44,1,4
BRDA:339,45,0,2
BRDA:339,45,1,2
BRDA:339,46,0,4
BRDA:339,46,1,4
BRDA:351,47,0,0
BRDA:351,47,1,2
BRDA:360,48,0,0
BRDA:360,48,1,2
BRDA:374,49,0,0
BRDA:374,49,1,6
BRDA:374,50,0,6
BRDA:374,50,1,6
BRDA:376,51,0,0
BRDA:376,51,1,0
BRDA:382,52,0,0
BRDA:382,52,1,0
BRDA:382,53,0,0
BRDA:382,53,1,0
BRDA:382,53,2,0
BRDA:382,53,3,0
BRDA:392,54,0,6
BRDA:392,54,1,0
BRDA:393,55,0,4
BRDA:393,55,1,2
BRDA:395,56,0,2
BRDA:395,56,1,0
BRDA:416,57,0,95968
BRDA:416,57,1,0
BRDA:438,58,0,650
BRDA:438,58,1,0
BRDA:438,59,0,650
BRDA:438,59,1,650
BRDA:450,60,0,0
BRDA:450,60,1,179644
BRDA:452,61,0,616
BRDA:452,61,1,179028
BRDA:464,62,0,100418
BRDA:464,62,1,65254
BRDA:466,63,0,34
BRDA:466,63,1,65220
BRDA:481,64,0,149614
BRDA:481,64,1,78594
BRDA:482,65,0,74121
BRDA:482,65,1,75493
BRDA:493,66,0,661
BRDA:493,66,1,73977
BRDA:534,67,0,0
BRDA:534,67,1,0
BRDA:552,68,0,10
BRDA:552,68,1,6
BRDA:556,69,0,6
BRDA:556,69,1,0
BRDA:561,70,0,16
BRDA:561,70,1,0
BRDA:563,71,0,8
BRDA:563,71,1,8
BRDA:567,72,0,8
BRDA:567,72,1,8
BRDA:581,73,0,48
BRDA:581,73,1,46
BRF:159
BRH:129
end_of_record
TN:
SF:/Users/ringel/IdeaProjects/coral-spectrum/coral-component-actionbar/src/scripts/ActionBarContainer.js
FN:54,(anonymous_0)
FN:58,ActionBarContainer
FN:83,_attachMoreButtonToContainer
FN:101,connectedCallback
FN:143,get
FN:158,get
FNF:6
FNH:4
FNDA:2,(anonymous_0)
FNDA:20,ActionBarContainer
FNDA:20,_attachMoreButtonToContainer
FNDA:20,connectedCallback
FNDA:0,get
FNDA:0,get
DA:23,2
DA:37,2
DA:54,2
DA:55,2
DA:61,20
DA:63,20
DA:65,20
DA:67,20
DA:79,2
DA:84,20
DA:85,0
DA:88,20
DA:102,20
DA:104,20
DA:106,20
DA:108,20
DA:109,0
DA:111,0
DA:112,0
DA:117,20
DA:119,20
DA:120,20
DA:124,20
DA:126,20
DA:127,20
DA:131,20
DA:133,20
DA:135,20
DA:137,20
DA:139,20
DA:144,0
DA:145,0
DA:147,0
DA:148,0
DA:149,0
DA:150,0
DA:154,0
DA:159,0
DA:163,2
LF:39
LH:27
BRDA:84,0,0,0
BRDA:84,0,1,20
BRDA:84,1,0,20
BRDA:84,1,1,4
BRDA:111,2,0,0
BRDA:111,2,1,0
BRDA:119,3,0,20
BRDA:119,3,1,0
BRDA:126,4,0,20
BRDA:126,4,1,0
BRDA:144,5,0,0
BRDA:144,5,1,0
BRDA:147,6,0,0
BRDA:147,6,1,0
BRDA:147,7,0,0
BRDA:147,7,1,0
BRDA:149,8,0,0
BRDA:149,8,1,0
BRDA:149,9,0,0
BRDA:149,9,1,0
BRF:20
BRH:5
end_of_record
TN:
SF:/Users/ringel/IdeaProjects/coral-spectrum/coral-component-actionbar/src/scripts/ActionBarContainerCollection.js
FN:29,(anonymous_0)
FN:32,ActionBarContainerCollection
FN:40,add
FN:52,clear
FN:60,_getAllSelectable
FN:76,_getAllOffScreen
FNF:6
FNH:5
FNDA:2,(anonymous_0)
FNDA:216,ActionBarContainerCollection
FNDA:48,add
FNDA:0,clear
FNDA:12,_getAllSelectable
FNDA:42,_getAllOffScreen
DA:29,2
DA:30,2
DA:33,216
DA:35,216
DA:38,2
DA:43,48
DA:44,38
DA:45,38
DA:48,48
DA:53,0
DA:55,0
DA:56,0
DA:61,12
DA:62,12
DA:64,12
DA:65,114
DA:67,114
DA:68,30
DA:72,12
DA:77,42
DA:81,2
LF:21
LH:18
BRDA:43,0,0,38
BRDA:43,0,1,10
BRDA:43,1,0,48
BRDA:43,1,1,48
BRDA:45,2,0,36
BRDA:45,2,1,2
BRDA:67,3,0,30
BRDA:67,3,1,84
BRDA:67,4,0,114
BRDA:67,4,1,114
BRDA:67,4,2,114
BRDA:67,4,3,42
BRDA:67,4,4,30
BRF:13
BRH:13
end_of_record
TN:
SF:/Users/ringel/IdeaProjects/coral-spectrum/coral-component-actionbar/src/scripts/ActionBarItem.js
FN:32,(anonymous_0)
FN:35,ActionBarItem
FN:45,connectedCallback
FN:53,get
FN:56,set
FNF:5
FNH:5
FNDA:2,(anonymous_0)
FNDA:658,ActionBarItem
FNDA:1270,connectedCallback
FNDA:10,get
FNDA:2,set
DA:21,2
DA:32,2
DA:33,2
DA:36,658
DA:38,658
DA:41,2
DA:46,1270
DA:48,1270
DA:54,10
DA:58,2
DA:59,2
DA:61,20
DA:67,2
LF:13
LH:13
BRDA:58,0,0,2
BRDA:58,0,1,0
BRF:2
BRH:1
end_of_record
TN:
SF:/Users/ringel/IdeaProjects/coral-spectrum/coral-component-actionbar/src/scripts/ActionBarPrimary.js
FN:33,(anonymous_0)
FN:36,ActionBarPrimary
FN:46,_returnElementsFromPopover
FN:70,_attachMoreButtonToContainer
FN:78,connectedCallback
FNF:5
FNH:5
FNDA:2,(anonymous_0)
FNDA:98,ActionBarPrimary
FNDA:6,_returnElementsFromPopover
FNDA:136,_attachMoreButtonToContainer
FNDA:136,connectedCallback
DA:22,2
DA:33,2
DA:34,2
DA:37,98
DA:39,98
DA:42,2
DA:47,6
DA:48,6
DA:50,6
DA:51,14
DA:53,14
DA:55,14
DA:56,14
DA:59,14
DA:61,14
DA:62,0
DA:72,136
DA:79,136
DA:81,136
DA:83,136
DA:87,2
LF:21
LH:20
BRDA:55,0,0,14
BRDA:55,0,1,0
BRDA:55,1,0,14
BRDA:55,1,1,14
BRDA:61,2,0,0
BRDA:61,2,1,14
BRDA:61,3,0,14
BRDA:61,3,1,14
BRF:8
BRH:6
end_of_record
TN:
SF:/Users/ringel/IdeaProjects/coral-spectrum/coral-component-actionbar/src/scripts/ActionBarSecondary.js
FN:33,(anonymous_0)
FN:36,ActionBarSecondary
FN:46,_returnElementsFromPopover
FN:66,_attachMoreButtonToContainer
FN:73,connectedCallback
FNF:5
FNH:4
FNDA:2,(anonymous_0)
FNDA:98,ActionBarSecondary
FNDA:0,_returnElementsFromPopover
FNDA:136,_attachMoreButtonToContainer
FNDA:136,connectedCallback
DA:22,2
DA:33,2
DA:34,2
DA:37,98
DA:39,98
DA:42,2
DA:47,0
DA:48,0
DA:50,0
DA:51,0
DA:53,0
DA:55,0
DA:56,0
DA:59,0
DA:67,136
DA:74,136
DA:76,136
DA:78,136
DA:82,2
LF:19
LH:11
BRDA:55,0,0,0
BRDA:55,0,1,0
BRDA:55,1,0,0
BRDA:55,1,1,0
BRF:4
BRH:0
end_of_record
TN:
SF:/Users/ringel/IdeaProjects/coral-spectrum/coral-component-actionbar/src/scripts/BaseActionBarContainer.js
FN:29,copyAttributes
FN:51,BaseActionBarContainer
FN:54,(anonymous_2)
FN:58,_class
FN:106,_styleItem
FN:129,_onOverlayBeforeOpen
FN:142,(anonymous_6)
FN:148,(anonymous_7)
FN:151,(anonymous_8)
FN:172,_onOverlayBeforeClose
FN:205,_onOverlayKeyDown
FN:213,_onOverlayKeyUp
FN:223,connectedCallback
FN:264,(anonymous_13)
FN:272,disconnectedCallback
FN:282,get
FN:294,get
FN:318,get
FN:321,set
FN:337,get
FN:340,set
FN:352,get
FN:361,get
FNF:23
FNH:20
FNDA:40,copyAttributes
FNDA:6,BaseActionBarContainer
FNDA:6,(anonymous_2)
FNDA:216,_class
FNDA:1264,_styleItem
FNDA:18,_onOverlayBeforeOpen
FNDA:40,(anonymous_6)
FNDA:40,(anonymous_7)
FNDA:12,(anonymous_8)
FNDA:6,_onOverlayBeforeClose
FNDA:0,_onOverlayKeyDown
FNDA:0,_onOverlayKeyUp
FNDA:292,connectedCallback
FNDA:1132,(anonymous_13)
FNDA:292,disconnectedCallback
FNDA:0,get
FNDA:148868,get
FNDA:75029,get
FNDA:96,set
FNDA:330,get
FNDA:86,set
FNDA:168,get
FNDA:6,get
DA:27,2
DA:29,2
DA:30,40
DA:32,40
DA:33,232
DA:35,232
DA:36,112
DA:38,40
DA:40,72
DA:51,2
DA:52,6
DA:55,6
DA:61,216
DA:63,216
DA:65,216
DA:66,216
DA:67,216
DA:68,216
DA:71,216
DA:76,216
DA:77,216
DA:78,216
DA:79,216
DA:80,216
DA:82,216
DA:83,216
DA:85,216
DA:88,216
DA:90,216
DA:100,6
DA:107,1264
DA:109,1264
DA:110,1248
DA:111,1248
DA:113,1248
DA:114,766
DA:117,482
DA:131,18
DA:132,0
DA:135,18
DA:137,18
DA:138,6
DA:142,12
DA:143,40
DA:144,40
DA:148,12
DA:149,40
DA:151,12
DA:152,12
DA:155,12
DA:157,12
DA:158,12
DA:159,12
DA:174,6
DA:175,0
DA:178,6
DA:180,6
DA:182,6
DA:184,6
DA:185,0
DA:189,6
DA:192,6
DA:194,6
DA:195,6
DA:197,6
DA:200,0
DA:206,0
DA:208,0
DA:209,0
DA:214,0
DA:216,0
DA:217,0
DA:224,292
DA:226,292
DA:229,292
DA:231,292
DA:232,0
DA:234,0
DA:235,0
DA:240,292
DA:242,292
DA:243,98
DA:247,292
DA:249,292
DA:250,92
DA:253,292
DA:255,292
DA:257,292
DA:259,292
DA:262,292
DA:264,292
DA:265,1132
DA:273,292
DA:276,292
DA:277,94
DA:283,0
DA:296,148868
DA:297,216
DA:304,148868
DA:319,75029
DA:322,96
DA:324,96
DA:338,330
DA:341,86
DA:343,86
DA:345,86
DA:347,86
DA:353,168
DA:362,6
DA:366,6
LF:110
LH:96
BRDA:35,0,0,112
BRDA:35,0,1,120
BRDA:36,1,0,40
BRDA:36,1,1,72
BRDA:107,2,0,1264
BRDA:107,2,1,60
BRDA:109,3,0,1248
BRDA:109,3,1,16
BRDA:113,4,0,766
BRDA:113,4,1,482
BRDA:113,5,0,1248
BRDA:113,5,1,548
BRDA:117,6,0,42
BRDA:117,6,1,440
BRDA:131,7,0,0
BRDA:131,7,1,18
BRDA:137,8,0,6
BRDA:137,8,1,12
BRDA:143,9,0,40
BRDA:143,9,1,0
BRDA:149,10,0,40
BRDA:149,10,1,40
BRDA:152,11,0,12
BRDA:152,11,1,12
BRDA:174,12,0,0
BRDA:174,12,1,6
BRDA:195,13,0,6
BRDA:195,13,1,6
BRDA:197,14,0,0
BRDA:197,14,1,6
BRDA:197,15,0,6
BRDA:197,15,1,2
BRDA:208,16,0,0
BRDA:208,16,1,0
BRDA:209,17,0,0
BRDA:209,17,1,0
BRDA:216,18,0,0
BRDA:216,18,1,0
BRDA:217,19,0,0
BRDA:217,19,1,0
BRDA:234,20,0,0
BRDA:234,20,1,0
BRDA:242,21,0,98
BRDA:242,21,1,194
BRDA:249,22,0,92
BRDA:249,22,1,200
BRDA:276,23,0,94
BRDA:276,23,1,198
BRDA:296,24,0,216
BRDA:296,24,1,148652
BRDA:319,25,0,52906
BRDA:319,25,1,22123
BRDA:338,26,0,330
BRDA:338,26,1,160
BRDA:343,27,0,86
BRDA:343,27,1,0
BRDA:347,28,0,0
BRDA:347,28,1,86
BRF:58
BRH:42
end_of_record
TN:
SF:/Users/ringel/IdeaProjects/coral-spectrum/coral-component-actionbar/src/scripts/getFirstSelectableWrappedItem.js
FN:15,getFirstSelectableWrappedItem
FNF:1
FNH:1
FNDA:228254,getFirstSelectableWrappedItem
DA:17,228254
DA:18,0
DA:21,228254
DA:23,148212
DA:26,80042
DA:28,80042
DA:29,61711
DA:31,61711
DA:32,1448
DA:36,78594
LF:10
LH:9
BRDA:17,0,0,0
BRDA:17,0,1,228254
BRDA:21,1,0,148212
BRDA:21,1,1,80042
BRDA:31,2,0,1448
BRDA:31,2,1,60263
BRDA:31,3,0,61711
BRDA:31,3,1,1556
BRF:8
BRH:7
end_of_record
TN:
SF:/Users/ringel/IdeaProjects/coral-spectrum/coral-component-alert/src/scripts/Alert.js
FN:70,capitalize
FN:86,(anonymous_1)
FN:90,Alert
FN:127,_onCloseClick
FN:140,_insertTemplate
FN:160,connectedCallback
FN:207,get
FN:210,set
FN:239,get
FN:242,set
FN:257,get
FN:260,set
FN:264,insert
FN:278,get
FN:281,set
FN:285,insert
FN:300,get
FN:303,set
FN:307,insert
FN:315,get
FN:330,get
FN:341,get
FN:348,get
FNF:23
FNH:23
FNDA:182,capitalize
FNDA:2,(anonymous_1)
FNDA:96,Alert
FNDA:8,_onCloseClick
FNDA:182,_insertTemplate
FNDA:94,connectedCallback
FNDA:184,get
FNDA:88,set
FNDA:2,get
FNDA:78,set
FNDA:100,get
FNDA:96,set
FNDA:96,insert
FNDA:104,get
FNDA:96,set
FNDA:96,insert
FNDA:2,get
FNDA:96,set
FNDA:96,insert
FNDA:5436,get
FNDA:26,get
FNDA:10,get
FNDA:2,get
DA:39,2
DA:57,2
DA:61,2
DA:63,2
DA:65,2
DA:66,10
DA:70,2
DA:71,182
DA:86,2
DA:87,2
DA:93,96
DA:95,96
DA:97,96
DA:104,96
DA:108,96
DA:120,2
DA:128,8
DA:129,8
DA:131,8
DA:132,6
DA:133,6
DA:136,8
DA:141,182
DA:142,94
DA:145,182
DA:147,182
DA:148,4
DA:152,182
DA:153,182
DA:154,182
DA:161,94
DA:163,94
DA:165,94
DA:167,94
DA:168,28
DA:171,94
DA:172,26
DA:175,94
DA:176,282
DA:178,282
DA:179,212
DA:183,94
DA:184,468
DA:186,468
DA:188,334
DA:191,134
DA:195,94
DA:198,94
DA:199,282
DA:202,282
DA:208,184
DA:213,88
DA:214,88
DA:216,88
DA:218,88
DA:221,88
DA:226,88
DA:240,2
DA:243,78
DA:244,78
DA:246,78
DA:258,100
DA:261,96
DA:265,96
DA:279,104
DA:282,96
DA:287,96
DA:301,2
DA:304,96
DA:309,96
DA:316,5436
DA:331,26
DA:342,10
DA:349,2
DA:353,2
LF:75
LH:75
BRDA:99,0,0,96
BRDA:99,0,1,34
BRDA:100,1,0,96
BRDA:100,1,1,34
BRDA:101,2,0,96
BRDA:101,2,1,56
BRDA:131,3,0,6
BRDA:131,3,1,2
BRDA:131,4,0,8
BRDA:131,4,1,4
BRDA:141,5,0,94
BRDA:141,5,1,88
BRDA:147,6,0,4
BRDA:147,6,1,178
BRDA:147,7,0,182
BRDA:147,7,1,180
BRDA:167,8,0,28
BRDA:167,8,1,66
BRDA:171,9,0,26
BRDA:171,9,1,68
BRDA:178,10,0,212
BRDA:178,10,1,70
BRDA:186,11,0,334
BRDA:186,11,1,134
BRDA:186,12,0,468
BRDA:186,12,1,134
BRDA:186,12,2,134
BRDA:208,13,0,184
BRDA:208,13,1,2
BRDA:214,14,0,88
BRDA:214,14,1,88
BRDA:214,14,2,0
BRDA:240,15,0,2
BRDA:240,15,1,2
BRDA:244,16,0,78
BRDA:244,16,1,78
BRDA:244,16,2,0
BRF:37
BRH:35
end_of_record
TN:
SF:/Users/ringel/IdeaProjects/coral-spectrum/coral-component-alert/src/scripts/AlertContent.js
FN:30,(anonymous_0)
FN:33,AlertContent
FN:43,connectedCallback
FNF:3
FNH:3
FNDA:2,(anonymous_0)
FNDA:98,AlertContent
FNDA:174,connectedCallback
DA:19,2
DA:30,2
DA:31,2
DA:34,98
DA:36,98
DA:39,2
DA:44,174
DA:48,2
LF:8
LH:8
BRF:0
BRH:0
end_of_record
TN:
SF:/Users/ringel/IdeaProjects/coral-spectrum/coral-component-alert/src/scripts/AlertFooter.js
FN:30,(anonymous_0)
FN:33,AlertFooter
FN:43,connectedCallback
FNF:3
FNH:3
FNDA:2,(anonymous_0)
FNDA:98,AlertFooter
FNDA:152,connectedCallback
DA:19,2
DA:30,2
DA:31,2
DA:34,98
DA:36,98
DA:39,2
DA:44,152
DA:48,2
LF:8
LH:8
BRF:0
BRH:0
end_of_record
TN:
SF:/Users/ringel/IdeaProjects/coral-spectrum/coral-component-alert/src/scripts/AlertHeader.js
FN:30,(anonymous_0)
FN:33,AlertHeader
FN:43,connectedCallback
FNF:3
FNH:3
FNDA:2,(anonymous_0)
FNDA:98,AlertHeader
FNDA:174,connectedCallback
DA:19,2
DA:30,2
DA:31,2
DA:34,98
DA:36,98
DA:39,2
DA:44,174
DA:48,2
LF:8
LH:8
BRF:0
BRH:0
end_of_record
TN:
SF:/Users/ringel/IdeaProjects/coral-spectrum/coral-component-anchorbutton/src/scripts/AnchorButton.js
FN:40,(anonymous_0)
FN:44,AnchorButton
FN:79,_onKeyDown
FN:90,_onKeyUp
FN:100,_onDisabledClick
FN:110,connectedCallback
FN:124,get
FN:127,set
FN:138,get
FN:147,get
FNF:10
FNH:10
FNDA:2,(anonymous_0)
FNDA:342,AnchorButton
FNDA:6,_onKeyDown
FNDA:6,_onKeyUp
FNDA:28,_onDisabledClick
FNDA:348,connectedCallback
FNDA:2970,get
FNDA:6,set
FNDA:2628,get
FNDA:2,get
DA:24,2
DA:40,2
DA:41,2
DA:47,342
DA:49,342
DA:51,342
DA:57,342
DA:59,342
DA:71,2
DA:80,6
DA:81,6
DA:82,6
DA:83,6
DA:91,6
DA:92,6
DA:93,6
DA:101,28
DA:102,4
DA:111,348
DA:114,348
DA:116,348
DA:118,346
DA:119,346
DA:125,2970
DA:128,6
DA:130,6
DA:132,6
DA:133,6
DA:134,6
DA:139,2628
DA:148,2
DA:152,2
LF:32
LH:32
BRDA:80,0,0,6
BRDA:80,0,1,0
BRDA:91,1,0,6
BRDA:91,1,1,0
BRDA:101,2,0,4
BRDA:101,2,1,24
BRDA:116,3,0,346
BRDA:116,3,1,2
BRDA:125,4,0,2970
BRDA:125,4,1,2760
BRDA:133,5,0,6
BRDA:133,5,1,0
BRF:12
BRH:9
end_of_record
TN:
SF:/Users/ringel/IdeaProjects/coral-spectrum/coral-component-anchorbutton/src/scripts/AnchorButtonLabel.js
FN:19,(anonymous_0)
FNF:1
FNH:0
FNDA:0,(anonymous_0)
DA:20,0
LF:1
LH:0
BRF:0
BRH:0
end_of_record
TN:
SF:/Users/ringel/IdeaProjects/coral-spectrum/coral-component-autocomplete/src/scripts/Autocomplete.js
FN:92,(anonymous_0)
FN:96,Autocomplete
FN:110,(anonymous_2)
FN:189,_getName
FN:204,_setName
FN:217,_startObserving
FN:232,_stopObserving
FN:238,_onInputChange
FN:267,_handleMutation
FN:287,_setStateFromDOM
FN:300,_createOptionsFromDOM
FN:306,(anonymous_11)
FN:325,_setInputValues
FN:337,_reflectCurrentValue
FN:366,_setSelectedFromDOM
FN:413,_deselectExcept
FN:434,_addValue
FN:483,_removeValue
FN:530,_clearValues
FN:552,_resetValues
FN:564,_focusNextItem
FN:587,(anonymous_21)
FN:608,_focusPreviousItem
FN:633,(anonymous_23)
FN:650,_showSuggestions
FN:679,_onOverlayPositioned
FN:689,_onGlobalClick
FN:706,_onScroll
FN:715,_onMouseWheel
FN:725,_onMouseDown
FN:732,_handleScrollBottom
FN:755,_handleFocusOut
FN:768,(anonymous_32)
FN:786,_handleListFocusShift
FN:799,_hideSuggestionsAndFocus
FN:809,_handleTriggerClick
FN:824,_handleTriggerMousedown
FN:831,_handleListItemFocus
FN:853,_scrollItemIntoView
FN:868,_getMatches
FN:901,_handleInputKeypressEnter
FN:911,_handleInputEvent
FN:928,_handleInput
FN:956,(anonymous_43)
FN:1026,_selectItem
FN:1061,_handleInputUpKeypress
FN:1081,_handleInputDownKeypress
FN:1097,_handleInputTabKeypress
FN:1111,_handleSelect
FN:1137,(anonymous_49)
FN:1153,_preventTagListChangeEvent
FN:1158,_handleTagAdded
FN:1170,_handleTagRemoved
FN:1205,_handleItemValueChange
FN:1220,_handleItemContentChange
FN:1234,_handleItemSelectedChange
FN:1276,_optionContainsValue
FN:1295,_optionStartsWithValue
FN:1314,_optionEqualsValue
FN:1328,_updateButtonAccessibilityLabel
FN:1347,clear
FN:1362,clearSuggestions
FN:1389,addSuggestions
FN:1449,showSuggestions
FN:1461,(anonymous_64)
FN:1475,hideSuggestions
FN:1495,reset
FN:1509,connectedCallback
FN:1574,disconnectedCallback
FN:1602,get
FN:1614,get
FN:1637,get
FN:1640,set
FN:1667,get
FN:1670,set
FN:1692,get
FN:1695,set
FN:1711,get
FN:1714,set
FN:1729,get
FN:1732,set
FN:1748,get
FN:1751,set
FN:1780,get
FN:1783,set
FN:1808,get
FN:1811,set
FN:1842,get
FN:1854,get
FN:1868,get
FN:1873,set
FN:1885,get
FN:1888,set
FN:1953,get
FN:1956,set
FN:1967,get
FN:1970,set
FN:1990,get
FN:1993,set
FN:2019,get
FN:2022,set
FN:2044,get
FN:2047,set
FN:2060,get
FN:2063,set
FN:2080,get
FN:2083,set
FN:2090,get
FN:2101,get
FN:2106,get
FN:2116,get
FNF:111
FNH:94
FNDA:2,(anonymous_0)
FNDA:246,Autocomplete
FNDA:8,(anonymous_2)
FNDA:110,_getName
FNDA:100,_setName
FNDA:414,_startObserving
FNDA:168,_stopObserving
FNDA:12,_onInputChange
FNDA:221,_handleMutation
FNDA:489,_setStateFromDOM
FNDA:1209,_createOptionsFromDOM
FNDA:4504,(anonymous_11)
FNDA:961,_setInputValues
FNDA:567,_reflectCurrentValue
FNDA:489,_setSelectedFromDOM
FNDA:42,_deselectExcept
FNDA:374,_addValue
FNDA:236,_removeValue
FNDA:38,_clearValues
FNDA:140,_resetValues
FNDA:4,_focusNextItem
FNDA:4,(anonymous_21)
FNDA:0,_focusPreviousItem
FNDA:0,(anonymous_23)
FNDA:56,_showSuggestions
FNDA:76,_onOverlayPositioned
FNDA:1436,_onGlobalClick
FNDA:0,_onScroll
FNDA:0,_onMouseWheel
FNDA:24,_onMouseDown
FNDA:0,_handleScrollBottom
FNDA:33,_handleFocusOut
FNDA:30,(anonymous_32)
FNDA:0,_handleListFocusShift
FNDA:2,_hideSuggestionsAndFocus
FNDA:6,_handleTriggerClick
FNDA:2,_handleTriggerMousedown
FNDA:0,_handleListItemFocus
FNDA:2,_scrollItemIntoView
FNDA:99,_getMatches
FNDA:34,_handleInputKeypressEnter
FNDA:42,_handleInputEvent
FNDA:49,_handleInput
FNDA:20,(anonymous_43)
FNDA:84,_selectItem
FNDA:0,_handleInputUpKeypress
FNDA:8,_handleInputDownKeypress
FNDA:0,_handleInputTabKeypress
FNDA:26,_handleSelect
FNDA:26,(anonymous_49)
FNDA:0,_preventTagListChangeEvent
FNDA:428,_handleTagAdded
FNDA:300,_handleTagRemoved
FNDA:584,_handleItemValueChange
FNDA:136,_handleItemContentChange
FNDA:236,_handleItemSelectedChange
FNDA:112,_optionContainsValue
FNDA:0,_optionStartsWithValue
FNDA:144,_optionEqualsValue
FNDA:469,_updateButtonAccessibilityLabel
FNDA:6,clear
FNDA:60,clearSuggestions
FNDA:60,addSuggestions
FNDA:62,showSuggestions
FNDA:62,(anonymous_64)
FNDA:81,hideSuggestions
FNDA:12,reset
FNDA:268,connectedCallback
FNDA:268,disconnectedCallback
FNDA:0,get
FNDA:2186,get
FNDA:2233,get
FNDA:78,set
FNDA:58,get
FNDA:98,set
FNDA:664,get
FNDA:14,set
FNDA:8,get
FNDA:4,set
FNDA:8,get
FNDA:8,set
FNDA:12,get
FNDA:248,set
FNDA:0,get
FNDA:2,set
FNDA:0,get
FNDA:66,set
FNDA:827,get
FNDA:0,get
FNDA:190,get
FNDA:583,set
FNDA:512,get
FNDA:603,set
FNDA:110,get
FNDA:22,set
FNDA:275,get
FNDA:89,set
FNDA:768,get
FNDA:32,set
FNDA:12,get
FNDA:0,set
FNDA:4,get
FNDA:0,set
FNDA:186,get
FNDA:102,set
FNDA:2,get
FNDA:70,set
FNDA:2,get
FNDA:14,get
FNDA:216,get
FNDA:2,get
DA:35,2
DA:43,2
DA:50,2
DA:62,2
DA:77,2
DA:92,2
DA:93,2
DA:99,246
DA:101,246
DA:103,246
DA:104,246
DA:110,246
DA:114,246
DA:115,246
DA:116,246
DA:146,246
DA:148,246
DA:150,246
DA:151,246
DA:152,246
DA:153,246
DA:154,246
DA:156,246
DA:159,246
DA:161,246
DA:163,246
DA:165,246
DA:167,246
DA:169,246
DA:171,246
DA:173,246
DA:175,246
DA:185,2
DA:190,110
DA:191,76
DA:194,34
DA:205,100
DA:206,72
DA:207,72
DA:209,28
DA:210,28
DA:218,414
DA:233,168
DA:240,12
DA:242,12
DA:243,10
DA:245,10
DA:249,6
DA:251,6
DA:252,12
DA:253,12
DA:268,221
DA:269,221
DA:270,221
DA:272,221
DA:273,221
DA:275,221
DA:288,489
DA:290,489
DA:301,1209
DA:304,1209
DA:305,1209
DA:306,1209
DA:308,4504
DA:316,4504
DA:318,4504
DA:326,961
DA:329,961
DA:330,560
DA:339,567
DA:341,567
DA:342,567
DA:344,567
DA:346,166
DA:348,166
DA:350,91
DA:353,75
DA:357,567
DA:367,489
DA:369,489
DA:371,98
DA:373,94
DA:376,94
DA:377,188
DA:378,188
DA:380,188
DA:384,4
DA:386,4
DA:390,4
DA:392,391
DA:393,387
DA:394,8
DA:396,379
DA:414,42
DA:416,42
DA:418,42
DA:419,44
DA:420,2
DA:424,42
DA:435,374
DA:437,46
DA:439,46
DA:440,30
DA:443,16
DA:448,374
DA:450,374
DA:451,288
DA:454,374
DA:456,374
DA:457,370
DA:459,4
DA:463,374
DA:468,374
DA:470,374
DA:473,374
DA:485,236
DA:487,236
DA:489,232
DA:492,4
DA:495,4
DA:497,4
DA:498,4
DA:499,4
DA:501,4
DA:503,4
DA:508,4
DA:510,4
DA:512,4
DA:514,4
DA:517,4
DA:519,4
DA:531,38
DA:534,38
DA:536,38
DA:538,38
DA:539,46
DA:542,38
DA:554,140
DA:556,140
DA:558,140
DA:565,4
DA:568,4
DA:569,4
DA:570,4
DA:572,4
DA:577,4
DA:578,0
DA:580,0
DA:581,0
DA:583,4
DA:584,2
DA:587,4
DA:588,4
DA:589,2
DA:590,0
DA:593,2
DA:595,2
DA:596,2
DA:599,4
DA:600,2
DA:609,0
DA:612,0
DA:613,0
DA:614,0
DA:616,0
DA:621,0
DA:622,0
DA:624,0
DA:625,0
DA:628,0
DA:629,0
DA:630,0
DA:633,0
DA:634,0
DA:635,0
DA:637,0
DA:638,0
DA:641,0
DA:642,0
DA:652,56
DA:655,56
DA:657,56
DA:664,56
DA:666,56
DA:668,6
DA:670,6
DA:673,50
DA:674,50
DA:681,76
DA:683,76
DA:684,40
DA:690,1436
DA:691,1432
DA:694,4
DA:696,4
DA:698,4
DA:699,0
DA:707,0
DA:708,0
DA:709,0
DA:716,0
DA:719,0
DA:720,0
DA:726,24
DA:733,0
DA:735,0
DA:736,0
DA:739,0
DA:745,0
DA:747,0
DA:756,33
DA:758,33
DA:759,33
DA:760,33
DA:762,33
DA:763,10
DA:768,33
DA:769,30
DA:770,30
DA:772,30
DA:773,15
DA:775,15
DA:778,5
DA:787,0
DA:789,0
DA:790,0
DA:792,0
DA:801,2
DA:803,2
DA:810,6
DA:811,2
DA:815,4
DA:817,4
DA:825,2
DA:832,0
DA:833,0
DA:834,0
DA:835,0
DA:837,0
DA:838,0
DA:839,0
DA:842,0
DA:843,0
DA:845,0
DA:846,0
DA:854,2
DA:856,2
DA:858,2
DA:859,0
DA:860,2
DA:861,0
DA:869,99
DA:870,99
DA:872,99
DA:873,201
DA:874,88
DA:878,99
DA:881,41
DA:883,41
DA:884,55
DA:889,55
DA:890,8
DA:895,99
DA:903,34
DA:904,22
DA:913,42
DA:915,42
DA:917,14
DA:918,14
DA:921,28
DA:930,49
DA:931,0
DA:932,0
DA:933,0
DA:937,49
DA:940,49
DA:941,2
DA:943,2
DA:945,2
DA:949,49
DA:950,49
DA:952,49
DA:954,49
DA:956,16
DA:957,20
DA:959,16
DA:961,16
DA:963,16
DA:964,0
DA:966,0
DA:970,16
DA:974,16
DA:975,2
DA:979,16
DA:981,16
DA:982,8
DA:984,33
DA:986,3
DA:987,0
DA:989,3
DA:996,30
DA:998,30
DA:999,4
DA:1001,4
DA:1005,26
DA:1009,30
DA:1011,30
DA:1012,24
DA:1016,49
DA:1028,84
DA:1031,84
DA:1033,84
DA:1035,70
DA:1037,14
DA:1038,14
DA:1040,14
DA:1041,2
DA:1043,12
DA:1047,14
DA:1055,84
DA:1063,0
DA:1065,0
DA:1066,0
DA:1067,0
DA:1069,0
DA:1074,0
DA:1083,8
DA:1085,8
DA:1086,4
DA:1090,4
DA:1099,0
DA:1100,0
DA:1112,26
DA:1114,26
DA:1116,26
DA:1118,0
DA:1122,26
DA:1124,26
DA:1125,20
DA:1129,20
DA:1132,6
DA:1137,26
DA:1138,26
DA:1141,26
DA:1143,26
DA:1154,0
DA:1160,428
DA:1172,300
DA:1175,300
DA:1177,300
DA:1179,300
DA:1180,256
DA:1181,114
DA:1182,114
DA:1186,300
DA:1187,186
DA:1191,300
DA:1192,4
DA:1195,300
DA:1207,584
DA:1210,584
DA:1222,136
DA:1224,136
DA:1236,236
DA:1237,236
DA:1238,236
DA:1240,236
DA:1241,184
DA:1242,52
DA:1244,38
DA:1246,38
DA:1248,38
DA:1250,38
DA:1254,14
DA:1255,2
DA:1258,2
DA:1277,112
DA:1278,112
DA:1296,0
DA:1297,0
DA:1315,144
DA:1316,144
DA:1329,469
DA:1331,469
DA:1332,30
DA:1333,439
DA:1334,28
DA:1337,469
DA:1339,469
DA:1348,6
DA:1350,6
DA:1352,6
DA:1353,2
DA:1363,60
DA:1365,60
DA:1391,60
DA:1393,60
DA:1395,0
DA:1399,60
DA:1400,98
DA:1401,98
DA:1402,98
DA:1403,98
DA:1405,98
DA:1406,98
DA:1418,98
DA:1422,60
DA:1424,2
DA:1432,2
DA:1434,2
DA:1436,2
DA:1438,2
DA:1440,58
DA:1450,62
DA:1452,62
DA:1453,6
DA:1455,56
DA:1459,62
DA:1461,62
DA:1462,62
DA:1465,62
DA:1467,62
DA:1476,81
DA:1478,81
DA:1480,81
DA:1482,81
DA:1485,81
DA:1487,81
DA:1497,12
DA:1510,268
DA:1512,268
DA:1514,268
DA:1516,268
DA:1518,268
DA:1520,268
DA:1522,268
DA:1524,268
DA:1527,268
DA:1529,268
DA:1531,268
DA:1534,268
DA:1535,222
DA:1539,268
DA:1541,268
DA:1544,268
DA:1545,268
DA:1546,268
DA:1547,268
DA:1548,268
DA:1550,268
DA:1551,1546
DA:1553,1546
DA:1555,1466
DA:1558,80
DA:1563,268
DA:1565,268
DA:1568,268
DA:1575,268
DA:1578,268
DA:1579,2
DA:1603,0
DA:1616,2186
DA:1617,244
DA:1623,2186
DA:1638,2233
DA:1641,78
DA:1643,78
DA:1645,78
DA:1647,78
DA:1648,62
DA:1650,16
DA:1652,16
DA:1655,78
DA:1668,58
DA:1671,98
DA:1673,98
DA:1674,98
DA:1693,664
DA:1696,14
DA:1698,14
DA:1712,8
DA:1715,4
DA:1717,4
DA:1730,8
DA:1733,8
DA:1735,6
DA:1749,12
DA:1752,248
DA:1753,248
DA:1755,248
DA:1757,248
DA:1758,4
DA:1760,4
DA:1762,4
DA:1764,244
DA:1766,244
DA:1768,244
DA:1781,0
DA:1784,2
DA:1785,0
DA:1786,0
DA:1788,2
DA:1789,2
DA:1791,2
DA:1792,2
DA:1793,0
DA:1794,0
DA:1809,0
DA:1812,66
DA:1814,66
DA:1815,6
DA:1817,6
DA:1819,6
DA:1820,6
DA:1824,6
DA:1827,6
DA:1828,6
DA:1830,60
DA:1831,0
DA:1843,827
DA:1855,0
DA:1870,190
DA:1871,190
DA:1874,583
DA:1886,512
DA:1889,603
DA:1890,0
DA:1893,603
DA:1895,603
DA:1896,401
DA:1901,603
DA:1903,603
DA:1905,14
DA:1906,8
DA:1908,8
DA:1909,8
DA:1914,589
DA:1915,200
DA:1916,200
DA:1920,603
DA:1923,36
DA:1926,36
DA:1927,42
DA:1930,42
DA:1933,42
DA:1937,567
DA:1939,567
DA:1954,110
DA:1957,22
DA:1959,22
DA:1968,275
DA:1971,89
DA:1974,89
DA:1976,89
DA:1978,89
DA:1991,768
DA:1994,32
DA:1996,32
DA:1998,32
DA:2000,32
DA:2002,32
DA:2003,32
DA:2004,32
DA:2005,32
DA:2007,32
DA:2020,12
DA:2023,0
DA:2025,0
DA:2027,0
DA:2028,0
DA:2029,0
DA:2030,0
DA:2032,0
DA:2045,4
DA:2048,0
DA:2050,0
DA:2052,0
DA:2061,186
DA:2064,102
DA:2066,102
DA:2067,6
DA:2069,96
DA:2081,2
DA:2084,70
DA:2086,70
DA:2091,2
DA:2102,14
DA:2107,216
DA:2117,2
DA:2121,2
LF:590
LH:498
BRDA:190,0,0,76
BRDA:190,0,1,34
BRDA:205,1,0,72
BRDA:205,1,1,28
BRDA:242,2,0,10
BRDA:242,2,1,2
BRDA:245,3,0,6
BRDA:245,3,1,4
BRDA:245,4,0,10
BRDA:245,4,1,8
BRDA:252,5,0,12
BRDA:252,5,1,0
BRDA:272,6,0,221
BRDA:272,6,1,0
BRDA:272,7,0,221
BRDA:272,7,1,221
BRDA:329,8,0,560
BRDA:329,8,1,401
BRDA:329,9,0,961
BRDA:329,9,1,587
BRDA:339,10,0,166
BRDA:339,10,1,401
BRDA:344,11,0,166
BRDA:344,11,1,401
BRDA:348,12,0,91
BRDA:348,12,1,75
BRDA:369,13,0,98
BRDA:369,13,1,391
BRDA:371,14,0,94
BRDA:371,14,1,4
BRDA:392,15,0,387
BRDA:392,15,1,4
BRDA:393,16,0,8
BRDA:393,16,1,379
BRDA:414,17,0,42
BRDA:414,17,1,38
BRDA:419,18,0,2
BRDA:419,18,1,42
BRDA:435,19,0,46
BRDA:435,19,1,328
BRDA:439,20,0,30
BRDA:439,20,1,16
BRDA:450,21,0,288
BRDA:450,21,1,86
BRDA:456,22,0,370
BRDA:456,22,1,4
BRDA:487,23,0,232
BRDA:487,23,1,4
BRDA:497,24,0,4
BRDA:497,24,1,0
BRDA:498,25,0,4
BRDA:498,25,1,0
BRDA:510,26,0,4
BRDA:510,26,1,0
BRDA:517,27,0,4
BRDA:517,27,1,0
BRDA:577,28,0,0
BRDA:577,28,1,4
BRDA:580,29,0,0
BRDA:580,29,1,0
BRDA:583,30,0,2
BRDA:583,30,1,2
BRDA:583,31,0,4
BRDA:583,31,1,4
BRDA:588,32,0,2
BRDA:588,32,1,2
BRDA:589,33,0,0
BRDA:589,33,1,2
BRDA:599,34,0,2
BRDA:599,34,1,2
BRDA:621,35,0,0
BRDA:621,35,1,0
BRDA:624,36,0,0
BRDA:624,36,1,0
BRDA:629,37,0,0
BRDA:629,37,1,0
BRDA:629,38,0,0
BRDA:629,38,1,0
BRDA:634,39,0,0
BRDA:634,39,1,0
BRDA:641,40,0,0
BRDA:641,40,1,0
BRDA:666,41,0,6
BRDA:666,41,1,50
BRDA:683,42,0,40
BRDA:683,42,1,36
BRDA:690,43,0,1432
BRDA:690,43,1,4
BRDA:698,44,0,0
BRDA:698,44,1,4
BRDA:698,45,0,4
BRDA:698,45,1,0
BRDA:719,46,0,0
BRDA:719,46,1,0
BRDA:719,47,0,0
BRDA:719,47,1,0
BRDA:719,47,2,0
BRDA:719,47,3,0
BRDA:735,48,0,0
BRDA:735,48,1,0
BRDA:745,49,0,0
BRDA:745,49,1,0
BRDA:762,50,0,10
BRDA:762,50,1,23
BRDA:770,51,0,30
BRDA:770,51,1,19
BRDA:772,52,0,15
BRDA:772,52,1,15
BRDA:772,53,0,30
BRDA:772,53,1,21
BRDA:772,53,2,18
BRDA:775,54,0,5
BRDA:775,54,1,10
BRDA:775,55,0,15
BRDA:775,55,1,15
BRDA:775,55,2,9
BRDA:775,55,3,14
BRDA:775,55,4,12
BRDA:775,55,5,2
BRDA:787,56,0,0
BRDA:787,56,1,0
BRDA:810,57,0,2
BRDA:810,57,1,4
BRDA:837,58,0,0
BRDA:837,58,1,0
BRDA:842,59,0,0
BRDA:842,59,1,0
BRDA:858,60,0,0
BRDA:858,60,1,2
BRDA:860,61,0,0
BRDA:860,61,1,2
BRDA:869,62,0,99
BRDA:869,62,1,0
BRDA:873,63,0,88
BRDA:873,63,1,113
BRDA:878,64,0,41
BRDA:878,64,1,58
BRDA:889,65,0,8
BRDA:889,65,1,47
BRDA:903,66,0,22
BRDA:903,66,1,12
BRDA:915,67,0,14
BRDA:915,67,1,28
BRDA:930,68,0,0
BRDA:930,68,1,49
BRDA:930,69,0,49
BRDA:930,69,1,49
BRDA:940,70,0,2
BRDA:940,70,1,47
BRDA:940,71,0,49
BRDA:940,71,1,18
BRDA:943,72,0,2
BRDA:943,72,1,0
BRDA:949,73,0,49
BRDA:949,73,1,47
BRDA:954,74,0,16
BRDA:954,74,1,33
BRDA:956,75,0,16
BRDA:956,75,1,4
BRDA:963,76,0,0
BRDA:963,76,1,16
BRDA:964,77,0,0
BRDA:964,77,1,0
BRDA:974,78,0,2
BRDA:974,78,1,14
BRDA:981,79,0,8
BRDA:981,79,1,8
BRDA:984,80,0,3
BRDA:984,80,1,30
BRDA:986,81,0,0
BRDA:986,81,1,3
BRDA:987,82,0,0
BRDA:987,82,1,0
BRDA:987,82,2,0
BRDA:987,82,3,0
BRDA:998,83,0,4
BRDA:998,83,1,26
BRDA:999,84,0,4
BRDA:999,84,1,0
BRDA:1011,85,0,24
BRDA:1011,85,1,6
BRDA:1033,86,0,70
BRDA:1033,86,1,14
BRDA:1038,87,0,10
BRDA:1038,87,1,4
BRDA:1040,88,0,2
BRDA:1040,88,1,12
BRDA:1065,89,0,0
BRDA:1065,89,1,0
BRDA:1066,90,0,0
BRDA:1066,90,1,0
BRDA:1085,91,0,4
BRDA:1085,91,1,4
BRDA:1099,92,0,0
BRDA:1099,92,1,0
BRDA:1099,93,0,0
BRDA:1099,93,1,0
BRDA:1116,94,0,0
BRDA:1116,94,1,26
BRDA:1116,95,0,26
BRDA:1116,95,1,26
BRDA:1124,96,0,20
BRDA:1124,96,1,6
BRDA:1180,97,0,114
BRDA:1180,97,1,142
BRDA:1186,98,0,186
BRDA:1186,98,1,114
BRDA:1191,99,0,4
BRDA:1191,99,1,296
BRDA:1240,100,0,184
BRDA:1240,100,1,52
BRDA:1241,101,0,134
BRDA:1241,101,1,50
BRDA:1242,102,0,38
BRDA:1242,102,1,14
BRDA:1254,103,0,2
BRDA:1254,103,1,12
BRDA:1277,104,0,112
BRDA:1277,104,1,0
BRDA:1278,105,0,112
BRDA:1278,105,1,16
BRDA:1296,106,0,0
BRDA:1296,106,1,0
BRDA:1315,107,0,144
BRDA:1315,107,1,0
BRDA:1331,108,0,30
BRDA:1331,108,1,439
BRDA:1333,109,0,28
BRDA:1333,109,1,411
BRDA:1352,110,0,2
BRDA:1352,110,1,4
BRDA:1393,111,0,0
BRDA:1393,111,1,60
BRDA:1405,112,0,98
BRDA:1405,112,1,0
BRDA:1405,113,0,98
BRDA:1405,113,1,8
BRDA:1422,114,0,2
BRDA:1422,114,1,58
BRDA:1422,115,0,60
BRDA:1422,115,1,2
BRDA:1452,116,0,6
BRDA:1452,116,1,56
BRDA:1534,117,0,222
BRDA:1534,117,1,46
BRDA:1553,118,0,1466
BRDA:1553,118,1,80
BRDA:1553,119,0,1546
BRDA:1553,119,1,750
BRDA:1553,119,2,750
BRDA:1578,120,0,2
BRDA:1578,120,1,266
BRDA:1616,121,0,244
BRDA:1616,121,1,1942
BRDA:1638,122,0,2233
BRDA:1638,122,1,1460
BRDA:1647,123,0,62
BRDA:1647,123,1,16
BRDA:1668,124,0,28
BRDA:1668,124,1,30
BRDA:1673,125,0,98
BRDA:1673,125,1,0
BRDA:1673,126,0,98
BRDA:1673,126,1,98
BRDA:1693,127,0,664
BRDA:1693,127,1,643
BRDA:1749,128,0,12
BRDA:1749,128,1,0
BRDA:1753,129,0,248
BRDA:1753,129,1,248
BRDA:1753,129,2,0
BRDA:1757,130,0,4
BRDA:1757,130,1,244
BRDA:1781,131,0,0
BRDA:1781,131,1,0
BRDA:1784,132,0,0
BRDA:1784,132,1,2
BRDA:1789,133,0,2
BRDA:1789,133,1,2
BRDA:1789,133,2,0
BRDA:1791,134,0,2
BRDA:1791,134,1,0
BRDA:1793,135,0,0
BRDA:1793,135,1,0
BRDA:1809,136,0,0
BRDA:1809,136,1,0
BRDA:1814,137,0,6
BRDA:1814,137,1,60
BRDA:1819,138,0,6
BRDA:1819,138,1,0
BRDA:1827,139,0,6
BRDA:1827,139,1,0
BRDA:1830,140,0,0
BRDA:1830,140,1,60
BRDA:1855,141,0,0
BRDA:1855,141,1,0
BRDA:1871,142,0,124
BRDA:1871,142,1,66
BRDA:1871,143,0,190
BRDA:1871,143,1,190
BRDA:1889,144,0,0
BRDA:1889,144,1,603
BRDA:1889,145,0,603
BRDA:1889,145,1,603
BRDA:1893,146,0,603
BRDA:1893,146,1,0
BRDA:1895,147,0,401
BRDA:1895,147,1,202
BRDA:1895,148,0,603
BRDA:1895,148,1,585
BRDA:1903,149,0,14
BRDA:1903,149,1,589
BRDA:1908,150,0,8
BRDA:1908,150,1,0
BRDA:1920,151,0,36
BRDA:1920,151,1,567
BRDA:1937,152,0,166
BRDA:1937,152,1,401
BRDA:1991,153,0,768
BRDA:1991,153,1,744
BRDA:2003,154,0,32
BRDA:2003,154,1,8
BRDA:2020,155,0,12
BRDA:2020,155,1,12
BRDA:2028,156,0,0
BRDA:2028,156,1,0
BRDA:2045,157,0,4
BRDA:2045,157,1,4
BRDA:2066,158,0,6
BRDA:2066,158,1,96
BRDA:2066,159,0,102
BRDA:2066,159,1,12
BRDA:2081,160,0,2
BRDA:2081,160,1,2
BRF:334
BRH:243
end_of_record
TN:
SF:/Users/ringel/IdeaProjects/coral-spectrum/coral-component-autocomplete/src/scripts/AutocompleteItem.js
FN:33,(anonymous_0)
FN:37,AutocompleteItem
FN:67,_handleMutation
FN:76,get
FN:80,set
FN:90,get
FN:93,set
FN:113,get
FN:116,set
FN:134,get
FN:137,set
FN:144,get
FNF:12
FNH:12
FNDA:2,(anonymous_0)
FNDA:756,AutocompleteItem
FNDA:146,_handleMutation
FNDA:292,get
FNDA:728,set
FNDA:246,get
FNDA:134,set
FNDA:14,get
FNDA:260,set
FNDA:8,get
FNDA:4,set
FNDA:2,get
DA:33,2
DA:34,2
DA:40,756
DA:42,756
DA:43,756
DA:45,756
DA:51,756
DA:63,2
DA:68,146
DA:78,292
DA:81,728
DA:83,728
DA:85,728
DA:91,246
DA:95,134
DA:96,134
DA:98,134
DA:114,14
DA:117,260
DA:119,260
DA:121,260
DA:135,8
DA:138,4
DA:140,4
DA:145,2
DA:149,2
LF:26
LH:26
BRDA:78,0,0,108
BRDA:78,0,1,184
BRDA:78,1,0,108
BRDA:78,1,1,12
BRDA:95,2,0,134
BRDA:95,2,1,0
BRDA:114,3,0,14
BRDA:114,3,1,6
BRDA:135,4,0,8
BRDA:135,4,1,4
BRF:10
BRH:9
end_of_record
TN:
SF:/Users/ringel/IdeaProjects/coral-spectrum/coral-component-banner/src/scripts/Banner.js
FN:57,(anonymous_0)
FN:61,Banner
FN:88,connectedCallback
FN:118,get
FN:121,set
FN:144,get
FN:147,set
FN:151,insert
FN:165,get
FN:168,set
FN:172,insert
FN:179,get
FN:193,get
FN:200,get
FNF:14
FNH:14
FNDA:2,(anonymous_0)
FNDA:84,Banner
FNDA:88,connectedCallback
FNDA:4,get
FNDA:80,set
FNDA:4,get
FNDA:90,set
FNDA:90,insert
FNDA:4,get
FNDA:90,set
FNDA:90,insert
FNDA:628,get
FNDA:22,get
FNDA:2,get
DA:21,2
DA:35,2
DA:41,2
DA:43,2
DA:44,6
DA:57,2
DA:58,2
DA:64,84
DA:66,84
DA:68,84
DA:72,84
DA:84,2
DA:89,88
DA:91,88
DA:93,88
DA:94,12
DA:97,88
DA:98,88
DA:100,88
DA:101,14
DA:102,10
DA:104,10
DA:105,0
DA:107,10
DA:113,88
DA:114,88
DA:119,4
DA:124,80
DA:125,80
DA:127,80
DA:130,80
DA:133,80
DA:145,4
DA:148,90
DA:152,90
DA:166,4
DA:169,90
DA:173,90
DA:180,628
DA:194,22
DA:201,2
DA:205,2
LF:42
LH:41
BRDA:69,0,0,84
BRDA:69,0,1,26
BRDA:70,1,0,84
BRDA:70,1,1,26
BRDA:93,2,0,12
[...]
BRDA:422,54,1,0
BRDA:430,55,0,102
BRDA:430,55,1,44
BRDA:433,56,0,10
BRDA:433,56,1,92
BRDA:434,57,0,0
BRDA:434,57,1,10
BRDA:434,58,0,10
BRDA:434,58,1,4
BRDA:437,59,0,6
BRDA:437,59,1,4
BRDA:440,60,0,4
BRDA:440,60,1,0
BRDA:454,61,0,36
BRDA:454,61,1,110
BRDA:457,62,0,20
BRDA:457,62,1,16
BRDA:478,63,0,0
BRDA:478,63,1,110
BRDA:497,64,0,90
BRDA:497,64,1,6422
BRDA:503,65,0,62
BRDA:503,65,1,28
BRDA:512,66,0,14
BRDA:512,66,1,76
BRDA:512,67,0,90
BRDA:512,67,1,90
BRDA:520,68,0,20
BRDA:520,68,1,70
BRDA:523,69,0,20
BRDA:523,69,1,0
BRDA:562,70,0,72
BRDA:562,70,1,78
BRDA:562,71,0,150
BRDA:562,71,1,150
BRDA:576,72,0,6
BRDA:576,72,1,144
BRDA:582,73,0,58
BRDA:582,73,1,92
BRDA:583,74,0,0
BRDA:583,74,1,58
BRDA:583,75,0,58
BRDA:583,75,1,46
BRDA:590,76,0,2
BRDA:590,76,1,148
BRDA:636,77,0,4
BRDA:636,77,1,698
BRDA:636,78,0,702
BRDA:636,78,1,262
BRDA:646,79,0,244
BRDA:646,79,1,458
BRDA:646,80,0,702
BRDA:646,80,1,700
BRDA:646,80,2,460
BRDA:649,81,0,244
BRDA:649,81,1,0
BRDA:649,82,0,244
BRDA:649,82,1,244
BRDA:651,83,0,244
BRDA:651,83,1,180
BRDA:695,84,0,38
BRDA:695,84,1,446
BRDA:695,85,0,484
BRDA:695,85,1,478
BRDA:695,85,2,464
BRDA:717,86,0,794
BRDA:717,86,1,352
BRDA:717,86,2,442
BRDA:760,87,0,562
BRDA:760,87,1,0
BRF:184
BRH:131
end_of_record
TN:
SF:/Users/ringel/IdeaProjects/coral-spectrum/coral-utils/src/scripts/Commons.js
FN:20,cleanOption
FN:41,cssTimeToMilliseconds
FN:67,returnFirst
FN:69,(anonymous_3)
FN:91,isFunction
FN:101,(anonymous_5)
FN:103,Commons
FN:110,(anonymous_7)
FN:160,_log
FN:183,extend
FN:214,augment
FN:260,swapKeysAndValues
FN:278,nextFrame
FN:279,(anonymous_13)
FN:298,transitionEnd
FN:310,onTransitionEnd
FN:365,ready
FN:406,(anonymous_17)
FN:408,(anonymous_18)
FN:431,setSubProperty
FN:471,getSubProperty
FN:506,_applyMixin
FN:532,mixin
FN:549,getUID
FN:566,callAll
FN:589,(anonymous_25)
FN:599,(anonymous_26)
FN:628,addResizeListener
FN:651,removeResizeListener
FN:678,get
FN:693,get
FN:706,get
FNF:32
FNH:25
FNDA:0,cleanOption
FNDA:1884,cssTimeToMilliseconds
FNDA:0,returnFirst
FNDA:0,(anonymous_3)
FNDA:48,isFunction
FNDA:2,(anonymous_5)
FNDA:2,Commons
FNDA:333,(anonymous_7)
FNDA:866,_log
FNDA:158214,extend
FNDA:138,augment
FNDA:175575,swapKeysAndValues
FNDA:0,nextFrame
FNDA:0,(anonymous_13)
FNDA:1884,transitionEnd
FNDA:1884,onTransitionEnd
FNDA:16,ready
FNDA:2,(anonymous_17)
FNDA:0,(anonymous_18)
FNDA:100,setSubProperty
FNDA:16,getSubProperty
FNDA:14,_applyMixin
FNDA:12,mixin
FNDA:69843,getUID
FNDA:12,callAll
FNDA:0,(anonymous_25)
FNDA:8,(anonymous_26)
FNDA:1334,addResizeListener
FNDA:2,removeResizeListener
FNDA:870,get
FNDA:4523,get
FNDA:4,get
DA:18,2
DA:20,2
DA:21,0
DA:22,0
DA:26,2
DA:28,2
DA:30,2
DA:42,1884
DA:43,1884
DA:45,1884
DA:46,908
DA:49,1884
DA:50,908
DA:51,976
DA:52,0
DA:56,976
DA:69,0
DA:70,0
DA:71,0
DA:74,0
DA:75,0
DA:76,0
DA:92,48
DA:101,2
DA:104,2
DA:106,2
DA:109,2
DA:110,2
DA:111,333
DA:112,735
DA:114,735
DA:116,735
DA:117,735
DA:118,755
DA:123,2
DA:124,2
DA:125,2
DA:126,2
DA:127,2
DA:129,2
DA:130,0
DA:131,0
DA:133,2
DA:149,2
DA:161,866
DA:162,864
DA:163,864
DA:166,864
DA:184,158214
DA:186,158214
DA:187,158414
DA:189,158414
DA:190,681012
DA:194,158214
DA:215,138
DA:217,138
DA:218,138
DA:220,138
DA:221,132
DA:223,132
DA:226,138
DA:227,258
DA:229,258
DA:230,354
DA:231,112
DA:233,106
DA:235,106
DA:236,104
DA:241,242
DA:246,138
DA:261,175575
DA:263,175575
DA:264,789645
DA:267,175575
DA:279,0
DA:280,0
DA:281,0
DA:300,1884
DA:301,1884
DA:302,1884
DA:308,1884
DA:310,1884
DA:311,1884
DA:313,1884
DA:314,1884
DA:315,1884
DA:317,1884
DA:319,1884
DA:328,1884
DA:329,1884
DA:330,1884
DA:331,1884
DA:335,1884
DA:336,1884
DA:338,1884
DA:340,1884
DA:342,738
DA:345,738
DA:349,1884
DA:366,16
DA:368,16
DA:369,6
DA:370,6
DA:373,16
DA:374,0
DA:377,16
DA:379,2
DA:380,2
DA:384,14
DA:386,14
DA:388,14
DA:389,2
DA:390,2
DA:394,14
DA:395,0
DA:397,0
DA:398,0
DA:400,0
DA:405,14
DA:406,2
DA:407,2
DA:409,0
DA:413,12
DA:432,100
DA:433,100
DA:435,100
DA:437,96
DA:438,96
DA:442,4
DA:443,8
DA:445,8
DA:446,8
DA:448,0
DA:453,4
DA:472,16
DA:473,16
DA:475,16
DA:477,10
DA:481,6
DA:482,18
DA:484,18
DA:485,18
DA:487,0
DA:491,6
DA:507,14
DA:509,14
DA:510,10
DA:511,4
DA:512,4
DA:514,0
DA:533,12
DA:534,2
DA:535,4
DA:538,10
DA:550,69843
DA:567,12
DA:568,48
DA:571,12
DA:573,12
DA:574,6
DA:578,12
DA:580,12
DA:582,12
DA:584,0
DA:585,12
DA:587,2
DA:588,10
DA:589,2
DA:593,8
DA:595,2
DA:599,8
DA:604,8
DA:605,22
DA:606,22
DA:608,22
DA:609,8
DA:613,8
DA:630,1334
DA:631,1244
DA:634,1334
DA:637,1334
DA:653,2
DA:655,2
DA:658,2
DA:660,2
DA:661,2
DA:663,2
DA:664,2
DA:679,870
DA:680,870
DA:682,870
DA:684,0
DA:685,0
DA:689,870
DA:694,4523
DA:707,4
DA:711,2
DA:777,2
LF:198
LH:172
BRDA:45,0,0,908
BRDA:45,0,1,976
BRDA:49,1,0,908
BRDA:49,1,1,976
BRDA:51,2,0,0
BRDA:51,2,1,976
BRDA:116,3,0,735
BRDA:116,3,1,0
BRDA:129,4,0,0
BRDA:129,4,1,2
BRDA:161,5,0,864
BRDA:161,5,1,2
BRDA:161,6,0,866
BRDA:161,6,1,864
BRDA:184,7,0,0
BRDA:184,7,1,158214
BRDA:187,8,0,0
BRDA:187,8,1,158414
BRDA:187,9,0,158414
BRDA:187,9,1,158414
BRDA:215,10,0,0
BRDA:215,10,1,138
BRDA:218,11,0,0
BRDA:218,11,1,138
BRDA:218,12,0,138
BRDA:218,12,1,138
BRDA:220,13,0,132
BRDA:220,13,1,6
BRDA:227,14,0,0
BRDA:227,14,1,258
BRDA:227,15,0,258
BRDA:227,15,1,258
BRDA:230,16,0,112
BRDA:230,16,1,242
BRDA:231,17,0,106
BRDA:231,17,1,6
BRDA:235,18,0,104
BRDA:235,18,1,2
BRDA:280,19,0,0
BRDA:280,19,1,0
BRDA:313,20,0,1884
BRDA:313,20,1,0
BRDA:329,21,0,1884
BRDA:329,21,1,0
BRDA:335,22,0,1884
BRDA:335,22,1,0
BRDA:340,23,0,738
BRDA:340,23,1,1146
BRDA:368,24,0,6
BRDA:368,24,1,10
BRDA:373,25,0,0
BRDA:373,25,1,16
BRDA:377,26,0,2
BRDA:377,26,1,14
BRDA:388,27,0,2
BRDA:388,27,1,12
BRDA:388,28,0,14
BRDA:388,28,1,8
BRDA:388,28,2,8
BRDA:389,29,0,2
BRDA:389,29,1,2
BRDA:397,30,0,0
BRDA:397,30,1,0
BRDA:398,31,0,0
BRDA:398,31,1,0
BRDA:405,32,0,2
BRDA:405,32,1,12
BRDA:407,33,0,2
BRDA:407,33,1,2
BRDA:407,33,2,0
BRDA:413,34,0,12
BRDA:413,34,1,6
BRDA:413,34,2,6
BRDA:435,35,0,96
BRDA:435,35,1,4
BRDA:445,36,0,8
BRDA:445,36,1,0
BRDA:475,37,0,10
BRDA:475,37,1,6
BRDA:484,38,0,18
BRDA:484,38,1,0
BRDA:484,39,0,18
BRDA:484,39,1,12
BRDA:509,40,0,10
BRDA:509,40,1,4
BRDA:511,41,0,4
BRDA:511,41,1,0
BRDA:511,42,0,4
BRDA:511,42,1,4
BRDA:533,43,0,2
BRDA:533,43,1,10
BRDA:573,44,0,6
BRDA:573,44,1,6
BRDA:582,45,0,0
BRDA:582,45,1,12
BRDA:582,46,0,12
BRDA:582,46,1,2
BRDA:585,47,0,2
BRDA:585,47,1,10
BRDA:588,48,0,2
BRDA:588,48,1,8
BRDA:593,49,0,2
BRDA:593,49,1,6
BRDA:608,50,0,8
BRDA:608,50,1,14
BRDA:630,51,0,1244
BRDA:630,51,1,90
BRDA:660,52,0,2
BRDA:660,52,1,0
BRDA:663,53,0,2
BRDA:663,53,1,0
BRDA:684,54,0,0
BRDA:684,54,1,0
BRF:113
BRH:86
end_of_record
TN:
SF:/Users/ringel/IdeaProjects/coral-spectrum/coral-utils/src/scripts/Events.js
FN:22,(anonymous_0)
FN:27,Events
FN:49,on
FN:70,off
FN:93,dispatch
FN:102,destroy
FNF:6
FNH:5
FNDA:2,(anonymous_0)
FNDA:2,Events
FNDA:52516,on
FNDA:46446,off
FNDA:2,dispatch
FNDA:0,destroy
DA:22,2
DA:28,2
DA:30,2
DA:47,2
DA:50,52516
DA:52,52516
DA:71,46446
DA:73,46446
DA:94,2
DA:103,0
DA:107,2
DA:116,2
LF:12
LH:11
BRF:0
BRH:0
end_of_record
TN:
SF:/Users/ringel/IdeaProjects/coral-spectrum/coral-utils/src/scripts/I18nProvider.js
FN:161,(anonymous_0)
FN:168,I18nProvider
FN:256,set
FN:389,get
FN:466,(anonymous_4)
FN:478,get
FN:481,set
FNF:7
FNH:5
FNDA:2,(anonymous_0)
FNDA:2,I18nProvider
FNDA:0,set
FNDA:25895,get
FNDA:1446,(anonymous_4)
FNDA:121600,get
FNDA:0,set
DA:103,2
DA:152,2
DA:161,2
DA:169,2
DA:171,2
DA:173,2
DA:175,2
DA:176,2
DA:179,2
DA:254,2
DA:257,0
DA:260,0
DA:261,0
DA:264,0
DA:266,0
DA:267,0
DA:268,0
DA:269,0
DA:271,0
DA:272,0
DA:273,0
DA:274,0
DA:275,0
DA:277,0
DA:278,0
DA:281,0
DA:284,0
DA:287,0
DA:288,0
DA:289,0
DA:290,0
DA:291,0
DA:293,0
DA:296,0
DA:297,0
DA:298,0
DA:299,0
DA:300,0
DA:302,0
DA:303,0
DA:306,0
DA:308,0
DA:311,0
DA:314,0
DA:390,25895
DA:391,28493
DA:394,25895
DA:396,0
DA:401,25895
DA:403,25895
DA:404,25895
DA:406,25895
DA:407,25895
DA:408,25895
DA:411,25895
DA:412,264
DA:414,264
DA:416,264
DA:417,264
DA:419,264
DA:420,0
DA:425,264
DA:426,0
DA:430,25631
DA:432,25631
DA:434,1152
DA:435,24479
DA:436,0
DA:440,25631
DA:441,2334
DA:446,25895
DA:447,1152
DA:451,25895
DA:453,25895
DA:454,413852
DA:455,387957
DA:461,25895
DA:462,24449
DA:466,1446
DA:467,1446
DA:468,1446
DA:479,121600
DA:482,0
DA:486,2
DA:490,2
DA:491,2
DA:498,2
LF:87
LH:48
BRDA:171,0,0,2
BRDA:171,0,1,0
BRDA:175,1,0,2
BRDA:175,1,1,0
BRDA:257,2,0,0
BRDA:257,2,1,0
BRDA:264,3,0,0
BRDA:264,3,1,0
BRDA:267,4,0,0
BRDA:267,4,1,0
BRDA:268,5,0,0
BRDA:268,5,1,0
BRDA:271,6,0,0
BRDA:271,6,1,0
BRDA:271,7,0,0
BRDA:271,7,1,0
BRDA:277,8,0,0
BRDA:277,8,1,0
BRDA:287,9,0,0
BRDA:287,9,1,0
BRDA:288,10,0,0
BRDA:288,10,1,0
BRDA:288,11,0,0
BRDA:288,11,1,0
BRDA:288,11,2,0
BRDA:288,11,3,0
BRDA:296,12,0,0
BRDA:296,12,1,0
BRDA:297,13,0,0
BRDA:297,13,1,0
BRDA:297,14,0,0
BRDA:297,14,1,0
BRDA:297,14,2,0
BRDA:302,15,0,0
BRDA:302,15,1,0
BRDA:394,16,0,0
BRDA:394,16,1,25895
BRDA:404,17,0,1446
BRDA:404,17,1,24449
BRDA:411,18,0,264
BRDA:411,18,1,25631
BRDA:411,19,0,25895
BRDA:411,19,1,25895
BRDA:419,20,0,0
BRDA:419,20,1,264
BRDA:419,21,0,264
BRDA:419,21,1,264
BRDA:425,22,0,0
BRDA:425,22,1,264
BRDA:432,23,0,1152
BRDA:432,23,1,24479
BRDA:435,24,0,0
BRDA:435,24,1,24479
BRDA:446,25,0,1152
BRDA:446,25,1,24743
BRDA:454,26,0,387957
BRDA:454,26,1,25895
BRDA:454,27,0,413852
BRDA:454,27,1,413852
BRDA:455,28,0,387957
BRDA:455,28,1,358840
BRDA:461,29,0,24449
BRDA:461,29,1,1446
BRDA:491,30,0,2
BRDA:491,30,1,2
BRF:65
BRH:28
end_of_record
TN:
SF:/Users/ringel/IdeaProjects/coral-spectrum/coral-utils/src/scripts/Keys.js
FN:146,normalizeCode
FN:150,mapSpecialEventKeyToSpecialAPIDefinition
FN:185,_keyToCode
FN:198,cleanupFilteredListeners
FN:224,(anonymous_4)
FN:242,Keys
FN:305,_resetSequence
FN:308,(anonymous_7)
FN:315,_setCurrentKeyCombo
FN:340,reset
FN:349,_processSequences
FN:354,(anonymous_11)
FN:375,_executeListeners
FN:461,_handleKeyDown
FN:491,_handleKeyUp
FN:523,_keySequenceStringToArray
FN:545,on
FN:634,_offByKeyComboString
FN:678,off
FN:740,destroy
FN:766,init
FN:803,_keyComboToCodeString
FN:815,filterInputs
FN:839,keyToCode
FN:850,get
FNF:25
FNH:25
FNDA:229026,normalizeCode
FNDA:118216,mapSpecialEventKeyToSpecialAPIDefinition
FNDA:118214,_keyToCode
FNDA:1976,cleanupFilteredListeners
FNDA:2,(anonymous_4)
FNDA:12547,Keys
FNDA:319,_resetSequence
FNDA:135,(anonymous_7)
FNDA:3190,_setCurrentKeyCombo
FNDA:18512,reset
FNDA:1710,_processSequences
FNDA:1608,(anonymous_11)
FNDA:3342,_executeListeners
FNDA:1908,_handleKeyDown
FNDA:227118,_handleKeyUp
FNDA:20,_keySequenceStringToArray
FNDA:102448,on
FNDA:6496,_offByKeyComboString
FNDA:6384,off
FNDA:46957,destroy
FNDA:30163,init
FNDA:108854,_keyComboToCodeString
FNDA:1852,filterInputs
FNDA:1570,keyToCode
FNDA:1908,get
DA:22,2
DA:41,2
DA:53,2
DA:59,2
DA:73,2
DA:125,2
DA:127,2
DA:134,2
DA:147,229026
DA:152,118216
DA:154,3484
DA:157,2
DA:160,0
DA:163,0
DA:166,0
DA:169,0
DA:172,114730
DA:186,118214
DA:188,118214
DA:190,118214
DA:191,0
DA:195,118214
DA:199,1976
DA:201,1976
DA:202,1974
DA:207,2
DA:209,2
DA:210,2
DA:211,2
DA:215,2
DA:224,2
DA:243,12547
DA:245,12545
DA:247,12545
DA:248,0
DA:252,12545
DA:254,12545
DA:259,12545
DA:264,12545
DA:269,12545
DA:274,12545
DA:279,12545
DA:284,12545
DA:289,12545
DA:294,12545
DA:295,12545
DA:296,12545
DA:297,12545
DA:298,12545
DA:300,12545
DA:303,2
DA:306,319
DA:308,319
DA:310,135
DA:317,3190
DA:319,3190
DA:320,12760
DA:322,12760
DA:323,136
DA:328,3190
DA:343,18512
DA:344,18512
DA:345,18512
DA:350,1710
DA:352,1710
DA:354,1710
DA:355,1608
DA:357,126
DA:360,1482
DA:363,1608
DA:365,32
DA:367,32
DA:371,1710
DA:377,3342
DA:378,1208
DA:382,2134
DA:383,160
DA:386,1974
DA:387,1974
DA:388,1974
DA:390,1974
DA:391,1974
DA:395,1974
DA:396,856
DA:397,2
DA:398,2
DA:404,1974
DA:407,1710
DA:410,1974
DA:411,798
DA:414,1974
DA:415,24
DA:418,1974
DA:419,802
DA:420,8488
DA:422,8488
DA:423,772
DA:425,772
DA:426,44
DA:427,44
DA:430,772
DA:432,772
DA:433,562
DA:438,7926
DA:439,48
DA:443,7926
DA:445,7926
DA:446,7926
DA:450,802
DA:451,394
DA:454,802
DA:455,394
DA:462,1908
DA:463,1908
DA:465,1908
DA:467,1908
DA:468,80
DA:471,1828
DA:472,1676
DA:474,1676
DA:477,1828
DA:480,1828
DA:481,18
DA:484,1828
DA:486,6
DA:492,227118
DA:494,227118
DA:501,2836
DA:506,2836
DA:510,224282
DA:512,224282
DA:513,1514
DA:516,1514
DA:518,1514
DA:524,20
DA:547,102448
DA:549,4
DA:552,2
DA:553,2
DA:556,4
DA:557,8
DA:560,4
DA:563,102444
DA:565,702
DA:566,702
DA:567,101742
DA:568,101732
DA:570,79570
DA:571,79570
DA:574,22162
DA:575,22162
DA:576,22162
DA:580,102444
DA:581,0
DA:585,102444
DA:587,102444
DA:588,101734
DA:589,101734
DA:594,102444
DA:596,102444
DA:599,20
DA:602,20
DA:613,102424
DA:615,102424
DA:616,102424
DA:618,102424
DA:630,102444
DA:636,6496
DA:638,6496
DA:639,6474
DA:641,26
DA:642,6448
DA:644,98
DA:646,166
DA:647,4
DA:648,4
DA:653,6350
DA:654,1709242
DA:655,9670
DA:656,9670
DA:679,6384
DA:680,56
DA:681,56
DA:686,6384
DA:688,6384
DA:689,6334
DA:690,6334
DA:693,6384
DA:695,4
DA:696,120
DA:700,4
DA:701,12
DA:702,2
DA:704,2
DA:708,4
DA:711,6380
DA:713,4
DA:714,28
DA:715,8
DA:717,8
DA:721,6376
DA:723,6376
DA:726,6380
DA:741,46957
DA:742,16
DA:743,16
DA:744,16
DA:746,16
DA:749,46957
DA:750,46957
DA:751,46957
DA:767,30163
DA:769,12547
DA:770,12547
DA:771,12547
DA:772,12547
DA:774,12547
DA:778,30163
DA:783,30163
DA:784,30163
DA:785,30163
DA:805,108854
DA:806,4
DA:809,108850
DA:817,1852
DA:818,80
DA:821,1772
DA:822,1772
DA:823,1772
DA:824,1772
DA:825,1772
DA:840,1570
DA:851,1908
DA:855,2
DA:865,2
LF:235
LH:228
BRDA:147,0,0,229026
BRDA:147,0,1,228226
BRDA:152,1,0,3484
BRDA:152,1,1,2
BRDA:152,1,2,0
BRDA:152,1,3,0
BRDA:152,1,4,0
BRDA:152,1,5,0
BRDA:152,1,6,114730
BRDA:188,2,0,118214
BRDA:188,2,1,8944
BRDA:190,3,0,0
BRDA:190,3,1,118214
BRDA:190,4,0,118214
BRDA:190,4,1,920
BRDA:195,5,0,118214
BRDA:195,5,1,920
BRDA:201,6,0,1974
BRDA:201,6,1,2
BRDA:201,7,0,1976
BRDA:201,7,1,858
BRDA:201,7,2,6
BRDA:210,8,0,2
BRDA:210,8,1,0
BRDA:210,9,0,2
BRDA:210,9,1,0
BRDA:245,10,0,12545
BRDA:245,10,1,26
BRDA:247,11,0,0
BRDA:247,11,1,12545
BRDA:252,12,0,0
BRDA:252,12,1,12545
BRDA:259,13,0,12545
BRDA:259,13,1,81
BRDA:264,14,0,12545
BRDA:264,14,1,12543
BRDA:269,15,0,12545
BRDA:269,15,1,12543
BRDA:322,16,0,136
BRDA:322,16,1,12624
BRDA:355,17,0,126
BRDA:355,17,1,1482
BRDA:363,18,0,32
BRDA:363,18,1,1576
BRDA:377,19,0,1208
BRDA:377,19,1,2134
BRDA:382,20,0,160
BRDA:382,20,1,1974
BRDA:386,21,0,1974
BRDA:386,21,1,0
BRDA:387,22,0,264
BRDA:387,22,1,1710
BRDA:395,23,0,856
BRDA:395,23,1,1118
BRDA:395,24,0,1974
BRDA:395,24,1,1710
BRDA:396,25,0,2
BRDA:396,25,1,854
BRDA:404,26,0,1710
BRDA:404,26,1,264
BRDA:410,27,0,798
BRDA:410,27,1,1176
BRDA:410,28,0,1974
BRDA:410,28,1,858
BRDA:414,29,0,24
BRDA:414,29,1,1950
BRDA:414,30,0,1974
BRDA:414,30,1,1710
BRDA:418,31,0,802
BRDA:418,31,1,1172
BRDA:418,32,0,1974
BRDA:418,32,1,1974
BRDA:422,33,0,772
BRDA:422,33,1,7716
BRDA:425,34,0,44
BRDA:425,34,1,728
BRDA:426,35,0,44
BRDA:426,35,1,20
BRDA:432,36,0,562
BRDA:432,36,1,210
BRDA:438,37,0,48
BRDA:438,37,1,7878
BRDA:446,38,0,7926
BRDA:446,38,1,7668
BRDA:450,39,0,394
BRDA:450,39,1,408
BRDA:454,40,0,394
BRDA:454,40,1,408
BRDA:467,41,0,80
BRDA:467,41,1,1828
BRDA:471,42,0,1676
BRDA:471,42,1,152
BRDA:480,43,0,18
BRDA:480,43,1,1810
BRDA:484,44,0,6
BRDA:484,44,1,1822
BRDA:494,45,0,2836
BRDA:494,45,1,224282
BRDA:512,46,0,1514
BRDA:512,46,1,222768
BRDA:547,47,0,4
BRDA:547,47,1,102444
BRDA:549,48,0,2
BRDA:549,48,1,2
BRDA:552,49,0,2
BRDA:552,49,1,2
BRDA:563,50,0,702
BRDA:563,50,1,101742
BRDA:563,51,0,102444
BRDA:563,51,1,710
BRDA:567,52,0,101732
BRDA:567,52,1,10
BRDA:568,53,0,79570
BRDA:568,53,1,22162
BRDA:580,54,0,0
BRDA:580,54,1,102444
BRDA:587,55,0,101734
BRDA:587,55,1,710
BRDA:594,56,0,79576
BRDA:594,56,1,22868
BRDA:596,57,0,20
BRDA:596,57,1,102424
BRDA:596,58,0,102444
BRDA:596,58,1,20
BRDA:616,59,0,102424
BRDA:616,59,1,89482
BRDA:622,60,0,79576
BRDA:622,60,1,22848
BRDA:638,61,0,6474
BRDA:638,61,1,22
BRDA:638,62,0,6496
BRDA:638,62,1,6496
BRDA:639,63,0,26
BRDA:639,63,1,6448
BRDA:639,64,0,6474
BRDA:639,64,1,5352
BRDA:639,64,2,124
BRDA:642,65,0,98
BRDA:642,65,1,6350
BRDA:646,66,0,4
BRDA:646,66,1,162
BRDA:646,67,0,166
BRDA:646,67,1,160
BRDA:654,68,0,9670
BRDA:654,68,1,1699572
BRDA:654,69,0,1709242
BRDA:654,69,1,9670
BRDA:654,69,2,9670
BRDA:679,70,0,56
BRDA:679,70,1,6328
BRDA:688,71,0,6334
BRDA:688,71,1,50
BRDA:693,72,0,4
BRDA:693,72,1,6380
BRDA:693,73,0,6384
BRDA:693,73,1,4
BRDA:701,74,0,2
BRDA:701,74,1,10
BRDA:711,75,0,4
BRDA:711,75,1,6376
BRDA:714,76,0,8
BRDA:714,76,1,20
BRDA:714,77,0,28
BRDA:714,77,1,28
BRDA:714,77,2,8
BRDA:714,77,3,0
BRDA:714,77,4,8
BRDA:714,77,5,0
BRDA:714,77,6,8
BRDA:714,77,7,2
BRDA:741,78,0,16
BRDA:741,78,1,46941
BRDA:767,79,0,12547
BRDA:767,79,1,17616
BRDA:805,80,0,4
BRDA:805,80,1,108850
BRDA:817,81,0,80
BRDA:817,81,1,1772
BRDA:825,82,0,1772
BRDA:825,82,1,1770
BRF:180
BRH:167
end_of_record
TN:
SF:/Users/ringel/IdeaProjects/coral-spectrum/coral-utils/src/scripts/Tracking.js
FN:31,(anonymous_0)
FN:33,Tracking
FN:53,_isTrackingDisabledForComponent
FN:65,_getTrackingDataFromComponentAttr
FN:95,_createTrackingData
FN:125,addListener
FN:144,removeListener
FN:145,(anonymous_7)
FN:165,track
FN:174,(anonymous_9)
FNF:10
FNH:10
FNDA:2,(anonymous_0)
FNDA:2,Tracking
FNDA:528,_isTrackingDisabledForComponent
FNDA:176,_getTrackingDataFromComponentAttr
FNDA:176,_createTrackingData
FNDA:176,addListener
FNDA:172,removeListener
FNDA:178,(anonymous_7)
FNDA:1128,track
FNDA:180,(anonymous_9)
DA:31,2
DA:34,2
DA:41,2
DA:51,2
DA:54,528
DA:66,176
DA:67,0
DA:74,176
DA:76,176
DA:77,176
DA:96,176
DA:98,176
DA:107,176
DA:126,176
DA:127,2
DA:130,174
DA:131,2
DA:134,172
DA:145,172
DA:146,178
DA:166,1128
DA:167,952
DA:170,176
DA:172,176
DA:174,176
DA:175,180
DA:178,176
DA:182,2
DA:206,2
LF:29
LH:28
BRDA:54,0,0,528
BRDA:54,0,1,398
BRDA:54,0,2,398
BRDA:66,1,0,0
BRDA:66,1,1,176
BRDA:74,2,0,176
BRDA:74,2,1,26
BRDA:76,3,0,176
BRDA:76,3,1,26
BRDA:96,4,0,176
BRDA:96,4,1,152
BRDA:108,5,0,176
BRDA:108,5,1,0
BRDA:108,5,2,0
BRDA:109,6,0,42
BRDA:109,6,1,134
BRDA:109,7,0,176
BRDA:109,7,1,46
BRDA:110,8,0,176
BRDA:110,8,1,0
BRDA:126,9,0,2
BRDA:126,9,1,174
BRDA:130,10,0,2
BRDA:130,10,1,172
BRDA:166,11,0,952
BRDA:166,11,1,176
BRDA:166,12,0,1128
BRDA:166,12,1,176
BRDA:166,12,2,176
BRF:29
BRH:25
end_of_record
TN:
SF:/Users/ringel/IdeaProjects/coral-spectrum/coral-utils/src/scripts/Transformation.js
FN:21,(anonymous_0)
FN:22,Transformation
FN:37,boolean
FN:53,booleanAttr
FN:67,number
FN:83,float
FN:102,string
FNF:7
FNH:7
FNDA:2,(anonymous_0)
FNDA:2,Transformation
FNDA:1334,boolean
FNDA:43659,booleanAttr
FNDA:14480,number
FNDA:18,float
FNDA:393886,string
DA:21,2
DA:23,2
DA:26,2
DA:38,1334
DA:54,43659
DA:68,14480
DA:69,14480
DA:84,18
DA:85,10
DA:88,8
DA:103,393886
DA:104,7596
DA:107,386290
DA:111,2
DA:120,2
LF:15
LH:15
BRDA:54,0,0,24903
BRDA:54,0,1,18756
BRDA:54,1,0,18756
BRDA:54,1,1,17408
BRDA:69,2,0,116
BRDA:69,2,1,14364
BRDA:84,3,0,10
BRDA:84,3,1,8
BRDA:103,4,0,7596
BRDA:103,4,1,386290
BRDA:103,5,0,393886
BRDA:103,5,1,389120
BRDA:107,6,0,386228
BRDA:107,6,1,62
BRF:14
BRH:14
end_of_record
TN:
SF:/Users/ringel/IdeaProjects/coral-spectrum/coral-utils/src/scripts/Typekit.js
FN:18,active
FN:27,(anonymous_1)
FN:38,(anonymous_2)
FN:60,(anonymous_3)
FNF:4
FNH:2
FNDA:2,active
FNDA:0,(anonymous_1)
FNDA:2,(anonymous_2)
FNDA:0,(anonymous_3)
DA:14,2
DA:15,2
DA:19,2
DA:23,2
DA:25,2
DA:26,2
DA:27,2
DA:28,0
DA:29,0
DA:31,2
DA:32,2
DA:34,2
DA:35,2
DA:36,2
DA:38,2
DA:39,2
DA:41,2
DA:42,0
DA:45,2
DA:46,2
DA:48,2
DA:49,2
DA:53,2
DA:54,2
DA:57,0
DA:59,0
DA:60,0
DA:61,0
DA:62,0
DA:63,0
DA:67,0
LF:31
LH:21
BRDA:14,0,0,2
BRDA:14,0,1,2
BRDA:14,0,2,2
BRDA:23,1,0,2
BRDA:23,1,1,0
BRDA:41,2,0,0
BRDA:41,2,1,2
BRDA:41,3,0,2
BRDA:41,3,1,2
BRDA:41,3,2,0
BRDA:41,3,3,0
BRDA:59,4,0,0
BRDA:59,4,1,0
BRDA:59,5,0,0
BRDA:59,5,1,0
BRDA:61,6,0,0
BRDA:61,6,1,0
BRF:17
BRH:7
end_of_record
TN:
SF:/Users/ringel/IdeaProjects/coral-spectrum/coral-utils/src/scripts/Validation.js
FN:22,(anonymous_0)
FN:23,Validation
FN:40,valueMustChange
FN:62,enumeration
FN:66,(anonymous_4)
FNF:5
FNH:5
FNDA:2,(anonymous_0)
FNDA:2,Validation
FNDA:563,valueMustChange
FNDA:147683,enumeration
FNDA:147189,(anonymous_4)
DA:22,2
DA:24,2
DA:27,2
DA:43,563
DA:64,147683
DA:66,147683
DA:67,147189
DA:72,2
DA:95,2
LF:9
LH:9
BRF:0
BRH:0
end_of_record
