TN:
SF:/Users/gurjar/workspace/release/coral-spectrum/coral-base-button/src/scripts/BaseButton.js
FN:150,BaseButton
FN:151,(anonymous_1)
FN:157,_class
FN:188,_onClick
FN:197,_updateIcon
FN:230,_getIconElement
FN:246,_onMouseDown
FN:249,(anonymous_7)
FN:257,_updateLabel
FN:275,render
FN:347,get
FN:350,set
FN:354,insert
FN:384,get
FN:387,set
FN:405,get
FN:412,set
FN:427,get
FN:434,set
FN:452,get
FN:459,set
FN:479,get
FN:482,set
FN:499,get
FN:502,set
FN:515,get
FN:518,set
FN:534,get
FN:537,set
FN:555,get
FN:558,set
FN:592,get
FN:596,set
FN:601,get
FN:606,get
FN:619,get
FN:630,get
FN:641,get
FN:652,get
FN:657,get
FN:668,get
FNF:41
FNH:41
FNDA:4,BaseButton
FNDA:4,(anonymous_1)
FNDA:14620,_class
FNDA:350,_onClick
FNDA:21056,_updateIcon
FNDA:21284,_getIconElement
FNDA:2,_onMouseDown
FNDA:2,(anonymous_7)
FNDA:31376,_updateLabel
FNDA:12352,render
FNDA:36422,get
FNDA:14710,set
FNDA:14710,insert
FNDA:21234,get
FNDA:1432,set
FNDA:34358,get
FNDA:7272,set
FNDA:32130,get
FNDA:986,set
FNDA:20382,get
FNDA:372,set
FNDA:12,get
FNDA:12356,set
FNDA:32,get
FNDA:592,set
FNDA:298,get
FNDA:832,set
FNDA:16,get
FNDA:12,set
FNDA:6140,get
FNDA:16666,set
FNDA:72,get
FNDA:12,set
FNDA:42630,get
FNDA:236786,get
FNDA:12,get
FNDA:9039,get
FNDA:28,get
FNDA:88,get
FNDA:32016,get
FNDA:4,get
DA:40,2
DA:41,2
DA:43,2
DA:45,14
DA:46,8
DA:81,2
DA:98,2
DA:99,2
DA:100,2
DA:101,2
DA:126,2
DA:141,2
DA:150,2
DA:151,4
DA:152,4
DA:154,4
DA:160,14620
DA:162,14620
DA:164,14620
DA:170,14620
DA:175,14620
DA:177,14620
DA:186,4
DA:189,350
DA:190,350
DA:198,21056
DA:199,674
DA:202,20382
DA:203,20382
DA:204,20382
DA:206,20382
DA:208,20382
DA:210,20382
DA:212,20382
DA:214,20382
DA:215,6052
DA:217,14330
DA:218,12278
DA:220,6512
DA:224,20382
DA:231,21284
DA:232,11698
DA:233,11698
DA:236,21284
DA:247,2
DA:249,2
DA:250,2
DA:251,2
DA:258,31376
DA:259,31376
DA:261,31376
DA:262,16440
DA:263,12392
DA:265,4048
DA:276,12352
DA:279,12352
DA:280,982
DA:283,12352
DA:284,11000
DA:288,12352
DA:289,12352
DA:290,12352
DA:292,12352
DA:293,4784
DA:296,12352
DA:298,12352
DA:299,29836
DA:301,29836
DA:303,2564
DA:304,0
DA:307,2564
DA:308,2564
DA:309,2564
DA:312,27272
DA:313,20370
DA:316,6902
DA:321,12352
DA:323,12352
DA:325,12352
DA:327,12352
DA:348,36422
DA:351,14710
DA:356,14710
DA:359,14710
DA:360,10480
DA:363,14710
DA:364,13288
DA:366,1422
DA:385,21234
DA:388,1432
DA:389,1432
DA:391,1432
DA:393,1432
DA:406,34358
DA:407,28420
DA:410,5938
DA:413,7272
DA:415,7272
DA:428,32130
DA:429,20424
DA:432,11706
DA:435,986
DA:436,986
DA:438,986
DA:439,438
DA:453,20382
DA:454,8688
DA:457,11694
DA:460,372
DA:461,372
DA:463,372
DA:464,292
DA:480,12
DA:483,12356
DA:484,12356
DA:486,12356
DA:500,32
DA:503,592
DA:505,592
DA:507,592
DA:508,592
DA:516,298
DA:519,832
DA:521,832
DA:535,16
DA:538,12
DA:540,12
DA:542,12
DA:556,6140
DA:561,16666
DA:562,16666
DA:564,16666
DA:567,16666
DA:569,16666
DA:571,16666
DA:572,7424
DA:576,9242
DA:578,9242
DA:579,6828
DA:584,16666
DA:593,72
DA:597,12
DA:602,42630
DA:607,236786
DA:620,12
DA:631,9039
DA:642,28
DA:653,88
DA:658,32016
DA:669,4
DA:673,4
LF:151
LH:150
BRDA:45,0,0,8
BRDA:45,0,1,6
BRDA:166,1,0,14620
BRDA:166,1,1,13300
BRDA:189,2,0,350
BRDA:189,2,1,0
BRDA:198,3,0,674
BRDA:198,3,1,20382
BRDA:198,4,0,21056
BRDA:198,4,1,7806
BRDA:214,5,0,6052
BRDA:214,5,1,14330
BRDA:217,6,0,12278
BRDA:217,6,1,2052
BRDA:217,7,0,14330
BRDA:217,7,1,3196
BRDA:218,8,0,6512
BRDA:218,8,1,5766
BRDA:220,9,0,5364
BRDA:220,9,1,1148
BRDA:231,10,0,11698
BRDA:231,10,1,9586
BRDA:250,11,0,2
BRDA:250,11,1,0
BRDA:258,12,0,31376
BRDA:258,12,1,16666
BRDA:261,13,0,16440
BRDA:261,13,1,14936
BRDA:262,14,0,12392
BRDA:262,14,1,4048
BRDA:262,15,0,16440
BRDA:262,15,1,11220
BRDA:279,16,0,982
BRDA:279,16,1,11370
BRDA:283,17,0,11000
BRDA:283,17,1,1352
BRDA:292,18,0,4784
BRDA:292,18,1,7568
BRDA:301,19,0,2564
BRDA:301,19,1,27272
BRDA:303,20,0,0
BRDA:303,20,1,2564
BRDA:312,21,0,20370
BRDA:312,21,1,6902
BRDA:359,22,0,10480
BRDA:359,22,1,4230
BRDA:363,23,0,13288
BRDA:363,23,1,1422
BRDA:385,24,0,21234
BRDA:385,24,1,18644
BRDA:389,25,0,1432
BRDA:389,25,1,1428
BRDA:389,25,2,4
BRDA:406,26,0,28420
BRDA:406,26,1,5938
BRDA:407,27,0,28420
BRDA:407,27,1,6116
BRDA:410,28,0,5938
BRDA:410,28,1,5938
BRDA:428,29,0,20424
BRDA:428,29,1,11706
BRDA:429,30,0,20424
BRDA:429,30,1,11698
BRDA:432,31,0,11706
BRDA:432,31,1,11340
BRDA:436,32,0,986
BRDA:436,32,1,970
BRDA:436,32,2,16
BRDA:438,33,0,438
BRDA:438,33,1,548
BRDA:453,34,0,8688
BRDA:453,34,1,11694
BRDA:454,35,0,8688
BRDA:454,35,1,8320
BRDA:457,36,0,11694
BRDA:457,36,1,11694
BRDA:461,37,0,372
BRDA:461,37,1,372
BRDA:461,37,2,0
BRDA:463,38,0,292
BRDA:463,38,1,80
BRDA:480,39,0,12
BRDA:480,39,1,0
BRDA:484,40,0,12356
BRDA:484,40,1,12352
BRDA:484,40,2,4
BRDA:500,41,0,32
BRDA:500,41,1,18
BRDA:535,42,0,16
BRDA:535,42,1,4
BRDA:556,43,0,6140
BRDA:556,43,1,664
BRDA:562,44,0,16666
BRDA:562,44,1,16658
BRDA:562,44,2,8
BRDA:571,45,0,7424
BRDA:571,45,1,9242
BRDA:578,46,0,6828
BRDA:578,46,1,2414
BRDA:578,47,0,9242
BRDA:578,47,1,5852
BRDA:593,48,0,52
BRDA:593,48,1,20
BRDA:594,49,0,52
BRDA:594,49,1,32
BRDA:594,50,0,52
BRDA:594,50,1,0
BRF:107
BRH:101
end_of_record
TN:
SF:/Users/gurjar/workspace/release/coral-spectrum/coral-base-component/src/scripts/BaseComponent.js
FN:43,getListenerFromMethodNameOrFunction
FN:73,delegateEvents
FN:200,delegateGlobalEvents
FN:229,undelegateGlobalEvents
FN:260,getConstructorName
FN:268,find
FN:323,BaseComponent
FN:324,(anonymous_7)
FN:330,_class
FN:341,(anonymous_9)
FN:342,(anonymous_10)
FN:383,_filterKeys
FN:389,_delegateEvents
FN:400,_getContentZone
FN:412,_setContentZone
FN:470,_reflectAttribute
FN:501,_trackEvent
FN:516,toString
FN:534,on
FN:555,off
FN:576,trigger
FN:634,set
FN:641,isContentZone
FN:645,updateContentZone
FN:659,setProperty
FN:698,get
FN:709,show
FN:726,hide
FN:747,attributeChangedCallback
FN:759,connectedCallback
FN:774,render
FN:781,disconnectedCallback
FN:788,get
FN:791,set
FN:806,get
FN:809,set
FN:823,get
FN:826,set
FN:832,get
FN:837,get
FN:842,get
FN:852,get
FNF:42
FNH:42
FNDA:309392,getListenerFromMethodNameOrFunction
FNDA:49562,delegateEvents
FNDA:82363,delegateGlobalEvents
FNDA:111259,undelegateGlobalEvents
FNDA:2,getConstructorName
FNDA:2,find
FNDA:242,BaseComponent
FNDA:242,(anonymous_7)
FNDA:96618,_class
FNDA:40701,(anonymous_9)
FNDA:318383,(anonymous_10)
FNDA:384,_filterKeys
FNDA:49562,_delegateEvents
FNDA:107600,_getContentZone
FNDA:48784,_setContentZone
FNDA:198071,_reflectAttribute
FNDA:1442,_trackEvent
FNDA:2,toString
FNDA:3632,on
FNDA:1864,off
FNDA:73302,trigger
FNDA:8579,set
FNDA:32311,isContentZone
FNDA:6503,updateContentZone
FNDA:32311,setProperty
FNDA:2,get
FNDA:294,show
FNDA:935,hide
FNDA:193079,attributeChangedCallback
FNDA:109437,connectedCallback
FNDA:72000,render
FNDA:111259,disconnectedCallback
FNDA:2228,get
FNDA:15308,set
FNDA:176,get
FNDA:230,set
FNDA:200,get
FNDA:4927,set
FNDA:2,get
FNDA:1850,get
FNDA:105825,get
FNDA:258,get
DA:22,2
DA:34,2
DA:43,2
DA:45,309392
DA:46,0
DA:47,309392
DA:48,309392
DA:49,0
DA:52,309392
DA:54,309392
DA:55,0
DA:58,309392
DA:59,0
DA:62,0
DA:65,0
DA:73,2
DA:93,49562
DA:94,309392
DA:96,309392
DA:97,309392
DA:98,309392
DA:100,309392
DA:102,121948
DA:106,309392
DA:108,309392
DA:111,309392
DA:113,309392
DA:115,309392
DA:116,51684
DA:120,309392
DA:122,309392
DA:124,56774
DA:128,309392
DA:130,309392
DA:131,104722
DA:132,0
DA:135,104722
DA:139,309392
DA:141,309392
DA:142,660
DA:143,0
DA:147,309392
DA:149,51684
DA:150,6576
DA:152,6576
DA:158,45108
DA:160,45108
DA:168,257708
DA:170,98146
DA:177,98146
DA:178,159562
DA:179,0
DA:180,0
DA:182,0
DA:183,0
DA:186,0
DA:189,159562
DA:200,2
DA:203,82363
DA:205,24140
DA:206,51178
DA:207,51178
DA:211,82363
DA:213,11324
DA:214,12290
DA:215,12290
DA:219,82363
DA:220,16528
DA:229,2
DA:232,111259
DA:234,21087
DA:235,44717
DA:236,44717
DA:240,111259
DA:242,5954
DA:243,6894
DA:244,6894
DA:248,111259
DA:249,14790
DA:254,2
DA:260,2
DA:262,2
DA:264,2
DA:266,2
DA:268,2
DA:269,2
DA:271,2
DA:273,2
DA:274,2
DA:276,2
DA:277,2
DA:279,2
DA:281,2
DA:285,2
DA:287,2
DA:288,2
DA:290,0
DA:296,2
DA:300,2
DA:304,2
DA:305,4
DA:306,2
DA:307,2
DA:309,2
DA:314,2
DA:315,2
DA:323,2
DA:324,242
DA:325,242
DA:327,242
DA:333,96618
DA:335,96618
DA:337,96618
DA:338,96618
DA:340,96618
DA:341,38324
DA:342,40701
DA:343,318383
DA:344,283406
DA:346,283406
DA:347,504732
DA:349,504732
DA:353,2324
DA:360,38324
DA:366,96618
DA:378,242
DA:384,384
DA:390,49562
DA:391,49562
DA:392,49562
DA:394,49562
DA:401,107600
DA:402,62068
DA:406,45532
DA:413,48784
DA:414,48784
DA:415,48784
DA:416,48784
DA:419,48784
DA:420,48778
DA:421,0
DA:424,48778
DA:425,0
DA:428,48778
DA:430,48778
DA:432,48778
DA:434,48778
DA:435,9752
DA:439,48778
DA:440,0
DA:441,0
DA:444,0
DA:446,0
DA:449,0
DA:453,6
DA:455,6
DA:456,2
DA:461,48784
DA:463,48784
DA:464,7006
DA:471,198071
DA:472,39938
DA:473,4472
DA:474,4472
DA:475,4472
DA:476,35466
DA:477,980
DA:478,980
DA:479,980
DA:481,158133
DA:482,82018
DA:483,82018
DA:484,82018
DA:502,1442
DA:503,1118
DA:506,1442
DA:517,2
DA:535,3632
DA:537,3632
DA:556,1864
DA:558,1864
DA:578,73302
DA:580,73302
DA:581,73302
DA:587,73302
DA:588,11798
DA:592,61504
DA:594,61504
DA:597,61504
DA:602,61504
DA:609,0
DA:613,0
DA:616,0
DA:619,61504
DA:635,8579
DA:641,8579
DA:642,32311
DA:645,8579
DA:647,6503
DA:648,6501
DA:650,6581
DA:655,2
DA:659,8579
DA:660,32311
DA:661,6503
DA:663,25808
DA:666,25808
DA:667,25808
DA:671,8579
DA:673,584
DA:674,584
DA:675,584
DA:677,7995
DA:678,7995
DA:680,7995
DA:681,31727
DA:682,31727
DA:686,8579
DA:699,2
DA:710,294
DA:711,272
DA:716,22
DA:717,22
DA:727,935
DA:728,144
DA:733,791
DA:734,791
DA:748,193079
DA:750,193079
DA:752,105825
DA:761,109437
DA:762,32801
DA:763,32801
DA:766,109437
DA:767,79784
DA:775,72000
DA:783,111259
DA:784,111259
DA:789,2228
DA:792,15308
DA:793,15308
DA:807,176
DA:810,230
DA:824,200
DA:827,4927
DA:833,2
DA:838,1850
DA:843,105825
DA:853,258
DA:857,242
LF:250
LH:226
BRDA:45,0,0,0
BRDA:45,0,1,309392
BRDA:47,1,0,309392
BRDA:47,1,1,0
BRDA:48,2,0,0
BRDA:48,2,1,309392
BRDA:54,3,0,0
BRDA:54,3,1,309392
BRDA:59,4,0,0
BRDA:59,4,1,0
BRDA:100,5,0,121948
BRDA:100,5,1,187444
BRDA:108,6,0,309392
BRDA:108,6,1,0
BRDA:115,7,0,51684
BRDA:115,7,1,257708
BRDA:122,8,0,56774
BRDA:122,8,1,252618
BRDA:130,9,0,104722
BRDA:130,9,1,204670
BRDA:131,10,0,0
BRDA:131,10,1,104722
BRDA:141,11,0,660
BRDA:141,11,1,308732
BRDA:142,12,0,0
BRDA:142,12,1,660
BRDA:147,13,0,51684
BRDA:147,13,1,257708
BRDA:149,14,0,6576
BRDA:149,14,1,45108
BRDA:150,15,0,6576
BRDA:150,15,1,5772
BRDA:158,16,0,45108
BRDA:158,16,1,20274
BRDA:168,17,0,98146
BRDA:168,17,1,159562
BRDA:170,18,0,98146
BRDA:170,18,1,12802
BRDA:178,19,0,0
BRDA:178,19,1,159562
BRDA:179,20,0,0
BRDA:179,20,1,0
BRDA:203,21,0,24140
BRDA:203,21,1,58223
BRDA:211,22,0,11324
BRDA:211,22,1,71039
BRDA:219,23,0,16528
BRDA:219,23,1,65835
BRDA:232,24,0,21087
BRDA:232,24,1,90172
BRDA:240,25,0,5954
BRDA:240,25,1,105305
BRDA:248,26,0,14790
BRDA:248,26,1,96469
BRDA:266,27,0,2
BRDA:266,27,1,0
BRDA:273,28,0,2
BRDA:273,28,1,0
BRDA:273,29,0,2
BRDA:273,29,1,2
BRDA:273,29,2,0
BRDA:279,30,0,2
BRDA:279,30,1,0
BRDA:287,31,0,2
BRDA:287,31,1,0
BRDA:305,32,0,2
BRDA:305,32,1,2
BRDA:340,33,0,38324
BRDA:340,33,1,58294
BRDA:349,34,0,2324
BRDA:349,34,1,502408
BRDA:349,35,0,504732
BRDA:349,35,1,54517
BRDA:401,36,0,62068
BRDA:401,36,1,45532
BRDA:402,37,0,62068
BRDA:402,37,1,44756
BRDA:402,37,2,17312
BRDA:419,38,0,48778
BRDA:419,38,1,6
BRDA:420,39,0,0
BRDA:420,39,1,48778
BRDA:424,40,0,0
BRDA:424,40,1,48778
BRDA:424,41,0,48778
BRDA:424,41,1,48778
BRDA:432,42,0,48778
BRDA:432,42,1,0
BRDA:434,43,0,9752
BRDA:434,43,1,39026
BRDA:434,44,0,48778
BRDA:434,44,1,48778
BRDA:440,45,0,0
BRDA:440,45,1,0
BRDA:440,46,0,0
BRDA:440,46,1,0
BRDA:455,47,0,2
BRDA:455,47,1,4
BRDA:455,48,0,6
BRDA:455,48,1,4
BRDA:463,49,0,7006
BRDA:463,49,1,41778
BRDA:471,50,0,39938
BRDA:471,50,1,158133
BRDA:472,51,0,4472
BRDA:472,51,1,35466
BRDA:472,52,0,39938
BRDA:472,52,1,18650
BRDA:476,53,0,980
BRDA:476,53,1,34486
BRDA:476,54,0,35466
BRDA:476,54,1,21288
BRDA:481,55,0,82018
BRDA:481,55,1,76115
BRDA:502,56,0,1118
BRDA:502,56,1,324
BRDA:578,57,0,73302
BRDA:578,57,1,73302
BRDA:580,58,0,73302
BRDA:580,58,1,73302
BRDA:587,59,0,11798
BRDA:587,59,1,61504
BRDA:602,60,0,0
BRDA:602,60,1,61504
BRDA:642,61,0,32311
BRDA:642,61,1,29803
BRDA:647,62,0,6501
BRDA:647,62,1,2
BRDA:647,63,0,6503
BRDA:647,63,1,6503
BRDA:660,64,0,6503
BRDA:660,64,1,25808
BRDA:671,65,0,584
BRDA:671,65,1,7995
BRDA:710,66,0,272
BRDA:710,66,1,22
BRDA:727,67,0,144
BRDA:727,67,1,791
BRDA:750,68,0,105825
BRDA:750,68,1,87254
BRDA:752,69,0,105825
BRDA:752,69,1,90947
BRDA:761,70,0,32801
BRDA:761,70,1,76636
BRDA:766,71,0,79784
BRDA:766,71,1,29653
BRDA:789,72,0,2228
BRDA:789,72,1,1844
BRDA:789,72,2,1844
BRDA:793,73,0,15308
BRDA:793,73,1,15308
BRDA:793,73,2,0
BRDA:807,74,0,176
BRDA:807,74,1,26
BRDA:807,74,2,26
BRDA:824,75,0,200
BRDA:824,75,1,28
BRDA:824,75,2,28
BRDA:833,76,0,2
BRDA:833,76,1,2
BRF:160
BRH:134
end_of_record
TN:
SF:/Users/gurjar/workspace/release/coral-spectrum/coral-base-fieldgroup/src/scripts/BaseFieldGroup.js
FN:43,BaseFieldGroup
FN:44,(anonymous_1)
FN:49,_class
FN:59,render
FN:79,get
FN:101,get
FN:104,set
FN:122,get
FN:129,get
FN:141,get
FN:148,get
FNF:11
FNH:10
FNDA:6,BaseFieldGroup
FNDA:6,(anonymous_1)
FNDA:66,_class
FNDA:54,render
FNDA:24,get
FNDA:8,get
FNDA:60,set
FNDA:2,get
FNDA:0,get
FNDA:44,get
FNDA:6,get
DA:22,2
DA:34,2
DA:43,2
DA:44,6
DA:45,6
DA:47,6
DA:50,66
DA:52,66
DA:55,6
DA:60,54
DA:62,54
DA:64,54
DA:66,54
DA:67,32
DA:81,24
DA:82,8
DA:88,24
DA:102,8
DA:105,60
DA:106,60
DA:108,60
DA:110,60
DA:123,2
DA:131,0
DA:142,44
DA:149,6
DA:153,6
LF:27
LH:26
BRDA:66,0,0,32
BRDA:66,0,1,22
BRDA:81,1,0,8
BRDA:81,1,1,16
BRDA:102,2,0,8
BRDA:102,2,1,2
BRDA:106,3,0,60
BRDA:106,3,1,60
BRDA:106,3,2,0
BRF:9
BRH:8
end_of_record
TN:
SF:/Users/gurjar/workspace/release/coral-spectrum/coral-base-formfield/src/scripts/BaseFormField.js
FN:27,(anonymous_0)
FN:48,BaseFormField
FN:49,(anonymous_2)
FN:55,_class
FN:146,_getLabellableElement
FN:163,_getTargetChangeInput
FN:177,_onInputChange
FN:195,_onFormReset
FN:208,_onTargetInputChange
FN:233,_updateForAttributes
FN:237,(anonymous_10)
FN:262,clear
FN:272,reset
FN:281,get
FN:284,set
FN:302,get
FN:305,set
FN:322,get
FN:325,set
FN:359,get
FN:372,get
FN:384,get
FN:389,get
FN:398,get
FN:405,get
FNF:25
FNH:24
FNDA:0,(anonymous_0)
FNDA:36,BaseFormField
FNDA:36,(anonymous_2)
FNDA:15008,_class
FNDA:18178,_getLabellableElement
FNDA:176,_getTargetChangeInput
FNDA:22,_onInputChange
FNDA:76321,_onFormReset
FNDA:178,_onTargetInputChange
FNDA:1606,_updateForAttributes
FNDA:1938,(anonymous_10)
FNDA:44,clear
FNDA:160,reset
FNDA:1958,get
FNDA:1556,set
FNDA:5958,get
FNDA:182,set
FNDA:7308,get
FNDA:4882,set
FNDA:172,get
FNDA:8,get
FNDA:108,get
FNDA:14098,get
FNDA:4,get
FNDA:36,get
DA:21,2
DA:24,2
DA:25,0
DA:27,0
DA:28,0
DA:31,0
DA:35,2
DA:48,2
DA:49,36
DA:50,36
DA:52,36
DA:58,15008
DA:60,15008
DA:61,15008
DA:65,15008
DA:137,36
DA:148,18178
DA:150,18178
DA:165,176
DA:179,22
DA:182,22
DA:184,22
DA:185,22
DA:196,76321
DA:197,206
DA:209,178
DA:212,178
DA:214,156
DA:235,1606
DA:237,1606
DA:238,1938
DA:240,1938
DA:241,558
DA:243,558
DA:245,270
DA:246,166
DA:251,288
DA:264,44
DA:277,160
DA:282,1958
DA:285,1556
DA:287,1556
DA:289,1556
DA:290,1556
DA:303,5958
DA:306,182
DA:308,182
DA:323,7308
DA:326,4882
DA:329,4882
DA:332,4882
DA:333,4882
DA:335,4882
DA:336,186
DA:339,4882
DA:340,1500
DA:342,1500
DA:343,1420
DA:347,3382
DA:360,172
DA:373,8
DA:385,108
DA:390,14098
DA:399,4
DA:406,36
DA:410,36
LF:66
LH:62
BRDA:24,0,0,0
BRDA:24,0,1,2
BRDA:24,1,0,2
BRDA:24,1,1,2
BRDA:148,2,0,18178
BRDA:148,2,1,98
BRDA:150,3,0,18178
BRDA:150,3,1,68
BRDA:165,4,0,176
BRDA:165,4,1,164
BRDA:166,5,0,114
BRDA:166,5,1,50
BRDA:184,6,0,22
BRDA:184,6,1,0
BRDA:196,7,0,206
BRDA:196,7,1,76115
BRDA:212,8,0,156
BRDA:212,8,1,22
BRDA:212,9,0,178
BRDA:212,9,1,72
BRDA:240,10,0,558
BRDA:240,10,1,1380
BRDA:240,11,0,1938
BRDA:240,11,1,675
BRDA:243,12,0,270
BRDA:243,12,1,288
BRDA:245,13,0,166
BRDA:245,13,1,104
BRDA:282,14,0,1958
BRDA:282,14,1,1679
BRDA:308,15,0,156
BRDA:308,15,1,26
BRDA:332,16,0,4882
BRDA:332,16,1,1700
BRDA:335,17,0,186
BRDA:335,17,1,4696
BRDA:335,18,0,4882
BRDA:335,18,1,266
BRDA:339,19,0,1500
BRDA:339,19,1,3382
BRDA:342,20,0,1420
BRDA:342,20,1,80
BRF:42
BRH:40
end_of_record
TN:
SF:/Users/gurjar/workspace/release/coral-spectrum/coral-base-labellable/src/scripts/BaseLabellable.js
FN:24,BaseLabellable
FN:25,(anonymous_1)
FN:30,_class
FN:38,_observeLabel
FN:55,_toggleIconAriaHidden
FN:70,attributeChangedCallback
FN:79,get
FNF:7
FNH:7
FNDA:18,BaseLabellable
FNDA:18,(anonymous_1)
FNDA:18156,_class
FNDA:17340,_observeLabel
FNDA:41959,_toggleIconAriaHidden
FNDA:62696,attributeChangedCallback
FNDA:24,get
DA:24,2
DA:25,18
DA:26,18
DA:28,18
DA:31,18156
DA:33,18156
DA:36,18
DA:39,17340
DA:41,17340
DA:43,17340
DA:56,41959
DA:58,41959
DA:59,36049
DA:61,36049
DA:71,62696
DA:72,11886
DA:74,50810
DA:80,24
DA:84,18
LF:19
LH:19
BRDA:39,0,0,17340
BRDA:39,0,1,17340
BRDA:39,0,2,2720
BRDA:56,1,0,41959
BRDA:56,1,1,17794
BRDA:56,1,2,3028
BRDA:58,2,0,36049
BRDA:58,2,1,5910
BRDA:59,3,0,36049
BRDA:59,3,1,35653
BRDA:59,3,2,25560
BRDA:59,3,3,15124
BRDA:61,4,0,21045
BRDA:61,4,1,15004
BRDA:71,5,0,11886
BRDA:71,5,1,50810
BRDA:71,6,0,62696
BRDA:71,6,1,52652
BRF:18
BRH:18
end_of_record
TN:
SF:/Users/gurjar/workspace/release/coral-spectrum/coral-base-list/src/scripts/BaseList.js
FN:42,BaseList
FN:43,(anonymous_1)
FN:49,_class
FN:85,_eventIsAtTarget
FN:99,_onMouseEnter
FN:108,_focusFirstItem
FN:121,_focusLastItem
FN:134,_focusNextItem
FN:160,_focusPreviousItem
FN:186,_getSelectableItems
FN:188,(anonymous_10)
FN:196,focus
FN:215,render
FN:226,get
FN:243,get
FN:258,get
FN:261,set
FN:269,get
FN:276,get
FNF:19
FNH:14
FNDA:6,BaseList
FNDA:6,(anonymous_1)
FNDA:796,_class
FNDA:2,_eventIsAtTarget
FNDA:0,_onMouseEnter
FNDA:0,_focusFirstItem
FNDA:0,_focusLastItem
FNDA:0,_focusNextItem
FNDA:2,_focusPreviousItem
FNDA:10,_getSelectableItems
FNDA:44,(anonymous_10)
FNDA:4,focus
FNDA:768,render
FNDA:901,get
FNDA:4,get
FNDA:2,get
FNDA:772,set
FNDA:0,get
FNDA:8,get
DA:21,2
DA:33,2
DA:42,2
DA:43,6
DA:44,6
DA:46,6
DA:52,796
DA:54,796
DA:55,796
DA:67,796
DA:77,6
DA:86,2
DA:87,2
DA:88,2
DA:90,2
DA:92,2
DA:95,2
DA:100,0
DA:101,0
DA:109,0
DA:110,0
DA:113,0
DA:115,0
DA:122,0
DA:123,0
DA:126,0
DA:128,0
DA:135,0
DA:136,0
DA:139,0
DA:141,0
DA:143,0
DA:145,0
DA:147,0
DA:150,0
DA:151,0
DA:153,0
DA:161,2
DA:162,0
DA:165,2
DA:167,2
DA:169,2
DA:171,2
DA:173,0
DA:176,2
DA:177,0
DA:179,2
DA:188,10
DA:189,44
DA:197,4
DA:198,4
DA:200,4
DA:201,4
DA:216,768
DA:218,768
DA:220,768
DA:221,384
DA:228,901
DA:229,164
DA:237,901
DA:245,4
DA:259,2
DA:262,772
DA:263,772
DA:265,772
DA:270,0
DA:277,8
DA:281,6
LF:68
LH:44
BRDA:90,0,0,2
BRDA:90,0,1,0
BRDA:100,1,0,0
BRDA:100,1,1,0
BRDA:109,2,0,0
BRDA:109,2,1,0
BRDA:109,3,0,0
BRDA:109,3,1,0
BRDA:122,4,0,0
BRDA:122,4,1,0
BRDA:122,5,0,0
BRDA:122,5,1,0
BRDA:135,6,0,0
BRDA:135,6,1,0
BRDA:135,7,0,0
BRDA:135,7,1,0
BRDA:145,8,0,0
BRDA:145,8,1,0
BRDA:150,9,0,0
BRDA:150,9,1,0
BRDA:161,10,0,0
BRDA:161,10,1,2
BRDA:161,11,0,2
BRDA:161,11,1,2
BRDA:171,12,0,0
BRDA:171,12,1,2
BRDA:176,13,0,0
BRDA:176,13,1,2
BRDA:189,14,0,44
BRDA:189,14,1,44
BRDA:197,15,0,4
BRDA:197,15,1,0
BRDA:200,16,0,4
BRDA:200,16,1,0
BRDA:220,17,0,384
BRDA:220,17,1,384
BRDA:228,18,0,164
BRDA:228,18,1,737
BRDA:259,19,0,2
BRDA:259,19,1,0
BRDA:263,20,0,772
BRDA:263,20,1,772
BRDA:263,20,2,0
BRF:43
BRH:17
end_of_record
TN:
SF:/Users/gurjar/workspace/release/coral-spectrum/coral-base-list/src/scripts/BaseListItem.js
FN:29,BaseListItem
FN:30,(anonymous_1)
FN:36,_class
FN:62,_getIconElement
FN:76,render
FN:99,get
FN:102,set
FN:108,insert
FN:128,get
FN:131,set
FN:149,get
FN:154,set
FN:169,get
FN:178,get
FNF:14
FNH:14
FNDA:6,BaseListItem
FNDA:6,(anonymous_1)
FNDA:982,_class
FNDA:2976,_getIconElement
FNDA:976,render
FNDA:2298,get
FNDA:1032,set
FNDA:1032,insert
FNDA:7666,get
FNDA:146,set
FNDA:976,get
FNDA:2000,set
FNDA:14250,get
FNDA:12,get
DA:23,2
DA:29,2
DA:30,6
DA:31,6
DA:33,6
DA:39,982
DA:41,982
DA:43,982
DA:48,982
DA:50,982
DA:60,6
DA:63,2976
DA:64,976
DA:65,976
DA:67,976
DA:70,2976
DA:77,976
DA:79,976
DA:82,976
DA:84,976
DA:86,976
DA:88,782
DA:89,872
DA:94,976
DA:95,976
DA:100,2298
DA:103,1032
DA:105,1032
DA:109,1032
DA:111,1032
DA:113,1032
DA:129,7666
DA:132,146
DA:134,146
DA:136,146
DA:137,146
DA:150,976
DA:152,976
DA:155,2000
DA:157,2000
DA:158,688
DA:160,1312
DA:163,2000
DA:165,2000
DA:170,14250
DA:179,12
DA:183,6
LF:47
LH:47
BRDA:45,0,0,982
BRDA:45,0,1,792
BRDA:63,1,0,976
BRDA:63,1,1,2000
BRDA:64,2,0,976
BRDA:64,2,1,846
BRDA:86,3,0,782
BRDA:86,3,1,194
BRDA:129,4,0,7666
BRDA:129,4,1,7666
BRDA:137,5,0,8
BRDA:137,5,1,138
BRDA:157,6,0,688
BRDA:157,6,1,1312
BRF:14
BRH:14
end_of_record
TN:
SF:/Users/gurjar/workspace/release/coral-spectrum/coral-base-overlay/src/scripts/BaseOverlay.js
FN:42,preventScroll
FN:54,cancelBackdropHide
FN:62,hideEverythingBut
FN:99,doRepositionBackdrop
FN:118,pop
FN:133,push
FN:156,indexOf
FN:168,get
FN:174,top
FN:178,getHighestZIndex
FN:182,some
FN:185,forEach
FN:193,createDocumentTabCaptureEls
FN:200,(anonymous_13)
FN:205,(anonymous_14)
FN:220,(anonymous_15)
FN:224,(anonymous_16)
FN:254,hideDocumentTabCaptureEls
FN:265,showEverything
FN:280,doBackdropHide
FN:283,(anonymous_20)
FN:286,(anonymous_21)
FN:300,hideOrRepositionBackdrop
FN:307,(anonymous_23)
FN:335,handleBackdropClick
FN:336,(anonymous_25)
FN:347,doBackdropShow
FN:364,(anonymous_27)
FN:378,BaseOverlay
FN:379,(anonymous_29)
FN:385,_class
FN:406,_closeChildOverlays
FN:424,_debounce
FN:427,(anonymous_33)
FN:438,_isTopOverlay
FN:449,_pushOverlay
FN:459,_popOverlay
FN:471,_showBackdrop
FN:499,_hideBackdrop
FN:518,_handleRootKeypress
FN:534,_handleTabCaptureFocus
FN:555,_handleFocus
FN:579,_handleReturnFocus
FN:605,_focusOn
FN:618,_getFocusableElements
FN:619,(anonymous_45)
FN:625,_getFocusableElement
FN:643,show
FN:654,hide
FN:667,returnFocusTo
FN:679,(anonymous_50)
FN:681,(anonymous_51)
FN:702,connectedCallback
FN:734,render
FN:743,disconnectedCallback
FN:789,get
FN:792,set
FN:834,get
FN:837,set
FN:850,get
FN:853,set
FN:869,get
FN:872,set
FN:891,get
FN:894,set
FN:933,(anonymous_65)
FN:955,(anonymous_66)
FN:959,openComplete
FN:961,(anonymous_68)
FN:983,closeComplete
FN:990,(anonymous_70)
FN:1014,get
FN:1024,get
FN:1034,get
FN:1044,get
FN:1054,get
FN:1064,get
FN:1069,get
FN:1080,get
FNF:79
FNH:74
FNDA:363,preventScroll
FNDA:274,cancelBackdropHide
FNDA:180,hideEverythingBut
FNDA:30,doRepositionBackdrop
FNDA:1401,pop
FNDA:732,push
FNDA:1559,indexOf
FNDA:158,get
FNDA:968,top
FNDA:732,getHighestZIndex
FNDA:144,some
FNDA:2,forEach
FNDA:176,createDocumentTabCaptureEls
FNDA:0,(anonymous_13)
FNDA:0,(anonymous_14)
FNDA:0,(anonymous_15)
FNDA:0,(anonymous_16)
FNDA:126,hideDocumentTabCaptureEls
FNDA:124,showEverything
FNDA:124,doBackdropHide
FNDA:124,(anonymous_20)
FNDA:4,(anonymous_21)
FNDA:669,hideOrRepositionBackdrop
FNDA:310,(anonymous_23)
FNDA:2,handleBackdropClick
FNDA:8,(anonymous_25)
FNDA:150,doBackdropShow
FNDA:150,(anonymous_27)
FNDA:8,BaseOverlay
FNDA:8,(anonymous_29)
FNDA:5234,_class
FNDA:327,_closeChildOverlays
FNDA:778,_debounce
FNDA:701,(anonymous_33)
FNDA:52,_isTopOverlay
FNDA:648,_pushOverlay
FNDA:669,_popOverlay
FNDA:158,_showBackdrop
FNDA:0,_hideBackdrop
FNDA:12,_handleRootKeypress
FNDA:12,_handleTabCaptureFocus
FNDA:422,_handleFocus
FNDA:364,_handleReturnFocus
FNDA:227,_focusOn
FNDA:227,_getFocusableElements
FNDA:1423,(anonymous_45)
FNDA:227,_getFocusableElement
FNDA:306,show
FNDA:120,hide
FNDA:6062,returnFocusTo
FNDA:10,(anonymous_50)
FNDA:10,(anonymous_51)
FNDA:5286,connectedCallback
FNDA:428,render
FNDA:5286,disconnectedCallback
FNDA:5856,get
FNDA:5274,set
FNDA:11966,get
FNDA:5311,set
FNDA:5649,get
FNDA:5286,set
FNDA:3657,get
FNDA:5822,set
FNDA:246390,get
FNDA:971,set
FNDA:968,(anonymous_65)
FNDA:580,(anonymous_66)
FNDA:580,openComplete
FNDA:374,(anonymous_68)
FNDA:388,closeComplete
FNDA:327,(anonymous_70)
FNDA:84,get
FNDA:3388,get
FNDA:11432,get
FNDA:102,get
FNDA:4864,get
FNDA:4914,get
FNDA:21258,get
FNDA:18,get
DA:23,2
DA:25,2
DA:32,2
DA:34,2
DA:36,2
DA:37,2
DA:43,363
DA:55,274
DA:64,180
DA:66,180
DA:67,71458
DA:69,71458
DA:70,71288
DA:72,71288
DA:75,70498
DA:77,70498
DA:79,22296
DA:83,790
DA:87,48992
DA:92,180
DA:101,30
DA:103,30
DA:105,30
DA:106,32
DA:107,30
DA:108,30
DA:113,30
DA:117,2
DA:120,1401
DA:122,1401
DA:123,753
DA:127,648
DA:129,648
DA:131,648
DA:135,732
DA:139,732
DA:141,732
DA:142,732
DA:144,732
DA:146,732
DA:151,10
DA:154,732
DA:160,1559
DA:161,12230
DA:162,798
DA:166,761
DA:170,158
DA:172,158
DA:175,968
DA:176,968
DA:179,732
DA:180,732
DA:183,144
DA:186,2
DA:194,176
DA:195,2
DA:196,2
DA:197,2
DA:198,2
DA:199,2
DA:200,2
DA:201,0
DA:203,0
DA:205,0
DA:206,0
DA:207,0
DA:208,0
DA:211,0
DA:215,2
DA:216,2
DA:217,2
DA:218,2
DA:219,2
DA:220,2
DA:221,0
DA:223,0
DA:224,0
DA:225,0
DA:228,0
DA:229,0
DA:234,174
DA:236,0
DA:239,174
DA:241,2
DA:246,176
DA:247,176
DA:255,126
DA:256,126
DA:257,126
DA:267,124
DA:269,124
DA:270,49228
DA:272,49228
DA:281,124
DA:283,124
DA:284,124
DA:285,124
DA:286,124
DA:287,4
DA:291,124
DA:293,124
DA:301,669
DA:303,525
DA:307,144
DA:309,310
DA:312,144
DA:314,124
DA:317,20
DA:322,144
DA:324,144
DA:325,126
DA:326,18
DA:327,18
DA:336,2
DA:337,8
DA:338,4
DA:348,150
DA:350,150
DA:351,2
DA:352,2
DA:353,2
DA:354,2
DA:359,150
DA:361,150
DA:363,150
DA:364,150
DA:367,150
DA:368,150
DA:370,150
DA:378,2
DA:379,8
DA:380,8
DA:382,8
DA:388,5234
DA:390,5234
DA:392,5234
DA:393,5234
DA:394,5234
DA:404,8
DA:407,327
DA:409,327
DA:410,58
DA:412,58
DA:413,0
DA:415,58
DA:416,0
DA:426,778
DA:427,778
DA:428,701
DA:439,52
DA:440,52
DA:450,648
DA:460,669
DA:462,669
DA:472,158
DA:475,158
DA:476,150
DA:477,150
DA:481,158
DA:484,158
DA:485,6
DA:488,158
DA:489,158
DA:500,0
DA:502,0
DA:503,0
DA:505,0
DA:509,0
DA:519,12
DA:521,2
DA:524,2
DA:536,12
DA:537,0
DA:538,0
DA:542,12
DA:543,12
DA:545,12
DA:557,422
DA:558,207
DA:559,215
DA:560,22
DA:561,193
DA:563,92
DA:565,92
DA:566,86
DA:569,6
DA:580,364
DA:581,132
DA:583,104
DA:587,28
DA:589,28
DA:591,28
DA:593,28
DA:606,227
DA:609,227
DA:610,42
DA:613,185
DA:619,227
DA:620,1423
DA:628,227
DA:629,227
DA:631,227
DA:634,227
DA:644,306
DA:645,306
DA:655,120
DA:656,120
DA:668,6062
DA:670,0
DA:674,6062
DA:676,50
DA:678,50
DA:679,50
DA:681,10
DA:683,10
DA:685,10
DA:686,3
DA:689,7
DA:690,7
DA:695,6062
DA:696,6062
DA:703,5286
DA:705,5286
DA:706,5072
DA:709,5286
DA:710,4966
DA:713,5286
DA:714,2502
DA:717,5286
DA:718,5286
DA:721,5286
DA:722,80
DA:724,80
DA:726,6
DA:735,428
DA:737,428
DA:744,5286
DA:746,5286
DA:749,300
DA:751,300
DA:753,64
DA:790,5856
DA:793,5274
DA:794,5274
DA:796,5274
DA:798,3716
DA:800,3000
DA:804,3716
DA:805,3716
DA:806,3716
DA:808,3716
DA:809,3716
DA:811,3716
DA:813,3716
DA:814,1558
DA:816,1558
DA:817,1558
DA:818,1558
DA:820,1558
DA:822,1558
DA:835,11966
DA:838,5311
DA:839,5311
DA:851,5649
DA:854,5286
DA:855,5286
DA:870,3657
DA:873,5822
DA:874,5822
DA:892,246390
DA:895,971
DA:897,971
DA:898,971
DA:900,971
DA:901,971
DA:903,971
DA:904,969
DA:906,969
DA:911,969
DA:914,969
DA:916,937
DA:918,568
DA:920,568
DA:921,414
DA:928,369
DA:933,969
DA:935,968
DA:937,968
DA:938,580
DA:940,486
DA:943,112
DA:945,112
DA:947,112
DA:953,580
DA:955,580
DA:956,580
DA:959,580
DA:960,580
DA:961,414
DA:963,374
DA:965,374
DA:967,374
DA:972,580
DA:974,464
DA:977,116
DA:981,388
DA:983,388
DA:984,388
DA:986,364
DA:988,364
DA:990,364
DA:992,327
DA:994,327
DA:996,327
DA:1001,388
DA:1003,310
DA:1006,78
DA:1015,84
DA:1025,3388
DA:1035,11432
DA:1045,102
DA:1055,4864
DA:1065,4914
DA:1070,21258
DA:1081,18
DA:1085,8
LF:326
LH:302
BRDA:69,0,0,71288
BRDA:69,0,1,170
BRDA:69,1,0,71458
BRDA:69,1,1,71456
BRDA:69,1,2,71456
BRDA:72,2,0,70498
BRDA:72,2,1,790
BRDA:75,3,0,70498
BRDA:75,3,1,4
BRDA:77,4,0,22296
BRDA:77,4,1,48202
BRDA:103,5,0,30
BRDA:103,5,1,0
BRDA:106,6,0,30
BRDA:106,6,1,2
BRDA:122,7,0,753
BRDA:122,7,1,648
BRDA:135,8,0,732
BRDA:135,8,1,668
BRDA:146,9,0,10
BRDA:146,9,1,722
BRDA:161,10,0,798
BRDA:161,10,1,11432
BRDA:172,11,0,8
BRDA:172,11,1,150
BRDA:176,12,0,2
BRDA:176,12,1,966
BRDA:180,13,0,730
BRDA:180,13,1,2
BRDA:194,14,0,2
BRDA:194,14,1,174
BRDA:203,15,0,0
BRDA:203,15,1,0
BRDA:203,16,0,0
BRDA:203,16,1,0
BRDA:206,17,0,0
BRDA:206,17,1,0
BRDA:206,18,0,0
BRDA:206,18,1,0
BRDA:223,19,0,0
BRDA:223,19,1,0
BRDA:223,20,0,0
BRDA:223,20,1,0
BRDA:225,21,0,0
BRDA:225,21,1,0
BRDA:228,22,0,0
BRDA:228,22,1,0
BRDA:234,23,0,0
BRDA:234,23,1,174
BRDA:239,24,0,2
BRDA:239,24,1,172
BRDA:255,25,0,126
BRDA:255,25,1,0
BRDA:272,26,0,49228
BRDA:272,26,1,86
BRDA:301,27,0,525
BRDA:301,27,1,144
BRDA:301,28,0,669
BRDA:301,28,1,669
BRDA:312,29,0,124
BRDA:312,29,1,20
BRDA:324,30,0,126
BRDA:324,30,1,18
BRDA:324,31,0,144
BRDA:324,31,1,144
BRDA:324,32,0,144
BRDA:324,32,1,22
BRDA:326,33,0,18
BRDA:326,33,1,0
BRDA:326,34,0,18
BRDA:326,34,1,18
BRDA:326,34,2,18
BRDA:337,35,0,4
BRDA:337,35,1,4
BRDA:350,36,0,2
BRDA:350,36,1,148
BRDA:412,37,0,0
BRDA:412,37,1,58
BRDA:415,38,0,0
BRDA:415,38,1,58
BRDA:415,39,0,58
BRDA:415,39,1,58
BRDA:415,39,2,24
BRDA:440,40,0,52
BRDA:440,40,1,52
BRDA:475,41,0,150
BRDA:475,41,1,8
BRDA:484,42,0,6
BRDA:484,42,1,152
BRDA:488,43,0,158
BRDA:488,43,1,0
BRDA:502,44,0,0
BRDA:502,44,1,0
BRDA:519,45,0,2
BRDA:519,45,1,10
BRDA:519,46,0,12
BRDA:519,46,1,2
BRDA:536,47,0,0
BRDA:536,47,1,12
BRDA:543,48,0,4
BRDA:543,48,1,8
BRDA:557,49,0,207
BRDA:557,49,1,215
BRDA:559,50,0,22
BRDA:559,50,1,193
BRDA:561,51,0,92
BRDA:561,51,1,101
BRDA:561,52,0,193
BRDA:561,52,1,193
BRDA:565,53,0,86
BRDA:565,53,1,6
BRDA:580,54,0,132
BRDA:580,54,1,232
BRDA:580,55,0,364
BRDA:580,55,1,241
BRDA:581,56,0,104
BRDA:581,56,1,28
BRDA:581,57,0,132
BRDA:581,57,1,132
BRDA:609,58,0,42
BRDA:609,58,1,185
BRDA:620,59,0,1423
BRDA:620,59,1,464
BRDA:628,60,0,227
BRDA:628,60,1,0
BRDA:628,61,0,227
BRDA:628,61,1,8
BRDA:631,62,0,219
BRDA:631,62,1,8
BRDA:668,63,0,0
BRDA:668,63,1,6062
BRDA:674,64,0,50
BRDA:674,64,1,6012
BRDA:685,65,0,3
BRDA:685,65,1,7
BRDA:685,66,0,10
BRDA:685,66,1,10
BRDA:705,67,0,5072
BRDA:705,67,1,214
BRDA:709,68,0,4966
BRDA:709,68,1,320
BRDA:713,69,0,2502
BRDA:713,69,1,2784
BRDA:717,70,0,5286
BRDA:717,70,1,0
BRDA:721,71,0,80
BRDA:721,71,1,5206
BRDA:724,72,0,6
BRDA:724,72,1,74
BRDA:746,73,0,300
BRDA:746,73,1,4986
BRDA:751,74,0,64
BRDA:751,74,1,236
BRDA:790,75,0,5856
BRDA:790,75,1,1396
BRDA:794,76,0,5274
BRDA:794,76,1,5274
BRDA:794,76,2,0
BRDA:796,77,0,3716
BRDA:796,77,1,1558
BRDA:798,78,0,3000
BRDA:798,78,1,716
BRDA:814,79,0,1558
BRDA:814,79,1,0
BRDA:816,80,0,1558
BRDA:816,80,1,1458
BRDA:817,81,0,1558
BRDA:817,81,1,1458
BRDA:818,82,0,1558
BRDA:818,82,1,1458
BRDA:835,83,0,11966
BRDA:835,83,1,1310
BRDA:839,84,0,5311
BRDA:839,84,1,5311
BRDA:839,84,2,0
BRDA:851,85,0,5649
BRDA:851,85,1,4538
BRDA:855,86,0,5286
BRDA:855,86,1,5286
BRDA:855,86,2,0
BRDA:870,87,0,3657
BRDA:870,87,1,322
BRDA:873,88,0,5822
BRDA:873,88,1,0
BRDA:873,89,0,5822
BRDA:873,89,1,678
BRDA:892,90,0,246390
BRDA:892,90,1,242360
BRDA:901,91,0,582
BRDA:901,91,1,389
BRDA:903,92,0,969
BRDA:903,92,1,2
BRDA:914,93,0,937
BRDA:914,93,1,32
BRDA:916,94,0,568
BRDA:916,94,1,369
BRDA:920,95,0,414
BRDA:920,95,1,154
BRDA:922,96,0,414
BRDA:922,96,1,386
BRDA:922,96,2,166
BRDA:924,97,0,161
BRDA:924,97,1,5
BRDA:937,98,0,580
BRDA:937,98,1,388
BRDA:938,99,0,486
BRDA:938,99,1,94
BRDA:940,100,0,112
BRDA:940,100,1,374
BRDA:941,101,0,486
BRDA:941,101,1,466
BRDA:941,101,2,374
BRDA:960,102,0,414
BRDA:960,102,1,166
BRDA:972,103,0,464
BRDA:972,103,1,116
BRDA:984,104,0,364
BRDA:984,104,1,24
BRDA:1001,105,0,310
BRDA:1001,105,1,78
BRF:220
BRH:186
end_of_record
TN:
SF:/Users/gurjar/workspace/release/coral-spectrum/coral-base-overlay/src/scripts/enums.js
FNF:0
FNH:0
DA:23,2
DA:38,2
DA:53,2
DA:68,2
DA:79,2
LF:5
LH:5
BRF:0
BRH:0
end_of_record
TN:
SF:/Users/gurjar/workspace/release/coral-spectrum/coral-collection/src/scripts/Collection.js
FN:39,getTagSelector
FN:57,filterItem
FN:65,(anonymous_2)
FN:96,Collection
FN:163,add
FN:198,clear
FN:216,getAll
FN:246,remove
FN:265,first
FN:277,last
FN:296,_isPartOfCollection
FN:313,_onItemAttached
FN:337,_onItemDetached
FN:362,_startHandlingItems
FN:413,_stopHandlingItems
FN:431,_handleMutation
FN:543,get
FNF:17
FNH:17
FNDA:10042,getTagSelector
FNDA:182600,filterItem
FNDA:2,(anonymous_2)
FNDA:12448,Collection
FNDA:3138,add
FNDA:670,clear
FNDA:56134,getAll
FNDA:810,remove
FNDA:1240,first
FNDA:742,last
FNDA:247301,_isPartOfCollection
FNDA:11164,_onItemAttached
FNDA:3049,_onItemDetached
FNDA:9308,_startHandlingItems
FNDA:4,_stopHandlingItems
FNDA:10046,_handleMutation
FNDA:6394,get
DA:22,2
DA:29,2
DA:36,2
DA:40,10042
DA:58,182600
DA:65,2
DA:97,12448
DA:99,12448
DA:101,12448
DA:102,12448
DA:103,12448
DA:104,12448
DA:105,12448
DA:107,12448
DA:108,12448
DA:110,12448
DA:112,12448
DA:113,1726
DA:116,1726
DA:118,1726
DA:120,1726
DA:121,1378
DA:125,10722
DA:127,10722
DA:128,8922
DA:129,8922
DA:133,12448
DA:134,12448
DA:135,12448
DA:145,2
DA:165,3138
DA:166,3136
DA:168,1110
DA:169,176
DA:173,934
DA:178,3136
DA:181,3136
DA:182,12
DA:185,3136
DA:188,2
DA:199,670
DA:200,670
DA:202,670
DA:203,734
DA:206,670
DA:218,56134
DA:219,56128
DA:223,56128
DA:224,2034
DA:227,56128
DA:230,6
DA:247,810
DA:248,804
DA:250,804
DA:251,50
DA:255,810
DA:267,1240
DA:279,742
DA:280,740
DA:298,247301
DA:315,11164
DA:316,10998
DA:320,11164
DA:339,3049
DA:340,2763
DA:344,3049
DA:363,9308
DA:366,9306
DA:369,9306
DA:371,9306
DA:379,9306
DA:383,2384
DA:385,2384
DA:386,2380
DA:387,2380
DA:390,2384
DA:391,2378
DA:392,2360
DA:397,2384
DA:398,644
DA:402,2
DA:414,4
DA:415,2
DA:433,10046
DA:439,10046
DA:440,10046
DA:442,10046
DA:444,10046
DA:445,196137
DA:446,196137
DA:447,196137
DA:449,196137
DA:450,172775
DA:452,172775
DA:453,11164
DA:454,11164
DA:456,11164
DA:460,196137
DA:461,196137
DA:463,196137
DA:464,74526
DA:466,74526
DA:467,3049
DA:468,3049
DA:470,3049
DA:477,10046
DA:478,1390
DA:544,6394
DA:548,2
LF:109
LH:109
BRDA:40,0,0,1180
BRDA:40,0,1,8862
BRDA:58,1,0,182600
BRDA:58,1,1,604
BRDA:99,2,0,12448
BRDA:99,2,1,116
BRDA:105,3,0,12448
BRDA:105,3,1,10042
BRDA:107,4,0,12448
BRDA:107,4,1,10698
BRDA:112,5,0,1726
BRDA:112,5,1,10722
BRDA:112,6,0,12448
BRDA:112,6,1,12332
BRDA:113,7,0,1726
BRDA:113,7,1,614
BRDA:120,8,0,1378
BRDA:120,8,1,348
BRDA:127,9,0,8922
BRDA:127,9,1,1800
BRDA:127,10,0,10722
BRDA:127,10,1,10606
BRDA:165,11,0,3136
BRDA:165,11,1,2
BRDA:165,12,0,3138
BRDA:165,12,1,3136
BRDA:166,13,0,1110
BRDA:166,13,1,2026
BRDA:168,14,0,176
BRDA:168,14,1,934
BRDA:178,15,0,3136
BRDA:178,15,1,3084
BRDA:181,16,0,12
BRDA:181,16,1,3124
BRDA:181,17,0,3136
BRDA:181,17,1,1494
BRDA:181,17,2,16
BRDA:181,17,3,14
BRDA:218,18,0,56128
BRDA:218,18,1,6
BRDA:218,19,0,56134
BRDA:218,19,1,56128
BRDA:219,20,0,48267
BRDA:219,20,1,7861
BRDA:223,21,0,2034
BRDA:223,21,1,54094
BRDA:247,22,0,804
BRDA:247,22,1,6
BRDA:250,23,0,50
BRDA:250,23,1,754
BRDA:250,24,0,804
BRDA:250,24,1,398
BRDA:250,24,2,54
BRDA:250,24,3,52
BRDA:267,25,0,1240
BRDA:267,25,1,63
BRDA:280,26,0,740
BRDA:280,26,1,46
BRDA:298,27,0,247301
BRDA:298,27,1,182534
BRDA:298,27,2,182160
BRDA:299,28,0,164960
BRDA:299,28,1,17200
BRDA:315,29,0,10998
BRDA:315,29,1,166
BRDA:339,30,0,2763
BRDA:339,30,1,286
BRDA:363,31,0,9306
BRDA:363,31,1,2
BRDA:363,32,0,9308
BRDA:363,32,1,9306
BRDA:366,33,0,9306
BRDA:366,33,1,9066
BRDA:379,34,0,2384
BRDA:379,34,1,6922
BRDA:385,35,0,2380
BRDA:385,35,1,4
BRDA:385,36,0,2384
BRDA:385,36,1,6
BRDA:390,37,0,2378
BRDA:390,37,1,6
BRDA:397,38,0,644
BRDA:397,38,1,1740
BRDA:397,39,0,2384
BRDA:397,39,1,648
BRDA:414,40,0,2
BRDA:414,40,1,2
BRDA:452,41,0,11164
BRDA:452,41,1,161611
BRDA:466,42,0,3049
BRDA:466,42,1,71477
BRDA:477,43,0,1390
BRDA:477,43,1,8656
BRDA:477,44,0,10046
BRDA:477,44,1,4413
BRDA:477,44,2,1390
BRF:96
BRH:96
end_of_record
TN:
SF:/Users/gurjar/workspace/release/coral-spectrum/coral-collection/src/scripts/SelectableCollection.js
FN:25,(anonymous_0)
FN:30,SelectableCollection
FN:42,(anonymous_2)
FN:45,(anonymous_3)
FN:65,_getSelectableItems
FN:81,_getFirstSelectable
FN:97,_getLastSelectable
FN:115,_getPreviousSelectable
FN:142,_getNextSelectable
FN:169,_getFirstSelected
FN:192,_getLastSelected
FN:217,_getAllSelected
FN:239,_deselectAllExceptFirst
FN:269,_deselectAllExceptLast
FN:307,_deselectAllExcept
FNF:15
FNH:15
FNDA:2,(anonymous_0)
FNDA:8074,SelectableCollection
FNDA:8450,(anonymous_2)
FNDA:8450,(anonymous_3)
FNDA:4053,_getSelectableItems
FNDA:1947,_getFirstSelectable
FNDA:18,_getLastSelectable
FNDA:24,_getPreviousSelectable
FNDA:48,_getNextSelectable
FNDA:4845,_getFirstSelected
FNDA:27591,_getLastSelected
FNDA:60241,_getAllSelected
FNDA:572,_deselectAllExceptFirst
FNDA:2266,_deselectAllExceptLast
FNDA:2958,_deselectAllExcept
DA:25,2
DA:26,2
DA:28,2
DA:33,8074
DA:35,8074
DA:37,8074
DA:38,2
DA:42,8074
DA:43,8450
DA:45,8074
DA:46,8450
DA:48,8074
DA:49,8074
DA:63,2
DA:66,4053
DA:82,1947
DA:98,18
DA:100,18
DA:116,24
DA:118,24
DA:119,24
DA:120,22
DA:122,2
DA:126,24
DA:143,48
DA:145,48
DA:146,40
DA:147,38
DA:149,2
DA:153,48
DA:170,4845
DA:172,4845
DA:173,6
DA:176,4845
DA:193,27591
DA:195,27591
DA:196,2
DA:200,27591
DA:202,27591
DA:218,60241
DA:220,60241
DA:221,2939
DA:224,60241
DA:240,572
DA:241,572
DA:243,572
DA:244,566
DA:248,572
DA:250,572
DA:252,572
DA:254,8
DA:270,2266
DA:271,2266
DA:273,2266
DA:274,2
DA:278,2266
DA:281,2266
DA:283,2266
DA:285,18
DA:309,2958
DA:313,2958
DA:314,4
DA:315,4
DA:316,4
DA:318,2954
DA:319,2954
DA:321,2954
DA:322,162
DA:327,2958
DA:329,2958
DA:331,2958
DA:333,2746
DA:334,222
DA:340,2
LF:74
LH:74
BRDA:37,0,0,2
BRDA:37,0,1,8072
BRDA:82,1,0,1947
BRDA:82,1,1,620
BRDA:100,2,0,18
BRDA:100,2,1,2
BRDA:119,3,0,22
BRDA:119,3,1,2
BRDA:126,4,0,24
BRDA:126,4,1,2
BRDA:146,5,0,38
BRDA:146,5,1,2
BRDA:153,6,0,48
BRDA:153,6,1,10
BRDA:172,7,0,6
BRDA:172,7,1,4839
BRDA:176,8,0,4845
BRDA:176,8,1,2388
BRDA:195,9,0,2
BRDA:195,9,1,27589
BRDA:202,10,0,27591
BRDA:202,10,1,5360
BRDA:220,11,0,2939
BRDA:220,11,1,57302
BRDA:241,12,0,572
BRDA:241,12,1,6
BRDA:243,13,0,566
BRDA:243,13,1,6
BRDA:271,14,0,2266
BRDA:271,14,1,2264
BRDA:273,15,0,2
BRDA:273,15,1,2264
BRDA:313,16,0,4
BRDA:313,16,1,2954
BRDA:315,17,0,4
BRDA:315,17,1,2
BRDA:319,18,0,2954
BRDA:319,18,1,2794
BRDA:321,19,0,162
BRDA:321,19,1,2792
BRDA:333,20,0,222
BRDA:333,20,1,2524
BRF:42
BRH:42
end_of_record
TN:
SF:/Users/gurjar/workspace/release/coral-spectrum/coral-collection/src/scripts/listToArray.js
FN:14,listToArray
FNF:1
FNH:1
FNDA:120422,listToArray
DA:15,120422
DA:17,120422
DA:18,197681
DA:21,120422
LF:4
LH:4
BRF:0
BRH:0
end_of_record
TN:
SF:/Users/gurjar/workspace/release/coral-spectrum/coral-compat/src/scripts/CustomElements.js
FN:14,f
FN:24,(anonymous_1)
FNF:2
FNH:0
FNDA:0,f
FNDA:0,(anonymous_1)
DA:14,2
DA:17,2
DA:18,2
DA:21,2
DA:22,2
DA:24,2
DA:25,0
DA:28,2
DA:29,2
DA:30,2
DA:31,2
DA:32,2
DA:33,2
DA:34,2
LF:14
LH:13
BRDA:17,0,0,2
BRDA:17,0,1,0
BRF:2
BRH:1
end_of_record
TN:
SF:/Users/gurjar/workspace/release/coral-spectrum/coral-compat/src/scripts/document.createElement-patch.js
FN:15,createElement
FNF:1
FNH:1
FNDA:327359,createElement
DA:13,2
DA:15,2
DA:16,327359
DA:17,15152
DA:22,327359
LF:5
LH:5
BRDA:16,0,0,15152
BRDA:16,0,1,312207
BRF:2
BRH:2
end_of_record
TN:
SF:/Users/gurjar/workspace/release/coral-spectrum/coral-component-accordion/src/scripts/Accordion.js
FN:55,(anonymous_0)
FN:61,Accordion
FN:106,_onHomeKey
FN:116,_onEndKey
FN:134,_onItemContentKeyDown
FN:189,_focusPreviousItem
FN:199,_focusNextItem
FN:209,_onItemClick
FN:231,_onToggleItemKey
FN:244,_onItemSelectedChanged
FN:253,_validateSelection
FN:263,(anonymous_11)
FN:283,_triggerChangeEvent
FN:309,_arraysAreDifferent
FN:313,(anonymous_14)
FN:331,_resetTabTarget
FN:336,(anonymous_16)
FN:349,_toggleItemSelection
FN:358,_focusItem
FN:375,render
FN:396,(anonymous_20)
FN:413,get
FN:416,set
FN:431,get
FN:456,get
FN:459,set
FN:474,get
FN:486,get
FN:493,get
FN:496,set
FN:499,(anonymous_30)
FN:505,get
FN:512,get
FNF:33
FNH:26
FNDA:2,(anonymous_0)
FNDA:196,Accordion
FNDA:0,_onHomeKey
FNDA:0,_onEndKey
FNDA:0,_onItemContentKeyDown
FNDA:0,_focusPreviousItem
FNDA:0,_focusNextItem
FNDA:28,_onItemClick
FNDA:0,_onToggleItemKey
FNDA:796,_onItemSelectedChanged
FNDA:988,_validateSelection
FNDA:48,(anonymous_11)
FNDA:988,_triggerChangeEvent
FNDA:784,_arraysAreDifferent
FNDA:348,(anonymous_14)
FNDA:988,_resetTabTarget
FNDA:180,(anonymous_16)
FNDA:18,_toggleItemSelection
FNDA:18,_focusItem
FNDA:180,render
FNDA:180,(anonymous_20)
FNDA:8,get
FNDA:186,set
FNDA:2962,get
FNDA:1088,get
FNDA:8,set
FNDA:2164,get
FNDA:18,get
FNDA:0,get
FNDA:198,set
FNDA:798,(anonymous_30)
FNDA:18,get
FNDA:2,get
DA:23,2
DA:24,2
DA:25,2
DA:26,2
DA:40,2
DA:46,2
DA:55,2
DA:56,2
DA:58,2
DA:64,196
DA:66,196
DA:68,196
DA:86,196
DA:88,196
DA:90,196
DA:102,2
DA:107,0
DA:108,0
DA:110,0
DA:117,0
DA:118,0
DA:120,0
DA:136,0
DA:137,0
DA:139,0
DA:143,0
DA:144,0
DA:145,0
DA:147,0
DA:150,0
DA:155,0
DA:156,0
DA:157,0
DA:159,0
DA:161,0
DA:163,0
DA:166,0
DA:171,0
DA:172,0
DA:173,0
DA:175,0
DA:177,0
DA:179,0
DA:182,0
DA:190,0
DA:191,0
DA:193,0
DA:200,0
DA:201,0
DA:203,0
DA:211,28
DA:212,10
DA:216,18
DA:218,18
DA:219,18
DA:220,18
DA:222,18
DA:224,18
DA:232,0
DA:233,0
DA:234,0
DA:236,0
DA:238,0
DA:245,796
DA:247,796
DA:254,988
DA:256,988
DA:258,988
DA:260,972
DA:262,972
DA:263,24
DA:264,48
DA:266,24
DA:267,24
DA:271,24
DA:275,988
DA:277,988
DA:284,988
DA:285,988
DA:287,988
DA:289,96
DA:290,10
DA:296,86
DA:302,96
DA:310,784
DA:312,784
DA:313,710
DA:314,348
DA:319,784
DA:332,988
DA:334,988
DA:335,180
DA:336,180
DA:337,180
DA:339,180
DA:341,180
DA:350,18
DA:351,18
DA:359,18
DA:360,18
DA:363,18
DA:376,180
DA:378,180
DA:380,180
DA:382,180
DA:383,86
DA:387,180
DA:389,180
DA:391,180
DA:393,180
DA:394,180
DA:396,180
DA:397,180
DA:414,8
DA:417,186
DA:418,186
DA:420,186
DA:433,2962
DA:434,196
DA:444,2962
DA:457,1088
DA:460,8
DA:462,8
DA:464,8
DA:475,2164
DA:487,18
DA:494,0
DA:497,198
DA:499,198
DA:500,798
DA:506,18
DA:513,2
DA:517,2
LF:133
LH:93
BRDA:139,0,0,0
BRDA:139,0,1,0
BRDA:139,0,2,0
BRDA:139,0,3,0
BRDA:143,1,0,0
BRDA:143,1,1,0
BRDA:143,2,0,0
BRDA:143,2,1,0
BRDA:143,2,2,0
BRDA:155,3,0,0
BRDA:155,3,1,0
BRDA:155,4,0,0
BRDA:155,4,1,0
BRDA:171,5,0,0
BRDA:171,5,1,0
BRDA:171,6,0,0
BRDA:171,6,1,0
BRDA:211,7,0,10
BRDA:211,7,1,18
BRDA:211,8,0,28
BRDA:211,8,1,20
BRDA:218,9,0,18
BRDA:218,9,1,0
BRDA:258,10,0,972
BRDA:258,10,1,16
BRDA:260,11,0,972
BRDA:260,11,1,182
BRDA:262,12,0,24
BRDA:262,12,1,948
BRDA:262,13,0,972
BRDA:262,13,1,842
BRDA:262,13,2,182
BRDA:264,14,0,24
BRDA:264,14,1,24
BRDA:287,15,0,96
BRDA:287,15,1,892
BRDA:287,16,0,988
BRDA:287,16,1,784
BRDA:289,17,0,10
BRDA:289,17,1,86
BRDA:297,18,0,2
BRDA:297,18,1,84
BRDA:297,19,0,84
BRDA:297,19,1,58
BRDA:298,20,0,86
BRDA:298,20,1,4
BRDA:312,21,0,710
BRDA:312,21,1,74
BRDA:319,22,0,784
BRDA:319,22,1,710
BRDA:334,23,0,180
BRDA:334,23,1,808
BRDA:341,24,0,56
BRDA:341,24,1,124
BRDA:350,25,0,18
BRDA:350,25,1,0
BRDA:351,26,0,2
BRDA:351,26,1,16
BRDA:359,27,0,18
BRDA:359,27,1,0
BRDA:382,28,0,86
BRDA:382,28,1,94
BRDA:414,29,0,8
BRDA:414,29,1,2
BRDA:418,30,0,186
BRDA:418,30,1,186
BRDA:418,30,2,0
BRDA:433,31,0,196
BRDA:433,31,1,2766
BRDA:457,32,0,1088
BRDA:457,32,1,1062
BRDA:494,33,0,0
BRDA:494,33,1,0
BRF:73
BRH:50
end_of_record
TN:
SF:/Users/gurjar/workspace/release/coral-spectrum/coral-component-accordion/src/scripts/AccordionItem.js
FN:32,(anonymous_0)
FN:38,AccordionItem
FN:65,_setAria
FN:78,focus
FN:85,render
FN:114,get
FN:117,set
FN:121,insert
FN:137,get
FN:140,set
FN:144,insert
FN:167,get
FN:170,set
FN:194,(anonymous_13)
FN:211,get
FN:214,set
FN:229,get
FN:232,set
FN:243,get
FN:253,get
FNF:20
FNH:18
FNDA:2,(anonymous_0)
FNDA:692,AccordionItem
FNDA:1352,_setAria
FNDA:0,focus
FNDA:676,render
FNDA:2,get
FNDA:676,set
FNDA:676,insert
FNDA:2,get
FNDA:676,set
FNDA:676,insert
FNDA:680,get
FNDA:796,set
FNDA:140,(anonymous_13)
FNDA:2060,get
FNDA:2,set
FNDA:0,get
FNDA:798,set
FNDA:8774,get
FNDA:2,get
DA:23,2
DA:32,2
DA:33,2
DA:35,2
DA:41,692
DA:43,692
DA:45,692
DA:50,692
DA:53,692
DA:63,2
DA:66,1352
DA:67,1352
DA:68,1352
DA:69,1352
DA:79,0
DA:86,676
DA:88,676
DA:90,676
DA:92,676
DA:94,676
DA:95,230
DA:99,676
DA:100,304
DA:101,1130
DA:105,676
DA:107,676
DA:108,676
DA:110,676
DA:115,2
DA:118,676
DA:122,676
DA:124,676
DA:138,2
DA:141,676
DA:145,676
DA:147,676
DA:149,676
DA:151,676
DA:168,680
DA:171,796
DA:173,796
DA:175,796
DA:178,796
DA:179,796
DA:181,796
DA:183,796
DA:184,656
DA:188,656
DA:191,796
DA:193,796
DA:194,140
DA:195,140
DA:199,796
DA:212,2060
DA:215,2
DA:217,2
DA:219,2
DA:221,2
DA:223,2
DA:230,0
DA:233,798
DA:235,798
DA:236,2
DA:238,796
DA:244,8774
DA:254,2
DA:258,2
LF:67
LH:65
BRDA:47,0,0,692
BRDA:47,0,1,18
BRDA:48,1,0,692
BRDA:48,1,1,320
BRDA:66,2,0,1352
BRDA:66,2,1,676
BRDA:67,3,0,1352
BRDA:67,3,1,446
BRDA:94,4,0,230
BRDA:94,4,1,446
BRDA:99,5,0,304
BRDA:99,5,1,372
BRDA:168,6,0,680
BRDA:168,6,1,630
BRDA:173,7,0,2
BRDA:173,7,1,794
BRDA:183,8,0,656
BRDA:183,8,1,140
BRDA:191,9,0,140
BRDA:191,9,1,656
BRDA:193,10,0,140
BRDA:193,10,1,656
BRDA:212,11,0,2060
BRDA:212,11,1,1938
BRDA:221,12,0,2
BRDA:221,12,1,0
BRDA:230,13,0,0
BRDA:230,13,1,0
BRDA:235,14,0,2
BRDA:235,14,1,796
BRDA:238,15,0,186
BRDA:238,15,1,610
BRF:32
BRH:29
end_of_record
TN:
SF:/Users/gurjar/workspace/release/coral-spectrum/coral-component-accordion/src/scripts/AccordionItemContent.js
FN:19,(anonymous_0)
FNF:1
FNH:0
FNDA:0,(anonymous_0)
DA:20,0
LF:1
LH:0
BRF:0
BRH:0
end_of_record
TN:
SF:/Users/gurjar/workspace/release/coral-spectrum/coral-component-accordion/src/scripts/AccordionItemLabel.js
FN:19,(anonymous_0)
FNF:1
FNH:0
FNDA:0,(anonymous_0)
DA:20,0
LF:1
LH:0
BRF:0
BRH:0
end_of_record
TN:
SF:/Users/gurjar/workspace/release/coral-spectrum/coral-component-actionbar/src/scripts/ActionBar.js
FN:34,(anonymous_0)
FN:40,ActionBar
FN:85,_recalculateLayoutOnMutation
FN:91,(anonymous_3)
FN:106,_onFocusPreviousItem
FN:120,_onFocusNextItem
FN:134,_onResizeWindow
FN:150,_onLayout
FN:340,_getNextSelectableWrappedItem
FN:361,_getPreviousSelectableWrappedItem
FN:382,_getAllSelectableItems
FN:420,_newWidthCache
FN:424,getOuterWidth
FN:446,_forceWebkitRedraw
FN:460,_hideItem
FN:475,_moveToScreen
FN:490,_toggleItemTabbable
FN:503,_debounceOnLayout
FN:516,(anonymous_18)
FN:524,_moveDirectItemChildren
FN:525,(anonymous_20)
FN:530,(anonymous_21)
FN:540,render
FN:623,get
FN:626,set
FN:630,insert
FN:645,get
FN:648,set
FN:652,insert
FN:659,get
FNF:30
FNH:29
FNDA:2,(anonymous_0)
FNDA:110,ActionBar
FNDA:110,_recalculateLayoutOnMutation
FNDA:835,(anonymous_3)
FNDA:2,_onFocusPreviousItem
FNDA:4,_onFocusNextItem
FNDA:0,_onResizeWindow
FNDA:266,_onLayout
FNDA:4,_getNextSelectableWrappedItem
FNDA:2,_getPreviousSelectableWrappedItem
FNDA:6,_getAllSelectableItems
FNDA:242,_newWidthCache
FNDA:571,getOuterWidth
FNDA:763,_forceWebkitRedraw
FNDA:1470,_hideItem
FNDA:720,_moveToScreen
FNDA:2248,_toggleItemTabbable
FNDA:988,_debounceOnLayout
FNDA:156,(anonymous_18)
FNDA:110,_moveDirectItemChildren
FNDA:114,(anonymous_20)
FNDA:10,(anonymous_21)
FNDA:110,render
FNDA:3278,get
FNDA:110,set
FNDA:110,insert
FNDA:3610,get
FNDA:110,set
FNDA:110,insert
FNDA:25859,get
DA:24,2
DA:34,2
DA:35,2
DA:37,2
DA:43,110
DA:45,110
DA:47,110
DA:56,110
DA:62,110
DA:64,110
DA:66,110
DA:67,110
DA:69,110
DA:71,110
DA:81,2
DA:86,110
DA:91,110
DA:92,835
DA:95,110
DA:108,2
DA:110,2
DA:112,2
DA:113,0
DA:122,4
DA:124,4
DA:126,4
DA:127,2
DA:137,0
DA:139,0
DA:140,0
DA:144,0
DA:151,266
DA:153,0
DA:156,266
DA:158,24
DA:161,242
DA:162,242
DA:163,242
DA:164,242
DA:165,242
DA:166,242
DA:167,242
DA:169,242
DA:171,242
DA:172,242
DA:174,242
DA:175,242
DA:176,242
DA:177,242
DA:178,242
DA:179,242
DA:180,242
DA:181,242
DA:182,242
DA:183,242
DA:184,242
DA:185,242
DA:187,242
DA:188,1056
DA:189,1056
DA:191,1056
DA:193,1056
DA:194,501
DA:197,16
DA:201,485
DA:203,182
DA:205,182
DA:207,112
DA:208,70
DA:210,0
DA:214,485
DA:215,112
DA:216,112
DA:218,112
DA:220,373
DA:222,373
DA:225,485
DA:227,10
DA:228,10
DA:234,1056
DA:236,1056
DA:237,948
DA:240,4
DA:244,944
DA:246,150
DA:248,150
DA:250,104
DA:251,46
DA:253,0
DA:257,944
DA:258,104
DA:259,104
DA:261,104
DA:263,840
DA:265,840
DA:268,944
DA:270,2
DA:271,2
DA:278,242
DA:280,242
DA:282,242
DA:283,1449
DA:287,242
DA:288,132
DA:290,132
DA:291,18
DA:293,114
DA:295,114
DA:298,110
DA:300,110
DA:302,110
DA:306,242
DA:307,95
DA:309,95
DA:310,6
DA:312,89
DA:314,89
DA:317,147
DA:319,147
DA:321,147
DA:323,147
DA:324,2
DA:329,242
DA:330,110
DA:331,110
DA:332,110
DA:333,110
DA:341,4
DA:343,0
DA:346,4
DA:348,4
DA:350,4
DA:352,2
DA:355,2
DA:362,2
DA:364,0
DA:367,2
DA:369,2
DA:371,2
DA:373,0
DA:376,2
DA:383,6
DA:385,6
DA:387,0
DA:388,0
DA:390,0
DA:391,0
DA:393,0
DA:394,0
DA:399,6
DA:401,6
DA:403,6
DA:404,6
DA:405,4
DA:406,2
DA:407,2
DA:410,0
DA:414,6
DA:421,242
DA:425,571
DA:427,571
DA:429,571
DA:431,571
DA:433,571
DA:435,571
DA:438,571
DA:447,763
DA:449,763
DA:450,763
DA:452,763
DA:453,763
DA:461,1470
DA:462,0
DA:463,1470
DA:465,728
DA:466,728
DA:468,728
DA:476,720
DA:477,257
DA:478,463
DA:480,35
DA:481,35
DA:483,35
DA:491,2248
DA:493,2248
DA:495,2248
DA:496,1412
DA:504,988
DA:506,988
DA:507,242
DA:508,242
DA:512,746
DA:513,700
DA:516,746
DA:517,156
DA:519,156
DA:525,110
DA:526,114
DA:528,110
DA:530,110
DA:531,10
DA:534,110
DA:541,110
DA:543,110
DA:545,110
DA:548,110
DA:550,110
DA:551,0
DA:553,0
DA:554,0
DA:558,110
DA:559,110
DA:561,110
DA:562,100
DA:565,110
DA:566,100
DA:570,110
DA:573,110
DA:577,110
DA:578,16
DA:580,16
DA:581,10
DA:583,10
DA:584,6
DA:585,6
DA:589,16
DA:591,16
DA:592,8
DA:595,16
DA:596,8
DA:600,16
DA:601,130
DA:605,16
DA:609,110
DA:610,56
DA:611,14
DA:616,110
DA:617,110
DA:619,110
DA:624,3278
DA:627,110
DA:632,110
DA:646,3610
DA:649,110
DA:653,110
DA:660,25859
DA:667,2
LF:247
LH:225
BRDA:58,0,0,110
BRDA:58,0,1,66
BRDA:59,1,0,110
BRDA:59,1,1,66
BRDA:112,2,0,0
BRDA:112,2,1,2
BRDA:126,3,0,2
BRDA:126,3,1,2
BRDA:151,4,0,0
BRDA:151,4,1,266
BRDA:151,5,0,266
BRDA:151,5,1,266
BRDA:151,5,2,266
BRDA:151,5,3,266
BRDA:151,5,4,266
BRDA:151,5,5,266
BRDA:156,6,0,24
BRDA:156,6,1,242
BRDA:156,7,0,266
BRDA:156,7,1,251
BRDA:171,8,0,142
BRDA:171,8,1,100
BRDA:172,9,0,97
BRDA:172,9,1,145
BRDA:187,10,0,1298
BRDA:187,10,1,797
BRDA:188,11,0,501
BRDA:188,11,1,555
BRDA:189,12,0,948
BRDA:189,12,1,108
BRDA:193,13,0,501
BRDA:193,13,1,555
BRDA:194,14,0,16
BRDA:194,14,1,485
BRDA:194,15,0,501
BRDA:194,15,1,485
BRDA:201,16,0,182
BRDA:201,16,1,303
BRDA:201,17,0,485
BRDA:201,17,1,244
BRDA:201,17,2,198
BRDA:205,18,0,112
BRDA:205,18,1,70
BRDA:208,19,0,0
BRDA:208,19,1,70
BRDA:208,20,0,70
BRDA:208,20,1,12
BRDA:214,21,0,112
BRDA:214,21,1,373
BRDA:225,22,0,10
BRDA:225,22,1,475
BRDA:236,23,0,948
BRDA:236,23,1,108
BRDA:237,24,0,4
BRDA:237,24,1,944
BRDA:237,25,0,948
BRDA:237,25,1,944
BRDA:244,26,0,150
BRDA:244,26,1,794
BRDA:244,27,0,944
BRDA:244,27,1,199
BRDA:244,27,2,189
BRDA:248,28,0,104
BRDA:248,28,1,46
BRDA:251,29,0,0
BRDA:251,29,1,46
BRDA:251,30,0,46
BRDA:251,30,1,0
BRDA:257,31,0,104
BRDA:257,31,1,840
BRDA:268,32,0,2
BRDA:268,32,1,942
BRDA:287,33,0,132
BRDA:287,33,1,110
BRDA:290,34,0,18
BRDA:290,34,1,114
BRDA:306,35,0,95
BRDA:306,35,1,147
BRDA:309,36,0,6
BRDA:309,36,1,89
BRDA:323,37,0,2
BRDA:323,37,1,145
BRDA:329,38,0,110
BRDA:329,38,1,132
BRDA:341,39,0,0
BRDA:341,39,1,4
BRDA:350,40,0,2
BRDA:350,40,1,2
BRDA:350,41,0,4
BRDA:350,41,1,4
BRDA:362,42,0,0
BRDA:362,42,1,2
BRDA:371,43,0,0
BRDA:371,43,1,2
BRDA:385,44,0,0
BRDA:385,44,1,6
BRDA:385,45,0,6
BRDA:385,45,1,6
BRDA:387,46,0,0
BRDA:387,46,1,0
BRDA:393,47,0,0
BRDA:393,47,1,0
BRDA:393,48,0,0
BRDA:393,48,1,0
BRDA:393,48,2,0
BRDA:393,48,3,0
BRDA:403,49,0,6
BRDA:403,49,1,0
BRDA:404,50,0,4
BRDA:404,50,1,2
BRDA:406,51,0,2
BRDA:406,51,1,0
BRDA:427,52,0,571
BRDA:427,52,1,0
BRDA:449,53,0,763
BRDA:449,53,1,0
BRDA:449,54,0,763
BRDA:449,54,1,763
BRDA:461,55,0,0
BRDA:461,55,1,1470
BRDA:463,56,0,728
BRDA:463,56,1,742
BRDA:476,57,0,257
BRDA:476,57,1,463
BRDA:478,58,0,35
BRDA:478,58,1,428
BRDA:495,59,0,1412
BRDA:495,59,1,836
BRDA:496,60,0,295
BRDA:496,60,1,1117
BRDA:506,61,0,242
BRDA:506,61,1,746
BRDA:512,62,0,700
BRDA:512,62,1,46
BRDA:553,63,0,0
BRDA:553,63,1,0
BRDA:561,64,0,100
BRDA:561,64,1,10
BRDA:565,65,0,100
BRDA:565,65,1,10
BRDA:580,66,0,10
BRDA:580,66,1,6
BRDA:584,67,0,6
BRDA:584,67,1,0
BRDA:589,68,0,16
BRDA:589,68,1,0
BRDA:591,69,0,8
BRDA:591,69,1,8
BRDA:595,70,0,8
BRDA:595,70,1,8
BRDA:609,71,0,56
BRDA:609,71,1,54
BRF:152
BRH:126
end_of_record
TN:
SF:/Users/gurjar/workspace/release/coral-spectrum/coral-component-actionbar/src/scripts/ActionBarContainer.js
FN:52,(anonymous_0)
FN:58,ActionBarContainer
FN:83,_attachMoreButtonToContainer
FN:101,render
FN:143,get
FN:158,get
FNF:6
FNH:4
FNDA:2,(anonymous_0)
FNDA:20,ActionBarContainer
FNDA:18,_attachMoreButtonToContainer
FNDA:18,render
FNDA:0,get
FNDA:0,get
DA:23,2
DA:37,2
DA:52,2
DA:53,2
DA:55,2
DA:61,20
DA:63,20
DA:65,20
DA:67,20
DA:79,2
DA:84,18
DA:85,0
DA:88,18
DA:102,18
DA:104,18
DA:106,18
DA:108,18
DA:109,0
DA:111,0
DA:112,0
DA:117,18
DA:119,18
DA:120,18
DA:124,18
DA:126,18
DA:127,18
DA:131,18
DA:133,18
DA:135,18
DA:137,18
DA:139,18
DA:144,0
DA:145,0
DA:147,0
DA:148,0
DA:149,0
DA:150,0
DA:154,0
DA:159,0
DA:163,2
LF:40
LH:28
BRDA:84,0,0,0
BRDA:84,0,1,18
BRDA:84,1,0,18
BRDA:84,1,1,2
BRDA:111,2,0,0
BRDA:111,2,1,0
BRDA:119,3,0,18
BRDA:119,3,1,0
BRDA:126,4,0,18
BRDA:126,4,1,0
BRDA:144,5,0,0
BRDA:144,5,1,0
BRDA:147,6,0,0
BRDA:147,6,1,0
BRDA:147,7,0,0
BRDA:147,7,1,0
BRDA:149,8,0,0
BRDA:149,8,1,0
BRDA:149,9,0,0
BRDA:149,9,1,0
BRF:20
BRH:5
end_of_record
TN:
SF:/Users/gurjar/workspace/release/coral-spectrum/coral-component-actionbar/src/scripts/ActionBarContainerCollection.js
FN:27,(anonymous_0)
FN:32,ActionBarContainerCollection
FN:40,add
FN:52,clear
FN:60,_getAllSelectable
FN:76,_getAllOffScreen
FNF:6
FNH:5
FNDA:2,(anonymous_0)
FNDA:248,ActionBarContainerCollection
FNDA:48,add
FNDA:0,clear
FNDA:643,_getAllSelectable
FNDA:46,_getAllOffScreen
DA:27,2
DA:28,2
DA:30,2
DA:33,248
DA:35,248
DA:38,2
DA:43,48
DA:44,38
DA:45,38
DA:48,48
DA:53,0
DA:55,0
DA:56,0
DA:61,643
DA:62,643
DA:64,643
DA:65,2835
DA:67,2835
DA:68,544
DA:72,643
DA:77,46
DA:81,2
LF:22
LH:19
BRDA:43,0,0,38
BRDA:43,0,1,10
BRDA:43,1,0,48
BRDA:43,1,1,48
BRDA:45,2,0,36
BRDA:45,2,1,2
BRDA:67,3,0,544
BRDA:67,3,1,2291
BRDA:67,4,0,2835
BRDA:67,4,1,2835
BRDA:67,4,2,2805
BRDA:67,4,3,1214
BRDA:67,4,4,581
BRF:13
BRH:13
end_of_record
TN:
SF:/Users/gurjar/workspace/release/coral-spectrum/coral-component-actionbar/src/scripts/ActionBarItem.js
FN:30,(anonymous_0)
FN:35,ActionBarItem
FN:45,render
FN:53,get
FN:56,set
FNF:5
FNH:5
FNDA:2,(anonymous_0)
FNDA:762,ActionBarItem
FNDA:760,render
FNDA:10,get
FNDA:2,set
DA:21,2
DA:30,2
DA:31,2
DA:33,2
DA:36,762
DA:38,762
DA:41,2
DA:46,760
DA:48,760
DA:54,10
DA:58,2
DA:59,2
DA:61,29
DA:67,2
LF:14
LH:14
BRDA:58,0,0,2
BRDA:58,0,1,0
BRF:2
BRH:1
end_of_record
TN:
SF:/Users/gurjar/workspace/release/coral-spectrum/coral-component-actionbar/src/scripts/ActionBarPrimary.js
FN:31,(anonymous_0)
FN:36,ActionBarPrimary
FN:46,_returnElementsFromPopover
FN:71,_attachMoreButtonToContainer
FN:79,render
FNF:5
FNH:5
FNDA:2,(anonymous_0)
FNDA:114,ActionBarPrimary
FNDA:8,_returnElementsFromPopover
FNDA:114,_attachMoreButtonToContainer
FNDA:114,render
DA:22,2
DA:31,2
DA:32,2
DA:34,2
DA:37,114
DA:39,114
DA:42,2
DA:47,8
DA:48,8
DA:50,8
DA:51,19
DA:52,19
DA:54,19
DA:56,19
DA:57,14
DA:60,19
DA:62,19
DA:63,0
DA:73,114
DA:80,114
DA:82,114
DA:84,114
DA:88,2
LF:23
LH:22
BRDA:56,0,0,14
BRDA:56,0,1,5
BRDA:56,1,0,19
BRDA:56,1,1,14
BRDA:62,2,0,0
BRDA:62,2,1,19
BRDA:62,3,0,19
BRDA:62,3,1,19
BRF:8
BRH:7
end_of_record
TN:
SF:/Users/gurjar/workspace/release/coral-spectrum/coral-component-actionbar/src/scripts/ActionBarSecondary.js
FN:31,(anonymous_0)
FN:36,ActionBarSecondary
FN:46,_returnElementsFromPopover
FN:67,_attachMoreButtonToContainer
FN:74,render
FNF:5
FNH:4
FNDA:2,(anonymous_0)
FNDA:114,ActionBarSecondary
FNDA:0,_returnElementsFromPopover
FNDA:114,_attachMoreButtonToContainer
FNDA:114,render
DA:22,2
DA:31,2
DA:32,2
DA:34,2
DA:37,114
DA:39,114
DA:42,2
DA:47,0
DA:48,0
DA:50,0
DA:51,0
DA:52,0
DA:54,0
DA:56,0
DA:57,0
DA:60,0
DA:68,114
DA:75,114
DA:77,114
DA:79,114
DA:83,2
LF:21
LH:12
BRDA:56,0,0,0
BRDA:56,0,1,0
BRDA:56,1,0,0
BRDA:56,1,1,0
BRF:4
BRH:0
end_of_record
TN:
SF:/Users/gurjar/workspace/release/coral-spectrum/coral-component-actionbar/src/scripts/BaseActionBarContainer.js
FN:29,copyAttributes
FN:51,BaseActionBarContainer
FN:52,(anonymous_2)
FN:58,_class
FN:106,_styleItem
FN:129,_onOverlayBeforeOpen
FN:141,(anonymous_6)
FN:146,(anonymous_7)
FN:152,(anonymous_8)
FN:155,(anonymous_9)
FN:176,_onOverlayBeforeClose
FN:209,_onOverlayKeyDown
FN:217,_onOverlayKeyUp
FN:227,connectedCallback
FN:242,render
FN:284,(anonymous_15)
FN:292,disconnectedCallback
FN:304,get
FN:316,get
FN:340,get
FN:343,set
FN:359,get
FN:362,set
FN:374,get
FN:383,get
FNF:25
FNH:22
FNDA:52,copyAttributes
FNDA:6,BaseActionBarContainer
FNDA:6,(anonymous_2)
FNDA:248,_class
FNDA:843,_styleItem
FNDA:22,_onOverlayBeforeOpen
FNDA:57,(anonymous_6)
FNDA:57,(anonymous_7)
FNDA:55,(anonymous_8)
FNDA:17,(anonymous_9)
FNDA:8,_onOverlayBeforeClose
FNDA:0,_onOverlayKeyDown
FNDA:0,_onOverlayKeyUp
FNDA:340,connectedCallback
FNDA:246,render
FNDA:706,(anonymous_15)
FNDA:340,disconnectedCallback
FNDA:0,get
FNDA:1785,get
FNDA:846,get
FNDA:112,set
FNDA:282,get
FNDA:102,set
FNDA:200,get
FNDA:6,get
DA:27,2
DA:29,2
DA:30,52
DA:32,52
DA:33,304
DA:35,304
DA:36,148
DA:38,52
DA:40,96
DA:51,2
DA:52,6
DA:53,6
DA:55,6
DA:61,248
DA:63,248
DA:65,248
DA:66,248
DA:67,248
DA:68,248
DA:71,248
DA:76,248
DA:77,248
DA:78,248
DA:79,248
DA:80,248
DA:82,248
DA:83,248
DA:85,248
DA:88,248
DA:90,248
DA:100,6
DA:107,843
DA:109,843
DA:110,827
DA:111,827
DA:113,827
DA:114,241
DA:117,586
DA:131,22
DA:132,0
DA:135,22
DA:137,22
DA:138,6
DA:141,16
DA:142,57
DA:146,16
DA:147,57
DA:148,57
DA:152,16
DA:153,55
DA:155,16
DA:156,17
DA:159,16
DA:161,16
DA:162,16
DA:163,16
DA:178,8
DA:179,0
DA:182,8
DA:184,8
DA:186,8
DA:188,8
DA:189,0
DA:193,8
DA:196,8
DA:198,8
DA:199,8
DA:201,8
DA:204,0
DA:210,0
DA:212,0
DA:213,0
DA:218,0
DA:220,0
DA:221,0
DA:228,340
DA:230,340
DA:232,340
DA:234,340
DA:235,198
DA:243,246
DA:245,246
DA:248,246
DA:250,246
DA:251,0
DA:253,0
DA:254,0
DA:259,246
DA:261,246
DA:262,20
DA:266,246
DA:268,246
DA:269,20
DA:273,246
DA:275,246
DA:277,246
DA:279,246
DA:280,246
DA:282,246
DA:284,246
DA:285,706
DA:293,340
DA:295,340
DA:297,340
DA:298,116
DA:299,116
DA:305,0
DA:318,1785
DA:319,248
DA:326,1785
DA:341,846
DA:344,112
DA:346,112
DA:360,282
DA:363,102
DA:365,102
DA:367,102
DA:369,102
DA:375,200
DA:384,6
DA:388,6
LF:121
LH:107
BRDA:35,0,0,148
BRDA:35,0,1,156
BRDA:36,1,0,52
BRDA:36,1,1,96
BRDA:107,2,0,843
BRDA:107,2,1,48
BRDA:109,3,0,827
BRDA:109,3,1,16
BRDA:113,4,0,241
BRDA:113,4,1,586
BRDA:113,5,0,827
BRDA:113,5,1,608
BRDA:117,6,0,50
BRDA:117,6,1,536
BRDA:131,7,0,0
BRDA:131,7,1,22
BRDA:137,8,0,6
BRDA:137,8,1,16
BRDA:147,9,0,57
BRDA:147,9,1,2
BRDA:153,10,0,55
BRDA:153,10,1,55
BRDA:156,11,0,17
BRDA:156,11,1,17
BRDA:178,12,0,0
BRDA:178,12,1,8
BRDA:199,13,0,8
BRDA:199,13,1,8
BRDA:201,14,0,0
BRDA:201,14,1,8
BRDA:201,15,0,8
BRDA:201,15,1,2
BRDA:212,16,0,0
BRDA:212,16,1,0
BRDA:213,17,0,0
BRDA:213,17,1,0
BRDA:220,18,0,0
BRDA:220,18,1,0
BRDA:221,19,0,0
BRDA:221,19,1,0
BRDA:234,20,0,198
BRDA:234,20,1,142
BRDA:253,21,0,0
BRDA:253,21,1,0
BRDA:261,22,0,20
BRDA:261,22,1,226
BRDA:268,23,0,20
BRDA:268,23,1,226
BRDA:297,24,0,116
BRDA:297,24,1,224
BRDA:298,25,0,12
BRDA:298,25,1,104
BRDA:318,26,0,248
BRDA:318,26,1,1537
BRDA:341,27,0,782
BRDA:341,27,1,64
BRDA:360,28,0,282
BRDA:360,28,1,164
BRDA:365,29,0,102
BRDA:365,29,1,0
BRDA:369,30,0,0
BRDA:369,30,1,102
BRF:62
BRH:47
end_of_record
TN:
SF:/Users/gurjar/workspace/release/coral-spectrum/coral-component-actionbar/src/scripts/getFirstSelectableWrappedItem.js
FN:15,getFirstSelectableWrappedItem
FNF:1
FNH:1
FNDA:2850,getFirstSelectableWrappedItem
DA:17,2850
DA:18,44
DA:21,2806
DA:23,1026
DA:26,1780
DA:28,1780
DA:29,1748
DA:31,1748
DA:32,928
DA:37,852
DA:38,820
DA:40,820
DA:41,1556
DA:43,1556
DA:44,18
DA:49,834
LF:16
LH:16
BRDA:17,0,0,44
BRDA:17,0,1,2806
BRDA:21,1,0,1026
BRDA:21,1,1,1780
BRDA:31,2,0,928
BRDA:31,2,1,820
BRDA:31,3,0,1748
BRDA:31,3,1,1054
BRDA:31,3,2,126
BRDA:43,4,0,18
BRDA:43,4,1,1538
BRDA:43,5,0,1556
BRDA:43,5,1,228
BRDA:43,5,2,210
BRF:14
BRH:14
end_of_record
TN:
SF:/Users/gurjar/workspace/release/coral-spectrum/coral-component-alert/src/scripts/Alert.js
FN:70,capitalize
FN:84,(anonymous_1)
FN:90,Alert
FN:127,_onCloseClick
FN:140,_insertTemplate
FN:160,render
FN:207,get
FN:210,set
FN:239,get
FN:242,set
FN:257,get
FN:260,set
FN:264,insert
FN:279,get
FN:282,set
FN:286,insert
FN:302,get
FN:305,set
FN:309,insert
FN:318,get
FN:333,get
FN:344,get
FN:351,get
FNF:23
FNH:23
FNDA:166,capitalize
FNDA:2,(anonymous_1)
FNDA:96,Alert
FNDA:8,_onCloseClick
FNDA:166,_insertTemplate
FNDA:78,render
FNDA:168,get
FNDA:88,set
FNDA:2,get
FNDA:78,set
FNDA:84,get
FNDA:80,set
FNDA:80,insert
FNDA:88,get
FNDA:80,set
FNDA:80,insert
FNDA:2,get
FNDA:80,set
FNDA:80,insert
FNDA:4788,get
FNDA:26,get
FNDA:10,get
FNDA:2,get
DA:39,2
DA:57,2
DA:61,2
DA:63,2
DA:65,2
DA:66,10
DA:70,2
DA:71,166
DA:84,2
DA:85,2
DA:87,2
DA:93,96
DA:95,96
DA:97,96
DA:104,96
DA:108,96
DA:120,2
DA:128,8
DA:129,8
DA:131,8
DA:132,6
DA:133,6
DA:136,8
DA:141,166
DA:142,78
DA:145,166
DA:147,166
DA:148,4
DA:152,166
DA:153,166
DA:154,166
DA:161,78
DA:163,78
DA:165,78
DA:167,78
DA:168,28
DA:171,78
DA:172,26
DA:175,78
DA:176,234
DA:178,234
DA:179,164
DA:183,78
DA:184,420
DA:186,420
DA:188,302
DA:191,118
DA:195,78
DA:198,78
DA:199,234
DA:202,234
DA:208,168
DA:213,88
DA:214,88
DA:216,88
DA:218,88
DA:221,88
DA:226,88
DA:240,2
DA:243,78
DA:244,78
DA:246,78
DA:258,84
DA:261,80
DA:265,80
DA:266,80
DA:280,88
DA:283,80
DA:287,80
DA:289,80
DA:303,2
DA:306,80
DA:310,80
DA:312,80
DA:319,4788
DA:334,26
DA:345,10
DA:352,2
DA:356,2
LF:79
LH:79
BRDA:99,0,0,96
BRDA:99,0,1,34
BRDA:100,1,0,96
BRDA:100,1,1,34
BRDA:101,2,0,96
BRDA:101,2,1,56
BRDA:131,3,0,6
BRDA:131,3,1,2
BRDA:131,4,0,8
BRDA:131,4,1,4
BRDA:141,5,0,78
BRDA:141,5,1,88
BRDA:147,6,0,4
BRDA:147,6,1,162
BRDA:147,7,0,166
BRDA:147,7,1,164
BRDA:167,8,0,28
BRDA:167,8,1,50
BRDA:171,9,0,26
BRDA:171,9,1,52
BRDA:178,10,0,164
BRDA:178,10,1,70
BRDA:186,11,0,302
BRDA:186,11,1,118
BRDA:186,12,0,420
BRDA:186,12,1,118
BRDA:186,12,2,118
BRDA:208,13,0,168
BRDA:208,13,1,2
BRDA:214,14,0,88
BRDA:214,14,1,88
BRDA:214,14,2,0
BRDA:240,15,0,2
BRDA:240,15,1,2
BRDA:244,16,0,78
BRDA:244,16,1,78
BRDA:244,16,2,0
BRF:37
BRH:35
end_of_record
TN:
SF:/Users/gurjar/workspace/release/coral-spectrum/coral-component-alert/src/scripts/AlertContent.js
FN:19,(anonymous_0)
FNF:1
FNH:0
FNDA:0,(anonymous_0)
DA:20,0
LF:1
LH:0
BRF:0
BRH:0
end_of_record
TN:
SF:/Users/gurjar/workspace/release/coral-spectrum/coral-component-alert/src/scripts/AlertFooter.js
FN:19,(anonymous_0)
FNF:1
FNH:0
FNDA:0,(anonymous_0)
DA:20,0
LF:1
LH:0
BRF:0
BRH:0
end_of_record
TN:
SF:/Users/gurjar/workspace/release/coral-spectrum/coral-component-alert/src/scripts/AlertHeader.js
FN:19,(anonymous_0)
FNF:1
FNH:0
FNDA:0,(anonymous_0)
DA:20,0
LF:1
LH:0
BRF:0
BRH:0
end_of_record
TN:
SF:/Users/gurjar/workspace/release/coral-spectrum/coral-component-anchorbutton/src/scripts/AnchorButton.js
FN:38,(anonymous_0)
FN:44,AnchorButton
FN:79,_onKeyDown
FN:90,_onKeyUp
FN:100,_onDisabledClick
FN:110,render
FN:124,get
FN:127,set
FN:138,get
FN:147,get
FNF:10
FNH:10
FNDA:2,(anonymous_0)
FNDA:350,AnchorButton
FNDA:6,_onKeyDown
FNDA:6,_onKeyUp
FNDA:28,_onDisabledClick
FNDA:302,render
FNDA:2924,get
FNDA:6,set
FNDA:2470,get
FNDA:2,get
DA:24,2
DA:38,2
DA:39,2
DA:41,2
DA:47,350
DA:49,350
DA:51,350
DA:57,350
DA:59,350
DA:71,2
DA:80,6
DA:81,6
DA:82,6
DA:83,6
DA:91,6
DA:92,6
DA:93,6
DA:101,28
DA:102,4
DA:111,302
DA:114,302
DA:116,302
DA:118,300
DA:119,300
DA:125,2924
DA:128,6
DA:130,6
DA:132,6
DA:133,6
DA:134,6
DA:139,2470
DA:148,2
DA:152,2
LF:33
LH:33
BRDA:80,0,0,6
BRDA:80,0,1,0
BRDA:91,1,0,6
BRDA:91,1,1,0
BRDA:101,2,0,4
BRDA:101,2,1,24
BRDA:116,3,0,300
BRDA:116,3,1,2
BRDA:125,4,0,2924
BRDA:125,4,1,2714
BRDA:133,5,0,6
BRDA:133,5,1,0
BRDA:134,6,0,6
BRDA:134,6,1,0
BRF:14
BRH:10
end_of_record
TN:
SF:/Users/gurjar/workspace/release/coral-spectrum/coral-component-anchorbutton/src/scripts/AnchorButtonLabel.js
FN:19,(anonymous_0)
FNF:1
FNH:0
FNDA:0,(anonymous_0)
DA:20,0
LF:1
LH:0
BRF:0
BRH:0
end_of_record
TN:
SF:/Users/gurjar/workspace/release/coral-spectrum/coral-component-autocomplete/src/scripts/Autocomplete.js
FN:90,(anonymous_0)
FN:96,Autocomplete
FN:110,(anonymous_2)
FN:192,_getName
FN:207,_setName
FN:220,_startObserving
FN:235,_stopObserving
FN:241,_onInputChange
FN:270,_handleMutation
FN:290,_setStateFromDOM
FN:303,_createOptionsFromDOM
FN:309,(anonymous_11)
FN:328,_setInputValues
FN:340,_reflectCurrentValue
FN:369,_setSelectedFromDOM
FN:416,_deselectExcept
FN:437,_addValue
FN:486,_removeValue
FN:533,_clearValues
FN:555,_resetValues
FN:567,_focusNextItem
FN:590,(anonymous_21)
FN:611,_focusPreviousItem
FN:636,(anonymous_23)
FN:653,_showSuggestions
FN:682,_onOverlayPositioned
FN:692,_onGlobalClick
FN:709,_onScroll
FN:718,_onMouseWheel
FN:728,_onMouseDown
FN:735,_handleScrollBottom
FN:758,_handleFocusOut
FN:771,(anonymous_32)
FN:789,_handleListFocusShift
FN:802,_hideSuggestionsAndFocus
FN:812,_handleTriggerClick
FN:827,_handleTriggerMousedown
FN:834,_handleListItemFocus
FN:856,_scrollItemIntoView
FN:871,_getMatches
FN:904,_handleInputKeypressEnter
FN:914,_handleInputEvent
FN:931,_handleInput
FN:959,(anonymous_43)
FN:1029,_selectItem
FN:1064,_handleInputUpKeypress
FN:1084,_handleInputDownKeypress
FN:1100,_handleInputTabKeypress
FN:1114,_handleSelect
FN:1140,(anonymous_49)
FN:1156,_preventTagListChangeEvent
FN:1161,_handleTagAdded
FN:1173,_handleTagRemoved
FN:1208,_handleItemValueChange
FN:1223,_handleItemContentChange
FN:1237,_handleItemSelectedChange
FN:1279,_optionContainsValue
FN:1298,_optionStartsWithValue
FN:1317,_optionEqualsValue
FN:1331,_updateButtonAccessibilityLabel
FN:1350,clear
FN:1365,clearSuggestions
FN:1392,addSuggestions
FN:1452,showSuggestions
FN:1464,(anonymous_64)
FN:1480,hideSuggestions
FN:1502,_onOverlayOpenOrClose
FN:1521,reset
FN:1535,connectedCallback
FN:1548,render
FN:1610,disconnectedCallback
FN:1640,get
FN:1652,get
FN:1675,get
FN:1678,set
FN:1705,get
FN:1708,set
FN:1730,get
FN:1733,set
FN:1749,get
FN:1752,set
FN:1767,get
FN:1770,set
FN:1786,get
FN:1789,set
FN:1818,get
FN:1821,set
FN:1846,get
FN:1849,set
FN:1880,get
FN:1892,get
FN:1906,get
FN:1911,set
FN:1923,get
FN:1926,set
FN:1991,get
FN:1994,set
FN:2005,get
FN:2008,set
FN:2028,get
FN:2031,set
FN:2057,get
FN:2060,set
FN:2082,get
FN:2085,set
FN:2098,get
FN:2101,set
FN:2120,get
FN:2123,set
FN:2144,get
FN:2147,set
FN:2154,get
FN:2165,get
FN:2170,get
FN:2180,get
FNF:115
FNH:99
FNDA:2,(anonymous_0)
FNDA:278,Autocomplete
FNDA:8,(anonymous_2)
FNDA:142,_getName
FNDA:132,_setName
FNDA:444,_startObserving
FNDA:166,_stopObserving
FNDA:12,_onInputChange
FNDA:248,_handleMutation
FNDA:522,_setStateFromDOM
FNDA:1370,_createOptionsFromDOM
FNDA:5044,(anonymous_11)
FNDA:948,_setInputValues
FNDA:578,_reflectCurrentValue
FNDA:522,_setSelectedFromDOM
FNDA:41,_deselectExcept
FNDA:350,_addValue
FNDA:206,_removeValue
FNDA:38,_clearValues
FNDA:160,_resetValues
FNDA:4,_focusNextItem
FNDA:4,(anonymous_21)
FNDA:0,_focusPreviousItem
FNDA:0,(anonymous_23)
FNDA:60,_showSuggestions
FNDA:92,_onOverlayPositioned
FNDA:1530,_onGlobalClick
FNDA:0,_onScroll
FNDA:0,_onMouseWheel
FNDA:24,_onMouseDown
FNDA:0,_handleScrollBottom
FNDA:36,_handleFocusOut
FNDA:31,(anonymous_32)
FNDA:68,_handleListFocusShift
FNDA:2,_hideSuggestionsAndFocus
FNDA:8,_handleTriggerClick
FNDA:2,_handleTriggerMousedown
FNDA:0,_handleListItemFocus
FNDA:2,_scrollItemIntoView
FNDA:102,_getMatches
FNDA:34,_handleInputKeypressEnter
FNDA:44,_handleInputEvent
FNDA:48,_handleInput
FNDA:18,(anonymous_43)
FNDA:83,_selectItem
FNDA:0,_handleInputUpKeypress
FNDA:8,_handleInputDownKeypress
FNDA:0,_handleInputTabKeypress
FNDA:26,_handleSelect
FNDA:26,(anonymous_49)
FNDA:0,_preventTagListChangeEvent
FNDA:366,_handleTagAdded
FNDA:270,_handleTagRemoved
FNDA:584,_handleItemValueChange
FNDA:264,_handleItemContentChange
FNDA:235,_handleItemSelectedChange
FNDA:128,_optionContainsValue
FNDA:0,_optionStartsWithValue
FNDA:142,_optionEqualsValue
FNDA:446,_updateButtonAccessibilityLabel
FNDA:6,clear
FNDA:64,clearSuggestions
FNDA:64,addSuggestions
FNDA:66,showSuggestions
FNDA:66,(anonymous_64)
FNDA:81,hideSuggestions
FNDA:28,_onOverlayOpenOrClose
FNDA:12,reset
FNDA:300,connectedCallback
FNDA:274,render
FNDA:300,disconnectedCallback
FNDA:0,get
FNDA:2477,get
FNDA:2379,get
FNDA:110,set
FNDA:60,get
FNDA:130,set
FNDA:674,get
FNDA:14,set
FNDA:40,get
FNDA:36,set
FNDA:8,get
FNDA:8,set
FNDA:12,get
FNDA:280,set
FNDA:0,get
FNDA:34,set
FNDA:0,get
FNDA:70,set
FNDA:829,get
FNDA:0,get
FNDA:189,get
FNDA:594,set
FNDA:533,get
FNDA:614,set
FNDA:142,get
FNDA:22,set
FNDA:278,get
FNDA:90,set
FNDA:1020,get
FNDA:32,set
FNDA:12,get
FNDA:0,set
FNDA:4,get
FNDA:0,set
FNDA:66,get
FNDA:12,set
FNDA:1008,get
FNDA:172,set
FNDA:2,get
FNDA:70,set
FNDA:2,get
FNDA:14,get
FNDA:222,get
FNDA:2,get
DA:35,2
DA:43,2
DA:50,2
DA:62,2
DA:77,2
DA:90,2
DA:91,2
DA:93,2
DA:99,278
DA:101,278
DA:103,278
DA:104,278
DA:110,278
DA:114,278
DA:115,278
DA:116,278
DA:146,278
DA:147,278
DA:149,278
DA:150,278
DA:151,278
DA:153,278
DA:154,278
DA:155,278
DA:156,278
DA:157,278
DA:159,278
DA:162,278
DA:164,278
DA:166,278
DA:168,278
DA:170,278
DA:172,278
DA:174,278
DA:176,278
DA:178,278
DA:188,2
DA:193,142
DA:194,108
DA:197,34
DA:208,132
DA:209,104
DA:210,104
DA:212,28
DA:213,28
DA:221,444
DA:236,166
DA:243,12
DA:245,12
DA:246,10
DA:248,10
DA:252,6
DA:254,6
DA:255,12
DA:256,12
DA:271,248
DA:272,248
DA:273,248
DA:275,248
DA:276,248
DA:278,248
DA:291,522
DA:293,522
DA:304,1370
DA:307,1370
DA:308,1370
DA:309,1370
DA:311,5044
DA:319,5044
DA:321,5044
DA:329,948
DA:332,948
DA:333,534
DA:342,578
DA:344,578
DA:345,578
DA:347,578
DA:349,164
DA:351,164
DA:353,89
DA:356,75
DA:360,578
DA:370,522
DA:372,522
DA:374,86
DA:376,82
DA:379,82
DA:380,164
DA:381,164
DA:383,164
DA:387,4
DA:389,4
DA:393,4
DA:395,436
DA:396,432
DA:397,40
DA:399,392
DA:417,41
DA:419,41
DA:421,41
DA:422,43
DA:423,2
DA:427,41
DA:438,350
DA:440,46
DA:442,46
DA:443,30
DA:446,16
DA:451,350
DA:453,350
DA:454,264
DA:457,350
DA:459,350
DA:460,346
DA:462,4
DA:466,350
DA:471,350
DA:473,350
DA:476,350
DA:488,206
DA:490,206
DA:492,202
DA:495,4
DA:498,4
DA:500,4
DA:501,4
DA:502,4
DA:504,4
DA:506,4
DA:511,4
DA:513,4
DA:515,4
DA:517,4
DA:520,4
DA:522,4
DA:534,38
DA:537,38
DA:539,38
DA:541,38
DA:542,46
DA:545,38
DA:557,160
DA:559,160
DA:561,160
DA:568,4
DA:571,4
DA:572,4
DA:573,4
DA:575,4
DA:580,4
DA:581,0
DA:583,0
DA:584,0
DA:586,4
DA:587,2
DA:590,4
DA:591,4
DA:592,2
DA:593,0
DA:596,2
DA:598,2
DA:599,2
DA:602,4
DA:603,2
DA:612,0
DA:615,0
DA:616,0
DA:617,0
DA:619,0
DA:624,0
DA:625,0
DA:627,0
DA:628,0
DA:631,0
DA:632,0
DA:633,0
DA:636,0
DA:637,0
DA:638,0
DA:640,0
DA:641,0
DA:644,0
DA:645,0
DA:655,60
DA:658,60
DA:660,60
DA:667,60
DA:669,60
DA:671,6
DA:673,6
DA:676,54
DA:677,54
DA:684,92
DA:686,92
DA:687,48
DA:693,1530
DA:694,1524
DA:697,6
DA:699,6
DA:701,6
DA:702,0
DA:710,0
DA:711,0
DA:712,0
DA:719,0
DA:722,0
DA:723,0
DA:729,24
DA:736,0
DA:738,0
DA:739,0
DA:742,0
DA:748,0
DA:750,0
DA:759,36
DA:761,36
DA:762,36
DA:763,36
DA:765,36
DA:766,12
DA:771,36
DA:772,31
DA:773,31
DA:775,31
DA:776,14
DA:778,17
DA:781,6
DA:790,68
DA:792,0
DA:793,0
DA:795,0
DA:804,2
DA:806,2
DA:813,8
DA:814,2
DA:818,6
DA:820,6
DA:828,2
DA:835,0
DA:836,0
DA:837,0
DA:838,0
DA:840,0
DA:841,0
DA:842,0
DA:845,0
DA:846,0
DA:848,0
DA:849,0
DA:857,2
DA:859,2
DA:861,2
DA:862,0
DA:863,2
DA:864,0
DA:872,102
DA:873,102
DA:875,102
DA:876,215
DA:877,102
DA:881,102
DA:884,41
DA:886,41
DA:887,55
DA:892,55
DA:893,8
DA:898,102
DA:906,34
DA:907,22
DA:916,44
DA:918,44
DA:920,14
DA:921,14
DA:924,30
DA:933,48
DA:934,0
DA:935,0
DA:936,0
DA:940,48
DA:943,48
DA:944,2
DA:946,2
DA:948,2
DA:952,48
DA:953,48
DA:955,48
DA:957,48
DA:959,15
DA:960,18
DA:962,15
DA:964,15
DA:966,15
DA:967,0
DA:969,0
DA:973,15
DA:977,15
DA:978,2
DA:982,15
DA:984,15
DA:985,8
DA:987,33
DA:989,3
DA:990,0
DA:992,3
DA:999,30
DA:1001,30
DA:1002,4
DA:1004,4
DA:1008,26
DA:1012,30
DA:1014,30
DA:1015,24
DA:1019,48
DA:1031,83
DA:1034,83
DA:1036,83
DA:1038,69
DA:1040,14
DA:1041,14
DA:1043,14
DA:1044,2
DA:1046,12
DA:1050,14
DA:1058,83
DA:1066,0
DA:1068,0
DA:1069,0
DA:1070,0
DA:1072,0
DA:1077,0
DA:1086,8
DA:1088,8
DA:1089,4
DA:1093,4
DA:1102,0
DA:1103,0
DA:1115,26
DA:1117,26
DA:1119,26
DA:1121,0
DA:1125,26
DA:1127,26
DA:1128,20
DA:1132,20
DA:1135,6
DA:1140,26
DA:1141,26
DA:1144,26
DA:1146,26
DA:1157,0
DA:1163,366
DA:1175,270
DA:1178,270
DA:1180,270
DA:1182,270
DA:1183,241
DA:1184,114
DA:1185,114
DA:1189,270
DA:1190,156
DA:1194,270
DA:1195,4
DA:1198,270
DA:1210,584
DA:1213,584
DA:1225,264
DA:1227,264
DA:1239,235
DA:1240,235
DA:1241,235
DA:1243,235
DA:1244,184
DA:1245,51
DA:1247,37
DA:1249,37
DA:1251,37
DA:1253,37
DA:1257,14
DA:1258,2
DA:1261,2
DA:1280,128
DA:1281,128
DA:1299,0
DA:1300,0
DA:1318,142
DA:1319,142
DA:1332,446
DA:1334,446
DA:1335,30
DA:1336,416
DA:1337,32
DA:1340,446
DA:1342,446
DA:1351,6
DA:1353,6
DA:1355,6
DA:1356,2
DA:1366,64
DA:1368,64
DA:1394,64
DA:1396,64
DA:1398,0
DA:1402,64
DA:1403,114
DA:1404,114
DA:1405,114
DA:1406,114
DA:1408,114
DA:1409,114
DA:1421,114
DA:1425,64
DA:1427,2
DA:1435,2
DA:1437,2
DA:1439,2
DA:1441,2
DA:1443,62
DA:1453,66
DA:1455,66
DA:1456,6
DA:1458,60
DA:1462,66
DA:1464,66
DA:1465,66
DA:1467,66
DA:1470,66
DA:1472,66
DA:1481,81
DA:1483,81
DA:1485,81
DA:1487,81
DA:1490,81
DA:1492,81
DA:1503,28
DA:1504,18
DA:1506,18
DA:1508,10
DA:1510,10
DA:1512,10
DA:1523,12
DA:1536,300
DA:1538,300
DA:1540,300
DA:1542,300
DA:1543,2
DA:1549,274
DA:1551,274
DA:1553,274
DA:1555,274
DA:1557,274
DA:1559,274
DA:1561,274
DA:1563,274
DA:1566,274
DA:1568,274
DA:1570,274
DA:1573,274
DA:1574,254
DA:1578,274
DA:1580,274
DA:1581,274
DA:1582,274
DA:1583,274
DA:1584,274
DA:1586,274
DA:1587,1370
DA:1589,1370
DA:1591,1290
DA:1594,80
DA:1599,274
DA:1601,274
DA:1604,274
DA:1611,300
DA:1613,300
DA:1615,300
DA:1616,4
DA:1617,4
DA:1641,0
DA:1654,2477
DA:1655,276
DA:1661,2477
DA:1676,2379
DA:1679,110
DA:1681,110
DA:1683,110
DA:1685,110
DA:1686,94
DA:1688,16
DA:1690,16
DA:1693,110
DA:1706,60
DA:1709,130
DA:1711,130
DA:1712,130
DA:1731,674
DA:1734,14
DA:1736,14
DA:1750,40
DA:1753,36
DA:1755,36
DA:1768,8
DA:1771,8
DA:1773,6
DA:1787,12
DA:1790,280
DA:1791,280
DA:1793,280
DA:1795,280
DA:1796,4
DA:1798,4
DA:1800,4
DA:1802,276
DA:1804,276
DA:1806,276
DA:1819,0
DA:1822,34
DA:1823,0
DA:1824,0
DA:1826,34
DA:1827,34
DA:1829,34
DA:1830,34
DA:1831,0
DA:1832,0
DA:1847,0
DA:1850,70
DA:1852,70
DA:1853,6
DA:1855,6
DA:1857,6
DA:1858,6
DA:1862,6
DA:1865,6
DA:1866,6
DA:1868,64
DA:1869,0
DA:1881,829
DA:1893,0
DA:1908,189
DA:1909,189
DA:1912,594
DA:1924,533
DA:1927,614
DA:1928,0
DA:1931,614
DA:1933,614
DA:1934,414
DA:1939,614
DA:1941,614
DA:1943,14
DA:1944,8
DA:1946,8
DA:1947,8
DA:1952,600
DA:1953,198
DA:1954,198
DA:1958,614
DA:1961,36
DA:1964,36
DA:1965,42
DA:1968,42
DA:1971,42
DA:1975,578
DA:1977,578
DA:1992,142
DA:1995,22
DA:1997,22
DA:2006,278
DA:2009,90
DA:2012,90
DA:2014,90
DA:2016,90
DA:2029,1020
DA:2032,32
DA:2034,32
DA:2036,32
DA:2038,32
DA:2040,32
DA:2041,32
DA:2042,32
DA:2043,32
DA:2045,32
DA:2058,12
DA:2061,0
DA:2063,0
DA:2065,0
DA:2066,0
DA:2067,0
DA:2068,0
DA:2070,0
DA:2083,4
DA:2086,0
DA:2088,0
DA:2090,0
DA:2099,66
DA:2102,12
DA:2104,12
DA:2106,12
DA:2108,12
DA:2109,6
DA:2111,6
DA:2121,1008
DA:2124,172
DA:2126,172
DA:2128,172
DA:2130,172
DA:2131,38
DA:2133,134
DA:2145,2
DA:2148,70
DA:2150,70
DA:2155,2
DA:2166,14
DA:2171,222
DA:2181,2
DA:2185,2
LF:616
LH:525
BRDA:193,0,0,108
BRDA:193,0,1,34
BRDA:208,1,0,104
BRDA:208,1,1,28
BRDA:245,2,0,10
BRDA:245,2,1,2
BRDA:248,3,0,6
BRDA:248,3,1,4
BRDA:248,4,0,10
BRDA:248,4,1,8
BRDA:255,5,0,12
BRDA:255,5,1,0
BRDA:275,6,0,248
BRDA:275,6,1,0
BRDA:275,7,0,248
BRDA:275,7,1,248
BRDA:332,8,0,534
BRDA:332,8,1,414
BRDA:332,9,0,948
BRDA:332,9,1,598
BRDA:342,10,0,164
BRDA:342,10,1,414
BRDA:347,11,0,164
BRDA:347,11,1,414
BRDA:351,12,0,89
BRDA:351,12,1,75
BRDA:372,13,0,86
BRDA:372,13,1,436
BRDA:374,14,0,82
BRDA:374,14,1,4
BRDA:395,15,0,432
BRDA:395,15,1,4
BRDA:396,16,0,40
BRDA:396,16,1,392
BRDA:417,17,0,41
BRDA:417,17,1,37
BRDA:422,18,0,2
BRDA:422,18,1,41
BRDA:438,19,0,46
BRDA:438,19,1,304
BRDA:442,20,0,30
BRDA:442,20,1,16
BRDA:453,21,0,264
BRDA:453,21,1,86
BRDA:459,22,0,346
BRDA:459,22,1,4
BRDA:490,23,0,202
BRDA:490,23,1,4
BRDA:500,24,0,4
BRDA:500,24,1,0
BRDA:501,25,0,4
BRDA:501,25,1,0
BRDA:513,26,0,4
BRDA:513,26,1,0
BRDA:520,27,0,4
BRDA:520,27,1,0
BRDA:580,28,0,0
BRDA:580,28,1,4
BRDA:583,29,0,0
BRDA:583,29,1,0
BRDA:586,30,0,2
BRDA:586,30,1,2
BRDA:586,31,0,4
BRDA:586,31,1,4
BRDA:591,32,0,2
BRDA:591,32,1,2
BRDA:592,33,0,0
BRDA:592,33,1,2
BRDA:602,34,0,2
BRDA:602,34,1,2
BRDA:624,35,0,0
BRDA:624,35,1,0
BRDA:627,36,0,0
BRDA:627,36,1,0
BRDA:632,37,0,0
BRDA:632,37,1,0
BRDA:632,38,0,0
BRDA:632,38,1,0
BRDA:637,39,0,0
BRDA:637,39,1,0
BRDA:644,40,0,0
BRDA:644,40,1,0
BRDA:669,41,0,6
BRDA:669,41,1,54
BRDA:686,42,0,48
BRDA:686,42,1,44
BRDA:693,43,0,1524
BRDA:693,43,1,6
BRDA:701,44,0,0
BRDA:701,44,1,6
BRDA:701,45,0,6
BRDA:701,45,1,0
BRDA:722,46,0,0
BRDA:722,46,1,0
BRDA:722,47,0,0
BRDA:722,47,1,0
BRDA:722,47,2,0
BRDA:722,47,3,0
BRDA:738,48,0,0
BRDA:738,48,1,0
BRDA:748,49,0,0
BRDA:748,49,1,0
BRDA:765,50,0,12
BRDA:765,50,1,24
BRDA:773,51,0,31
BRDA:773,51,1,19
BRDA:775,52,0,14
BRDA:775,52,1,17
BRDA:775,53,0,31
BRDA:775,53,1,24
BRDA:775,53,2,18
BRDA:778,54,0,6
BRDA:778,54,1,11
BRDA:778,55,0,17
BRDA:778,55,1,17
BRDA:778,55,2,7
BRDA:778,55,3,16
BRDA:778,55,4,13
BRDA:778,55,5,2
BRDA:790,56,0,0
BRDA:790,56,1,68
BRDA:813,57,0,2
BRDA:813,57,1,6
BRDA:840,58,0,0
BRDA:840,58,1,0
BRDA:845,59,0,0
BRDA:845,59,1,0
BRDA:861,60,0,0
BRDA:861,60,1,2
BRDA:863,61,0,0
BRDA:863,61,1,2
BRDA:872,62,0,102
BRDA:872,62,1,0
BRDA:876,63,0,102
BRDA:876,63,1,113
BRDA:881,64,0,41
BRDA:881,64,1,61
BRDA:892,65,0,8
BRDA:892,65,1,47
BRDA:906,66,0,22
BRDA:906,66,1,12
BRDA:918,67,0,14
BRDA:918,67,1,30
BRDA:933,68,0,0
BRDA:933,68,1,48
BRDA:933,69,0,48
BRDA:933,69,1,48
BRDA:943,70,0,2
BRDA:943,70,1,46
BRDA:943,71,0,48
BRDA:943,71,1,18
BRDA:946,72,0,2
BRDA:946,72,1,0
BRDA:952,73,0,48
BRDA:952,73,1,46
BRDA:957,74,0,15
BRDA:957,74,1,33
BRDA:959,75,0,15
BRDA:959,75,1,4
BRDA:966,76,0,0
BRDA:966,76,1,15
BRDA:967,77,0,0
BRDA:967,77,1,0
BRDA:977,78,0,2
BRDA:977,78,1,13
BRDA:984,79,0,8
BRDA:984,79,1,7
BRDA:987,80,0,3
BRDA:987,80,1,30
BRDA:989,81,0,0
BRDA:989,81,1,3
BRDA:990,82,0,0
BRDA:990,82,1,0
BRDA:990,82,2,0
BRDA:990,82,3,0
BRDA:1001,83,0,4
BRDA:1001,83,1,26
BRDA:1002,84,0,4
BRDA:1002,84,1,0
BRDA:1014,85,0,24
BRDA:1014,85,1,6
BRDA:1036,86,0,69
BRDA:1036,86,1,14
BRDA:1041,87,0,10
BRDA:1041,87,1,4
BRDA:1043,88,0,2
BRDA:1043,88,1,12
BRDA:1068,89,0,0
BRDA:1068,89,1,0
BRDA:1069,90,0,0
BRDA:1069,90,1,0
BRDA:1088,91,0,4
BRDA:1088,91,1,4
BRDA:1102,92,0,0
BRDA:1102,92,1,0
BRDA:1102,93,0,0
BRDA:1102,93,1,0
BRDA:1119,94,0,0
BRDA:1119,94,1,26
BRDA:1119,95,0,26
BRDA:1119,95,1,26
BRDA:1127,96,0,20
BRDA:1127,96,1,6
BRDA:1183,97,0,114
BRDA:1183,97,1,127
BRDA:1189,98,0,156
BRDA:1189,98,1,114
BRDA:1194,99,0,4
BRDA:1194,99,1,266
BRDA:1243,100,0,184
BRDA:1243,100,1,51
BRDA:1244,101,0,134
BRDA:1244,101,1,50
BRDA:1245,102,0,37
BRDA:1245,102,1,14
BRDA:1257,103,0,2
BRDA:1257,103,1,12
BRDA:1280,104,0,128
BRDA:1280,104,1,0
BRDA:1281,105,0,128
BRDA:1281,105,1,16
BRDA:1299,106,0,0
BRDA:1299,106,1,0
BRDA:1318,107,0,142
BRDA:1318,107,1,0
BRDA:1334,108,0,30
BRDA:1334,108,1,416
BRDA:1336,109,0,32
BRDA:1336,109,1,384
BRDA:1355,110,0,2
BRDA:1355,110,1,4
BRDA:1396,111,0,0
BRDA:1396,111,1,64
BRDA:1408,112,0,114
BRDA:1408,112,1,0
BRDA:1408,113,0,114
BRDA:1408,113,1,24
BRDA:1425,114,0,2
BRDA:1425,114,1,62
BRDA:1425,115,0,64
BRDA:1425,115,1,2
BRDA:1455,116,0,6
BRDA:1455,116,1,60
BRDA:1503,117,0,18
BRDA:1503,117,1,10
BRDA:1542,118,0,2
BRDA:1542,118,1,298
BRDA:1573,119,0,254
BRDA:1573,119,1,20
BRDA:1589,120,0,1290
BRDA:1589,120,1,80
BRDA:1589,121,0,1370
BRDA:1589,121,1,670
BRDA:1589,121,2,670
BRDA:1615,122,0,4
BRDA:1615,122,1,296
BRDA:1616,123,0,4
BRDA:1616,123,1,0
BRDA:1654,124,0,276
BRDA:1654,124,1,2201
BRDA:1676,125,0,2379
BRDA:1676,125,1,1511
BRDA:1685,126,0,94
BRDA:1685,126,1,16
BRDA:1706,127,0,30
BRDA:1706,127,1,30
BRDA:1711,128,0,130
BRDA:1711,128,1,0
BRDA:1711,129,0,130
BRDA:1711,129,1,130
BRDA:1731,130,0,674
BRDA:1731,130,1,653
BRDA:1787,131,0,12
BRDA:1787,131,1,0
BRDA:1791,132,0,280
BRDA:1791,132,1,280
BRDA:1791,132,2,0
BRDA:1795,133,0,4
BRDA:1795,133,1,276
BRDA:1819,134,0,0
BRDA:1819,134,1,0
BRDA:1822,135,0,0
BRDA:1822,135,1,34
BRDA:1827,136,0,34
BRDA:1827,136,1,34
BRDA:1827,136,2,0
BRDA:1829,137,0,34
BRDA:1829,137,1,0
BRDA:1831,138,0,0
BRDA:1831,138,1,0
BRDA:1847,139,0,0
BRDA:1847,139,1,0
BRDA:1852,140,0,6
BRDA:1852,140,1,64
BRDA:1857,141,0,6
BRDA:1857,141,1,0
BRDA:1865,142,0,6
BRDA:1865,142,1,0
BRDA:1868,143,0,0
BRDA:1868,143,1,64
BRDA:1893,144,0,0
BRDA:1893,144,1,0
BRDA:1909,145,0,123
BRDA:1909,145,1,66
BRDA:1909,146,0,189
BRDA:1909,146,1,189
BRDA:1927,147,0,0
[...]
BRDA:455,62,0,20
BRDA:455,62,1,16
BRDA:476,63,0,0
BRDA:476,63,1,110
BRDA:495,64,0,90
BRDA:495,64,1,6422
BRDA:501,65,0,62
BRDA:501,65,1,28
BRDA:510,66,0,14
BRDA:510,66,1,76
BRDA:510,67,0,90
BRDA:510,67,1,90
BRDA:518,68,0,20
BRDA:518,68,1,70
BRDA:521,69,0,20
BRDA:521,69,1,0
BRDA:560,70,0,12
BRDA:560,70,1,78
BRDA:560,71,0,90
BRDA:560,71,1,90
BRDA:574,72,0,6
BRDA:574,72,1,84
BRDA:580,73,0,50
BRDA:580,73,1,40
BRDA:581,74,0,0
BRDA:581,74,1,50
BRDA:581,75,0,50
BRDA:581,75,1,46
BRDA:588,76,0,2
BRDA:588,76,1,88
BRDA:634,77,0,4
BRDA:634,77,1,578
BRDA:634,78,0,582
BRDA:634,78,1,202
BRDA:644,79,0,184
BRDA:644,79,1,398
BRDA:644,80,0,582
BRDA:644,80,1,580
BRDA:644,80,2,400
BRDA:647,81,0,184
BRDA:647,81,1,0
BRDA:647,82,0,184
BRDA:647,82,1,184
BRDA:649,83,0,184
BRDA:649,83,1,180
BRDA:693,84,0,38
BRDA:693,84,1,386
BRDA:693,85,0,424
BRDA:693,85,1,418
BRDA:693,85,2,404
BRDA:715,86,0,674
BRDA:715,86,1,292
BRDA:715,86,2,382
BRDA:758,87,0,562
BRDA:758,87,1,0
BRF:184
BRH:130
end_of_record
TN:
SF:/Users/gurjar/workspace/release/coral-spectrum/coral-utils/src/scripts/Commons.js
FN:20,cleanOption
FN:41,cssTimeToMilliseconds
FN:67,returnFirst
FN:69,(anonymous_3)
FN:91,isFunction
FN:99,(anonymous_5)
FN:101,Commons
FN:108,(anonymous_7)
FN:158,_log
FN:181,extend
FN:212,augment
FN:258,swapKeysAndValues
FN:276,nextFrame
FN:277,(anonymous_13)
FN:296,transitionEnd
FN:308,onTransitionEnd
FN:363,_define
FN:380,ready
FN:422,(anonymous_18)
FN:424,(anonymous_19)
FN:447,setSubProperty
FN:487,getSubProperty
FN:522,_applyMixin
FN:548,mixin
FN:565,getUID
FN:582,callAll
FN:605,(anonymous_26)
FN:615,(anonymous_27)
FN:644,addResizeListener
FN:667,removeResizeListener
FN:694,get
FN:709,get
FN:722,get
FNF:33
FNH:28
FNDA:0,cleanOption
FNDA:1855,cssTimeToMilliseconds
FNDA:0,returnFirst
FNDA:0,(anonymous_3)
FNDA:48,isFunction
FNDA:2,(anonymous_5)
FNDA:2,Commons
FNDA:391,(anonymous_7)
FNDA:424,_log
FNDA:172918,extend
FNDA:138,augment
FNDA:192114,swapKeysAndValues
FNDA:48,nextFrame
FNDA:48,(anonymous_13)
FNDA:1855,transitionEnd
FNDA:1855,onTransitionEnd
FNDA:236,_define
FNDA:100,ready
FNDA:86,(anonymous_18)
FNDA:0,(anonymous_19)
FNDA:100,setSubProperty
FNDA:16,getSubProperty
FNDA:14,_applyMixin
FNDA:12,mixin
FNDA:88246,getUID
FNDA:12,callAll
FNDA:0,(anonymous_26)
FNDA:8,(anonymous_27)
FNDA:1342,addResizeListener
FNDA:2,removeResizeListener
FNDA:428,get
FNDA:7571,get
FNDA:4,get
DA:18,2
DA:20,2
DA:21,0
DA:22,0
DA:26,2
DA:28,2
DA:30,2
DA:42,1855
DA:43,1855
DA:45,1855
DA:46,918
DA:49,1855
DA:50,918
DA:51,937
DA:52,0
DA:56,937
DA:69,0
DA:70,0
DA:71,0
DA:74,0
DA:75,0
DA:76,0
DA:92,48
DA:99,2
DA:102,2
DA:104,2
DA:107,2
DA:108,2
DA:109,391
DA:110,833
DA:112,833
DA:114,833
DA:115,833
DA:116,833
DA:121,2
DA:122,2
DA:123,2
DA:124,2
DA:125,2
DA:127,2
DA:128,0
DA:129,0
DA:131,2
DA:147,2
DA:159,424
DA:160,422
DA:161,422
DA:164,422
DA:182,172918
DA:184,172918
DA:185,173118
DA:187,173118
DA:188,756494
DA:192,172918
DA:213,138
DA:215,138
DA:216,138
DA:218,138
DA:219,132
DA:221,132
DA:224,138
DA:225,258
DA:227,258
DA:228,354
DA:229,112
DA:231,106
DA:233,106
DA:234,104
DA:239,242
DA:244,138
DA:259,192114
DA:261,192114
DA:262,828545
DA:265,192114
DA:277,48
DA:278,48
DA:279,48
DA:298,1855
DA:299,1855
DA:300,1855
DA:306,1855
DA:308,1855
DA:309,1855
DA:311,1855
DA:312,1855
DA:313,1855
DA:315,1855
DA:317,1855
DA:326,1855
DA:327,1855
DA:328,1855
DA:329,1855
DA:333,1855
DA:334,1855
DA:336,1855
DA:338,1855
DA:340,629
DA:343,629
DA:347,1855
DA:364,236
DA:365,236
DA:381,100
DA:383,100
DA:384,6
DA:385,6
DA:388,100
DA:389,0
DA:392,100
DA:394,2
DA:395,2
DA:399,98
DA:400,98
DA:402,98
DA:404,98
DA:405,86
DA:406,86
DA:410,98
DA:411,178
DA:413,178
DA:414,178
DA:416,178
DA:421,98
DA:422,86
DA:423,86
DA:425,0
DA:429,12
DA:448,100
DA:449,100
DA:451,100
DA:453,96
DA:454,96
DA:458,4
DA:459,8
DA:461,8
DA:462,8
DA:464,0
DA:469,4
DA:488,16
DA:489,16
DA:491,16
DA:493,10
DA:497,6
DA:498,18
DA:500,18
DA:501,18
DA:503,0
DA:507,6
DA:523,14
DA:525,14
DA:526,10
DA:527,4
DA:528,4
DA:530,0
DA:549,12
DA:550,2
DA:551,4
DA:554,10
DA:566,88246
DA:583,12
DA:584,48
DA:587,12
DA:589,12
DA:590,6
DA:594,12
DA:596,12
DA:598,12
DA:600,0
DA:601,12
DA:603,2
DA:604,10
DA:605,2
DA:609,8
DA:611,2
DA:615,8
DA:620,8
DA:621,22
DA:622,22
DA:624,22
DA:625,8
DA:629,8
DA:646,1342
DA:647,1342
DA:650,1342
DA:653,1342
DA:669,2
DA:671,2
DA:674,2
DA:676,2
DA:677,2
DA:679,2
DA:680,2
DA:695,428
DA:696,428
DA:698,428
DA:700,0
DA:701,0
DA:705,428
DA:710,7571
DA:723,4
DA:727,2
DA:793,2
LF:201
LH:182
BRDA:45,0,0,918
BRDA:45,0,1,937
BRDA:49,1,0,918
BRDA:49,1,1,937
BRDA:51,2,0,0
BRDA:51,2,1,937
BRDA:114,3,0,833
BRDA:114,3,1,0
BRDA:127,4,0,0
BRDA:127,4,1,2
BRDA:159,5,0,422
BRDA:159,5,1,2
BRDA:159,6,0,424
BRDA:159,6,1,422
BRDA:182,7,0,0
BRDA:182,7,1,172918
BRDA:185,8,0,0
BRDA:185,8,1,173118
BRDA:185,9,0,173118
BRDA:185,9,1,173118
BRDA:213,10,0,0
BRDA:213,10,1,138
BRDA:216,11,0,0
BRDA:216,11,1,138
BRDA:216,12,0,138
BRDA:216,12,1,138
BRDA:218,13,0,132
BRDA:218,13,1,6
BRDA:225,14,0,0
BRDA:225,14,1,258
BRDA:225,15,0,258
BRDA:225,15,1,258
BRDA:228,16,0,112
BRDA:228,16,1,242
BRDA:229,17,0,106
BRDA:229,17,1,6
BRDA:233,18,0,104
BRDA:233,18,1,2
BRDA:278,19,0,48
BRDA:278,19,1,0
BRDA:311,20,0,1855
BRDA:311,20,1,0
BRDA:327,21,0,1855
BRDA:327,21,1,0
BRDA:333,22,0,1855
BRDA:333,22,1,0
BRDA:338,23,0,629
BRDA:338,23,1,1226
BRDA:383,24,0,6
BRDA:383,24,1,94
BRDA:388,25,0,0
BRDA:388,25,1,100
BRDA:392,26,0,2
BRDA:392,26,1,98
BRDA:399,27,0,98
BRDA:399,27,1,2
BRDA:404,28,0,86
BRDA:404,28,1,12
BRDA:404,29,0,98
BRDA:404,29,1,92
BRDA:404,29,2,92
BRDA:405,30,0,86
BRDA:405,30,1,86
BRDA:413,31,0,178
BRDA:413,31,1,0
BRDA:414,32,0,178
BRDA:414,32,1,178
BRDA:421,33,0,86
BRDA:421,33,1,12
BRDA:423,34,0,86
BRDA:423,34,1,86
BRDA:423,34,2,0
BRDA:429,35,0,12
BRDA:429,35,1,6
BRDA:429,35,2,6
BRDA:451,36,0,96
BRDA:451,36,1,4
BRDA:461,37,0,8
BRDA:461,37,1,0
BRDA:491,38,0,10
BRDA:491,38,1,6
BRDA:500,39,0,18
BRDA:500,39,1,0
BRDA:500,40,0,18
BRDA:500,40,1,12
BRDA:525,41,0,10
BRDA:525,41,1,4
BRDA:527,42,0,4
BRDA:527,42,1,0
BRDA:527,43,0,4
BRDA:527,43,1,4
BRDA:549,44,0,2
BRDA:549,44,1,10
BRDA:589,45,0,6
BRDA:589,45,1,6
BRDA:598,46,0,0
BRDA:598,46,1,12
BRDA:598,47,0,12
BRDA:598,47,1,2
BRDA:601,48,0,2
BRDA:601,48,1,10
BRDA:604,49,0,2
BRDA:604,49,1,8
BRDA:609,50,0,2
BRDA:609,50,1,6
BRDA:624,51,0,8
BRDA:624,51,1,14
BRDA:646,52,0,1342
BRDA:646,52,1,0
BRDA:676,53,0,2
BRDA:676,53,1,0
BRDA:679,54,0,2
BRDA:679,54,1,0
BRDA:700,55,0,0
BRDA:700,55,1,0
BRF:115
BRH:91
end_of_record
TN:
SF:/Users/gurjar/workspace/release/coral-spectrum/coral-utils/src/scripts/Events.js
FN:20,(anonymous_0)
FN:25,Events
FN:47,on
FN:68,off
FN:91,dispatch
FN:100,destroy
FNF:6
FNH:5
FNDA:2,(anonymous_0)
FNDA:2,Events
FNDA:52988,on
FNDA:44887,off
FNDA:2,dispatch
FNDA:0,destroy
DA:20,2
DA:26,2
DA:28,2
DA:45,2
DA:48,52988
DA:50,52988
DA:69,44887
DA:71,44887
DA:92,2
DA:101,0
DA:105,2
DA:114,2
LF:12
LH:11
BRF:0
BRH:0
end_of_record
TN:
SF:/Users/gurjar/workspace/release/coral-spectrum/coral-utils/src/scripts/I18nProvider.js
FN:159,(anonymous_0)
FN:166,I18nProvider
FN:254,set
FN:387,get
FN:464,(anonymous_4)
FN:476,get
FN:479,set
FNF:7
FNH:5
FNDA:2,(anonymous_0)
FNDA:2,I18nProvider
FNDA:0,set
FNDA:38540,get
FNDA:1562,(anonymous_4)
FNDA:124722,get
FNDA:0,set
DA:103,2
DA:152,2
DA:159,2
DA:167,2
DA:169,2
DA:171,2
DA:173,2
DA:174,2
DA:177,2
DA:252,2
DA:255,0
DA:258,0
DA:259,0
DA:262,0
DA:264,0
DA:265,0
DA:266,0
DA:267,0
DA:269,0
DA:270,0
DA:271,0
DA:272,0
DA:273,0
DA:275,0
DA:276,0
DA:279,0
DA:282,0
DA:285,0
DA:286,0
DA:287,0
DA:288,0
DA:289,0
DA:291,0
DA:294,0
DA:295,0
DA:296,0
DA:297,0
DA:298,0
DA:300,0
DA:301,0
DA:304,0
DA:306,0
DA:309,0
DA:312,0
DA:388,38540
DA:389,42566
DA:392,38540
DA:394,0
DA:399,38540
DA:401,38540
DA:402,38540
DA:404,38540
DA:405,38540
DA:406,38540
DA:409,38540
DA:410,236
DA:412,236
DA:414,236
DA:415,236
DA:417,236
DA:418,0
DA:423,236
DA:424,0
DA:428,38304
DA:430,38304
DA:432,2464
DA:433,35840
DA:434,0
DA:438,38304
DA:439,3790
DA:444,38540
DA:445,2464
DA:449,38540
DA:451,38540
DA:452,962362
DA:453,923822
DA:459,38540
DA:460,36978
DA:464,1562
DA:465,1562
DA:466,1562
DA:477,124722
DA:480,0
DA:484,2
DA:488,2
DA:489,2
DA:496,2
LF:87
LH:48
BRDA:169,0,0,2
BRDA:169,0,1,0
BRDA:173,1,0,2
BRDA:173,1,1,0
BRDA:255,2,0,0
BRDA:255,2,1,0
BRDA:262,3,0,0
BRDA:262,3,1,0
BRDA:265,4,0,0
BRDA:265,4,1,0
BRDA:266,5,0,0
BRDA:266,5,1,0
BRDA:269,6,0,0
BRDA:269,6,1,0
BRDA:269,7,0,0
BRDA:269,7,1,0
BRDA:275,8,0,0
BRDA:275,8,1,0
BRDA:285,9,0,0
BRDA:285,9,1,0
BRDA:286,10,0,0
BRDA:286,10,1,0
BRDA:286,11,0,0
BRDA:286,11,1,0
BRDA:286,11,2,0
BRDA:286,11,3,0
BRDA:294,12,0,0
BRDA:294,12,1,0
BRDA:295,13,0,0
BRDA:295,13,1,0
BRDA:295,14,0,0
BRDA:295,14,1,0
BRDA:295,14,2,0
BRDA:300,15,0,0
BRDA:300,15,1,0
BRDA:392,16,0,0
BRDA:392,16,1,38540
BRDA:402,17,0,1562
BRDA:402,17,1,36978
BRDA:409,18,0,236
BRDA:409,18,1,38304
BRDA:409,19,0,38540
BRDA:409,19,1,38540
BRDA:417,20,0,0
BRDA:417,20,1,236
BRDA:417,21,0,236
BRDA:417,21,1,236
BRDA:423,22,0,0
BRDA:423,22,1,236
BRDA:430,23,0,2464
BRDA:430,23,1,35840
BRDA:433,24,0,0
BRDA:433,24,1,35840
BRDA:444,25,0,2464
BRDA:444,25,1,36076
BRDA:452,26,0,923822
BRDA:452,26,1,38540
BRDA:452,27,0,962362
BRDA:452,27,1,962362
BRDA:453,28,0,923822
BRDA:453,28,1,869318
BRDA:459,29,0,36978
BRDA:459,29,1,1562
BRDA:489,30,0,2
BRDA:489,30,1,2
BRF:65
BRH:28
end_of_record
TN:
SF:/Users/gurjar/workspace/release/coral-spectrum/coral-utils/src/scripts/Keys.js
FN:146,normalizeCode
FN:150,mapSpecialEventKeyToSpecialAPIDefinition
FN:185,_keyToCode
FN:198,cleanupFilteredListeners
FN:222,(anonymous_4)
FN:240,Keys
FN:303,_resetSequence
FN:306,(anonymous_7)
FN:313,_setCurrentKeyCombo
FN:338,reset
FN:347,_processSequences
FN:352,(anonymous_11)
FN:373,_executeListeners
FN:459,_handleKeyDown
FN:489,_handleKeyUp
FN:521,_keySequenceStringToArray
FN:543,on
FN:632,_offByKeyComboString
FN:676,off
FN:738,destroy
FN:764,init
FN:801,_keyComboToCodeString
FN:813,filterInputs
FN:837,keyToCode
FN:848,get
FNF:25
FNH:25
FNDA:256957,normalizeCode
FNDA:128950,mapSpecialEventKeyToSpecialAPIDefinition
FNDA:128948,_keyToCode
FNDA:2114,cleanupFilteredListeners
FNDA:2,(anonymous_4)
FNDA:12889,Keys
FNDA:352,_resetSequence
FNDA:120,(anonymous_7)
FNDA:3608,_setCurrentKeyCombo
FNDA:20060,reset
FNDA:1960,_processSequences
FNDA:1908,(anonymous_11)
FNDA:3780,_executeListeners
FNDA:2158,_handleKeyDown
FNDA:254799,_handleKeyUp
FNDA:20,_keySequenceStringToArray
FNDA:111182,on
FNDA:7064,_offByKeyComboString
FNDA:6952,off
FNDA:44223,destroy
FNDA:29417,init
FNDA:118156,_keyComboToCodeString
FNDA:1920,filterInputs
FNDA:1698,keyToCode
FNDA:2158,get
DA:22,2
DA:41,2
DA:53,2
DA:59,2
DA:73,2
DA:125,2
DA:127,2
DA:134,2
DA:147,256957
DA:152,128950
DA:154,4832
DA:157,2
DA:160,0
DA:163,0
DA:166,0
DA:169,0
DA:172,124116
DA:186,128948
DA:188,128948
DA:190,128948
DA:191,0
DA:195,128948
DA:199,2114
DA:201,2114
DA:202,2112
DA:207,2
DA:209,2
DA:210,2
DA:211,2
DA:215,2
DA:222,2
DA:241,12889
DA:243,12887
DA:245,12887
DA:246,0
DA:250,12887
DA:252,12887
DA:257,12887
DA:262,12887
DA:267,12887
DA:272,12887
DA:277,12887
DA:282,12887
DA:287,12887
DA:292,12887
DA:293,12887
DA:294,12887
DA:295,12887
DA:296,12887
DA:298,12887
DA:301,2
DA:304,352
DA:306,352
DA:308,120
DA:315,3608
DA:317,3608
DA:318,14432
DA:320,14432
DA:321,232
DA:326,3608
DA:341,20060
DA:342,20060
DA:343,20060
DA:348,1960
DA:350,1960
DA:352,1960
DA:353,1908
DA:355,134
DA:358,1774
DA:361,1908
DA:363,32
DA:365,32
DA:369,1960
DA:375,3780
DA:376,1516
DA:380,2264
DA:381,152
DA:384,2112
DA:385,2112
DA:386,2112
DA:388,2112
DA:389,2112
DA:393,2112
DA:394,1008
DA:395,2
DA:396,2
DA:402,2112
DA:405,1960
DA:408,2112
DA:409,892
DA:412,2112
DA:413,24
DA:416,2112
DA:417,896
DA:418,9044
DA:420,9044
DA:421,924
DA:423,924
DA:424,44
DA:425,44
DA:428,924
DA:430,924
DA:431,706
DA:436,8338
DA:437,48
DA:441,8338
DA:443,8338
DA:444,8338
DA:448,896
DA:449,426
DA:452,896
DA:453,426
DA:460,2158
DA:461,2158
DA:463,2158
DA:465,2158
DA:466,80
DA:469,2078
DA:470,1906
DA:472,1906
DA:475,2078
DA:478,2078
DA:479,66
DA:482,2078
DA:484,6
DA:490,254799
DA:492,254799
DA:499,2836
DA:504,2836
DA:508,251963
DA:510,251963
DA:511,1702
DA:514,1702
DA:516,1702
DA:522,20
DA:545,111182
DA:547,4
DA:550,2
DA:551,2
DA:554,4
DA:555,8
DA:558,4
DA:561,111178
DA:563,722
DA:564,722
DA:565,110456
DA:566,110446
DA:568,87478
DA:569,87478
DA:572,22968
DA:573,22968
DA:574,22968
DA:578,111178
DA:579,0
DA:583,111178
DA:585,111178
DA:586,110448
DA:587,110448
DA:592,111178
DA:594,111178
DA:597,20
DA:600,20
DA:611,111158
DA:613,111158
DA:614,111158
DA:616,111158
DA:628,111178
DA:634,7064
DA:636,7064
DA:637,7042
DA:639,26
DA:640,7016
DA:642,98
DA:644,158
DA:645,4
DA:646,4
DA:651,6918
DA:652,1696136
DA:653,10930
DA:654,10930
DA:677,6952
DA:678,56
DA:679,56
DA:684,6952
DA:686,6952
DA:687,6902
DA:688,6902
DA:691,6952
DA:693,4
DA:694,120
DA:698,4
DA:699,12
DA:700,2
DA:702,2
DA:706,4
DA:709,6948
DA:711,4
DA:712,28
DA:713,8
DA:715,8
DA:719,6944
DA:721,6944
DA:724,6948
DA:739,44223
DA:740,16
DA:741,16
DA:742,16
DA:744,16
DA:747,44223
DA:748,44223
DA:749,44223
DA:765,29417
DA:767,12889
DA:768,12889
DA:769,12889
DA:770,12889
DA:772,12889
DA:776,29417
DA:781,29417
DA:782,29417
DA:783,29417
DA:803,118156
DA:804,4
DA:807,118152
DA:815,1920
DA:816,86
DA:819,1834
DA:820,1834
DA:821,1834
DA:822,1834
DA:823,1834
DA:838,1698
DA:849,2158
DA:853,2
DA:863,2
LF:235
LH:228
BRDA:147,0,0,256957
BRDA:147,0,1,256157
BRDA:152,1,0,4832
BRDA:152,1,1,2
BRDA:152,1,2,0
BRDA:152,1,3,0
BRDA:152,1,4,0
BRDA:152,1,5,0
BRDA:152,1,6,124116
BRDA:188,2,0,128948
BRDA:188,2,1,10768
BRDA:190,3,0,0
BRDA:190,3,1,128948
BRDA:190,4,0,128948
BRDA:190,4,1,1440
BRDA:195,5,0,128948
BRDA:195,5,1,1440
BRDA:201,6,0,2112
BRDA:201,6,1,2
BRDA:201,7,0,2114
BRDA:201,7,1,956
BRDA:201,7,2,6
BRDA:210,8,0,2
BRDA:210,8,1,0
BRDA:210,9,0,2
BRDA:210,9,1,0
BRDA:243,10,0,12887
BRDA:243,10,1,26
BRDA:245,11,0,0
BRDA:245,11,1,12887
BRDA:250,12,0,0
BRDA:250,12,1,12887
BRDA:257,13,0,12887
BRDA:257,13,1,83
BRDA:262,14,0,12887
BRDA:262,14,1,12885
BRDA:267,15,0,12887
BRDA:267,15,1,12885
BRDA:320,16,0,232
BRDA:320,16,1,14200
BRDA:353,17,0,134
BRDA:353,17,1,1774
BRDA:361,18,0,32
BRDA:361,18,1,1876
BRDA:375,19,0,1516
BRDA:375,19,1,2264
BRDA:380,20,0,152
BRDA:380,20,1,2112
BRDA:384,21,0,2112
BRDA:384,21,1,0
BRDA:385,22,0,152
BRDA:385,22,1,1960
BRDA:393,23,0,1008
BRDA:393,23,1,1104
BRDA:393,24,0,2112
BRDA:393,24,1,1960
BRDA:394,25,0,2
BRDA:394,25,1,1006
BRDA:402,26,0,1960
BRDA:402,26,1,152
BRDA:408,27,0,892
BRDA:408,27,1,1220
BRDA:408,28,0,2112
BRDA:408,28,1,956
BRDA:412,29,0,24
BRDA:412,29,1,2088
BRDA:412,30,0,2112
BRDA:412,30,1,1960
BRDA:416,31,0,896
BRDA:416,31,1,1216
BRDA:416,32,0,2112
BRDA:416,32,1,2112
BRDA:420,33,0,924
BRDA:420,33,1,8120
BRDA:423,34,0,44
BRDA:423,34,1,880
BRDA:424,35,0,44
BRDA:424,35,1,20
BRDA:430,36,0,706
BRDA:430,36,1,218
BRDA:436,37,0,48
BRDA:436,37,1,8290
BRDA:444,38,0,8338
BRDA:444,38,1,8018
BRDA:448,39,0,426
BRDA:448,39,1,470
BRDA:452,40,0,426
BRDA:452,40,1,470
BRDA:465,41,0,80
BRDA:465,41,1,2078
BRDA:469,42,0,1906
BRDA:469,42,1,172
BRDA:478,43,0,66
BRDA:478,43,1,2012
BRDA:482,44,0,6
BRDA:482,44,1,2072
BRDA:492,45,0,2836
BRDA:492,45,1,251963
BRDA:510,46,0,1702
BRDA:510,46,1,250261
BRDA:545,47,0,4
BRDA:545,47,1,111178
BRDA:547,48,0,2
BRDA:547,48,1,2
BRDA:550,49,0,2
BRDA:550,49,1,2
BRDA:561,50,0,722
BRDA:561,50,1,110456
BRDA:561,51,0,111178
BRDA:561,51,1,730
BRDA:565,52,0,110446
BRDA:565,52,1,10
BRDA:566,53,0,87478
BRDA:566,53,1,22968
BRDA:578,54,0,0
BRDA:578,54,1,111178
BRDA:585,55,0,110448
BRDA:585,55,1,730
BRDA:592,56,0,87484
BRDA:592,56,1,23694
BRDA:594,57,0,20
BRDA:594,57,1,111158
BRDA:594,58,0,111178
BRDA:594,58,1,20
BRDA:614,59,0,111158
BRDA:614,59,1,94324
BRDA:620,60,0,87484
BRDA:620,60,1,23674
BRDA:636,61,0,7042
BRDA:636,61,1,22
BRDA:636,62,0,7064
BRDA:636,62,1,7064
BRDA:637,63,0,26
BRDA:637,63,1,7016
BRDA:637,64,0,7042
BRDA:637,64,1,5568
BRDA:637,64,2,124
BRDA:640,65,0,98
BRDA:640,65,1,6918
BRDA:644,66,0,4
BRDA:644,66,1,154
BRDA:644,67,0,158
BRDA:644,67,1,150
BRDA:652,68,0,10930
BRDA:652,68,1,1685206
BRDA:652,69,0,1696136
BRDA:652,69,1,10930
BRDA:652,69,2,10930
BRDA:677,70,0,56
BRDA:677,70,1,6896
BRDA:686,71,0,6902
BRDA:686,71,1,50
BRDA:691,72,0,4
BRDA:691,72,1,6948
BRDA:691,73,0,6952
BRDA:691,73,1,4
BRDA:699,74,0,2
BRDA:699,74,1,10
BRDA:709,75,0,4
BRDA:709,75,1,6944
BRDA:712,76,0,8
BRDA:712,76,1,20
BRDA:712,77,0,28
BRDA:712,77,1,28
BRDA:712,77,2,8
BRDA:712,77,3,0
BRDA:712,77,4,8
BRDA:712,77,5,0
BRDA:712,77,6,8
BRDA:712,77,7,2
BRDA:739,78,0,16
BRDA:739,78,1,44207
BRDA:765,79,0,12889
BRDA:765,79,1,16528
BRDA:803,80,0,4
BRDA:803,80,1,118152
BRDA:815,81,0,86
BRDA:815,81,1,1834
BRDA:823,82,0,1834
BRDA:823,82,1,1832
BRF:180
BRH:167
end_of_record
TN:
SF:/Users/gurjar/workspace/release/coral-spectrum/coral-utils/src/scripts/Tracking.js
FN:29,(anonymous_0)
FN:31,Tracking
FN:51,_isTrackingDisabledForComponent
FN:63,_getTrackingDataFromComponentAttr
FN:93,_createTrackingData
FN:123,addListener
FN:142,removeListener
FN:143,(anonymous_7)
FN:163,track
FN:172,(anonymous_9)
FNF:10
FNH:10
FNDA:2,(anonymous_0)
FNDA:2,Tracking
FNDA:522,_isTrackingDisabledForComponent
FNDA:174,_getTrackingDataFromComponentAttr
FNDA:174,_createTrackingData
FNDA:176,addListener
FNDA:172,removeListener
FNDA:178,(anonymous_7)
FNDA:1118,track
FNDA:178,(anonymous_9)
DA:29,2
DA:32,2
DA:39,2
DA:49,2
DA:52,522
DA:64,174
DA:65,0
DA:72,174
DA:74,174
DA:75,174
DA:94,174
DA:96,174
DA:105,174
DA:124,176
DA:125,2
DA:128,174
DA:129,2
DA:132,172
DA:143,172
DA:144,178
DA:164,1118
DA:165,944
DA:168,174
DA:170,174
DA:172,174
DA:173,178
DA:176,174
DA:180,2
DA:204,2
LF:29
LH:28
BRDA:52,0,0,522
BRDA:52,0,1,392
BRDA:52,0,2,392
BRDA:64,1,0,0
BRDA:64,1,1,174
BRDA:72,2,0,174
BRDA:72,2,1,26
BRDA:74,3,0,174
BRDA:74,3,1,26
BRDA:94,4,0,174
BRDA:94,4,1,150
BRDA:106,5,0,174
BRDA:106,5,1,0
BRDA:106,5,2,0
BRDA:107,6,0,40
BRDA:107,6,1,134
BRDA:107,7,0,174
BRDA:107,7,1,44
BRDA:108,8,0,174
BRDA:108,8,1,0
BRDA:124,9,0,2
BRDA:124,9,1,174
BRDA:128,10,0,2
BRDA:128,10,1,172
BRDA:164,11,0,944
BRDA:164,11,1,174
BRDA:164,12,0,1118
BRDA:164,12,1,174
BRDA:164,12,2,174
BRF:29
BRH:25
end_of_record
TN:
SF:/Users/gurjar/workspace/release/coral-spectrum/coral-utils/src/scripts/Transformation.js
FN:19,(anonymous_0)
FN:20,Transformation
FN:35,boolean
FN:51,booleanAttr
FN:65,number
FN:81,float
FN:100,string
FNF:7
FNH:7
FNDA:2,(anonymous_0)
FNDA:2,Transformation
FNDA:1218,boolean
FNDA:44244,booleanAttr
FNDA:13592,number
FNDA:18,float
FNDA:393553,string
DA:19,2
DA:21,2
DA:24,2
DA:36,1218
DA:52,44244
DA:66,13592
DA:67,13592
DA:82,18
DA:83,10
DA:86,8
DA:101,393553
DA:102,7758
DA:105,385795
DA:109,2
DA:118,2
LF:15
LH:15
BRDA:52,0,0,25519
BRDA:52,0,1,18725
BRDA:52,1,0,18725
BRDA:52,1,1,17345
BRDA:67,2,0,116
BRDA:67,2,1,13476
BRDA:82,3,0,10
BRDA:82,3,1,8
BRDA:101,4,0,7758
BRDA:101,4,1,385795
BRDA:101,5,0,393553
BRDA:101,5,1,388725
BRDA:105,6,0,385731
BRDA:105,6,1,64
BRF:14
BRH:14
end_of_record
TN:
SF:/Users/gurjar/workspace/release/coral-spectrum/coral-utils/src/scripts/Typekit.js
FN:26,active
FN:35,(anonymous_1)
FN:46,(anonymous_2)
FN:68,(anonymous_3)
FNF:4
FNH:2
FNDA:2,active
FNDA:0,(anonymous_1)
FNDA:2,(anonymous_2)
FNDA:0,(anonymous_3)
DA:14,2
DA:16,2
DA:20,2
DA:23,2
DA:27,2
DA:31,2
DA:33,2
DA:34,2
DA:35,2
DA:36,0
DA:37,0
DA:39,2
DA:40,2
DA:42,2
DA:43,2
DA:44,2
DA:46,2
DA:47,2
DA:49,2
DA:50,0
DA:53,2
DA:54,2
DA:56,2
DA:57,2
DA:61,2
DA:62,2
DA:65,0
DA:67,0
DA:68,0
DA:69,0
DA:70,0
DA:71,0
DA:75,0
LF:33
LH:23
BRDA:14,0,0,2
BRDA:14,0,1,2
BRDA:16,1,0,2
BRDA:16,1,1,0
BRDA:20,2,0,2
BRDA:20,2,1,0
BRDA:31,3,0,2
BRDA:31,3,1,0
BRDA:49,4,0,0
BRDA:49,4,1,2
BRDA:49,5,0,2
BRDA:49,5,1,2
BRDA:49,5,2,0
BRDA:49,5,3,0
BRDA:67,6,0,0
BRDA:67,6,1,0
BRDA:67,7,0,0
BRDA:67,7,1,0
BRDA:69,8,0,0
BRDA:69,8,1,0
BRF:20
BRH:8
end_of_record
TN:
SF:/Users/gurjar/workspace/release/coral-spectrum/coral-utils/src/scripts/Validation.js
FN:20,(anonymous_0)
FN:21,Validation
FN:38,valueMustChange
FN:60,enumeration
FN:64,(anonymous_4)
FNF:5
FNH:5
FNDA:2,(anonymous_0)
FNDA:2,Validation
FNDA:552,valueMustChange
FNDA:162307,enumeration
FNDA:161791,(anonymous_4)
DA:20,2
DA:22,2
DA:25,2
DA:41,552
DA:62,162307
DA:64,162307
DA:65,161791
DA:70,2
DA:93,2
LF:9
LH:9
BRF:0
BRH:0
end_of_record
